#
# There is insufficient memory for the Java Runtime Environment to continue.
# Native memory allocation (malloc) failed to allocate 344816 bytes for Chunk::new
# Possible reasons:
#   The system is out of physical RAM or swap space
#   In 32 bit mode, the process size limit was hit
# Possible solutions:
#   Reduce memory load on the system
#   Increase physical memory or swap space
#   Check if swap backing store is full
#   Use 64 bit Java on a 64 bit OS
#   Decrease Java heap size (-Xmx/-Xms)
#   Decrease number of Java threads
#   Decrease Java thread stack sizes (-Xss)
#   Set larger code cache with -XX:ReservedCodeCacheSize=
# This output file may be truncated or incomplete.
#
#  Out of Memory Error (allocation.cpp:388), pid=4404, tid=6228
#
# JRE version: Java(TM) SE Runtime Environment (8.0_05-b13) (build 1.8.0_05-b13)
# Java VM: Java HotSpot(TM) 64-Bit Server VM (25.5-b02 mixed mode windows-amd64 compressed oops)
# Failed to write core dump. Minidumps are not enabled by default on client versions of Windows
#

---------------  T H R E A D  ---------------

Current thread (0x000000001493d000):  JavaThread "C2 CompilerThread0" daemon [_thread_in_native, id=6228, stack(0x0000000015ec0000,0x0000000015fc0000)]

Stack: [0x0000000015ec0000,0x0000000015fc0000]
Native frames: (J=compiled Java code, j=interpreted, Vv=VM code, C=native code)
V  [jvm.dll+0x308dea]
V  [jvm.dll+0x25def1]
V  [jvm.dll+0x25eb0f]
V  [jvm.dll+0x2564e5]
V  [jvm.dll+0xbcfc5]
V  [jvm.dll+0xbd45c]
V  [jvm.dll+0x468bac]
V  [jvm.dll+0x43638b]
V  [jvm.dll+0x44111e]
V  [jvm.dll+0x4436a9]
V  [jvm.dll+0x427532]
V  [jvm.dll+0x96702]
V  [jvm.dll+0x96ef3]
V  [jvm.dll+0x2232c4]
V  [jvm.dll+0x27baca]
C  [msvcr100.dll+0x21d9f]
C  [msvcr100.dll+0x21e3b]
C  [KERNEL32.DLL+0x12d92]
C  [ntdll.dll+0x9f64]


Current CompileTask:
C2:  12569 2166       4       com.android.dx.rop.code.RegisterSpec::withReg (23 bytes)


---------------  P R O C E S S  ---------------

Java Threads: ( => current thread )
  0x000000001499c800 JavaThread "Service Thread" daemon [_thread_blocked, id=8596, stack(0x00000000161c0000,0x00000000162c0000)]
  0x0000000014994800 JavaThread "C1 CompilerThread2" daemon [_thread_blocked, id=7104, stack(0x00000000160c0000,0x00000000161c0000)]
  0x000000001498e800 JavaThread "C2 CompilerThread1" daemon [_thread_in_native, id=6056, stack(0x0000000015fc0000,0x00000000160c0000)]
=>0x000000001493d000 JavaThread "C2 CompilerThread0" daemon [_thread_in_native, id=6228, stack(0x0000000015ec0000,0x0000000015fc0000)]
  0x000000001493b800 JavaThread "Attach Listener" daemon [_thread_blocked, id=4952, stack(0x0000000015dc0000,0x0000000015ec0000)]
  0x000000001493a800 JavaThread "Signal Dispatcher" daemon [_thread_blocked, id=4528, stack(0x0000000015cc0000,0x0000000015dc0000)]
  0x0000000002266000 JavaThread "Finalizer" daemon [_thread_blocked, id=5108, stack(0x0000000015bc0000,0x0000000015cc0000)]
  0x0000000002259000 JavaThread "Reference Handler" daemon [_thread_blocked, id=9060, stack(0x0000000015ac0000,0x0000000015bc0000)]
  0x000000000206d800 JavaThread "main" [_thread_in_Java, id=5720, stack(0x0000000001f20000,0x0000000002020000)]

Other Threads:
  0x0000000014905000 VMThread [stack: 0x00000000159c0000,0x0000000015ac0000] [id=8796]
  0x00000000162c0800 WatcherThread [stack: 0x00000000166c0000,0x00000000167c0000] [id=5212]

VM state:not at safepoint (normal execution)

VM Mutex/Monitor currently owned by a thread: None

Heap:
 PSYoungGen      total 52736K, used 15705K [0x00000000eab00000, 0x00000000efd00000, 0x0000000100000000)
  eden space 46592K, 20% used [0x00000000eab00000,0x00000000eb45e5a8,0x00000000ed880000)
  from space 6144K, 99% used [0x00000000ed880000,0x00000000ede78010,0x00000000ede80000)
  to   space 9216K, 0% used [0x00000000ef400000,0x00000000ef400000,0x00000000efd00000)
 ParOldGen       total 129536K, used 25345K [0x00000000c0000000, 0x00000000c7e80000, 0x00000000eab00000)
  object space 129536K, 19% used [0x00000000c0000000,0x00000000c18c07c8,0x00000000c7e80000)
 Metaspace       used 6208K, capacity 7192K, committed 7424K, reserved 1056768K
  class space    used 621K, capacity 656K, committed 768K, reserved 1048576K

Card table byte_map: [0x0000000011630000,0x0000000011840000] byte_map_base: 0x0000000011030000

Marking Bits: (ParMarkBitMap*) 0x0000000060db13b0
 Begin Bits: [0x0000000011da0000, 0x0000000012da0000)
 End Bits:   [0x0000000012da0000, 0x0000000013da0000)

Polling page: 0x0000000001e30000

CodeCache: size=245760Kb used=8763Kb max_used=8790Kb free=236996Kb
 bounds [0x0000000002270000, 0x0000000002b10000, 0x0000000011270000]
 total_blobs=2380 nmethods=2115 adapters=178
 compilation: enabled

Compilation events (10 events):
Event: 12.448 Thread 0x000000001498e800 nmethod 1853 0x0000000002afe290 code [0x0000000002afe840, 0x0000000002b03998]
Event: 12.449 Thread 0x0000000014994800 2183       3       com.android.dx.dex.code.LocalSnapshot::withMapper (20 bytes)
Event: 12.451 Thread 0x0000000014994800 nmethod 2183 0x0000000002ae93d0 code [0x0000000002ae9580, 0x0000000002ae9aa8]
Event: 12.451 Thread 0x000000001498e800 2178   !   4       com.android.dx.rop.code.RegisterSpec::intern (70 bytes)
Event: 12.458 Thread 0x0000000014994800 2185       1       com.android.dx.dex.code.form.Form22c::codeSize (2 bytes)
Event: 12.458 Thread 0x0000000014994800 nmethod 2185 0x0000000002ae6410 code [0x0000000002ae6560, 0x0000000002ae6670]
Event: 12.463 Thread 0x0000000014994800 2186       1       com.android.dx.dex.code.form.Form21c::codeSize (2 bytes)
Event: 12.464 Thread 0x0000000014994800 nmethod 2186 0x0000000002ae3490 code [0x0000000002ae35e0, 0x0000000002ae36f0]
Event: 12.467 Thread 0x0000000014994800 2187       3       com.android.dx.dex.code.form.Form3rc::codeSize (2 bytes)
Event: 12.467 Thread 0x0000000014994800 nmethod 2187 0x0000000002af4790 code [0x0000000002af48e0, 0x0000000002af4a30]

GC Heap History (10 events):
Event: 7.693 GC heap before
{Heap before GC invocations=13 (full 0):
 PSYoungGen      total 22528K, used 20768K [0x00000000eab00000, 0x00000000ec500000, 0x0000000100000000)
  eden space 18432K, 100% used [0x00000000eab00000,0x00000000ebd00000,0x00000000ebd00000)
  from space 4096K, 57% used [0x00000000ec100000,0x00000000ec348000,0x00000000ec500000)
  to   space 4096K, 0% used [0x00000000ebd00000,0x00000000ebd00000,0x00000000ec100000)
 ParOldGen       total 129536K, used 8457K [0x00000000c0000000, 0x00000000c7e80000, 0x00000000eab00000)
  object space 129536K, 6% used [0x00000000c0000000,0x00000000c08425b0,0x00000000c7e80000)
 Metaspace       used 5741K, capacity 6896K, committed 7040K, reserved 1056768K
  class space    used 581K, capacity 616K, committed 640K, reserved 1048576K
Event: 7.767 GC heap after
Heap after GC invocations=13 (full 0):
 PSYoungGen      total 22528K, used 3456K [0x00000000eab00000, 0x00000000ed100000, 0x0000000100000000)
  eden space 18432K, 0% used [0x00000000eab00000,0x00000000eab00000,0x00000000ebd00000)
  from space 4096K, 84% used [0x00000000ebd00000,0x00000000ec060000,0x00000000ec100000)
  to   space 4608K, 0% used [0x00000000ecc80000,0x00000000ecc80000,0x00000000ed100000)
 ParOldGen       total 129536K, used 10385K [0x00000000c0000000, 0x00000000c7e80000, 0x00000000eab00000)
  object space 129536K, 8% used [0x00000000c0000000,0x00000000c0a24600,0x00000000c7e80000)
 Metaspace       used 5741K, capacity 6896K, committed 7040K, reserved 1056768K
  class space    used 581K, capacity 616K, committed 640K, reserved 1048576K
}
Event: 8.275 GC heap before
{Heap before GC invocations=14 (full 0):
 PSYoungGen      total 22528K, used 21888K [0x00000000eab00000, 0x00000000ed100000, 0x0000000100000000)
  eden space 18432K, 100% used [0x00000000eab00000,0x00000000ebd00000,0x00000000ebd00000)
  from space 4096K, 84% used [0x00000000ebd00000,0x00000000ec060000,0x00000000ec100000)
  to   space 4608K, 0% used [0x00000000ecc80000,0x00000000ecc80000,0x00000000ed100000)
 ParOldGen       total 129536K, used 10385K [0x00000000c0000000, 0x00000000c7e80000, 0x00000000eab00000)
  object space 129536K, 8% used [0x00000000c0000000,0x00000000c0a24600,0x00000000c7e80000)
 Metaspace       used 5786K, capacity 6896K, committed 7040K, reserved 1056768K
  class space    used 581K, capacity 616K, committed 640K, reserved 1048576K
Event: 8.407 GC heap after
Heap after GC invocations=14 (full 0):
 PSYoungGen      total 33792K, used 3640K [0x00000000eab00000, 0x00000000ed200000, 0x0000000100000000)
  eden space 29184K, 0% used [0x00000000eab00000,0x00000000eab00000,0x00000000ec780000)
  from space 4608K, 79% used [0x00000000ecc80000,0x00000000ed00e3a0,0x00000000ed100000)
  to   space 5120K, 0% used [0x00000000ec780000,0x00000000ec780000,0x00000000ecc80000)
 ParOldGen       total 129536K, used 12231K [0x00000000c0000000, 0x00000000c7e80000, 0x00000000eab00000)
  object space 129536K, 9% used [0x00000000c0000000,0x00000000c0bf1f48,0x00000000c7e80000)
 Metaspace       used 5786K, capacity 6896K, committed 7040K, reserved 1056768K
  class space    used 581K, capacity 616K, committed 640K, reserved 1048576K
}
Event: 9.135 GC heap before
{Heap before GC invocations=15 (full 0):
 PSYoungGen      total 33792K, used 32824K [0x00000000eab00000, 0x00000000ed200000, 0x0000000100000000)
  eden space 29184K, 100% used [0x00000000eab00000,0x00000000ec780000,0x00000000ec780000)
  from space 4608K, 79% used [0x00000000ecc80000,0x00000000ed00e3a0,0x00000000ed100000)
  to   space 5120K, 0% used [0x00000000ec780000,0x00000000ec780000,0x00000000ecc80000)
 ParOldGen       total 129536K, used 12231K [0x00000000c0000000, 0x00000000c7e80000, 0x00000000eab00000)
  object space 129536K, 9% used [0x00000000c0000000,0x00000000c0bf1f48,0x00000000c7e80000)
 Metaspace       used 5891K, capacity 6962K, committed 7040K, reserved 1056768K
  class space    used 600K, capacity 618K, committed 640K, reserved 1048576K
Event: 9.150 GC heap after
Heap after GC invocations=15 (full 0):
 PSYoungGen      total 34304K, used 4736K [0x00000000eab00000, 0x00000000ee400000, 0x0000000100000000)
  eden space 29184K, 0% used [0x00000000eab00000,0x00000000eab00000,0x00000000ec780000)
  from space 5120K, 92% used [0x00000000ec780000,0x00000000ecc20000,0x00000000ecc80000)
  to   space 5632K, 0% used [0x00000000ede80000,0x00000000ede80000,0x00000000ee400000)
 ParOldGen       total 129536K, used 15500K [0x00000000c0000000, 0x00000000c7e80000, 0x00000000eab00000)
  object space 129536K, 11% used [0x00000000c0000000,0x00000000c0f231f0,0x00000000c7e80000)
 Metaspace       used 5891K, capacity 6962K, committed 7040K, reserved 1056768K
  class space    used 600K, capacity 618K, committed 640K, reserved 1048576K
}
Event: 10.175 GC heap before
{Heap before GC invocations=16 (full 0):
 PSYoungGen      total 34304K, used 33920K [0x00000000eab00000, 0x00000000ee400000, 0x0000000100000000)
  eden space 29184K, 100% used [0x00000000eab00000,0x00000000ec780000,0x00000000ec780000)
  from space 5120K, 92% used [0x00000000ec780000,0x00000000ecc20000,0x00000000ecc80000)
  to   space 5632K, 0% used [0x00000000ede80000,0x00000000ede80000,0x00000000ee400000)
 ParOldGen       total 129536K, used 15500K [0x00000000c0000000, 0x00000000c7e80000, 0x00000000eab00000)
  object space 129536K, 11% used [0x00000000c0000000,0x00000000c0f231f0,0x00000000c7e80000)
 Metaspace       used 5916K, capacity 6962K, committed 7040K, reserved 1056768K
  class space    used 600K, capacity 618K, committed 640K, reserved 1048576K
Event: 10.417 GC heap after
Heap after GC invocations=16 (full 0):
 PSYoungGen      total 52224K, used 4944K [0x00000000eab00000, 0x00000000ee500000, 0x0000000100000000)
  eden space 46592K, 0% used [0x00000000eab00000,0x00000000eab00000,0x00000000ed880000)
  from space 5632K, 87% used [0x00000000ede80000,0x00000000ee354010,0x00000000ee400000)
  to   space 6144K, 0% used [0x00000000ed880000,0x00000000ed880000,0x00000000ede80000)
 ParOldGen       total 129536K, used 19878K [0x00000000c0000000, 0x00000000c7e80000, 0x00000000eab00000)
  object space 129536K, 15% used [0x00000000c0000000,0x00000000c1369a90,0x00000000c7e80000)
 Metaspace       used 5916K, capacity 6962K, committed 7040K, reserved 1056768K
  class space    used 600K, capacity 618K, committed 640K, reserved 1048576K
}
Event: 11.079 GC heap before
{Heap before GC invocations=17 (full 0):
 PSYoungGen      total 52224K, used 51536K [0x00000000eab00000, 0x00000000ee500000, 0x0000000100000000)
  eden space 46592K, 100% used [0x00000000eab00000,0x00000000ed880000,0x00000000ed880000)
  from space 5632K, 87% used [0x00000000ede80000,0x00000000ee354010,0x00000000ee400000)
  to   space 6144K, 0% used [0x00000000ed880000,0x00000000ed880000,0x00000000ede80000)
 ParOldGen       total 129536K, used 19878K [0x00000000c0000000, 0x00000000c7e80000, 0x00000000eab00000)
  object space 129536K, 15% used [0x00000000c0000000,0x00000000c1369a90,0x00000000c7e80000)
 Metaspace       used 5938K, capacity 6964K, committed 7040K, reserved 1056768K
  class space    used 602K, capacity 620K, committed 640K, reserved 1048576K
Event: 11.108 GC heap after
Heap after GC invocations=17 (full 0):
 PSYoungGen      total 52736K, used 6112K [0x00000000eab00000, 0x00000000efd00000, 0x0000000100000000)
  eden space 46592K, 0% used [0x00000000eab00000,0x00000000eab00000,0x00000000ed880000)
  from space 6144K, 99% used [0x00000000ed880000,0x00000000ede78010,0x00000000ede80000)
  to   space 9216K, 0% used [0x00000000ef400000,0x00000000ef400000,0x00000000efd00000)
 ParOldGen       total 129536K, used 25345K [0x00000000c0000000, 0x00000000c7e80000, 0x00000000eab00000)
  object space 129536K, 19% used [0x00000000c0000000,0x00000000c18c07c8,0x00000000c7e80000)
 Metaspace       used 5938K, capacity 6964K, committed 7040K, reserved 1056768K
  class space    used 602K, capacity 620K, committed 640K, reserved 1048576K
}

Deoptimization events (10 events):
Event: 10.738 Thread 0x0000000016524000 Uncommon trap: reason=unreached action=reinterpret pc=0x00000000027bbde0 method=java.util.HashMap.resize()[Ljava/util/HashMap$Node; @ 206
Event: 11.145 Thread 0x000000000206d800 Uncommon trap: reason=class_check action=maybe_recompile pc=0x00000000027d78e0 method=java.util.Arrays.hashCode([Ljava/lang/Object;)I @ 43
Event: 11.146 Thread 0x000000000206d800 Uncommon trap: reason=class_check action=maybe_recompile pc=0x00000000027d78e0 method=java.util.Arrays.hashCode([Ljava/lang/Object;)I @ 43
Event: 11.146 Thread 0x000000000206d800 Uncommon trap: reason=class_check action=maybe_recompile pc=0x00000000027d78e0 method=java.util.Arrays.hashCode([Ljava/lang/Object;)I @ 43
Event: 11.146 Thread 0x000000000206d800 Uncommon trap: reason=class_check action=maybe_recompile pc=0x00000000027d78e0 method=java.util.Arrays.hashCode([Ljava/lang/Object;)I @ 43
Event: 11.149 Thread 0x000000000206d800 Uncommon trap: reason=class_check action=maybe_recompile pc=0x000000000277a9c0 method=java.util.Arrays.hashCode([Ljava/lang/Object;)I @ 43
Event: 11.653 Thread 0x000000000206d800 Uncommon trap: reason=class_check action=maybe_recompile pc=0x00000000025c5080 method=com.android.dx.util.FixedSizeList.equals(Ljava/lang/Object;)Z @ 25
Event: 11.706 Thread 0x000000000206d800 Uncommon trap: reason=class_check action=maybe_recompile pc=0x00000000025c5080 method=com.android.dx.util.FixedSizeList.equals(Ljava/lang/Object;)Z @ 25
Event: 11.706 Thread 0x000000000206d800 Uncommon trap: reason=class_check action=maybe_recompile pc=0x00000000025c5080 method=com.android.dx.util.FixedSizeList.equals(Ljava/lang/Object;)Z @ 25
Event: 11.707 Thread 0x000000000206d800 Uncommon trap: reason=class_check action=maybe_recompile pc=0x00000000025c5080 method=com.android.dx.util.FixedSizeList.equals(Ljava/lang/Object;)Z @ 25

Internal exceptions (10 events):
Event: 11.577 Thread 0x000000000206d800 Exception <a 'java/security/PrivilegedActionException'> (0x00000000eb108030) thrown at [D:\re\workspace\8-2-build-windows-amd64-cygwin\jdk8u5\2488\hotspot\src\share\vm\prims\jvm.cpp, line 1248]
Event: 11.578 Thread 0x000000000206d800 Exception <a 'java/security/PrivilegedActionException'> (0x00000000eb10d3f8) thrown at [D:\re\workspace\8-2-build-windows-amd64-cygwin\jdk8u5\2488\hotspot\src\share\vm\prims\jvm.cpp, line 1248]
Event: 11.584 Thread 0x000000000206d800 Exception <a 'java/security/PrivilegedActionException'> (0x00000000eb114020) thrown at [D:\re\workspace\8-2-build-windows-amd64-cygwin\jdk8u5\2488\hotspot\src\share\vm\prims\jvm.cpp, line 1248]
Event: 11.585 Thread 0x000000000206d800 Exception <a 'java/security/PrivilegedActionException'> (0x00000000eb117168) thrown at [D:\re\workspace\8-2-build-windows-amd64-cygwin\jdk8u5\2488\hotspot\src\share\vm\prims\jvm.cpp, line 1248]
Event: 11.590 Thread 0x000000000206d800 Exception <a 'java/security/PrivilegedActionException'> (0x00000000eb11c468) thrown at [D:\re\workspace\8-2-build-windows-amd64-cygwin\jdk8u5\2488\hotspot\src\share\vm\prims\jvm.cpp, line 1248]
Event: 11.591 Thread 0x000000000206d800 Exception <a 'java/security/PrivilegedActionException'> (0x00000000eb120d48) thrown at [D:\re\workspace\8-2-build-windows-amd64-cygwin\jdk8u5\2488\hotspot\src\share\vm\prims\jvm.cpp, line 1248]
Event: 11.652 Thread 0x000000000206d800 Exception <a 'java/security/PrivilegedActionException'> (0x00000000eb12c2d8) thrown at [D:\re\workspace\8-2-build-windows-amd64-cygwin\jdk8u5\2488\hotspot\src\share\vm\prims\jvm.cpp, line 1248]
Event: 11.707 Thread 0x000000000206d800 Exception <a 'java/security/PrivilegedActionException'> (0x00000000eb12f668) thrown at [D:\re\workspace\8-2-build-windows-amd64-cygwin\jdk8u5\2488\hotspot\src\share\vm\prims\jvm.cpp, line 1248]
Event: 11.708 Thread 0x000000000206d800 Exception <a 'java/security/PrivilegedActionException'> (0x00000000eb1329f8) thrown at [D:\re\workspace\8-2-build-windows-amd64-cygwin\jdk8u5\2488\hotspot\src\share\vm\prims\jvm.cpp, line 1248]
Event: 11.766 Thread 0x000000000206d800 Exception <a 'java/security/PrivilegedActionException'> (0x00000000eb16e8e0) thrown at [D:\re\workspace\8-2-build-windows-amd64-cygwin\jdk8u5\2488\hotspot\src\share\vm\prims\jvm.cpp, line 1248]

Events (10 events):
Event: 12.147 Thread 0x000000000206d800 DEOPT PACKING pc=0x0000000002a2139e sp=0x000000000201eea0
Event: 12.147 Thread 0x000000000206d800 DEOPT UNPACKING pc=0x00000000022b7604 sp=0x000000000201ec28 mode 0
Event: 12.192 Thread 0x000000000206d800 DEOPT PACKING pc=0x0000000002a27af1 sp=0x000000000201ee50
Event: 12.192 Thread 0x000000000206d800 DEOPT UNPACKING pc=0x00000000022b7604 sp=0x000000000201ec18 mode 0
Event: 12.199 Thread 0x000000000206d800 DEOPT PACKING pc=0x0000000002a321ad sp=0x000000000201ef30
Event: 12.199 Thread 0x000000000206d800 DEOPT UNPACKING pc=0x00000000022b7604 sp=0x000000000201ec80 mode 0
Event: 12.204 Thread 0x000000000206d800 DEOPT PACKING pc=0x0000000002a32d41 sp=0x000000000201eea0
Event: 12.204 Thread 0x000000000206d800 DEOPT UNPACKING pc=0x00000000022b7604 sp=0x000000000201ec18 mode 0
Event: 12.433 Thread 0x000000000206d800 DEOPT PACKING pc=0x0000000002a22be2 sp=0x000000000201ec70
Event: 12.433 Thread 0x000000000206d800 DEOPT UNPACKING pc=0x00000000022b7604 sp=0x000000000201e9f0 mode 0


Dynamic libraries:
0x00007ff612f70000 - 0x00007ff612fa4000 	C:\Program Files\Java\jdk1.8.0_05\bin\java.exe
0x00007ff978eb0000 - 0x00007ff979071000 	C:\WINDOWS\SYSTEM32\ntdll.dll
0x00007ff9780e0000 - 0x00007ff97818d000 	C:\WINDOWS\system32\KERNEL32.DLL
0x00007ff9763a0000 - 0x00007ff97657d000 	C:\WINDOWS\system32\KERNELBASE.dll
0x00007ff9769b0000 - 0x00007ff976a56000 	C:\WINDOWS\system32\ADVAPI32.dll
0x00007ff976720000 - 0x00007ff9767bd000 	C:\WINDOWS\system32\msvcrt.dll
0x00007ff978190000 - 0x00007ff9781eb000 	C:\WINDOWS\system32\sechost.dll
0x00007ff978ad0000 - 0x00007ff978bf6000 	C:\WINDOWS\system32\RPCRT4.dll
0x00007ff978690000 - 0x00007ff9787de000 	C:\WINDOWS\system32\USER32.dll
0x00007ff976820000 - 0x00007ff9769a6000 	C:\WINDOWS\system32\GDI32.dll
0x00007ff96afc0000 - 0x00007ff96b234000 	C:\WINDOWS\WinSxS\amd64_microsoft.windows.common-controls_6595b64144ccf1df_6.0.10240.16384_none_f41f7b285750ef43\COMCTL32.dll
0x00007ff9766e0000 - 0x00007ff976716000 	C:\WINDOWS\system32\IMM32.DLL
0x00007ff976580000 - 0x00007ff9766dc000 	C:\WINDOWS\system32\MSCTF.dll
0x0000000060180000 - 0x0000000060252000 	C:\Program Files\Java\jdk1.8.0_05\jre\bin\msvcr100.dll
0x0000000060600000 - 0x0000000060e2a000 	C:\Program Files\Java\jdk1.8.0_05\jre\bin\server\jvm.dll
0x00007ff978260000 - 0x00007ff978268000 	C:\WINDOWS\system32\PSAPI.DLL
0x00007ff95a940000 - 0x00007ff95a949000 	C:\WINDOWS\SYSTEM32\WSOCK32.dll
0x00007ff978c70000 - 0x00007ff978cd9000 	C:\WINDOWS\system32\WS2_32.dll
0x00007ff9787e0000 - 0x00007ff9787e8000 	C:\WINDOWS\system32\NSI.dll
0x00007ff973ca0000 - 0x00007ff973cc3000 	C:\WINDOWS\SYSTEM32\WINMM.dll
0x00007ff973b10000 - 0x00007ff973b3c000 	C:\WINDOWS\SYSTEM32\WINMMBASE.dll
0x00007ff975c70000 - 0x00007ff975cb4000 	C:\WINDOWS\system32\cfgmgr32.dll
0x00007ff973ab0000 - 0x00007ff973ad7000 	C:\WINDOWS\SYSTEM32\DEVOBJ.dll
0x00000000605f0000 - 0x00000000605ff000 	C:\Program Files\Java\jdk1.8.0_05\jre\bin\verify.dll
0x00000000605c0000 - 0x00000000605e8000 	C:\Program Files\Java\jdk1.8.0_05\jre\bin\java.dll
0x00000000605a0000 - 0x00000000605b6000 	C:\Program Files\Java\jdk1.8.0_05\jre\bin\zip.dll
0x00007ff976a60000 - 0x00007ff977f82000 	C:\WINDOWS\system32\SHELL32.dll
0x00007ff975cc0000 - 0x00007ff9762e9000 	C:\WINDOWS\system32\windows.storage.dll
0x00007ff978850000 - 0x00007ff978acc000 	C:\WINDOWS\system32\combase.dll
0x00007ff978c10000 - 0x00007ff978c61000 	C:\WINDOWS\system32\shlwapi.dll
0x00007ff975900000 - 0x00007ff97590f000 	C:\WINDOWS\system32\kernel.appcore.dll
0x00007ff975bb0000 - 0x00007ff975c63000 	C:\WINDOWS\system32\shcore.dll
0x00007ff975930000 - 0x00007ff97597a000 	C:\WINDOWS\system32\powrprof.dll
0x00007ff9758e0000 - 0x00007ff9758f3000 	C:\WINDOWS\system32\profapi.dll
0x00007ff9723f0000 - 0x00007ff97257a000 	C:\WINDOWS\SYSTEM32\dbghelp.dll

VM Arguments:
jvm_args: -Xmx1024M -Dfile.encoding=windows-1252 -Duser.country=BR -Duser.language=pt -Duser.variant 
java_command: com.android.dx.command.Main --dex --num-threads=4 --output E:\GitHub\FitCook\app\build\intermediates\pre-dexed\debug\okhttp-2.4.0-1086629997511be40468375187775cc7ed04c129.jar C:\Users\Aires\.gradle\caches\modules-2\files-2.1\com.squareup.okhttp\okhttp\2.4.0\40340c0748190fe897baf7bffbc1b282734294e5\okhttp-2.4.0.jar
java_class_path (initial): C:\Program Files (x86)\Android\android-sdk\build-tools\23.0.0-preview\lib\dx.jar
Launcher Type: SUN_STANDARD

Environment Variables:
JAVA_HOME=C:\Program Files\Java\jdk1.8.0_05
PATH=C:\Program Files (x86)\Intel\iCLS Client\;C:\Program Files\Intel\iCLS Client\;C:\WINDOWS\system32;C:\WINDOWS;C:\WINDOWS\System32\Wbem;C:\WINDOWS\System32\WindowsPowerShell\v1.0\;C:\Program Files (x86)\Windows Live\Shared;C:\Program Files (x86)\Intel\OpenCL SDK\2.0\bin\x86;C:\Program Files (x86)\Intel\OpenCL SDK\2.0\bin\x64;C:\Program Files\Intel\Intel(R) Management Engine Components\DAL;C:\Program Files\Intel\Intel(R) Management Engine Components\IPT;C:\Program Files (x86)\Intel\Intel(R) Management Engine Components\DAL;C:\Program Files (x86)\Intel\Intel(R) Management Engine Components\IPT;C:\Program Files\Java\jdk1.8.0_05/bin;C:\Program Files (x86)\Android\android-sdk\platform-tools;C:\Program Files (x86)\Git\cmd;C:\Program Files (x86)\Skype\Phone\;C:\Program Files (x86)\Windows Kits\8.1\Windows Performance Toolkit\;C:\Program Files\Microsoft SQL Server\110\Tools\Binn\;C:\Program Files (x86)\Microsoft SDKs\TypeScript\1.0\;C:\Program Files\Microsoft SQL Server\120\Tools\Binn\;C:\Program Files (x86)\nodejs\;C:\Ruby21\bin;C:\Users\Aires\AppData\Roaming\npm
USERNAME=Aires
OS=Windows_NT
PROCESSOR_IDENTIFIER=Intel64 Family 6 Model 58 Stepping 9, GenuineIntel



---------------  S Y S T E M  ---------------

OS: Windows 8.1 , 64 bit Build 9600 

CPU:total 4 (2 cores per cpu, 2 threads per core) family 6 model 58 stepping 9, cmov, cx8, fxsr, mmx, sse, sse2, sse3, ssse3, sse4.1, sse4.2, popcnt, avx, clmul, erms, ht, tsc, tscinvbit

Memory: 4k page, physical 8282396k(1265644k free), swap 8282396k(4316k free)

vm_info: Java HotSpot(TM) 64-Bit Server VM (25.5-b02) for windows-amd64 JRE (1.8.0_05-b13), built on Mar 18 2014 01:08:39 by "java_re" with MS VC++ 10.0 (VS2010)

time: Mon Aug 17 14:28:49 2015
elapsed time: 12 seconds

