#
# There is insufficient memory for the Java Runtime Environment to continue.
# Native memory allocation (malloc) failed to allocate 32744 bytes for ChunkPool::allocate
# Possible reasons:
#   The system is out of physical RAM or swap space
#   In 32 bit mode, the process size limit was hit
# Possible solutions:
#   Reduce memory load on the system
#   Increase physical memory or swap space
#   Check if swap backing store is full
#   Use 64 bit Java on a 64 bit OS
#   Decrease Java heap size (-Xmx/-Xms)
#   Decrease number of Java threads
#   Decrease Java thread stack sizes (-Xss)
#   Set larger code cache with -XX:ReservedCodeCacheSize=
# This output file may be truncated or incomplete.
#
#  Out of Memory Error (allocation.cpp:271), pid=6740, tid=4612
#
# JRE version: Java(TM) SE Runtime Environment (8.0_05-b13) (build 1.8.0_05-b13)
# Java VM: Java HotSpot(TM) 64-Bit Server VM (25.5-b02 mixed mode windows-amd64 compressed oops)
# Failed to write core dump. Minidumps are not enabled by default on client versions of Windows
#

---------------  T H R E A D  ---------------

Current thread (0x0000000014bce800):  JavaThread "C2 CompilerThread1" daemon [_thread_in_native, id=4612, stack(0x00000000161d0000,0x00000000162d0000)]

Stack: [0x00000000161d0000,0x00000000162d0000]
Native frames: (J=compiled Java code, j=interpreted, Vv=VM code, C=native code)
V  [jvm.dll+0x308dea]
V  [jvm.dll+0x25def1]
V  [jvm.dll+0x25eb0f]
V  [jvm.dll+0x2564e5]
V  [jvm.dll+0xbcd21]
V  [jvm.dll+0xbd45c]
V  [jvm.dll+0xbd704]
V  [jvm.dll+0x4bea70]
V  [jvm.dll+0x4d56c0]
V  [jvm.dll+0x4428cc]
V  [jvm.dll+0x44366b]
V  [jvm.dll+0x427532]
V  [jvm.dll+0x96702]
V  [jvm.dll+0x96ef3]
V  [jvm.dll+0x2232c4]
V  [jvm.dll+0x27baca]
C  [msvcr100.dll+0x21d9f]
C  [msvcr100.dll+0x21e3b]
C  [KERNEL32.DLL+0x12d92]
C  [ntdll.dll+0x9f64]


Current CompileTask:
C2:   2275  146       4       java.lang.String::startsWith (72 bytes)


---------------  P R O C E S S  ---------------

Java Threads: ( => current thread )
  0x0000000014bdc800 JavaThread "Service Thread" daemon [_thread_blocked, id=4352, stack(0x00000000163d0000,0x00000000164d0000)]
  0x0000000014bd4800 JavaThread "C1 CompilerThread2" daemon [_thread_blocked, id=7968, stack(0x00000000162d0000,0x00000000163d0000)]
=>0x0000000014bce800 JavaThread "C2 CompilerThread1" daemon [_thread_in_native, id=4612, stack(0x00000000161d0000,0x00000000162d0000)]
  0x0000000014b7d000 JavaThread "C2 CompilerThread0" daemon [_thread_blocked, id=7344, stack(0x00000000160d0000,0x00000000161d0000)]
  0x0000000014b7b800 JavaThread "Attach Listener" daemon [_thread_blocked, id=7024, stack(0x0000000015fd0000,0x00000000160d0000)]
  0x0000000014b7a800 JavaThread "Signal Dispatcher" daemon [_thread_blocked, id=3752, stack(0x0000000015ed0000,0x0000000015fd0000)]
  0x00000000024a5000 JavaThread "Finalizer" daemon [_thread_blocked, id=4980, stack(0x0000000015dd0000,0x0000000015ed0000)]
  0x0000000002499000 JavaThread "Reference Handler" daemon [_thread_blocked, id=4264, stack(0x0000000015cd0000,0x0000000015dd0000)]
  0x00000000009bd800 JavaThread "main" [_thread_in_vm, id=7784, stack(0x0000000002240000,0x0000000002340000)]

Other Threads:
  0x0000000014b45800 VMThread [stack: 0x0000000015bd0000,0x0000000015cd0000] [id=460]
  0x0000000014bde800 WatcherThread [stack: 0x00000000168d0000,0x00000000169d0000] [id=4664]

VM state:not at safepoint (normal execution)

VM Mutex/Monitor currently owned by a thread: None

Heap:
 PSYoungGen      total 1536K, used 945K [0x00000000eab00000, 0x00000000ead00000, 0x0000000100000000)
  eden space 1024K, 44% used [0x00000000eab00000,0x00000000eab72b48,0x00000000eac00000)
  from space 512K, 95% used [0x00000000eac00000,0x00000000eac79c70,0x00000000eac80000)
  to   space 512K, 0% used [0x00000000eac80000,0x00000000eac80000,0x00000000ead00000)
 ParOldGen       total 129536K, used 475K [0x00000000c0000000, 0x00000000c7e80000, 0x00000000eab00000)
  object space 129536K, 0% used [0x00000000c0000000,0x00000000c0076df8,0x00000000c7e80000)
 Metaspace       used 3557K, capacity 5008K, committed 5120K, reserved 1056768K
  class space    used 401K, capacity 456K, committed 512K, reserved 1048576K

Card table byte_map: [0x0000000011870000,0x0000000011a80000] byte_map_base: 0x0000000011270000

Marking Bits: (ParMarkBitMap*) 0x00000000765f13b0
 Begin Bits: [0x0000000011fe0000, 0x0000000012fe0000)
 End Bits:   [0x0000000012fe0000, 0x0000000013fe0000)

Polling page: 0x0000000000950000

CodeCache: size=245760Kb used=1384Kb max_used=1384Kb free=244375Kb
 bounds [0x00000000024b0000, 0x0000000002720000, 0x00000000114b0000]
 total_blobs=398 nmethods=151 adapters=161
 compilation: enabled

Compilation events (10 events):
Event: 2.240 Thread 0x0000000014bd4800  139       3       java.util.BitSet::checkInvariants (111 bytes)
Event: 2.241 Thread 0x0000000014bce800  140       4       com.android.dx.util.ByteArray::getUnsignedByte0 (16 bytes)
Event: 2.241 Thread 0x0000000014bd4800 nmethod 139 0x00000000025f9ad0 code [0x00000000025f9c20, 0x00000000025f9d90]
Event: 2.241 Thread 0x0000000014bd4800  141       3       com.android.dx.util.ByteArray::getUnsignedShort (25 bytes)
Event: 2.241 Thread 0x0000000014bd4800 nmethod 141 0x00000000025f94d0 code [0x00000000025f9640, 0x00000000025f9908]
Event: 2.241 Thread 0x0000000014bd4800  142   !   3       com.android.dx.rop.cst.StdConstantPool::getOrNull (13 bytes)
Event: 2.242 Thread 0x0000000014bce800 nmethod 140 0x00000000025f9250 code [0x00000000025f9380, 0x00000000025f9418]
Event: 2.242 Thread 0x0000000014bd4800 nmethod 142 0x00000000025f8250 code [0x00000000025f8440, 0x00000000025f8ce8]
Event: 2.242 Thread 0x0000000014bd4800  144   !   3       com.android.dx.cf.cst.ConstantPoolParser::parse0 (731 bytes)
Event: 2.245 Thread 0x0000000014bce800  146       4       java.lang.String::startsWith (72 bytes)

GC Heap History (6 events):
Event: 1.513 GC heap before
{Heap before GC invocations=1 (full 0):
 PSYoungGen      total 1024K, used 512K [0x00000000eab00000, 0x00000000eac80000, 0x0000000100000000)
  eden space 512K, 100% used [0x00000000eab00000,0x00000000eab80000,0x00000000eab80000)
  from space 512K, 0% used [0x00000000eac00000,0x00000000eac00000,0x00000000eac80000)
  to   space 512K, 0% used [0x00000000eab80000,0x00000000eab80000,0x00000000eac00000)
 ParOldGen       total 129536K, used 0K [0x00000000c0000000, 0x00000000c7e80000, 0x00000000eab00000)
  object space 129536K, 0% used [0x00000000c0000000,0x00000000c0000000,0x00000000c7e80000)
 Metaspace       used 2522K, capacity 4480K, committed 4480K, reserved 1056768K
  class space    used 273K, capacity 384K, committed 384K, reserved 1048576K
Event: 1.608 GC heap after
Heap after GC invocations=1 (full 0):
 PSYoungGen      total 1024K, used 496K [0x00000000eab00000, 0x00000000ead00000, 0x0000000100000000)
  eden space 512K, 0% used [0x00000000eab00000,0x00000000eab00000,0x00000000eab80000)
  from space 512K, 96% used [0x00000000eab80000,0x00000000eabfc010,0x00000000eac00000)
  to   space 512K, 0% used [0x00000000eac80000,0x00000000eac80000,0x00000000ead00000)
 ParOldGen       total 129536K, used 8K [0x00000000c0000000, 0x00000000c7e80000, 0x00000000eab00000)
  object space 129536K, 0% used [0x00000000c0000000,0x00000000c0002000,0x00000000c7e80000)
 Metaspace       used 2522K, capacity 4480K, committed 4480K, reserved 1056768K
  class space    used 273K, capacity 384K, committed 384K, reserved 1048576K
}
Event: 1.744 GC heap before
{Heap before GC invocations=2 (full 0):
 PSYoungGen      total 1024K, used 1008K [0x00000000eab00000, 0x00000000ead00000, 0x0000000100000000)
  eden space 512K, 100% used [0x00000000eab00000,0x00000000eab80000,0x00000000eab80000)
  from space 512K, 96% used [0x00000000eab80000,0x00000000eabfc010,0x00000000eac00000)
  to   space 512K, 0% used [0x00000000eac80000,0x00000000eac80000,0x00000000ead00000)
 ParOldGen       total 129536K, used 8K [0x00000000c0000000, 0x00000000c7e80000, 0x00000000eab00000)
  object space 129536K, 0% used [0x00000000c0000000,0x00000000c0002000,0x00000000c7e80000)
 Metaspace       used 2923K, capacity 4656K, committed 4864K, reserved 1056768K
  class space    used 318K, capacity 424K, committed 512K, reserved 1048576K
Event: 1.833 GC heap after
Heap after GC invocations=2 (full 0):
 PSYoungGen      total 1536K, used 496K [0x00000000eab00000, 0x00000000ead00000, 0x0000000100000000)
  eden space 1024K, 0% used [0x00000000eab00000,0x00000000eab00000,0x00000000eac00000)
  from space 512K, 96% used [0x00000000eac80000,0x00000000eacfc010,0x00000000ead00000)
  to   space 512K, 0% used [0x00000000eac00000,0x00000000eac00000,0x00000000eac80000)
 ParOldGen       total 129536K, used 114K [0x00000000c0000000, 0x00000000c7e80000, 0x00000000eab00000)
  object space 129536K, 0% used [0x00000000c0000000,0x00000000c001c928,0x00000000c7e80000)
 Metaspace       used 2923K, capacity 4656K, committed 4864K, reserved 1056768K
  class space    used 318K, capacity 424K, committed 512K, reserved 1048576K
}
Event: 2.203 GC heap before
{Heap before GC invocations=3 (full 0):
 PSYoungGen      total 1536K, used 1518K [0x00000000eab00000, 0x00000000ead00000, 0x0000000100000000)
  eden space 1024K, 99% used [0x00000000eab00000,0x00000000eabff9e8,0x00000000eac00000)
  from space 512K, 96% used [0x00000000eac80000,0x00000000eacfc010,0x00000000ead00000)
  to   space 512K, 0% used [0x00000000eac00000,0x00000000eac00000,0x00000000eac80000)
 ParOldGen       total 129536K, used 114K [0x00000000c0000000, 0x00000000c7e80000, 0x00000000eab00000)
  object space 129536K, 0% used [0x00000000c0000000,0x00000000c001c928,0x00000000c7e80000)
 Metaspace       used 3407K, capacity 4880K, committed 5120K, reserved 1056768K
  class space    used 384K, capacity 456K, committed 512K, reserved 1048576K
Event: 2.226 GC heap after
Heap after GC invocations=3 (full 0):
 PSYoungGen      total 1536K, used 487K [0x00000000eab00000, 0x00000000ead00000, 0x0000000100000000)
  eden space 1024K, 0% used [0x00000000eab00000,0x00000000eab00000,0x00000000eac00000)
  from space 512K, 95% used [0x00000000eac00000,0x00000000eac79c70,0x00000000eac80000)
  to   space 512K, 0% used [0x00000000eac80000,0x00000000eac80000,0x00000000ead00000)
 ParOldGen       total 129536K, used 475K [0x00000000c0000000, 0x00000000c7e80000, 0x00000000eab00000)
  object space 129536K, 0% used [0x00000000c0000000,0x00000000c0076df8,0x00000000c7e80000)
 Metaspace       used 3407K, capacity 4880K, committed 5120K, reserved 1056768K
  class space    used 384K, capacity 456K, committed 512K, reserved 1048576K
}

Deoptimization events (0 events):
No events

Internal exceptions (10 events):
Event: 2.227 Thread 0x00000000009bd800 Exception <a 'java/security/PrivilegedActionException'> (0x00000000eab04c08) thrown at [D:\re\workspace\8-2-build-windows-amd64-cygwin\jdk8u5\2488\hotspot\src\share\vm\prims\jvm.cpp, line 1248]
Event: 2.230 Thread 0x00000000009bd800 Exception <a 'java/security/PrivilegedActionException'> (0x00000000eab07e30) thrown at [D:\re\workspace\8-2-build-windows-amd64-cygwin\jdk8u5\2488\hotspot\src\share\vm\prims\jvm.cpp, line 1248]
Event: 2.234 Thread 0x00000000009bd800 Exception <a 'java/security/PrivilegedActionException'> (0x00000000eab16f78) thrown at [D:\re\workspace\8-2-build-windows-amd64-cygwin\jdk8u5\2488\hotspot\src\share\vm\prims\jvm.cpp, line 1248]
Event: 2.236 Thread 0x00000000009bd800 Exception <a 'java/security/PrivilegedActionException'> (0x00000000eab1d720) thrown at [D:\re\workspace\8-2-build-windows-amd64-cygwin\jdk8u5\2488\hotspot\src\share\vm\prims\jvm.cpp, line 1248]
Event: 2.237 Thread 0x00000000009bd800 Exception <a 'java/security/PrivilegedActionException'> (0x00000000eab239f0) thrown at [D:\re\workspace\8-2-build-windows-amd64-cygwin\jdk8u5\2488\hotspot\src\share\vm\prims\jvm.cpp, line 1248]
Event: 2.243 Thread 0x00000000009bd800 Exception <a 'java/security/PrivilegedActionException'> (0x00000000eab34410) thrown at [D:\re\workspace\8-2-build-windows-amd64-cygwin\jdk8u5\2488\hotspot\src\share\vm\prims\jvm.cpp, line 1248]
Event: 2.244 Thread 0x00000000009bd800 Exception <a 'java/security/PrivilegedActionException'> (0x00000000eab377a0) thrown at [D:\re\workspace\8-2-build-windows-amd64-cygwin\jdk8u5\2488\hotspot\src\share\vm\prims\jvm.cpp, line 1248]
Event: 2.245 Thread 0x00000000009bd800 Exception <a 'java/security/PrivilegedActionException'> (0x00000000eab3bdf8) thrown at [D:\re\workspace\8-2-build-windows-amd64-cygwin\jdk8u5\2488\hotspot\src\share\vm\prims\jvm.cpp, line 1248]
Event: 2.245 Thread 0x00000000009bd800 Exception <a 'java/security/PrivilegedActionException'> (0x00000000eab3f2d8) thrown at [D:\re\workspace\8-2-build-windows-amd64-cygwin\jdk8u5\2488\hotspot\src\share\vm\prims\jvm.cpp, line 1248]
Event: 2.246 Thread 0x00000000009bd800 Exception <a 'java/security/PrivilegedActionException'> (0x00000000eab41548) thrown at [D:\re\workspace\8-2-build-windows-amd64-cygwin\jdk8u5\2488\hotspot\src\share\vm\prims\jvm.cpp, line 1248]

Events (10 events):
Event: 2.243 loading class com/android/dx/cf/direct/MemberListParser
Event: 2.243 loading class com/android/dx/cf/direct/MemberListParser done
Event: 2.245 loading class com/android/dx/cf/iface/Field
Event: 2.245 loading class com/android/dx/cf/iface/Field done
Event: 2.245 loading class com/android/dx/cf/iface/Member
Event: 2.245 loading class com/android/dx/cf/iface/Member done
Event: 2.246 loading class com/android/dx/cf/iface/StdFieldList
Event: 2.246 loading class com/android/dx/cf/iface/StdFieldList done
Event: 2.247 loading class com/android/dx/cf/direct/AttributeListParser
Event: 2.247 loading class com/android/dx/cf/direct/AttributeListParser done


Dynamic libraries:
0x00007ff793670000 - 0x00007ff7936a4000 	C:\Program Files\Java\jdk1.8.0_05\bin\java.exe
0x00007fff8a4a0000 - 0x00007fff8a661000 	C:\WINDOWS\SYSTEM32\ntdll.dll
0x00007fff87bd0000 - 0x00007fff87c7d000 	C:\WINDOWS\system32\KERNEL32.DLL
0x00007fff86f70000 - 0x00007fff8714d000 	C:\WINDOWS\system32\KERNELBASE.dll
0x00007fff894f0000 - 0x00007fff89596000 	C:\WINDOWS\system32\ADVAPI32.dll
0x00007fff8a310000 - 0x00007fff8a3ad000 	C:\WINDOWS\system32\msvcrt.dll
0x00007fff87b70000 - 0x00007fff87bcb000 	C:\WINDOWS\system32\sechost.dll
0x00007fff898b0000 - 0x00007fff899d6000 	C:\WINDOWS\system32\RPCRT4.dll
0x00007fff89b30000 - 0x00007fff89c7e000 	C:\WINDOWS\system32\USER32.dll
0x00007fff892a0000 - 0x00007fff89426000 	C:\WINDOWS\system32\GDI32.dll
0x00007fff7cbd0000 - 0x00007fff7ce44000 	C:\WINDOWS\WinSxS\amd64_microsoft.windows.common-controls_6595b64144ccf1df_6.0.10240.16384_none_f41f7b285750ef43\COMCTL32.dll
0x00007fff87c80000 - 0x00007fff87cb6000 	C:\WINDOWS\system32\IMM32.DLL
0x00007fff895a0000 - 0x00007fff896fc000 	C:\WINDOWS\system32\MSCTF.dll
0x00000000759c0000 - 0x0000000075a92000 	C:\Program Files\Java\jdk1.8.0_05\jre\bin\msvcr100.dll
0x0000000075e40000 - 0x000000007666a000 	C:\Program Files\Java\jdk1.8.0_05\jre\bin\server\jvm.dll
0x00007fff8a3b0000 - 0x00007fff8a3b8000 	C:\WINDOWS\system32\PSAPI.DLL
0x00007fff83e20000 - 0x00007fff83e29000 	C:\WINDOWS\SYSTEM32\WSOCK32.dll
0x00007fff89eb0000 - 0x00007fff89f19000 	C:\WINDOWS\system32\WS2_32.dll
0x00007fff8a3c0000 - 0x00007fff8a3c8000 	C:\WINDOWS\system32\NSI.dll
0x00007fff85250000 - 0x00007fff85273000 	C:\WINDOWS\SYSTEM32\WINMM.dll
0x00007fff85220000 - 0x00007fff8524c000 	C:\WINDOWS\SYSTEM32\WINMMBASE.dll
0x00007fff87150000 - 0x00007fff87194000 	C:\WINDOWS\system32\cfgmgr32.dll
0x00007fff851c0000 - 0x00007fff851e7000 	C:\WINDOWS\SYSTEM32\DEVOBJ.dll
0x0000000075e30000 - 0x0000000075e3f000 	C:\Program Files\Java\jdk1.8.0_05\jre\bin\verify.dll
0x0000000075e00000 - 0x0000000075e28000 	C:\Program Files\Java\jdk1.8.0_05\jre\bin\java.dll
0x0000000075de0000 - 0x0000000075df6000 	C:\Program Files\Java\jdk1.8.0_05\jre\bin\zip.dll
0x00007fff87d70000 - 0x00007fff89291000 	C:\WINDOWS\system32\SHELL32.dll
0x00007fff87420000 - 0x00007fff87a49000 	C:\WINDOWS\system32\windows.storage.dll
0x00007fff8a070000 - 0x00007fff8a2ec000 	C:\WINDOWS\system32\combase.dll
0x00007fff8a3e0000 - 0x00007fff8a431000 	C:\WINDOWS\system32\shlwapi.dll
0x00007fff86ed0000 - 0x00007fff86edf000 	C:\Program Files\Java\jdk1.8.0_05\bin\java.exe
0x00007fff87a50000 - 0x00007fff87b03000 	C:\WINDOWS\system32\msvcrt.dll
0x00007fff86f20000 - 0x00007fff86f6a000 	C:\Program Files\Java\jdk1.8.0_05\jre\bin\server\jvm.dll
0x00007fff86f00000 - 0x00007fff86f13000 	C:\WINDOWS\system32\WS2_32.dll
0x00007fff76f50000 - 0x00007fff770da000 	C:\WINDOWS\SYSTEM32\dbghelpSE.d

VM Arguments:
jvm_args: -Xmx1024M -Dfile.encoding=windows-1252 -Duser.country=BR -Duser.language=pt -Duser.variant 
java_command: com.android.dx.command.Main --dex --num-threads=4 --output E:\GitHub\FitCook\app\build\intermediates\pre-dexed\debug\okhttp-urlconnection-2.4.0-74100209cc431ba6259ebff4b4bc018d19caa896.jar C:\Users\Aires\.gradle\caches\modules-2\files-2.1\com.squareup.okhttp\okhttp-urlconnection\2.4.0\a0c195f14cefc7597e0bebf22c3e7b43920dcf4\okhttp-urlconnection-2.4.0.jar
java_class_path (initial): C:\Program Files (x86)\Android\android-sdk\build-tools\23.0.0_rc2\lib\dx.jar
Launcher Type: SUN_STANDARD

Environment Variables:
JAVA_HOME=C:\Program Files\Java\jdk1.8.0_05
PATH=C:\Program Files (x86)\Intel\iCLS Client\;C:\Program Files\Intel\iCLS Client\;C:\WINDOWS\system32;C:\WINDOWS;C:\WINDOWS\System32\Wbem;C:\WINDOWS\System32\WindowsPowerShell\v1.0\;C:\Program Files (x86)\Windows Live\Shared;C:\Program Files (x86)\Intel\OpenCL SDK\2.0\bin\x86;C:\Program Files (x86)\Intel\OpenCL SDK\2.0\bin\x64;C:\Program Files\Intel\Intel(R) Management Engine Components\DAL;C:\Program Files\Intel\Intel(R) Management Engine Components\IPT;C:\Program Files (x86)\Intel\Intel(R) Management Engine Components\DAL;C:\Program Files (x86)\Intel\Intel(R) Management Engine Components\IPT;C:\Program Files\Java\jdk1.8.0_05/bin;C:\Program Files (x86)\Android\android-sdk\platform-tools;C:\Program Files (x86)\Git\cmd;C:\Program Files (x86)\Skype\Phone\;C:\Program Files (x86)\Windows Kits\8.1\Windows Performance Toolkit\;C:\Program Files\Microsoft SQL Server\110\Tools\Binn\;C:\Program Files (x86)\Microsoft SDKs\TypeScript\1.0\;C:\Program Files\Microsoft SQL Server\120\Tools\Binn\;C:\Program Files (x86)\nodejs\;C:\Ruby21\bin;C:\Users\Aires\AppData\Roaming\npm
USERNAME=Aires
OS=Windows_NT
PROCESSOR_IDENTIFIER=Intel64 Family 6 Model 58 Stepping 9, GenuineIntel



---------------  S Y S T E M  ---------------

OS: Windows 8.1 , 64 bit Build 9600 

CPU:total 4 (2 cores per cpu, 2 threads per core) family 6 model 58 stepping 9, cmov, cx8, fxsr, mmx, sse, sse2, sse3, ssse3, sse4.1, sse4.2, popcnt, avx, clmul, erms, ht, tsc, tscinvbit

Memory: 4k page, physical 8282396k(1673620k free), swap 8282396k(289056k free)

vm_info: Java HotSpot(TM) 64-Bit Server VM (25.5-b02) for windows-amd64 JRE (1.8.0_05-b13), built on Mar 18 2014 01:08:39 by "java_re" with MS VC++ 10.0 (VS2010)

time: Tue Aug 11 18:25:35 2015
elapsed time: 2 seconds

