#
# There is insufficient memory for the Java Runtime Environment to continue.
# Native memory allocation (malloc) failed to allocate 40976 bytes for Chunk::new
# Possible reasons:
#   The system is out of physical RAM or swap space
#   In 32 bit mode, the process size limit was hit
# Possible solutions:
#   Reduce memory load on the system
#   Increase physical memory or swap space
#   Check if swap backing store is full
#   Use 64 bit Java on a 64 bit OS
#   Decrease Java heap size (-Xmx/-Xms)
#   Decrease number of Java threads
#   Decrease Java thread stack sizes (-Xss)
#   Set larger code cache with -XX:ReservedCodeCacheSize=
# This output file may be truncated or incomplete.
#
#  Out of Memory Error (allocation.cpp:388), pid=8368, tid=4244
#
# JRE version: Java(TM) SE Runtime Environment (8.0_05-b13) (build 1.8.0_05-b13)
# Java VM: Java HotSpot(TM) 64-Bit Server VM (25.5-b02 mixed mode windows-amd64 compressed oops)
# Failed to write core dump. Minidumps are not enabled by default on client versions of Windows
#

---------------  T H R E A D  ---------------

Current thread (0x0000000014b5b800):  JavaThread "C2 CompilerThread0" daemon [_thread_in_native, id=4244, stack(0x00000000160c0000,0x00000000161c0000)]

Stack: [0x00000000160c0000,0x00000000161c0000]
Native frames: (J=compiled Java code, j=interpreted, Vv=VM code, C=native code)
V  [jvm.dll+0x308dea]


Current CompileTask:
C2:  16898 2071 %     4       com.android.dx.ssa.SCCP::run @ 133 (298 bytes)


---------------  P R O C E S S  ---------------

Java Threads: ( => current thread )
  0x0000000016729000 JavaThread "pool-1-thread-4" [_thread_in_Java, id=5252, stack(0x0000000016dc0000,0x0000000016ec0000)]
  0x0000000016728000 JavaThread "pool-1-thread-3" [_thread_in_Java, id=2708, stack(0x0000000016cc0000,0x0000000016dc0000)]
  0x0000000016726800 JavaThread "pool-1-thread-2" [_thread_blocked, id=7740, stack(0x0000000016bc0000,0x0000000016cc0000)]
  0x0000000016725800 JavaThread "pool-2-thread-1" [_thread_blocked, id=7600, stack(0x0000000016ac0000,0x0000000016bc0000)]
  0x0000000016721000 JavaThread "pool-1-thread-1" [_thread_blocked, id=5004, stack(0x00000000169c0000,0x0000000016ac0000)]
  0x0000000014bbd000 JavaThread "Service Thread" daemon [_thread_blocked, id=7152, stack(0x00000000163c0000,0x00000000164c0000)]
  0x0000000014bb3000 JavaThread "C1 CompilerThread2" daemon [_thread_blocked, id=8552, stack(0x00000000162c0000,0x00000000163c0000)]
  0x0000000014bad000 JavaThread "C2 CompilerThread1" daemon [_thread_in_native, id=8500, stack(0x00000000161c0000,0x00000000162c0000)]
=>0x0000000014b5b800 JavaThread "C2 CompilerThread0" daemon [_thread_in_native, id=4244, stack(0x00000000160c0000,0x00000000161c0000)]
  0x0000000014b5a000 JavaThread "Attach Listener" daemon [_thread_blocked, id=7784, stack(0x0000000015fc0000,0x00000000160c0000)]
  0x0000000014b59000 JavaThread "Signal Dispatcher" daemon [_thread_blocked, id=1660, stack(0x0000000015ec0000,0x0000000015fc0000)]
  0x0000000002485000 JavaThread "Finalizer" daemon [_thread_blocked, id=7088, stack(0x0000000015dc0000,0x0000000015ec0000)]
  0x0000000002479000 JavaThread "Reference Handler" daemon [_thread_blocked, id=3272, stack(0x0000000015cc0000,0x0000000015dc0000)]
  0x000000000206d800 JavaThread "main" [_thread_blocked, id=552, stack(0x0000000002190000,0x0000000002290000)]

Other Threads:
  0x0000000014b25000 VMThread [stack: 0x0000000015bc0000,0x0000000015cc0000] [id=2464]
  0x00000000164c1800 WatcherThread [stack: 0x00000000168c0000,0x00000000169c0000] [id=2684]

VM state:not at safepoint (normal execution)

VM Mutex/Monitor currently owned by a thread: None

Heap:
 PSYoungGen      total 81408K, used 14437K [0x00000000eab00000, 0x00000000f0600000, 0x0000000100000000)
  eden space 70656K, 5% used [0x00000000eab00000,0x00000000eae9c5e8,0x00000000ef000000)
  from space 10752K, 99% used [0x00000000ef000000,0x00000000efa7d008,0x00000000efa80000)
  to   space 9728K, 0% used [0x00000000efa80000,0x00000000efa80000,0x00000000f0400000)
 ParOldGen       total 129536K, used 39167K [0x00000000c0000000, 0x00000000c7e80000, 0x00000000eab00000)
  object space 129536K, 30% used [0x00000000c0000000,0x00000000c263fdc0,0x00000000c7e80000)
 Metaspace       used 6140K, capacity 7064K, committed 7424K, reserved 1056768K
  class space    used 615K, capacity 656K, committed 768K, reserved 1048576K

Card table byte_map: [0x0000000011850000,0x0000000011a60000] byte_map_base: 0x0000000011250000

Marking Bits: (ParMarkBitMap*) 0x0000000059e813b0
 Begin Bits: [0x0000000011fc0000, 0x0000000012fc0000)
 End Bits:   [0x0000000012fc0000, 0x0000000013fc0000)

Polling page: 0x00000000020f0000

CodeCache: size=245760Kb used=8748Kb max_used=8748Kb free=237011Kb
 bounds [0x0000000002490000, 0x0000000002d30000, 0x0000000011490000]
 total_blobs=2231 nmethods=1958 adapters=184
 compilation: enabled

Compilation events (10 events):
Event: 16.301 Thread 0x0000000014b5b800 nmethod 2058 0x0000000002d177d0 code [0x0000000002d17a80, 0x0000000002d195a0]
Event: 16.301 Thread 0x0000000014b5b800 2071 %     4       com.android.dx.ssa.SCCP::run @ 133 (298 bytes)
Event: 16.411 Thread 0x0000000014bb3000 2088       2       com.android.dx.ssa.Dominators$DfsWalker::<init> (15 bytes)
Event: 16.412 Thread 0x0000000014bb3000 nmethod 2088 0x0000000002ccee50 code [0x0000000002ccefa0, 0x0000000002ccf110]
Event: 16.412 Thread 0x0000000014bb3000 2089       2       com.android.dx.ssa.Dominators$DfsWalker::<init> (6 bytes)
Event: 16.412 Thread 0x0000000014bb3000 nmethod 2089 0x0000000002ca4190 code [0x0000000002ca42e0, 0x0000000002ca4450]
Event: 16.433 Thread 0x0000000014bb3000 2090       3       com.android.dx.ssa.PhiTypeResolver::resolveResultType (308 bytes)
Event: 16.438 Thread 0x0000000014bb3000 nmethod 2090 0x0000000002d1ba50 code [0x0000000002d1bee0, 0x0000000002d1f2f8]
Event: 16.876 Thread 0x0000000014bb3000 2093       1       java.lang.ref.Finalizer::access$000 (4 bytes)
Event: 16.876 Thread 0x0000000014bb3000 nmethod 2093 0x0000000002cca250 code [0x0000000002cca3a0, 0x0000000002cca490]

GC Heap History (10 events):
Event: 10.928 GC heap before
{Heap before GC invocations=15 (full 0):
 PSYoungGen      total 36352K, used 35232K [0x00000000eab00000, 0x00000000ed280000, 0x0000000100000000)
  eden space 32256K, 100% used [0x00000000eab00000,0x00000000eca80000,0x00000000eca80000)
  from space 4096K, 72% used [0x00000000ece80000,0x00000000ed168000,0x00000000ed280000)
  to   space 4096K, 0% used [0x00000000eca80000,0x00000000eca80000,0x00000000ece80000)
 ParOldGen       total 129536K, used 12760K [0x00000000c0000000, 0x00000000c7e80000, 0x00000000eab00000)
  object space 129536K, 9% used [0x00000000c0000000,0x00000000c0c763d0,0x00000000c7e80000)
 Metaspace       used 6067K, capacity 7000K, committed 7168K, reserved 1056768K
  class space    used 615K, capacity 656K, committed 768K, reserved 1048576K
Event: 10.950 GC heap after
Heap after GC invocations=15 (full 0):
 PSYoungGen      total 36352K, used 4064K [0x00000000eab00000, 0x00000000ee980000, 0x0000000100000000)
  eden space 32256K, 0% used [0x00000000eab00000,0x00000000eab00000,0x00000000eca80000)
  from space 4096K, 99% used [0x00000000eca80000,0x00000000ece78010,0x00000000ece80000)
  to   space 6144K, 0% used [0x00000000ee380000,0x00000000ee380000,0x00000000ee980000)
 ParOldGen       total 129536K, used 16424K [0x00000000c0000000, 0x00000000c7e80000, 0x00000000eab00000)
  object space 129536K, 12% used [0x00000000c0000000,0x00000000c100a120,0x00000000c7e80000)
 Metaspace       used 6067K, capacity 7000K, committed 7168K, reserved 1056768K
  class space    used 615K, capacity 656K, committed 768K, reserved 1048576K
}
Event: 11.798 GC heap before
{Heap before GC invocations=16 (full 0):
 PSYoungGen      total 36352K, used 36320K [0x00000000eab00000, 0x00000000ee980000, 0x0000000100000000)
  eden space 32256K, 100% used [0x00000000eab00000,0x00000000eca80000,0x00000000eca80000)
  from space 4096K, 99% used [0x00000000eca80000,0x00000000ece78010,0x00000000ece80000)
  to   space 6144K, 0% used [0x00000000ee380000,0x00000000ee380000,0x00000000ee980000)
 ParOldGen       total 129536K, used 16424K [0x00000000c0000000, 0x00000000c7e80000, 0x00000000eab00000)
  object space 129536K, 12% used [0x00000000c0000000,0x00000000c100a120,0x00000000c7e80000)
 Metaspace       used 6103K, capacity 7000K, committed 7168K, reserved 1056768K
  class space    used 615K, capacity 656K, committed 768K, reserved 1048576K
Event: 11.814 GC heap after
Heap after GC invocations=16 (full 0):
 PSYoungGen      total 57344K, used 5152K [0x00000000eab00000, 0x00000000eea80000, 0x0000000100000000)
  eden space 51200K, 0% used [0x00000000eab00000,0x00000000eab00000,0x00000000edd00000)
  from space 6144K, 83% used [0x00000000ee380000,0x00000000ee888000,0x00000000ee980000)
  to   space 6656K, 0% used [0x00000000edd00000,0x00000000edd00000,0x00000000ee380000)
 ParOldGen       total 129536K, used 20262K [0x00000000c0000000, 0x00000000c7e80000, 0x00000000eab00000)
  object space 129536K, 15% used [0x00000000c0000000,0x00000000c13c9a18,0x00000000c7e80000)
 Metaspace       used 6103K, capacity 7000K, committed 7168K, reserved 1056768K
  class space    used 615K, capacity 656K, committed 768K, reserved 1048576K
}
Event: 13.172 GC heap before
{Heap before GC invocations=17 (full 0):
 PSYoungGen      total 57344K, used 56352K [0x00000000eab00000, 0x00000000eea80000, 0x0000000100000000)
  eden space 51200K, 100% used [0x00000000eab00000,0x00000000edd00000,0x00000000edd00000)
  from space 6144K, 83% used [0x00000000ee380000,0x00000000ee888000,0x00000000ee980000)
  to   space 6656K, 0% used [0x00000000edd00000,0x00000000edd00000,0x00000000ee380000)
 ParOldGen       total 129536K, used 20262K [0x00000000c0000000, 0x00000000c7e80000, 0x00000000eab00000)
  object space 129536K, 15% used [0x00000000c0000000,0x00000000c13c9a18,0x00000000c7e80000)
 Metaspace       used 6113K, capacity 7000K, committed 7168K, reserved 1056768K
  class space    used 615K, capacity 656K, committed 768K, reserved 1048576K
Event: 13.220 GC heap after
Heap after GC invocations=17 (full 0):
 PSYoungGen      total 57856K, used 6640K [0x00000000eab00000, 0x00000000f0400000, 0x0000000100000000)
  eden space 51200K, 0% used [0x00000000eab00000,0x00000000eab00000,0x00000000edd00000)
  from space 6656K, 99% used [0x00000000edd00000,0x00000000ee37c020,0x00000000ee380000)
  to   space 9728K, 0% used [0x00000000efa80000,0x00000000efa80000,0x00000000f0400000)
 ParOldGen       total 129536K, used 24924K [0x00000000c0000000, 0x00000000c7e80000, 0x00000000eab00000)
  object space 129536K, 19% used [0x00000000c0000000,0x00000000c18570f0,0x00000000c7e80000)
 Metaspace       used 6113K, capacity 7000K, committed 7168K, reserved 1056768K
  class space    used 615K, capacity 656K, committed 768K, reserved 1048576K
}
Event: 15.591 GC heap before
{Heap before GC invocations=18 (full 0):
 PSYoungGen      total 57856K, used 57840K [0x00000000eab00000, 0x00000000f0400000, 0x0000000100000000)
  eden space 51200K, 100% used [0x00000000eab00000,0x00000000edd00000,0x00000000edd00000)
  from space 6656K, 99% used [0x00000000edd00000,0x00000000ee37c020,0x00000000ee380000)
  to   space 9728K, 0% used [0x00000000efa80000,0x00000000efa80000,0x00000000f0400000)
 ParOldGen       total 129536K, used 24924K [0x00000000c0000000, 0x00000000c7e80000, 0x00000000eab00000)
  object space 129536K, 19% used [0x00000000c0000000,0x00000000c18570f0,0x00000000c7e80000)
 Metaspace       used 6139K, capacity 7064K, committed 7424K, reserved 1056768K
  class space    used 615K, capacity 656K, committed 768K, reserved 1048576K
Event: 15.679 GC heap after
Heap after GC invocations=18 (full 0):
 PSYoungGen      total 80384K, used 7970K [0x00000000eab00000, 0x00000000f0600000, 0x0000000100000000)
  eden space 70656K, 0% used [0x00000000eab00000,0x00000000eab00000,0x00000000ef000000)
  from space 9728K, 81% used [0x00000000efa80000,0x00000000f02489e8,0x00000000f0400000)
  to   space 10752K, 0% used [0x00000000ef000000,0x00000000ef000000,0x00000000efa80000)
 ParOldGen       total 129536K, used 31589K [0x00000000c0000000, 0x00000000c7e80000, 0x00000000eab00000)
  object space 129536K, 24% used [0x00000000c0000000,0x00000000c1ed95d0,0x00000000c7e80000)
 Metaspace       used 6139K, capacity 7064K, committed 7424K, reserved 1056768K
  class space    used 615K, capacity 656K, committed 768K, reserved 1048576K
}
Event: 16.786 GC heap before
{Heap before GC invocations=19 (full 0):
 PSYoungGen      total 80384K, used 78626K [0x00000000eab00000, 0x00000000f0600000, 0x0000000100000000)
  eden space 70656K, 100% used [0x00000000eab00000,0x00000000ef000000,0x00000000ef000000)
  from space 9728K, 81% used [0x00000000efa80000,0x00000000f02489e8,0x00000000f0400000)
  to   space 10752K, 0% used [0x00000000ef000000,0x00000000ef000000,0x00000000efa80000)
 ParOldGen       total 129536K, used 31589K [0x00000000c0000000, 0x00000000c7e80000, 0x00000000eab00000)
  object space 129536K, 24% used [0x00000000c0000000,0x00000000c1ed95d0,0x00000000c7e80000)
 Metaspace       used 6140K, capacity 7064K, committed 7424K, reserved 1056768K
  class space    used 615K, capacity 656K, committed 768K, reserved 1048576K
Event: 16.876 GC heap after
Heap after GC invocations=19 (full 0):
 PSYoungGen      total 81408K, used 10740K [0x00000000eab00000, 0x00000000f0600000, 0x0000000100000000)
  eden space 70656K, 0% used [0x00000000eab00000,0x00000000eab00000,0x00000000ef000000)
  from space 10752K, 99% used [0x00000000ef000000,0x00000000efa7d008,0x00000000efa80000)
  to   space 9728K, 0% used [0x00000000efa80000,0x00000000efa80000,0x00000000f0400000)
 ParOldGen       total 129536K, used 39167K [0x00000000c0000000, 0x00000000c7e80000, 0x00000000eab00000)
  object space 129536K, 30% used [0x00000000c0000000,0x00000000c263fdc0,0x00000000c7e80000)
 Metaspace       used 6140K, capacity 7064K, committed 7424K, reserved 1056768K
  class space    used 615K, capacity 656K, committed 768K, reserved 1048576K
}

Deoptimization events (10 events):
Event: 11.389 Thread 0x000000000206d800 Uncommon trap: reason=class_check action=maybe_recompile pc=0x000000000295ee38 method=java.util.HashMap.putVal(ILjava/lang/Object;Ljava/lang/Object;ZZ)Ljava/lang/Object; @ 203
Event: 11.390 Thread 0x000000000206d800 Uncommon trap: reason=class_check action=maybe_recompile pc=0x000000000295ee38 method=java.util.HashMap.putVal(ILjava/lang/Object;Ljava/lang/Object;ZZ)Ljava/lang/Object; @ 203
Event: 11.738 Thread 0x0000000016728000 Uncommon trap: reason=class_check action=maybe_recompile pc=0x000000000295ee38 method=java.util.HashMap.putVal(ILjava/lang/Object;Ljava/lang/Object;ZZ)Ljava/lang/Object; @ 203
Event: 11.835 Thread 0x0000000016726800 Uncommon trap: reason=bimorphic action=maybe_recompile pc=0x0000000002b799e8 method=com.android.dx.cf.code.BytecodeArray.parseInstruction(ILcom/android/dx/cf/code/BytecodeArray$Visitor;)I @ 2484
Event: 11.835 Thread 0x0000000016726800 Uncommon trap: reason=bimorphic action=maybe_recompile pc=0x0000000002b799e8 method=com.android.dx.cf.code.BytecodeArray.parseInstruction(ILcom/android/dx/cf/code/BytecodeArray$Visitor;)I @ 2484
Event: 13.248 Thread 0x0000000016721000 Uncommon trap: reason=bimorphic action=maybe_recompile pc=0x0000000002b76bbc method=com.android.dx.cf.code.BytecodeArray.parseInstruction(ILcom/android/dx/cf/code/BytecodeArray$Visitor;)I @ 923
Event: 13.249 Thread 0x0000000016721000 Uncommon trap: reason=bimorphic action=maybe_recompile pc=0x0000000002b76bbc method=com.android.dx.cf.code.BytecodeArray.parseInstruction(ILcom/android/dx/cf/code/BytecodeArray$Visitor;)I @ 923
Event: 15.193 Thread 0x0000000016729000 Uncommon trap: reason=unreached action=reinterpret pc=0x0000000002a25d94 method=com.android.dx.ssa.MoveParamCombiner$1.visitNonMoveInsn(Lcom/android/dx/ssa/NormalSsaInsn;)V @ 27
Event: 16.188 Thread 0x0000000016726800 Uncommon trap: reason=bimorphic action=maybe_recompile pc=0x0000000002cb0184 method=com.android.dx.cf.code.BytecodeArray.parseInstruction(ILcom/android/dx/cf/code/BytecodeArray$Visitor;)I @ 1501
Event: 16.188 Thread 0x0000000016726800 Uncommon trap: reason=bimorphic action=maybe_recompile pc=0x0000000002cb0184 method=com.android.dx.cf.code.BytecodeArray.parseInstruction(ILcom/android/dx/cf/code/BytecodeArray$Visitor;)I @ 1501

Internal exceptions (10 events):
Event: 5.438 Thread 0x0000000016721000 Exception <a 'java/security/PrivilegedActionException'> (0x00000000eacfaed8) thrown at [D:\re\workspace\8-2-build-windows-amd64-cygwin\jdk8u5\2488\hotspot\src\share\vm\prims\jvm.cpp, line 1248]
Event: 5.466 Thread 0x0000000016728000 Exception <a 'java/security/PrivilegedActionException'> (0x00000000ead13270) thrown at [D:\re\workspace\8-2-build-windows-amd64-cygwin\jdk8u5\2488\hotspot\src\share\vm\prims\jvm.cpp, line 1248]
Event: 5.631 Thread 0x0000000016729000 Exception <a 'java/security/PrivilegedActionException'> (0x00000000ead4db20) thrown at [D:\re\workspace\8-2-build-windows-amd64-cygwin\jdk8u5\2488\hotspot\src\share\vm\prims\jvm.cpp, line 1248]
Event: 6.382 Thread 0x000000000206d800 Exception <a 'java/security/PrivilegedActionException'> (0x00000000eadfa868) thrown at [D:\re\workspace\8-2-build-windows-amd64-cygwin\jdk8u5\2488\hotspot\src\share\vm\prims\jvm.cpp, line 1248]
Event: 8.593 Thread 0x0000000016726800 Exception <a 'java/security/PrivilegedActionException'> (0x00000000eb131990) thrown at [D:\re\workspace\8-2-build-windows-amd64-cygwin\jdk8u5\2488\hotspot\src\share\vm\prims\jvm.cpp, line 1248]
Event: 8.604 Thread 0x000000000206d800 Exception <a 'java/security/PrivilegedActionException'> (0x00000000eb195b18) thrown at [D:\re\workspace\8-2-build-windows-amd64-cygwin\jdk8u5\2488\hotspot\src\share\vm\prims\jvm.cpp, line 1248]
Event: 9.014 Thread 0x0000000016729000 Exception <a 'java/security/PrivilegedActionException'> (0x00000000eb508b98) thrown at [D:\re\workspace\8-2-build-windows-amd64-cygwin\jdk8u5\2488\hotspot\src\share\vm\prims\jvm.cpp, line 1248]
Event: 10.427 Thread 0x000000000206d800 Exception <a 'java/lang/ArrayIndexOutOfBoundsException': 18> (0x00000000ec168800) thrown at [D:\re\workspace\8-2-build-windows-amd64-cygwin\jdk8u5\2488\hotspot\src\share\vm\interpreter\interpreterRuntime.cpp, line 337]
Event: 10.428 Thread 0x000000000206d800 Exception <a 'java/lang/ArrayIndexOutOfBoundsException'> (0x00000000ec16a298) thrown at [D:\re\workspace\8-2-build-windows-amd64-cygwin\jdk8u5\2488\hotspot\src\share\vm\runtime\sharedRuntime.cpp, line 595]
Event: 10.609 Thread 0x000000000206d800 Exception <a 'java/lang/ArrayIndexOutOfBoundsException'> (0x00000000ec16b4b0) thrown at [D:\re\workspace\8-2-build-windows-amd64-cygwin\jdk8u5\2488\hotspot\src\share\vm\runtime\sharedRuntime.cpp, line 595]

Events (10 events):
Event: 16.188 Thread 0x0000000016726800 Uncommon trap: trap_request=0xffffffc6 fr.pc=0x0000000002cb0184
Event: 16.188 Thread 0x0000000016726800 DEOPT PACKING pc=0x0000000002cb0184 sp=0x0000000016cbeca0
Event: 16.188 Thread 0x0000000016726800 DEOPT UNPACKING pc=0x00000000024d55af sp=0x0000000016cbec60 mode 2
Event: 16.188 Thread 0x0000000016726800 Uncommon trap: trap_request=0xffffffc6 fr.pc=0x0000000002cb0184
Event: 16.188 Thread 0x0000000016726800 DEOPT PACKING pc=0x0000000002cb0184 sp=0x0000000016cbed40
Event: 16.189 Thread 0x0000000016726800 DEOPT UNPACKING pc=0x00000000024d55af sp=0x0000000016cbed00 mode 2
Event: 16.252 Thread 0x000000000206d800 DEOPT PACKING pc=0x0000000002ae1b8a sp=0x000000000228e170
Event: 16.252 Thread 0x000000000206d800 DEOPT UNPACKING pc=0x00000000024d7604 sp=0x000000000228def8 mode 0
Event: 16.534 Executing VM operation: ParallelGCFailedAllocation
Event: 16.876 Executing VM operation: ParallelGCFailedAllocation done


Dynamic libraries:
0x00007ff7294c0000 - 0x00007ff7294f4000 	C:\Program Files\Java\jdk1.8.0_05\bin\java.exe
0x00007ffc067a0000 - 0x00007ffc06961000 	C:\WINDOWS\SYSTEM32\ntdll.dll
0x00007ffc066f0000 - 0x00007ffc0679d000 	C:\WINDOWS\system32\KERNEL32.DLL
0x00007ffc03270000 - 0x00007ffc0344d000 	C:\WINDOWS\system32\KERNELBASE.dll
0x00007ffc05de0000 - 0x00007ffc05e86000 	C:\WINDOWS\system32\ADVAPI32.dll
0x00007ffc03e70000 - 0x00007ffc03f0d000 	C:\WINDOWS\system32\msvcrt.dll
0x00007ffc05e90000 - 0x00007ffc05eeb000 	C:\WINDOWS\system32\sechost.dll
0x00007ffc065c0000 - 0x00007ffc066e6000 	C:\WINDOWS\system32\RPCRT4.dll
0x00007ffc06230000 - 0x00007ffc0637e000 	C:\WINDOWS\system32\USER32.dll
0x00007ffc05ef0000 - 0x00007ffc06076000 	C:\WINDOWS\system32\GDI32.dll
0x00007ffbf99d0000 - 0x00007ffbf9c44000 	C:\WINDOWS\WinSxS\amd64_microsoft.windows.common-controls_6595b64144ccf1df_6.0.10240.16384_none_f41f7b285750ef43\COMCTL32.dll
0x00007ffc05af0000 - 0x00007ffc05b26000 	C:\WINDOWS\system32\IMM32.DLL
0x00007ffc06460000 - 0x00007ffc065bc000 	C:\WINDOWS\system32\MSCTF.dll
0x0000000059250000 - 0x0000000059322000 	C:\Program Files\Java\jdk1.8.0_05\jre\bin\msvcr100.dll
0x00000000596d0000 - 0x0000000059efa000 	C:\Program Files\Java\jdk1.8.0_05\jre\bin\server\jvm.dll
0x00007ffc04190000 - 0x00007ffc04198000 	C:\WINDOWS\system32\PSAPI.DLL
0x00007ffc01470000 - 0x00007ffc01479000 	C:\WINDOWS\SYSTEM32\WSOCK32.dll
0x00007ffc04420000 - 0x00007ffc04489000 	C:\WINDOWS\system32\WS2_32.dll
0x00007ffc05dd0000 - 0x00007ffc05dd8000 	C:\WINDOWS\system32\NSI.dll
0x00007ffc01550000 - 0x00007ffc01573000 	C:\WINDOWS\SYSTEM32\WINMM.dll
0x00007ffc01520000 - 0x00007ffc0154c000 	C:\WINDOWS\SYSTEM32\WINMMBASE.dll
0x00007ffc03450000 - 0x00007ffc03494000 	C:\WINDOWS\system32\cfgmgr32.dll
0x00007ffc01490000 - 0x00007ffc014b7000 	C:\WINDOWS\SYSTEM32\DEVOBJ.dll
0x00000000596c0000 - 0x00000000596cf000 	C:\Program Files\Java\jdk1.8.0_05\jre\bin\verify.dll
0x0000000059690000 - 0x00000000596b8000 	C:\Program Files\Java\jdk1.8.0_05\jre\bin\java.dll
0x0000000059670000 - 0x0000000059686000 	C:\Program Files\Java\jdk1.8.0_05\jre\bin\zip.dll
0x00007ffc04560000 - 0x00007ffc05a81000 	C:\WINDOWS\system32\SHELL32.dll
0x00007ffc035b0000 - 0x00007ffc03bd9000 	C:\WINDOWS\system32\windows.storage.dll
0x00007ffc041a0000 - 0x00007ffc0441c000 	C:\WINDOWS\system32\combase.dll
0x00007ffc04500000 - 0x00007ffc04551000 	C:\WINDOWS\system32\shlwapi.dll
0x00007ffc03240000 - 0x00007ffc0324f000 	C:\WINDOWS\system32\kernel.appcore.dll
0x00007ffc03db0000 - 0x00007ffc03e63000 	C:\WINDOWS\system32\shcore.dll
0x00007ffc031d0000 - 0x00007ffc0321a000 	C:\WINDOWS\system32\powrprof.dll
0x00007ffc03250000 - 0x00007ffc03263000 	C:\WINDOWS\system32\profapi.dll
0x0000000059650000 - 0x000000005966a000 	C:\Program Files\Java\jdk1.8.0_05\jre\bin\net.dll
0x00007ffc02a40000 - 0x00007ffc02a9d000 	C:\WINDOWS\system32\mswsock.dll
0x00007ffbff6d0000 - 0x00007ffbff708000 	C:\WINDOWS\SYSTEM32\IPHLPAPI.DLL
0x00007ffc00160000 - 0x00007ffc0016b000 	C:\WINDOWS\SYSTEM32\WINNSI.DLL
0x00007ffbfe080000 - 0x00007ffbfe096000 	C:\WINDOWS\SYSTEM32\dhcpcsvc6.DLL
0x00007ffbfe140000 - 0x00007ffbfe15a000 	C:\WINDOWS\SYSTEM32\dhcpcsvc.DLL

VM Arguments:
jvm_args: -Xmx1024M -Dfile.encoding=windows-1252 -Duser.country=BR -Duser.language=pt -Duser.variant 
java_command: com.android.dx.command.Main --dex --num-threads=4 --output E:\GitHub\FitCook\app\build\intermediates\pre-dexed\debug\classes-0fd31ded8cd5556cee9ab618df2a3d9af1090f7f.jar E:\GitHub\FitCook\app\build\intermediates\exploded-aar\com.google.android.gms\play-services-ads\7.5.0\jars\classes.jar
java_class_path (initial): C:\Program Files (x86)\Android\android-sdk\build-tools\23.0.0_rc2\lib\dx.jar
Launcher Type: SUN_STANDARD

Environment Variables:
JAVA_HOME=C:\Program Files\Java\jdk1.8.0_05
PATH=C:\Program Files (x86)\Intel\iCLS Client\;C:\Program Files\Intel\iCLS Client\;C:\WINDOWS\system32;C:\WINDOWS;C:\WINDOWS\System32\Wbem;C:\WINDOWS\System32\WindowsPowerShell\v1.0\;C:\Program Files (x86)\Windows Live\Shared;C:\Program Files (x86)\Intel\OpenCL SDK\2.0\bin\x86;C:\Program Files (x86)\Intel\OpenCL SDK\2.0\bin\x64;C:\Program Files\Intel\Intel(R) Management Engine Components\DAL;C:\Program Files\Intel\Intel(R) Management Engine Components\IPT;C:\Program Files (x86)\Intel\Intel(R) Management Engine Components\DAL;C:\Program Files (x86)\Intel\Intel(R) Management Engine Components\IPT;C:\Program Files\Java\jdk1.8.0_05/bin;C:\Program Files (x86)\Android\android-sdk\platform-tools;C:\Program Files (x86)\Git\cmd;C:\Program Files (x86)\Skype\Phone\;C:\Program Files (x86)\Windows Kits\8.1\Windows Performance Toolkit\;C:\Program Files\Microsoft SQL Server\110\Tools\Binn\;C:\Program Files (x86)\Microsoft SDKs\TypeScript\1.0\;C:\Program Files\Microsoft SQL Server\120\Tools\Binn\;C:\Program Files (x86)\nodejs\;C:\Ruby21\bin;C:\Users\Aires\AppData\Roaming\npm
USERNAME=Aires
OS=Windows_NT
PROCESSOR_IDENTIFIER=Intel64 Family 6 Model 58 Stepping 9, GenuineIntel



---------------  S Y S T E M  ---------------

OS: Windows 8.1 , 64 bit Build 9600 

CPU:total 4 (2 cores per cpu, 2 threads per core) family 6 model 58 stepping 9, cmov, cx8, fxsr, mmx, sse, sse2, sse3, ssse3, sse4.1, sse4.2, popcnt, avx, clmul, erms, ht, tsc, tscinvbit

Memory: 4k page, physical 8282396k(1331516k free), swap 8282396k(5136k free)

vm_info: Java HotSpot(TM) 64-Bit Server VM (25.5-b02) for windows-amd64 JRE (1.8.0_05-b13), built on Mar 18 2014 01:08:39 by "java_re" with MS VC++ 10.0 (VS2010)

time: Tue Aug 11 00:12:54 2015
elapsed time: 16 seconds

