#
# There is insufficient memory for the Java Runtime Environment to continue.
# Native memory allocation (malloc) failed to allocate 57776 bytes for Chunk::new
# Possible reasons:
#   The system is out of physical RAM or swap space
#   In 32 bit mode, the process size limit was hit
# Possible solutions:
#   Reduce memory load on the system
#   Increase physical memory or swap space
#   Check if swap backing store is full
#   Use 64 bit Java on a 64 bit OS
#   Decrease Java heap size (-Xmx/-Xms)
#   Decrease number of Java threads
#   Decrease Java thread stack sizes (-Xss)
#   Set larger code cache with -XX:ReservedCodeCacheSize=
# This output file may be truncated or incomplete.
#
#  Out of Memory Error (allocation.cpp:388), pid=3936, tid=9084
#
# JRE version: Java(TM) SE Runtime Environment (8.0_05-b13) (build 1.8.0_05-b13)
# Java VM: Java HotSpot(TM) 64-Bit Server VM (25.5-b02 mixed mode windows-amd64 compressed oops)
# Failed to write core dump. Minidumps are not enabled by default on client versions of Windows
#

---------------  T H R E A D  ---------------

Current thread (0x0000000014a4e800):  JavaThread "C2 CompilerThread1" daemon [_thread_in_native, id=9084, stack(0x0000000016070000,0x0000000016170000)]

Stack: [0x0000000016070000,0x0000000016170000]
Native frames: (J=compiled Java code, j=interpreted, Vv=VM code, C=native code)
V  [jvm.dll+0x308dea]


Current CompileTask:
C2:   4826 1309   !   4       com.android.dx.rop.code.BasicBlock::<init> (273 bytes)


---------------  P R O C E S S  ---------------

Java Threads: ( => current thread )
  0x0000000014a5c800 JavaThread "Service Thread" daemon [_thread_blocked, id=6188, stack(0x0000000016270000,0x0000000016370000)]
  0x0000000014a54800 JavaThread "C1 CompilerThread2" daemon [_thread_blocked, id=8776, stack(0x0000000016170000,0x0000000016270000)]
=>0x0000000014a4e800 JavaThread "C2 CompilerThread1" daemon [_thread_in_native, id=9084, stack(0x0000000016070000,0x0000000016170000)]
  0x00000000149fd000 JavaThread "C2 CompilerThread0" daemon [_thread_in_native, id=5152, stack(0x0000000015f70000,0x0000000016070000)]
  0x00000000149fb800 JavaThread "Attach Listener" daemon [_thread_blocked, id=7652, stack(0x0000000015e70000,0x0000000015f70000)]
  0x00000000149fa800 JavaThread "Signal Dispatcher" daemon [_thread_blocked, id=332, stack(0x0000000015d70000,0x0000000015e70000)]
  0x0000000002325000 JavaThread "Finalizer" daemon [_thread_blocked, id=2912, stack(0x0000000015c70000,0x0000000015d70000)]
  0x0000000002319000 JavaThread "Reference Handler" daemon [_thread_blocked, id=5664, stack(0x0000000015b70000,0x0000000015c70000)]
  0x000000000212d800 JavaThread "main" [_thread_in_Java, id=6540, stack(0x0000000001fc0000,0x00000000020c0000)]

Other Threads:
  0x00000000149c5000 VMThread [stack: 0x0000000015a70000,0x0000000015b70000] [id=7940]
  0x0000000016370800 WatcherThread [stack: 0x0000000016770000,0x0000000016870000] [id=8168]

VM state:not at safepoint (normal execution)

VM Mutex/Monitor currently owned by a thread: None

Heap:
 PSYoungGen      total 10240K, used 5594K [0x00000000eab00000, 0x00000000ebe00000, 0x0000000100000000)
  eden space 8192K, 43% used [0x00000000eab00000,0x00000000eae7a9b0,0x00000000eb300000)
  from space 2048K, 99% used [0x00000000eb300000,0x00000000eb4fc010,0x00000000eb500000)
  to   space 3072K, 0% used [0x00000000ebb00000,0x00000000ebb00000,0x00000000ebe00000)
 ParOldGen       total 129536K, used 2677K [0x00000000c0000000, 0x00000000c7e80000, 0x00000000eab00000)
  object space 129536K, 2% used [0x00000000c0000000,0x00000000c029d758,0x00000000c7e80000)
 Metaspace       used 5507K, capacity 6832K, committed 7040K, reserved 1056768K
  class space    used 555K, capacity 616K, committed 640K, reserved 1048576K

Card table byte_map: [0x00000000116f0000,0x0000000011900000] byte_map_base: 0x00000000110f0000

Marking Bits: (ParMarkBitMap*) 0x0000000062b913b0
 Begin Bits: [0x0000000011e60000, 0x0000000012e60000)
 End Bits:   [0x0000000012e60000, 0x0000000013e60000)

Polling page: 0x00000000007c0000

CodeCache: size=245760Kb used=5227Kb max_used=5239Kb free=240532Kb
 bounds [0x0000000002330000, 0x0000000002860000, 0x0000000011330000]
 total_blobs=1579 nmethods=1319 adapters=174
 compilation: enabled

Compilation events (10 events):
Event: 4.780 Thread 0x0000000014a54800 1321       3       com.android.dx.ssa.NormalSsaInsn::canThrow (8 bytes)
Event: 4.780 Thread 0x0000000014a4e800 nmethod 1310 0x000000000284a850 code [0x000000000284a9a0, 0x000000000284ae18]
Event: 4.780 Thread 0x0000000014a4e800 1320       4       com.android.dx.rop.code.RegisterSpec$ForComparison::hashCode (16 bytes)
Event: 4.780 Thread 0x0000000014a54800 nmethod 1321 0x000000000284a110 code [0x000000000284a2a0, 0x000000000284a6c8]
Event: 4.781 Thread 0x0000000014a54800 1322       3       com.android.dx.rop.cst.CstLong::getType (4 bytes)
Event: 4.781 Thread 0x0000000014a54800 nmethod 1322 0x0000000002841690 code [0x00000000028417e0, 0x0000000002841930]
Event: 4.798 Thread 0x0000000014a4e800 nmethod 1320 0x0000000002850b90 code [0x0000000002850ce0, 0x00000000028511d8]
Event: 4.798 Thread 0x0000000014a4e800 1318       4       com.android.dx.cf.code.Ropper::labelToResultIndex (47 bytes)
Event: 4.806 Thread 0x0000000014a4e800 nmethod 1318 0x0000000002850650 code [0x00000000028507a0, 0x0000000002850a18]
Event: 4.806 Thread 0x0000000014a4e800 1309   !   4       com.android.dx.rop.code.BasicBlock::<init> (273 bytes)

GC Heap History (10 events):
Event: 2.057 GC heap before
{Heap before GC invocations=5 (full 0):
 PSYoungGen      total 2560K, used 2547K [0x00000000eab00000, 0x00000000eae00000, 0x0000000100000000)
  eden space 2048K, 100% used [0x00000000eab00000,0x00000000ead00000,0x00000000ead00000)
  from space 512K, 97% used [0x00000000ead80000,0x00000000eadfce30,0x00000000eae00000)
  to   space 512K, 0% used [0x00000000ead00000,0x00000000ead00000,0x00000000ead80000)
 ParOldGen       total 129536K, used 718K [0x00000000c0000000, 0x00000000c7e80000, 0x00000000eab00000)
  object space 129536K, 0% used [0x00000000c0000000,0x00000000c00b3ab8,0x00000000c7e80000)
 Metaspace       used 4221K, capacity 5744K, committed 6016K, reserved 1056768K
  class space    used 467K, capacity 552K, committed 640K, reserved 1048576K
Event: 2.125 GC heap after
Heap after GC invocations=5 (full 0):
 PSYoungGen      total 2560K, used 499K [0x00000000eab00000, 0x00000000eb200000, 0x0000000100000000)
  eden space 2048K, 0% used [0x00000000eab00000,0x00000000eab00000,0x00000000ead00000)
  from space 512K, 97% used [0x00000000ead00000,0x00000000ead7ce30,0x00000000ead80000)
  to   space 1536K, 0% used [0x00000000eb080000,0x00000000eb080000,0x00000000eb200000)
 ParOldGen       total 129536K, used 1349K [0x00000000c0000000, 0x00000000c7e80000, 0x00000000eab00000)
  object space 129536K, 1% used [0x00000000c0000000,0x00000000c0151528,0x00000000c7e80000)
 Metaspace       used 4221K, capacity 5744K, committed 6016K, reserved 1056768K
  class space    used 467K, capacity 552K, committed 640K, reserved 1048576K
}
Event: 2.473 GC heap before
{Heap before GC invocations=6 (full 0):
 PSYoungGen      total 2560K, used 2547K [0x00000000eab00000, 0x00000000eb200000, 0x0000000100000000)
  eden space 2048K, 100% used [0x00000000eab00000,0x00000000ead00000,0x00000000ead00000)
  from space 512K, 97% used [0x00000000ead00000,0x00000000ead7ce30,0x00000000ead80000)
  to   space 1536K, 0% used [0x00000000eb080000,0x00000000eb080000,0x00000000eb200000)
 ParOldGen       total 129536K, used 1349K [0x00000000c0000000, 0x00000000c7e80000, 0x00000000eab00000)
  object space 129536K, 1% used [0x00000000c0000000,0x00000000c0151528,0x00000000c7e80000)
 Metaspace       used 4805K, capacity 6224K, committed 6528K, reserved 1056768K
  class space    used 531K, capacity 584K, committed 640K, reserved 1048576K
Event: 2.496 GC heap after
Heap after GC invocations=6 (full 0):
 PSYoungGen      total 5632K, used 1299K [0x00000000eab00000, 0x00000000eb200000, 0x0000000100000000)
  eden space 4096K, 0% used [0x00000000eab00000,0x00000000eab00000,0x00000000eaf00000)
  from space 1536K, 84% used [0x00000000eb080000,0x00000000eb1c4e68,0x00000000eb200000)
  to   space 1536K, 0% used [0x00000000eaf00000,0x00000000eaf00000,0x00000000eb080000)
 ParOldGen       total 129536K, used 1357K [0x00000000c0000000, 0x00000000c7e80000, 0x00000000eab00000)
  object space 129536K, 1% used [0x00000000c0000000,0x00000000c0153528,0x00000000c7e80000)
 Metaspace       used 4805K, capacity 6224K, committed 6528K, reserved 1056768K
  class space    used 531K, capacity 584K, committed 640K, reserved 1048576K
}
Event: 3.017 GC heap before
{Heap before GC invocations=7 (full 0):
 PSYoungGen      total 5632K, used 5395K [0x00000000eab00000, 0x00000000eb200000, 0x0000000100000000)
  eden space 4096K, 100% used [0x00000000eab00000,0x00000000eaf00000,0x00000000eaf00000)
  from space 1536K, 84% used [0x00000000eb080000,0x00000000eb1c4e68,0x00000000eb200000)
  to   space 1536K, 0% used [0x00000000eaf00000,0x00000000eaf00000,0x00000000eb080000)
 ParOldGen       total 129536K, used 1357K [0x00000000c0000000, 0x00000000c7e80000, 0x00000000eab00000)
  object space 129536K, 1% used [0x00000000c0000000,0x00000000c0153528,0x00000000c7e80000)
 Metaspace       used 5254K, capacity 6576K, committed 6784K, reserved 1056768K
  class space    used 552K, capacity 616K, committed 640K, reserved 1048576K
Event: 3.021 GC heap after
Heap after GC invocations=7 (full 0):
 PSYoungGen      total 5632K, used 1408K [0x00000000eab00000, 0x00000000eb700000, 0x0000000100000000)
  eden space 4096K, 0% used [0x00000000eab00000,0x00000000eab00000,0x00000000eaf00000)
  from space 1536K, 91% used [0x00000000eaf00000,0x00000000eb060018,0x00000000eb080000)
  to   space 2048K, 0% used [0x00000000eb500000,0x00000000eb500000,0x00000000eb700000)
 ParOldGen       total 129536K, used 1589K [0x00000000c0000000, 0x00000000c7e80000, 0x00000000eab00000)
  object space 129536K, 1% used [0x00000000c0000000,0x00000000c018d578,0x00000000c7e80000)
 Metaspace       used 5254K, capacity 6576K, committed 6784K, reserved 1056768K
  class space    used 552K, capacity 616K, committed 640K, reserved 1048576K
}
Event: 3.631 GC heap before
{Heap before GC invocations=8 (full 0):
 PSYoungGen      total 5632K, used 5504K [0x00000000eab00000, 0x00000000eb700000, 0x0000000100000000)
  eden space 4096K, 100% used [0x00000000eab00000,0x00000000eaf00000,0x00000000eaf00000)
  from space 1536K, 91% used [0x00000000eaf00000,0x00000000eb060018,0x00000000eb080000)
  to   space 2048K, 0% used [0x00000000eb500000,0x00000000eb500000,0x00000000eb700000)
 ParOldGen       total 129536K, used 1589K [0x00000000c0000000, 0x00000000c7e80000, 0x00000000eab00000)
  object space 129536K, 1% used [0x00000000c0000000,0x00000000c018d578,0x00000000c7e80000)
 Metaspace       used 5376K, capacity 6704K, committed 6784K, reserved 1056768K
  class space    used 554K, capacity 616K, committed 640K, reserved 1048576K
Event: 3.656 GC heap after
Heap after GC invocations=8 (full 0):
 PSYoungGen      total 10240K, used 1696K [0x00000000eab00000, 0x00000000eb700000, 0x0000000100000000)
  eden space 8192K, 0% used [0x00000000eab00000,0x00000000eab00000,0x00000000eb300000)
  from space 2048K, 82% used [0x00000000eb500000,0x00000000eb6a8018,0x00000000eb700000)
  to   space 2048K, 0% used [0x00000000eb300000,0x00000000eb300000,0x00000000eb500000)
 ParOldGen       total 129536K, used 1752K [0x00000000c0000000, 0x00000000c7e80000, 0x00000000eab00000)
  object space 129536K, 1% used [0x00000000c0000000,0x00000000c01b63a8,0x00000000c7e80000)
 Metaspace       used 5376K, capacity 6704K, committed 6784K, reserved 1056768K
  class space    used 554K, capacity 616K, committed 640K, reserved 1048576K
}
Event: 4.576 GC heap before
{Heap before GC invocations=9 (full 0):
 PSYoungGen      total 10240K, used 9888K [0x00000000eab00000, 0x00000000eb700000, 0x0000000100000000)
  eden space 8192K, 100% used [0x00000000eab00000,0x00000000eb300000,0x00000000eb300000)
  from space 2048K, 82% used [0x00000000eb500000,0x00000000eb6a8018,0x00000000eb700000)
  to   space 2048K, 0% used [0x00000000eb300000,0x00000000eb300000,0x00000000eb500000)
 ParOldGen       total 129536K, used 1752K [0x00000000c0000000, 0x00000000c7e80000, 0x00000000eab00000)
  object space 129536K, 1% used [0x00000000c0000000,0x00000000c01b63a8,0x00000000c7e80000)
 Metaspace       used 5491K, capacity 6832K, committed 7040K, reserved 1056768K
  class space    used 555K, capacity 616K, committed 640K, reserved 1048576K
Event: 4.586 GC heap after
Heap after GC invocations=9 (full 0):
 PSYoungGen      total 10240K, used 2032K [0x00000000eab00000, 0x00000000ebe00000, 0x0000000100000000)
  eden space 8192K, 0% used [0x00000000eab00000,0x00000000eab00000,0x00000000eb300000)
  from space 2048K, 99% used [0x00000000eb300000,0x00000000eb4fc010,0x00000000eb500000)
  to   space 3072K, 0% used [0x00000000ebb00000,0x00000000ebb00000,0x00000000ebe00000)
 ParOldGen       total 129536K, used 2677K [0x00000000c0000000, 0x00000000c7e80000, 0x00000000eab00000)
  object space 129536K, 2% used [0x00000000c0000000,0x00000000c029d758,0x00000000c7e80000)
 Metaspace       used 5491K, capacity 6832K, committed 7040K, reserved 1056768K
  class space    used 555K, capacity 616K, committed 640K, reserved 1048576K
}

Deoptimization events (10 events):
Event: 3.085 Thread 0x000000000212d800 Uncommon trap: reason=class_check action=maybe_recompile pc=0x0000000002629cec method=com.android.dx.ssa.NormalSsaInsn.accept(Lcom/android/dx/ssa/SsaInsn$Visitor;)V @ 9
Event: 3.086 Thread 0x000000000212d800 Uncommon trap: reason=class_check action=maybe_recompile pc=0x00000000025e9c70 method=com.android.dx.ssa.NormalSsaInsn.accept(Lcom/android/dx/ssa/SsaInsn$Visitor;)V @ 9
Event: 3.923 Thread 0x000000000212d800 Uncommon trap: reason=class_check action=maybe_recompile pc=0x00000000025cbad4 method=com.android.dx.rop.type.Type.equals(Ljava/lang/Object;)Z @ 8
Event: 3.923 Thread 0x000000000212d800 Uncommon trap: reason=class_check action=maybe_recompile pc=0x00000000025cbad4 method=com.android.dx.rop.type.Type.equals(Ljava/lang/Object;)Z @ 8
Event: 3.967 Thread 0x000000000212d800 Uncommon trap: reason=null_check action=make_not_entrant pc=0x0000000002709c20 method=com.android.dx.rop.type.Type.equals(Ljava/lang/Object;)Z @ 8
Event: 3.970 Thread 0x000000000212d800 Uncommon trap: reason=null_check action=make_not_entrant pc=0x00000000026b6878 method=com.android.dx.ssa.SsaRenamer.getLocalForNewReg(I)Lcom/android/dx/rop/code/LocalItem; @ 19
Event: 3.970 Thread 0x000000000212d800 Uncommon trap: reason=null_check action=make_not_entrant pc=0x00000000026bf6ac method=com.android.dx.ssa.SsaRenamer.getLocalForNewReg(I)Lcom/android/dx/rop/code/LocalItem; @ 19
Event: 4.099 Thread 0x000000000212d800 Uncommon trap: reason=unreached action=reinterpret pc=0x000000000271ffd4 method=com.android.dx.rop.code.LocalItem.hashCode()I @ 25
Event: 4.099 Thread 0x000000000212d800 Uncommon trap: reason=unreached action=reinterpret pc=0x0000000002702c90 method=com.android.dx.rop.code.LocalItem.hashCode()I @ 25
Event: 4.099 Thread 0x000000000212d800 Uncommon trap: reason=unreached action=reinterpret pc=0x00000000026f55d0 method=com.android.dx.rop.code.LocalItem.hashCode()I @ 25

Internal exceptions (10 events):
Event: 2.967 Thread 0x000000000212d800 Exception <a 'java/security/PrivilegedActionException'> (0x00000000eae75b30) thrown at [D:\re\workspace\8-2-build-windows-amd64-cygwin\jdk8u5\2488\hotspot\src\share\vm\prims\jvm.cpp, line 1248]
Event: 2.969 Thread 0x000000000212d800 Exception <a 'java/security/PrivilegedActionException'> (0x00000000eae7b730) thrown at [D:\re\workspace\8-2-build-windows-amd64-cygwin\jdk8u5\2488\hotspot\src\share\vm\prims\jvm.cpp, line 1248]
Event: 2.970 Thread 0x000000000212d800 Exception <a 'java/security/PrivilegedActionException'> (0x00000000eae80fb0) thrown at [D:\re\workspace\8-2-build-windows-amd64-cygwin\jdk8u5\2488\hotspot\src\share\vm\prims\jvm.cpp, line 1248]
Event: 2.974 Thread 0x000000000212d800 Exception <a 'java/security/PrivilegedActionException'> (0x00000000eae860f0) thrown at [D:\re\workspace\8-2-build-windows-amd64-cygwin\jdk8u5\2488\hotspot\src\share\vm\prims\jvm.cpp, line 1248]
Event: 3.002 Thread 0x000000000212d800 Exception <a 'java/security/PrivilegedActionException'> (0x00000000eaecd5f0) thrown at [D:\re\workspace\8-2-build-windows-amd64-cygwin\jdk8u5\2488\hotspot\src\share\vm\prims\jvm.cpp, line 1248]
Event: 3.768 Thread 0x000000000212d800 Exception <a 'java/security/PrivilegedActionException'> (0x00000000eac9b7f8) thrown at [D:\re\workspace\8-2-build-windows-amd64-cygwin\jdk8u5\2488\hotspot\src\share\vm\prims\jvm.cpp, line 1248]
Event: 3.967 Thread 0x000000000212d800 Implicit null exception at 0x0000000002709b22 to 0x0000000002709c12
Event: 3.970 Thread 0x000000000212d800 Implicit null exception at 0x00000000026b4b07 to 0x00000000026b6851
Event: 3.970 Thread 0x000000000212d800 Implicit null exception at 0x00000000026bd7c1 to 0x00000000026bf699
Event: 4.097 Thread 0x000000000212d800 Exception <a 'java/security/PrivilegedActionException'> (0x00000000eafbfd98) thrown at [D:\re\workspace\8-2-build-windows-amd64-cygwin\jdk8u5\2488\hotspot\src\share\vm\prims\jvm.cpp, line 1248]

Events (10 events):
Event: 4.099 Thread 0x000000000212d800 Uncommon trap: trap_request=0xffffffad fr.pc=0x0000000002702c90
Event: 4.099 Thread 0x000000000212d800 DEOPT PACKING pc=0x0000000002702c90 sp=0x00000000020bed10
Event: 4.099 Thread 0x000000000212d800 DEOPT UNPACKING pc=0x00000000023755af sp=0x00000000020bead0 mode 2
Event: 4.099 Thread 0x000000000212d800 Uncommon trap: trap_request=0xffffffad fr.pc=0x00000000026f55d0
Event: 4.099 Thread 0x000000000212d800 DEOPT PACKING pc=0x00000000026f55d0 sp=0x00000000020beb70
Event: 4.099 Thread 0x000000000212d800 DEOPT UNPACKING pc=0x00000000023755af sp=0x00000000020beac0 mode 2
Event: 4.498 Executing VM operation: EnableBiasedLocking
Event: 4.499 Executing VM operation: EnableBiasedLocking done
Event: 4.576 Executing VM operation: ParallelGCFailedAllocation
Event: 4.586 Executing VM operation: ParallelGCFailedAllocation done


Dynamic libraries:
0x00007ff7c80c0000 - 0x00007ff7c80f4000 	C:\Program Files\Java\jdk1.8.0_05\bin\java.exe
0x00007ffb2ad40000 - 0x00007ffb2af01000 	C:\WINDOWS\SYSTEM32\ntdll.dll
0x00007ffb2abe0000 - 0x00007ffb2ac8d000 	C:\WINDOWS\system32\KERNEL32.DLL
0x00007ffb28230000 - 0x00007ffb2840d000 	C:\WINDOWS\system32\KERNELBASE.dll
0x00007ffb2aaa0000 - 0x00007ffb2ab46000 	C:\WINDOWS\system32\ADVAPI32.dll
0x00007ffb28840000 - 0x00007ffb288dd000 	C:\WINDOWS\system32\msvcrt.dll
0x00007ffb2a970000 - 0x00007ffb2a9cb000 	C:\WINDOWS\system32\sechost.dll
0x00007ffb2a410000 - 0x00007ffb2a536000 	C:\WINDOWS\system32\RPCRT4.dll
0x00007ffb2a540000 - 0x00007ffb2a68e000 	C:\WINDOWS\system32\USER32.dll
0x00007ffb2a690000 - 0x00007ffb2a816000 	C:\WINDOWS\system32\GDI32.dll
0x00007ffb1dee0000 - 0x00007ffb1e154000 	C:\WINDOWS\WinSxS\amd64_microsoft.windows.common-controls_6595b64144ccf1df_6.0.10240.16384_none_f41f7b285750ef43\COMCTL32.dll
0x00007ffb2ad00000 - 0x00007ffb2ad36000 	C:\WINDOWS\system32\IMM32.DLL
0x00007ffb2a160000 - 0x00007ffb2a2bc000 	C:\WINDOWS\system32\MSCTF.dll
0x0000000061f60000 - 0x0000000062032000 	C:\Program Files\Java\jdk1.8.0_05\jre\bin\msvcr100.dll
0x00000000623e0000 - 0x0000000062c0a000 	C:\Program Files\Java\jdk1.8.0_05\jre\bin\server\jvm.dll
0x00007ffb2a400000 - 0x00007ffb2a408000 	C:\WINDOWS\system32\PSAPI.DLL
0x00007ffb25790000 - 0x00007ffb25799000 	C:\WINDOWS\SYSTEM32\WSOCK32.dll
0x00007ffb2ab50000 - 0x00007ffb2abb9000 	C:\WINDOWS\system32\WS2_32.dll
0x00007ffb2a9d0000 - 0x00007ffb2a9d8000 	C:\WINDOWS\system32\NSI.dll
0x00007ffb25860000 - 0x00007ffb25883000 	C:\WINDOWS\SYSTEM32\WINMM.dll
0x00007ffb25800000 - 0x00007ffb2582c000 	C:\WINDOWS\SYSTEM32\WINMMBASE.dll
0x00007ffb27af0000 - 0x00007ffb27b34000 	C:\WINDOWS\system32\cfgmgr32.dll
0x00007ffb260e0000 - 0x00007ffb26107000 	C:\WINDOWS\SYSTEM32\DEVOBJ.dll
0x00000000623d0000 - 0x00000000623df000 	C:\Program Files\Java\jdk1.8.0_05\jre\bin\verify.dll
0x00000000623a0000 - 0x00000000623c8000 	C:\Program Files\Java\jdk1.8.0_05\jre\bin\java.dll
0x0000000062380000 - 0x0000000062396000 	C:\Program Files\Java\jdk1.8.0_05\jre\bin\zip.dll
0x00007ffb28c30000 - 0x00007ffb2a152000 	C:\WINDOWS\system32\SHELL32.dll
0x00007ffb27c00000 - 0x00007ffb28229000 	C:\WINDOWS\system32\windows.storage.dll
0x00007ffb288e0000 - 0x00007ffb28b5c000 	C:\WINDOWS\system32\combase.dll
0x00007ffb2a3a0000 - 0x00007ffb2a3f1000 	C:\WINDOWS\system32\shlwapi.dll
0x00007ffb27770000 - 0x00007ffb2777f000 	C:\WINDOWS\system32\kernel.appcore.dll
0x00007ffb27b40000 - 0x00007ffb27bf3000 	C:\WINDOWS\system32\shcore.dll
0x00007ffb277c0000 - 0x00007ffb2780a000 	C:\WINDOWS\system32\powrprof.dll
0x00007ffb27780000 - 0x00007ffb27793000 	C:\WINDOWS\system32\profapi.dll

VM Arguments:
jvm_args: -Xmx1024M -Dfile.encoding=windows-1252 -Duser.country=BR -Duser.language=pt -Duser.variant 
java_command: com.android.dx.command.Main --dex --output E:\GitHub\FitCook\app\build\intermediates\pre-dexed\release\internal_impl-22.2.1-bffc7015cb6af0c3217882142a670eed55458558.jar E:\GitHub\FitCook\app\build\intermediates\exploded-aar\com.android.support\support-v4\22.2.1\jars\libs\internal_impl-22.2.1.jar
java_class_path (initial): C:\Program Files (x86)\Android\android-sdk\build-tools\22.0.1\lib\dx.jar
Launcher Type: SUN_STANDARD

Environment Variables:
JAVA_HOME=C:\Program Files\Java\jdk1.8.0_05
PATH=C:\Program Files (x86)\Intel\iCLS Client\;C:\Program Files\Intel\iCLS Client\;C:\WINDOWS\system32;C:\WINDOWS;C:\WINDOWS\System32\Wbem;C:\WINDOWS\System32\WindowsPowerShell\v1.0\;C:\Program Files (x86)\Windows Live\Shared;C:\Program Files (x86)\Intel\OpenCL SDK\2.0\bin\x86;C:\Program Files (x86)\Intel\OpenCL SDK\2.0\bin\x64;C:\Program Files\Intel\Intel(R) Management Engine Components\DAL;C:\Program Files\Intel\Intel(R) Management Engine Components\IPT;C:\Program Files (x86)\Intel\Intel(R) Management Engine Components\DAL;C:\Program Files (x86)\Intel\Intel(R) Management Engine Components\IPT;C:\Program Files\Java\jdk1.8.0_05/bin;C:\Program Files (x86)\Android\android-sdk\platform-tools;C:\Program Files (x86)\Git\cmd;C:\Program Files (x86)\Windows Kits\8.1\Windows Performance Toolkit\;C:\Program Files\Microsoft SQL Server\110\Tools\Binn\;C:\Program Files (x86)\Microsoft SDKs\TypeScript\1.0\;C:\Program Files\Microsoft SQL Server\120\Tools\Binn\;C:\Program Files (x86)\nodejs\;C:\Program Files\Google\Cloud SDK\google-cloud-sdk\bin;C:\Program Files (x86)\Skype\Phone\;C:\Ruby21\bin;C:\Users\Aires\AppData\Roaming\npm
USERNAME=Aires
OS=Windows_NT
PROCESSOR_IDENTIFIER=Intel64 Family 6 Model 58 Stepping 9, GenuineIntel



---------------  S Y S T E M  ---------------

OS: Windows 8.1 , 64 bit Build 9600 

CPU:total 4 (2 cores per cpu, 2 threads per core) family 6 model 58 stepping 9, cmov, cx8, fxsr, mmx, sse, sse2, sse3, ssse3, sse4.1, sse4.2, popcnt, avx, clmul, erms, ht, tsc, tscinvbit

Memory: 4k page, physical 8282396k(1201944k free), swap 8282396k(5152k free)

vm_info: Java HotSpot(TM) 64-Bit Server VM (25.5-b02) for windows-amd64 JRE (1.8.0_05-b13), built on Mar 18 2014 01:08:39 by "java_re" with MS VC++ 10.0 (VS2010)

time: Wed Aug 26 11:39:47 2015
elapsed time: 4 seconds

