#
# There is insufficient memory for the Java Runtime Environment to continue.
# Native memory allocation (malloc) failed to allocate 1284096 bytes for Chunk::new
# Possible reasons:
#   The system is out of physical RAM or swap space
#   In 32 bit mode, the process size limit was hit
# Possible solutions:
#   Reduce memory load on the system
#   Increase physical memory or swap space
#   Check if swap backing store is full
#   Use 64 bit Java on a 64 bit OS
#   Decrease Java heap size (-Xmx/-Xms)
#   Decrease number of Java threads
#   Decrease Java thread stack sizes (-Xss)
#   Set larger code cache with -XX:ReservedCodeCacheSize=
# This output file may be truncated or incomplete.
#
#  Out of Memory Error (allocation.cpp:388), pid=4608, tid=1124
#
# JRE version: Java(TM) SE Runtime Environment (8.0_05-b13) (build 1.8.0_05-b13)
# Java VM: Java HotSpot(TM) 64-Bit Server VM (25.5-b02 mixed mode windows-amd64 compressed oops)
# Failed to write core dump. Minidumps are not enabled by default on client versions of Windows
#

---------------  T H R E A D  ---------------

Current thread (0x0000000014c3c000):  JavaThread "C2 CompilerThread0" daemon [_thread_in_native, id=1124, stack(0x0000000016190000,0x0000000016290000)]

Stack: [0x0000000016190000,0x0000000016290000]
Native frames: (J=compiled Java code, j=interpreted, Vv=VM code, C=native code)
V  [jvm.dll+0x308dea]
V  [jvm.dll+0x25def1]
V  [jvm.dll+0x25eb0f]
V  [jvm.dll+0x2564e5]
V  [jvm.dll+0xbcfc5]
V  [jvm.dll+0xbd45c]
V  [jvm.dll+0x44d422]
V  [jvm.dll+0x48e13f]
V  [jvm.dll+0x44293e]
V  [jvm.dll+0x44366b]
V  [jvm.dll+0x427532]
V  [jvm.dll+0x96702]
V  [jvm.dll+0x96ef3]
V  [jvm.dll+0x2232c4]
V  [jvm.dll+0x27baca]
C  [msvcr100.dll+0x21d9f]
C  [msvcr100.dll+0x21e3b]
C  [KERNEL32.DLL+0x12d92]
C  [ntdll.dll+0x9f64]


Current CompileTask:
C2:   7180 1457       4       com.android.dx.rop.code.Rops::ropFor (771 bytes)


---------------  P R O C E S S  ---------------

Java Threads: ( => current thread )
  0x0000000014c9b800 JavaThread "Service Thread" daemon [_thread_blocked, id=8936, stack(0x0000000016490000,0x0000000016590000)]
  0x0000000014c93800 JavaThread "C1 CompilerThread2" daemon [_thread_blocked, id=3528, stack(0x0000000016390000,0x0000000016490000)]
  0x0000000014c8d800 JavaThread "C2 CompilerThread1" daemon [_thread_blocked, id=7960, stack(0x0000000016290000,0x0000000016390000)]
=>0x0000000014c3c000 JavaThread "C2 CompilerThread0" daemon [_thread_in_native, id=1124, stack(0x0000000016190000,0x0000000016290000)]
  0x0000000014c3a800 JavaThread "Attach Listener" daemon [_thread_blocked, id=8992, stack(0x0000000016090000,0x0000000016190000)]
  0x0000000014c39800 JavaThread "Signal Dispatcher" daemon [_thread_blocked, id=9180, stack(0x0000000015f90000,0x0000000016090000)]
  0x0000000002565000 JavaThread "Finalizer" daemon [_thread_blocked, id=5164, stack(0x0000000015e90000,0x0000000015f90000)]
  0x0000000002559000 JavaThread "Reference Handler" daemon [_thread_blocked, id=5660, stack(0x0000000015d90000,0x0000000015e90000)]
  0x000000000236d800 JavaThread "main" [_thread_in_vm, id=2252, stack(0x0000000002370000,0x0000000002470000)]

Other Threads:
  0x0000000014c05000 VMThread [stack: 0x0000000015c90000,0x0000000015d90000] [id=3872]
  0x0000000014c9e800 WatcherThread [stack: 0x0000000016990000,0x0000000016a90000] [id=1196]

VM state:not at safepoint (normal execution)

VM Mutex/Monitor currently owned by a thread: None

Heap:
 PSYoungGen      total 15360K, used 13428K [0x00000000eab00000, 0x00000000ebe00000, 0x0000000100000000)
  eden space 12800K, 88% used [0x00000000eab00000,0x00000000eb61d3a0,0x00000000eb780000)
  from space 2560K, 80% used [0x00000000eba80000,0x00000000ebc80010,0x00000000ebd00000)
  to   space 3072K, 0% used [0x00000000eb780000,0x00000000eb780000,0x00000000eba80000)
 ParOldGen       total 129536K, used 3628K [0x00000000c0000000, 0x00000000c7e80000, 0x00000000eab00000)
  object space 129536K, 2% used [0x00000000c0000000,0x00000000c038b098,0x00000000c7e80000)
 Metaspace       used 5503K, capacity 6832K, committed 7040K, reserved 1056768K
  class space    used 551K, capacity 616K, committed 640K, reserved 1048576K

Card table byte_map: [0x0000000011930000,0x0000000011b40000] byte_map_base: 0x0000000011330000

Marking Bits: (ParMarkBitMap*) 0x0000000062b913b0
 Begin Bits: [0x00000000120a0000, 0x00000000130a0000)
 End Bits:   [0x00000000130a0000, 0x00000000140a0000)

Polling page: 0x0000000002230000

CodeCache: size=245760Kb used=6227Kb max_used=6240Kb free=239532Kb
 bounds [0x0000000002570000, 0x0000000002ba0000, 0x0000000011570000]
 total_blobs=1725 nmethods=1465 adapters=174
 compilation: enabled

Compilation events (10 events):
Event: 6.942 Thread 0x0000000014c8d800 1463       4       java.util.BitSet::checkRange (104 bytes)
Event: 6.943 Thread 0x0000000014c8d800 nmethod 1463 0x0000000002b25010 code [0x0000000002b25140, 0x0000000002b251b8]
Event: 6.944 Thread 0x0000000014c8d800 1464       4       com.android.dx.ssa.SsaBasicBlock::<init> (109 bytes)
Event: 6.958 Thread 0x0000000014c8d800 nmethod 1464 0x0000000002b62610 code [0x0000000002b627a0, 0x0000000002b62e58]
Event: 6.958 Thread 0x0000000014c8d800 1466       4       com.android.dx.ssa.SCCP::simulateBlock (54 bytes)
Event: 6.966 Thread 0x0000000014c8d800 nmethod 1466 0x0000000002b6d6d0 code [0x0000000002b6d840, 0x0000000002b6da98]
Event: 6.966 Thread 0x0000000014c8d800 1467       4       java.util.ArrayList$SubList::removeRange (47 bytes)
Event: 6.972 Thread 0x0000000014c8d800 nmethod 1467 0x0000000002b6d110 code [0x0000000002b6d260, 0x0000000002b6d4b8]
Event: 6.972 Thread 0x0000000014c8d800 1465       4       com.android.dx.ssa.SsaBasicBlock::exitBlockFixup (58 bytes)
Event: 6.993 Thread 0x0000000014c8d800 nmethod 1465 0x0000000002b641d0 code [0x0000000002b64340, 0x0000000002b64a58]

GC Heap History (10 events):
Event: 1.324 GC heap before
{Heap before GC invocations=6 (full 0):
 PSYoungGen      total 2560K, used 2541K [0x00000000eab00000, 0x00000000eb200000, 0x0000000100000000)
  eden space 2048K, 99% used [0x00000000eab00000,0x00000000eacfe860,0x00000000ead00000)
  from space 512K, 97% used [0x00000000ead00000,0x00000000ead7ce30,0x00000000ead80000)
  to   space 1536K, 0% used [0x00000000eb080000,0x00000000eb080000,0x00000000eb200000)
 ParOldGen       total 129536K, used 1324K [0x00000000c0000000, 0x00000000c7e80000, 0x00000000eab00000)
  object space 129536K, 1% used [0x00000000c0000000,0x00000000c014b320,0x00000000c7e80000)
 Metaspace       used 4805K, capacity 6256K, committed 6528K, reserved 1056768K
  class space    used 536K, capacity 616K, committed 640K, reserved 1048576K
Event: 1.351 GC heap after
Heap after GC invocations=6 (full 0):
 PSYoungGen      total 5632K, used 1312K [0x00000000eab00000, 0x00000000eb200000, 0x0000000100000000)
  eden space 4096K, 0% used [0x00000000eab00000,0x00000000eab00000,0x00000000eaf00000)
  from space 1536K, 85% used [0x00000000eb080000,0x00000000eb1c8038,0x00000000eb200000)
  to   space 1536K, 0% used [0x00000000eaf00000,0x00000000eaf00000,0x00000000eb080000)
 ParOldGen       total 129536K, used 1332K [0x00000000c0000000, 0x00000000c7e80000, 0x00000000eab00000)
  object space 129536K, 1% used [0x00000000c0000000,0x00000000c014d320,0x00000000c7e80000)
 Metaspace       used 4805K, capacity 6256K, committed 6528K, reserved 1056768K
  class space    used 536K, capacity 616K, committed 640K, reserved 1048576K
}
Event: 2.111 GC heap before
{Heap before GC invocations=7 (full 0):
 PSYoungGen      total 5632K, used 5408K [0x00000000eab00000, 0x00000000eb200000, 0x0000000100000000)
  eden space 4096K, 100% used [0x00000000eab00000,0x00000000eaf00000,0x00000000eaf00000)
  from space 1536K, 85% used [0x00000000eb080000,0x00000000eb1c8038,0x00000000eb200000)
  to   space 1536K, 0% used [0x00000000eaf00000,0x00000000eaf00000,0x00000000eb080000)
 ParOldGen       total 129536K, used 1332K [0x00000000c0000000, 0x00000000c7e80000, 0x00000000eab00000)
  object space 129536K, 1% used [0x00000000c0000000,0x00000000c014d320,0x00000000c7e80000)
 Metaspace       used 5176K, capacity 6576K, committed 6784K, reserved 1056768K
  class space    used 546K, capacity 616K, committed 640K, reserved 1048576K
Event: 2.116 GC heap after
Heap after GC invocations=7 (full 0):
 PSYoungGen      total 5632K, used 1248K [0x00000000eab00000, 0x00000000eb700000, 0x0000000100000000)
  eden space 4096K, 0% used [0x00000000eab00000,0x00000000eab00000,0x00000000eaf00000)
  from space 1536K, 81% used [0x00000000eaf00000,0x00000000eb038018,0x00000000eb080000)
  to   space 2048K, 0% used [0x00000000eb500000,0x00000000eb500000,0x00000000eb700000)
 ParOldGen       total 129536K, used 1612K [0x00000000c0000000, 0x00000000c7e80000, 0x00000000eab00000)
  object space 129536K, 1% used [0x00000000c0000000,0x00000000c01933b8,0x00000000c7e80000)
 Metaspace       used 5176K, capacity 6576K, committed 6784K, reserved 1056768K
  class space    used 546K, capacity 616K, committed 640K, reserved 1048576K
}
Event: 2.680 GC heap before
{Heap before GC invocations=8 (full 0):
 PSYoungGen      total 5632K, used 5344K [0x00000000eab00000, 0x00000000eb700000, 0x0000000100000000)
  eden space 4096K, 100% used [0x00000000eab00000,0x00000000eaf00000,0x00000000eaf00000)
  from space 1536K, 81% used [0x00000000eaf00000,0x00000000eb038018,0x00000000eb080000)
  to   space 2048K, 0% used [0x00000000eb500000,0x00000000eb500000,0x00000000eb700000)
 ParOldGen       total 129536K, used 1612K [0x00000000c0000000, 0x00000000c7e80000, 0x00000000eab00000)
  object space 129536K, 1% used [0x00000000c0000000,0x00000000c01933b8,0x00000000c7e80000)
 Metaspace       used 5326K, capacity 6704K, committed 6784K, reserved 1056768K
  class space    used 549K, capacity 616K, committed 640K, reserved 1048576K
Event: 2.686 GC heap after
Heap after GC invocations=8 (full 0):
 PSYoungGen      total 10240K, used 1835K [0x00000000eab00000, 0x00000000eb700000, 0x0000000100000000)
  eden space 8192K, 0% used [0x00000000eab00000,0x00000000eab00000,0x00000000eb300000)
  from space 2048K, 89% used [0x00000000eb500000,0x00000000eb6caf70,0x00000000eb700000)
  to   space 2048K, 0% used [0x00000000eb300000,0x00000000eb300000,0x00000000eb500000)
 ParOldGen       total 129536K, used 1728K [0x00000000c0000000, 0x00000000c7e80000, 0x00000000eab00000)
  object space 129536K, 1% used [0x00000000c0000000,0x00000000c01b01e8,0x00000000c7e80000)
 Metaspace       used 5326K, capacity 6704K, committed 6784K, reserved 1056768K
  class space    used 549K, capacity 616K, committed 640K, reserved 1048576K
}
Event: 3.596 GC heap before
{Heap before GC invocations=9 (full 0):
 PSYoungGen      total 10240K, used 10027K [0x00000000eab00000, 0x00000000eb700000, 0x0000000100000000)
  eden space 8192K, 100% used [0x00000000eab00000,0x00000000eb300000,0x00000000eb300000)
  from space 2048K, 89% used [0x00000000eb500000,0x00000000eb6caf70,0x00000000eb700000)
  to   space 2048K, 0% used [0x00000000eb300000,0x00000000eb300000,0x00000000eb500000)
 ParOldGen       total 129536K, used 1728K [0x00000000c0000000, 0x00000000c7e80000, 0x00000000eab00000)
  object space 129536K, 1% used [0x00000000c0000000,0x00000000c01b01e8,0x00000000c7e80000)
 Metaspace       used 5384K, capacity 6768K, committed 7040K, reserved 1056768K
  class space    used 549K, capacity 616K, committed 640K, reserved 1048576K
Event: 3.602 GC heap after
Heap after GC invocations=9 (full 0):
 PSYoungGen      total 10240K, used 2039K [0x00000000eab00000, 0x00000000ebd00000, 0x0000000100000000)
  eden space 8192K, 0% used [0x00000000eab00000,0x00000000eab00000,0x00000000eb300000)
  from space 2048K, 99% used [0x00000000eb300000,0x00000000eb4fde98,0x00000000eb500000)
  to   space 2560K, 0% used [0x00000000eba80000,0x00000000eba80000,0x00000000ebd00000)
 ParOldGen       total 129536K, used 2444K [0x00000000c0000000, 0x00000000c7e80000, 0x00000000eab00000)
  object space 129536K, 1% used [0x00000000c0000000,0x00000000c0263210,0x00000000c7e80000)
 Metaspace       used 5384K, capacity 6768K, committed 7040K, reserved 1056768K
  class space    used 549K, capacity 616K, committed 640K, reserved 1048576K
}
Event: 5.155 GC heap before
{Heap before GC invocations=10 (full 0):
 PSYoungGen      total 10240K, used 10231K [0x00000000eab00000, 0x00000000ebd00000, 0x0000000100000000)
  eden space 8192K, 100% used [0x00000000eab00000,0x00000000eb300000,0x00000000eb300000)
  from space 2048K, 99% used [0x00000000eb300000,0x00000000eb4fde98,0x00000000eb500000)
  to   space 2560K, 0% used [0x00000000eba80000,0x00000000eba80000,0x00000000ebd00000)
 ParOldGen       total 129536K, used 2444K [0x00000000c0000000, 0x00000000c7e80000, 0x00000000eab00000)
  object space 129536K, 1% used [0x00000000c0000000,0x00000000c0263210,0x00000000c7e80000)
 Metaspace       used 5441K, capacity 6832K, committed 7040K, reserved 1056768K
  class space    used 549K, capacity 616K, committed 640K, reserved 1048576K
Event: 5.305 GC heap after
Heap after GC invocations=10 (full 0):
 PSYoungGen      total 15360K, used 2048K [0x00000000eab00000, 0x00000000ebe00000, 0x0000000100000000)
  eden space 12800K, 0% used [0x00000000eab00000,0x00000000eab00000,0x00000000eb780000)
  from space 2560K, 80% used [0x00000000eba80000,0x00000000ebc80010,0x00000000ebd00000)
  to   space 3072K, 0% used [0x00000000eb780000,0x00000000eb780000,0x00000000eba80000)
 ParOldGen       total 129536K, used 3628K [0x00000000c0000000, 0x00000000c7e80000, 0x00000000eab00000)
  object space 129536K, 2% used [0x00000000c0000000,0x00000000c038b098,0x00000000c7e80000)
 Metaspace       used 5441K, capacity 6832K, committed 7040K, reserved 1056768K
  class space    used 549K, capacity 616K, committed 640K, reserved 1048576K
}

Deoptimization events (10 events):
Event: 5.549 Thread 0x000000000236d800 Uncommon trap: reason=bimorphic action=maybe_recompile pc=0x0000000002a81f24 method=com.android.dx.ssa.SCCP.setLatticeValueTo(IILcom/android/dx/rop/cst/Constant;)Z @ 43
Event: 5.928 Thread 0x000000000236d800 Uncommon trap: reason=bimorphic action=maybe_recompile pc=0x0000000002a81f24 method=com.android.dx.ssa.SCCP.setLatticeValueTo(IILcom/android/dx/rop/cst/Constant;)Z @ 43
Event: 5.990 Thread 0x000000000236d800 Uncommon trap: reason=bimorphic action=maybe_recompile pc=0x000000000275fb50 method=java.util.HashMap.getNode(ILjava/lang/Object;)Ljava/util/HashMap$Node; @ 126
Event: 5.990 Thread 0x000000000236d800 Uncommon trap: reason=class_check action=maybe_recompile pc=0x00000000029bf28c method=java.util.HashMap.putVal(ILjava/lang/Object;Ljava/lang/Object;ZZ)Ljava/lang/Object; @ 203
Event: 5.990 Thread 0x000000000236d800 Uncommon trap: reason=bimorphic action=maybe_recompile pc=0x000000000275fb50 method=java.util.HashMap.getNode(ILjava/lang/Object;)Ljava/util/HashMap$Node; @ 126
Event: 5.991 Thread 0x000000000236d800 Uncommon trap: reason=class_check action=maybe_recompile pc=0x00000000029bf28c method=java.util.HashMap.putVal(ILjava/lang/Object;Ljava/lang/Object;ZZ)Ljava/lang/Object; @ 203
Event: 5.991 Thread 0x000000000236d800 Uncommon trap: reason=bimorphic action=maybe_recompile pc=0x00000000027ba964 method=java.util.HashMap.getNode(ILjava/lang/Object;)Ljava/util/HashMap$Node; @ 126
Event: 5.991 Thread 0x000000000236d800 Uncommon trap: reason=bimorphic action=maybe_recompile pc=0x00000000027ba964 method=java.util.HashMap.getNode(ILjava/lang/Object;)Ljava/util/HashMap$Node; @ 126
Event: 5.991 Thread 0x000000000236d800 Uncommon trap: reason=bimorphic action=maybe_recompile pc=0x000000000275fb50 method=java.util.HashMap.getNode(ILjava/lang/Object;)Ljava/util/HashMap$Node; @ 126
Event: 5.991 Thread 0x000000000236d800 Uncommon trap: reason=class_check action=maybe_recompile pc=0x00000000029bf28c method=java.util.HashMap.putVal(ILjava/lang/Object;Ljava/lang/Object;ZZ)Ljava/lang/Object; @ 203

Internal exceptions (10 events):
Event: 1.765 Thread 0x000000000236d800 Exception <a 'java/security/PrivilegedActionException'> (0x00000000eadb9310) thrown at [D:\re\workspace\8-2-build-windows-amd64-cygwin\jdk8u5\2488\hotspot\src\share\vm\prims\jvm.cpp, line 1248]
Event: 1.958 Thread 0x000000000236d800 Exception <a 'java/security/PrivilegedActionException'> (0x00000000eaeca918) thrown at [D:\re\workspace\8-2-build-windows-amd64-cygwin\jdk8u5\2488\hotspot\src\share\vm\prims\jvm.cpp, line 1248]
Event: 2.286 Thread 0x000000000236d800 Exception <a 'java/security/PrivilegedActionException'> (0x00000000eac2a208) thrown at [D:\re\workspace\8-2-build-windows-amd64-cygwin\jdk8u5\2488\hotspot\src\share\vm\prims\jvm.cpp, line 1248]
Event: 2.295 Thread 0x000000000236d800 Exception <a 'java/security/PrivilegedActionException'> (0x00000000eac4ee10) thrown at [D:\re\workspace\8-2-build-windows-amd64-cygwin\jdk8u5\2488\hotspot\src\share\vm\prims\jvm.cpp, line 1248]
Event: 2.295 Thread 0x000000000236d800 Exception <a 'java/security/PrivilegedActionException'> (0x00000000eac515a0) thrown at [D:\re\workspace\8-2-build-windows-amd64-cygwin\jdk8u5\2488\hotspot\src\share\vm\prims\jvm.cpp, line 1248]
Event: 2.798 Thread 0x000000000236d800 Implicit null exception at 0x000000000288da62 to 0x000000000288db52
Event: 5.333 Thread 0x000000000236d800 Exception <a 'java/security/PrivilegedActionException'> (0x00000000eac25640) thrown at [D:\re\workspace\8-2-build-windows-amd64-cygwin\jdk8u5\2488\hotspot\src\share\vm\prims\jvm.cpp, line 1248]
Event: 5.336 Thread 0x000000000236d800 Exception <a 'java/security/PrivilegedActionException'> (0x00000000eac2f7b8) thrown at [D:\re\workspace\8-2-build-windows-amd64-cygwin\jdk8u5\2488\hotspot\src\share\vm\prims\jvm.cpp, line 1248]
Event: 5.336 Thread 0x000000000236d800 Exception <a 'java/security/PrivilegedActionException'> (0x00000000eac31de8) thrown at [D:\re\workspace\8-2-build-windows-amd64-cygwin\jdk8u5\2488\hotspot\src\share\vm\prims\jvm.cpp, line 1248]
Event: 5.945 Thread 0x000000000236d800 Exception <a 'java/security/PrivilegedActionException'> (0x00000000eaf28428) thrown at [D:\re\workspace\8-2-build-windows-amd64-cygwin\jdk8u5\2488\hotspot\src\share\vm\prims\jvm.cpp, line 1248]

Events (10 events):
Event: 5.991 Thread 0x000000000236d800 DEOPT UNPACKING pc=0x00000000025b55af sp=0x000000000246e028 mode 2
Event: 5.991 Thread 0x000000000236d800 Uncommon trap: trap_request=0xffffffc6 fr.pc=0x00000000027ba964
Event: 5.991 Thread 0x000000000236d800 DEOPT PACKING pc=0x00000000027ba964 sp=0x000000000246e0e0
Event: 5.991 Thread 0x000000000236d800 DEOPT UNPACKING pc=0x00000000025b55af sp=0x000000000246e008 mode 2
Event: 5.991 Thread 0x000000000236d800 Uncommon trap: trap_request=0xffffffc6 fr.pc=0x000000000275fb50
Event: 5.991 Thread 0x000000000236d800 DEOPT PACKING pc=0x000000000275fb50 sp=0x000000000246e080
Event: 5.991 Thread 0x000000000236d800 DEOPT UNPACKING pc=0x00000000025b55af sp=0x000000000246e008 mode 2
Event: 5.991 Thread 0x000000000236d800 Uncommon trap: trap_request=0xffffffde fr.pc=0x00000000029bf28c
Event: 5.991 Thread 0x000000000236d800 DEOPT PACKING pc=0x00000000029bf28c sp=0x000000000246e4c0
Event: 5.991 Thread 0x000000000236d800 DEOPT UNPACKING pc=0x00000000025b55af sp=0x000000000246e438 mode 2


Dynamic libraries:
0x00007ff7c80c0000 - 0x00007ff7c80f4000 	C:\Program Files\Java\jdk1.8.0_05\bin\java.exe
0x00007ffb2ad40000 - 0x00007ffb2af01000 	C:\WINDOWS\SYSTEM32\ntdll.dll
0x00007ffb2abe0000 - 0x00007ffb2ac8d000 	C:\WINDOWS\system32\KERNEL32.DLL
0x00007ffb28230000 - 0x00007ffb2840d000 	C:\WINDOWS\system32\KERNELBASE.dll
0x00007ffb2aaa0000 - 0x00007ffb2ab46000 	C:\WINDOWS\system32\ADVAPI32.dll
0x00007ffb28840000 - 0x00007ffb288dd000 	C:\WINDOWS\system32\msvcrt.dll
0x00007ffb2a970000 - 0x00007ffb2a9cb000 	C:\WINDOWS\system32\sechost.dll
0x00007ffb2a410000 - 0x00007ffb2a536000 	C:\WINDOWS\system32\RPCRT4.dll
0x00007ffb2a540000 - 0x00007ffb2a68e000 	C:\WINDOWS\system32\USER32.dll
0x00007ffb2a690000 - 0x00007ffb2a816000 	C:\WINDOWS\system32\GDI32.dll
0x00007ffb1dee0000 - 0x00007ffb1e154000 	C:\WINDOWS\WinSxS\amd64_microsoft.windows.common-controls_6595b64144ccf1df_6.0.10240.16384_none_f41f7b285750ef43\COMCTL32.dll
0x00007ffb2ad00000 - 0x00007ffb2ad36000 	C:\WINDOWS\system32\IMM32.DLL
0x00007ffb2a160000 - 0x00007ffb2a2bc000 	C:\WINDOWS\system32\MSCTF.dll
0x0000000061f60000 - 0x0000000062032000 	C:\Program Files\Java\jdk1.8.0_05\jre\bin\msvcr100.dll
0x00000000623e0000 - 0x0000000062c0a000 	C:\Program Files\Java\jdk1.8.0_05\jre\bin\server\jvm.dll
0x00007ffb2a400000 - 0x00007ffb2a408000 	C:\WINDOWS\system32\PSAPI.DLL
0x00007ffb25790000 - 0x00007ffb25799000 	C:\WINDOWS\SYSTEM32\WSOCK32.dll
0x00007ffb2ab50000 - 0x00007ffb2abb9000 	C:\WINDOWS\system32\WS2_32.dll
0x00007ffb2a9d0000 - 0x00007ffb2a9d8000 	C:\WINDOWS\system32\NSI.dll
0x00007ffb25860000 - 0x00007ffb25883000 	C:\WINDOWS\SYSTEM32\WINMM.dll
0x00007ffb25800000 - 0x00007ffb2582c000 	C:\WINDOWS\SYSTEM32\WINMMBASE.dll
0x00007ffb27af0000 - 0x00007ffb27b34000 	C:\WINDOWS\system32\cfgmgr32.dll
0x00007ffb260e0000 - 0x00007ffb26107000 	C:\WINDOWS\SYSTEM32\DEVOBJ.dll
0x00000000623d0000 - 0x00000000623df000 	C:\Program Files\Java\jdk1.8.0_05\jre\bin\verify.dll
0x00000000623a0000 - 0x00000000623c8000 	C:\Program Files\Java\jdk1.8.0_05\jre\bin\java.dll
0x0000000062380000 - 0x0000000062396000 	C:\Program Files\Java\jdk1.8.0_05\jre\bin\zip.dll
0x00007ffb28c30000 - 0x00007ffb2a152000 	C:\WINDOWS\system32\SHELL32.dll
0x00007ffb27c00000 - 0x00007ffb28229000 	C:\WINDOWS\system32\windows.storage.dll
0x00007ffb288e0000 - 0x00007ffb28b5c000 	C:\WINDOWS\system32\combase.dll
0x00007ffb2a3a0000 - 0x00007ffb2a3f1000 	C:\WINDOWS\system32\shlwapi.dll
0x00007ffb27770000 - 0x00007ffb2777f000 	C:\WINDOWS\system32\kernel.appcore.dll
0x00007ffb27b40000 - 0x00007ffb27bf3000 	C:\WINDOWS\system32\shcore.dll
0x00007ffb277c0000 - 0x00007ffb2780a000 	C:\WINDOWS\system32\powrprof.dll
0x00007ffb27780000 - 0x00007ffb27793000 	C:\WINDOWS\system32\profapi.dll
0x00007ffb07da0000 - 0x00007ffb07f2a000 	C:\WINDOWS\SYSTEM32\dbghelp.dll

VM Arguments:
jvm_args: -Xmx1024M -Dfile.encoding=windows-1252 -Duser.country=BR -Duser.language=pt -Duser.variant 
java_command: com.android.dx.command.Main --dex --output E:\GitHub\FitCook\app\build\intermediates\pre-dexed\release\okio-1.5.0-389f397ca33eb28754689d591e9431f8cd8bfc49.jar C:\Users\Aires\.gradle\caches\modules-2\files-2.1\com.squareup.okio\okio\1.5.0\bb7d4d96e780e8ef4f275c7d8dd3ef2883ddf99a\okio-1.5.0.jar
java_class_path (initial): C:\Program Files (x86)\Android\android-sdk\build-tools\22.0.1\lib\dx.jar
Launcher Type: SUN_STANDARD

Environment Variables:
JAVA_HOME=C:\Program Files\Java\jdk1.8.0_05
PATH=C:\Program Files (x86)\Intel\iCLS Client\;C:\Program Files\Intel\iCLS Client\;C:\WINDOWS\system32;C:\WINDOWS;C:\WINDOWS\System32\Wbem;C:\WINDOWS\System32\WindowsPowerShell\v1.0\;C:\Program Files (x86)\Windows Live\Shared;C:\Program Files (x86)\Intel\OpenCL SDK\2.0\bin\x86;C:\Program Files (x86)\Intel\OpenCL SDK\2.0\bin\x64;C:\Program Files\Intel\Intel(R) Management Engine Components\DAL;C:\Program Files\Intel\Intel(R) Management Engine Components\IPT;C:\Program Files (x86)\Intel\Intel(R) Management Engine Components\DAL;C:\Program Files (x86)\Intel\Intel(R) Management Engine Components\IPT;C:\Program Files\Java\jdk1.8.0_05/bin;C:\Program Files (x86)\Android\android-sdk\platform-tools;C:\Program Files (x86)\Git\cmd;C:\Program Files (x86)\Windows Kits\8.1\Windows Performance Toolkit\;C:\Program Files\Microsoft SQL Server\110\Tools\Binn\;C:\Program Files (x86)\Microsoft SDKs\TypeScript\1.0\;C:\Program Files\Microsoft SQL Server\120\Tools\Binn\;C:\Program Files (x86)\nodejs\;C:\Program Files\Google\Cloud SDK\google-cloud-sdk\bin;C:\Program Files (x86)\Skype\Phone\;C:\Ruby21\bin;C:\Users\Aires\AppData\Roaming\npm
USERNAME=Aires
OS=Windows_NT
PROCESSOR_IDENTIFIER=Intel64 Family 6 Model 58 Stepping 9, GenuineIntel



---------------  S Y S T E M  ---------------

OS: Windows 8.1 , 64 bit Build 9600 

CPU:total 4 (2 cores per cpu, 2 threads per core) family 6 model 58 stepping 9, cmov, cx8, fxsr, mmx, sse, sse2, sse3, ssse3, sse4.1, sse4.2, popcnt, avx, clmul, erms, ht, tsc, tscinvbit

Memory: 4k page, physical 8282396k(1181756k free), swap 8282396k(9944k free)

vm_info: Java HotSpot(TM) 64-Bit Server VM (25.5-b02) for windows-amd64 JRE (1.8.0_05-b13), built on Mar 18 2014 01:08:39 by "java_re" with MS VC++ 10.0 (VS2010)

time: Wed Aug 26 11:40:25 2015
elapsed time: 7 seconds

