#
# There is insufficient memory for the Java Runtime Environment to continue.
# Native memory allocation (malloc) failed to allocate 67108880 bytes for Chunk::new
# Possible reasons:
#   The system is out of physical RAM or swap space
#   In 32 bit mode, the process size limit was hit
# Possible solutions:
#   Reduce memory load on the system
#   Increase physical memory or swap space
#   Check if swap backing store is full
#   Use 64 bit Java on a 64 bit OS
#   Decrease Java heap size (-Xmx/-Xms)
#   Decrease number of Java threads
#   Decrease Java thread stack sizes (-Xss)
#   Set larger code cache with -XX:ReservedCodeCacheSize=
# This output file may be truncated or incomplete.
#
#  Out of Memory Error (allocation.cpp:388), pid=6648, tid=2540
#
# JRE version: Java(TM) SE Runtime Environment (8.0_05-b13) (build 1.8.0_05-b13)
# Java VM: Java HotSpot(TM) 64-Bit Server VM (25.5-b02 mixed mode windows-amd64 compressed oops)
# Failed to write core dump. Minidumps are not enabled by default on client versions of Windows
#

---------------  T H R E A D  ---------------

Current thread (0x00000000150db800):  JavaThread "C2 CompilerThread0" daemon [_thread_in_native, id=2540, stack(0x0000000016650000,0x0000000016750000)]

Stack: [0x0000000016650000,0x0000000016750000]
Native frames: (J=compiled Java code, j=interpreted, Vv=VM code, C=native code)
V  [jvm.dll+0x308dea]
V  [jvm.dll+0x25def1]
V  [jvm.dll+0x25eb0f]
V  [jvm.dll+0x2564e5]
V  [jvm.dll+0xbcfc5]
V  [jvm.dll+0xbd45c]
V  [jvm.dll+0x44e048]
V  [jvm.dll+0x44ef20]
V  [jvm.dll+0x44f1da]
V  [jvm.dll+0x4500bf]
V  [jvm.dll+0x452171]
V  [jvm.dll+0x4545a5]
V  [jvm.dll+0x454f2c]
V  [jvm.dll+0x455273]
V  [jvm.dll+0x4420c3]
V  [jvm.dll+0x44366b]
V  [jvm.dll+0x427532]
V  [jvm.dll+0x96702]
V  [jvm.dll+0x96ef3]
V  [jvm.dll+0x2232c4]
V  [jvm.dll+0x27baca]
C  [msvcr100.dll+0x21d9f]
C  [msvcr100.dll+0x21e3b]
C  [KERNEL32.DLL+0x12d92]
C  [ntdll.dll+0x9f64]


Current CompileTask:
C2:  29867 1762   !   4       com.android.dx.cf.code.Ropper::processBlock (1101 bytes)


---------------  P R O C E S S  ---------------

Java Threads: ( => current thread )
  0x000000001513d000 JavaThread "Service Thread" daemon [_thread_blocked, id=8972, stack(0x0000000016d50000,0x0000000016e50000)]
  0x0000000015133000 JavaThread "C1 CompilerThread2" daemon [_thread_blocked, id=6000, stack(0x0000000016850000,0x0000000016950000)]
  0x000000001512d000 JavaThread "C2 CompilerThread1" daemon [_thread_in_native, id=7616, stack(0x0000000016750000,0x0000000016850000)]
=>0x00000000150db800 JavaThread "C2 CompilerThread0" daemon [_thread_in_native, id=2540, stack(0x0000000016650000,0x0000000016750000)]
  0x00000000150da000 JavaThread "Attach Listener" daemon [_thread_blocked, id=9056, stack(0x0000000016550000,0x0000000016650000)]
  0x00000000150d9000 JavaThread "Signal Dispatcher" daemon [_thread_blocked, id=7148, stack(0x0000000016450000,0x0000000016550000)]
  0x0000000002a05000 JavaThread "Finalizer" daemon [_thread_blocked, id=6468, stack(0x0000000016350000,0x0000000016450000)]
  0x00000000029f9000 JavaThread "Reference Handler" daemon [_thread_blocked, id=9108, stack(0x0000000016250000,0x0000000016350000)]
  0x000000000280d800 JavaThread "main" [_thread_in_Java, id=8960, stack(0x0000000002630000,0x0000000002730000)]

Other Threads:
  0x00000000150a5000 VMThread [stack: 0x0000000016150000,0x0000000016250000] [id=8240]
  0x0000000016952000 WatcherThread [stack: 0x0000000016e50000,0x0000000016f50000] [id=5200]

VM state:not at safepoint (normal execution)

VM Mutex/Monitor currently owned by a thread: None

Heap:
 PSYoungGen      total 114688K, used 49619K [0x00000000eab00000, 0x00000000f2b80000, 0x0000000100000000)
  eden space 100864K, 38% used [0x00000000eab00000,0x00000000ed10f388,0x00000000f0d80000)
  from space 13824K, 77% used [0x00000000f1c00000,0x00000000f2665a58,0x00000000f2980000)
  to   space 14848K, 0% used [0x00000000f0d80000,0x00000000f0d80000,0x00000000f1c00000)
 ParOldGen       total 129536K, used 52492K [0x00000000c0000000, 0x00000000c7e80000, 0x00000000eab00000)
  object space 129536K, 40% used [0x00000000c0000000,0x00000000c3343260,0x00000000c7e80000)
 Metaspace       used 6382K, capacity 7352K, committed 7680K, reserved 1056768K
  class space    used 626K, capacity 688K, committed 768K, reserved 1048576K

Card table byte_map: [0x0000000011dd0000,0x0000000011fe0000] byte_map_base: 0x00000000117d0000

Marking Bits: (ParMarkBitMap*) 0x0000000060db13b0
 Begin Bits: [0x0000000012540000, 0x0000000013540000)
 End Bits:   [0x0000000013540000, 0x0000000014540000)

Polling page: 0x0000000000fe0000

CodeCache: size=245760Kb used=11086Kb max_used=11091Kb free=234673Kb
 bounds [0x0000000002a10000, 0x00000000034f0000, 0x0000000011a10000]
 total_blobs=2784 nmethods=2518 adapters=179
 compilation: enabled

Compilation events (10 events):
Event: 29.725 Thread 0x000000001512d000 nmethod 2631 0x00000000034e5190 code [0x00000000034e5300, 0x00000000034e57c8]
Event: 29.725 Thread 0x000000001512d000 2645       4       com.android.dex.Leb128::writeUnsignedLeb128 (46 bytes)
Event: 29.748 Thread 0x000000001512d000 nmethod 2645 0x00000000034e69d0 code [0x00000000034e6b60, 0x00000000034e7298]
Event: 29.748 Thread 0x000000001512d000 2635       4       com.android.dx.dex.code.LocalList$Entry::getRegister (8 bytes)
Event: 29.749 Thread 0x000000001512d000 nmethod 2635 0x00000000033a3950 code [0x00000000033a3a80, 0x00000000033a3af8]
Event: 29.749 Thread 0x000000001512d000 2626       4       com.android.dx.util.ByteArrayAnnotatedOutput::ensureCapacity (39 bytes)
Event: 29.753 Thread 0x000000001512d000 nmethod 2626 0x00000000034eb450 code [0x00000000034eb5a0, 0x00000000034eb7f8]
Event: 29.753 Thread 0x000000001512d000 2644       4       com.android.dx.dex.code.DalvCode::finishProcessingIfNecessary (69 bytes)
Event: 29.818 Thread 0x0000000015133000 2652       3       com.android.dx.dex.file.DebugInfoEncoder::emitLocalStartExtended (103 bytes)
Event: 29.820 Thread 0x0000000015133000 nmethod 2652 0x00000000034ed290 code [0x00000000034ed520, 0x00000000034ee5b8]

GC Heap History (10 events):
Event: 17.951 GC heap before
{Heap before GC invocations=16 (full 0):
 PSYoungGen      total 37888K, used 37888K [0x00000000eab00000, 0x00000000eec00000, 0x0000000100000000)
  eden space 33280K, 100% used [0x00000000eab00000,0x00000000ecb80000,0x00000000ecb80000)
  from space 4608K, 100% used [0x00000000ecb80000,0x00000000ed000000,0x00000000ed000000)
  to   space 6656K, 0% used [0x00000000ee580000,0x00000000ee580000,0x00000000eec00000)
 ParOldGen       total 129536K, used 17280K [0x00000000c0000000, 0x00000000c7e80000, 0x00000000eab00000)
  object space 129536K, 13% used [0x00000000c0000000,0x00000000c10e01e8,0x00000000c7e80000)
 Metaspace       used 5871K, capacity 6960K, committed 7040K, reserved 1056768K
  class space    used 585K, capacity 616K, committed 640K, reserved 1048576K
Event: 18.074 GC heap after
Heap after GC invocations=16 (full 0):
 PSYoungGen      total 58880K, used 5458K [0x00000000eab00000, 0x00000000eee00000, 0x0000000100000000)
  eden space 52224K, 0% used [0x00000000eab00000,0x00000000eab00000,0x00000000ede00000)
  from space 6656K, 82% used [0x00000000ee580000,0x00000000eead4bb0,0x00000000eec00000)
  to   space 7680K, 0% used [0x00000000ede00000,0x00000000ede00000,0x00000000ee580000)
 ParOldGen       total 129536K, used 21542K [0x00000000c0000000, 0x00000000c7e80000, 0x00000000eab00000)
  object space 129536K, 16% used [0x00000000c0000000,0x00000000c1509ae0,0x00000000c7e80000)
 Metaspace       used 5871K, capacity 6960K, committed 7040K, reserved 1056768K
  class space    used 585K, capacity 616K, committed 640K, reserved 1048576K
}
Event: 19.489 GC heap before
{Heap before GC invocations=17 (full 0):
 PSYoungGen      total 58880K, used 57682K [0x00000000eab00000, 0x00000000eee00000, 0x0000000100000000)
  eden space 52224K, 100% used [0x00000000eab00000,0x00000000ede00000,0x00000000ede00000)
  from space 6656K, 82% used [0x00000000ee580000,0x00000000eead4bb0,0x00000000eec00000)
  to   space 7680K, 0% used [0x00000000ede00000,0x00000000ede00000,0x00000000ee580000)
 ParOldGen       total 129536K, used 21542K [0x00000000c0000000, 0x00000000c7e80000, 0x00000000eab00000)
  object space 129536K, 16% used [0x00000000c0000000,0x00000000c1509ae0,0x00000000c7e80000)
 Metaspace       used 6007K, capacity 7026K, committed 7296K, reserved 1056768K
  class space    used 604K, capacity 618K, committed 640K, reserved 1048576K
Event: 19.649 GC heap after
Heap after GC invocations=17 (full 0):
 PSYoungGen      total 59904K, used 7679K [0x00000000eab00000, 0x00000000f0880000, 0x0000000100000000)
  eden space 52224K, 0% used [0x00000000eab00000,0x00000000eab00000,0x00000000ede00000)
  from space 7680K, 99% used [0x00000000ede00000,0x00000000ee57fd48,0x00000000ee580000)
  to   space 11264K, 0% used [0x00000000efd80000,0x00000000efd80000,0x00000000f0880000)
 ParOldGen       total 129536K, used 27803K [0x00000000c0000000, 0x00000000c7e80000, 0x00000000eab00000)
  object space 129536K, 21% used [0x00000000c0000000,0x00000000c1b26e00,0x00000000c7e80000)
 Metaspace       used 6007K, capacity 7026K, committed 7296K, reserved 1056768K
  class space    used 604K, capacity 618K, committed 640K, reserved 1048576K
}
Event: 21.428 GC heap before
{Heap before GC invocations=18 (full 0):
 PSYoungGen      total 59904K, used 59903K [0x00000000eab00000, 0x00000000f0880000, 0x0000000100000000)
  eden space 52224K, 100% used [0x00000000eab00000,0x00000000ede00000,0x00000000ede00000)
  from space 7680K, 99% used [0x00000000ede00000,0x00000000ee57fd48,0x00000000ee580000)
  to   space 11264K, 0% used [0x00000000efd80000,0x00000000efd80000,0x00000000f0880000)
 ParOldGen       total 129536K, used 27803K [0x00000000c0000000, 0x00000000c7e80000, 0x00000000eab00000)
  object space 129536K, 21% used [0x00000000c0000000,0x00000000c1b26e00,0x00000000c7e80000)
 Metaspace       used 6023K, capacity 7026K, committed 7296K, reserved 1056768K
  class space    used 604K, capacity 618K, committed 640K, reserved 1048576K
Event: 21.862 GC heap after
Heap after GC invocations=18 (full 0):
 PSYoungGen      total 83968K, used 7443K [0x00000000eab00000, 0x00000000f0980000, 0x0000000100000000)
  eden space 72704K, 0% used [0x00000000eab00000,0x00000000eab00000,0x00000000ef200000)
  from space 11264K, 66% used [0x00000000efd80000,0x00000000f04c4ef8,0x00000000f0880000)
  to   space 11776K, 0% used [0x00000000ef200000,0x00000000ef200000,0x00000000efd80000)
 ParOldGen       total 129536K, used 34811K [0x00000000c0000000, 0x00000000c7e80000, 0x00000000eab00000)
  object space 129536K, 26% used [0x00000000c0000000,0x00000000c21fef48,0x00000000c7e80000)
 Metaspace       used 6023K, capacity 7026K, committed 7296K, reserved 1056768K
  class space    used 604K, capacity 618K, committed 640K, reserved 1048576K
}
Event: 23.752 GC heap before
{Heap before GC invocations=19 (full 0):
 PSYoungGen      total 83968K, used 80147K [0x00000000eab00000, 0x00000000f0980000, 0x0000000100000000)
  eden space 72704K, 100% used [0x00000000eab00000,0x00000000ef200000,0x00000000ef200000)
  from space 11264K, 66% used [0x00000000efd80000,0x00000000f04c4ef8,0x00000000f0880000)
  to   space 11776K, 0% used [0x00000000ef200000,0x00000000ef200000,0x00000000efd80000)
 ParOldGen       total 129536K, used 34811K [0x00000000c0000000, 0x00000000c7e80000, 0x00000000eab00000)
  object space 129536K, 26% used [0x00000000c0000000,0x00000000c21fef48,0x00000000c7e80000)
 Metaspace       used 6032K, capacity 7026K, committed 7296K, reserved 1056768K
  class space    used 604K, capacity 618K, committed 640K, reserved 1048576K
Event: 23.884 GC heap after
Heap after GC invocations=19 (full 0):
 PSYoungGen      total 84480K, used 11525K [0x00000000eab00000, 0x00000000f2980000, 0x0000000100000000)
  eden space 72704K, 0% used [0x00000000eab00000,0x00000000eab00000,0x00000000ef200000)
  from space 11776K, 97% used [0x00000000ef200000,0x00000000efd41450,0x00000000efd80000)
  to   space 13824K, 0% used [0x00000000f1c00000,0x00000000f1c00000,0x00000000f2980000)
 ParOldGen       total 129536K, used 42010K [0x00000000c0000000, 0x00000000c7e80000, 0x00000000eab00000)
  object space 129536K, 32% used [0x00000000c0000000,0x00000000c29068f8,0x00000000c7e80000)
 Metaspace       used 6032K, capacity 7026K, committed 7296K, reserved 1056768K
  class space    used 604K, capacity 618K, committed 640K, reserved 1048576K
}
Event: 24.786 GC heap before
{Heap before GC invocations=20 (full 0):
 PSYoungGen      total 84480K, used 84229K [0x00000000eab00000, 0x00000000f2980000, 0x0000000100000000)
  eden space 72704K, 100% used [0x00000000eab00000,0x00000000ef200000,0x00000000ef200000)
  from space 11776K, 97% used [0x00000000ef200000,0x00000000efd41450,0x00000000efd80000)
  to   space 13824K, 0% used [0x00000000f1c00000,0x00000000f1c00000,0x00000000f2980000)
 ParOldGen       total 129536K, used 42010K [0x00000000c0000000, 0x00000000c7e80000, 0x00000000eab00000)
  object space 129536K, 32% used [0x00000000c0000000,0x00000000c29068f8,0x00000000c7e80000)
 Metaspace       used 6036K, capacity 7026K, committed 7296K, reserved 1056768K
  class space    used 604K, capacity 618K, committed 640K, reserved 1048576K
Event: 24.911 GC heap after
Heap after GC invocations=20 (full 0):
 PSYoungGen      total 114688K, used 10646K [0x00000000eab00000, 0x00000000f2b80000, 0x0000000100000000)
  eden space 100864K, 0% used [0x00000000eab00000,0x00000000eab00000,0x00000000f0d80000)
  from space 13824K, 77% used [0x00000000f1c00000,0x00000000f2665a58,0x00000000f2980000)
  to   space 14848K, 0% used [0x00000000f0d80000,0x00000000f0d80000,0x00000000f1c00000)
 ParOldGen       total 129536K, used 52492K [0x00000000c0000000, 0x00000000c7e80000, 0x00000000eab00000)
  object space 129536K, 40% used [0x00000000c0000000,0x00000000c3343260,0x00000000c7e80000)
 Metaspace       used 6036K, capacity 7026K, committed 7296K, reserved 1056768K
  class space    used 604K, capacity 618K, committed 640K, reserved 1048576K
}

Deoptimization events (10 events):
Event: 25.130 Thread 0x000000000280d800 Uncommon trap: reason=class_check action=maybe_recompile pc=0x0000000002eadce4 method=java.util.Arrays.hashCode([Ljava/lang/Object;)I @ 43
Event: 25.130 Thread 0x000000000280d800 Uncommon trap: reason=class_check action=maybe_recompile pc=0x0000000002eadce4 method=java.util.Arrays.hashCode([Ljava/lang/Object;)I @ 43
Event: 25.130 Thread 0x000000000280d800 Uncommon trap: reason=class_check action=maybe_recompile pc=0x0000000002eadce4 method=java.util.Arrays.hashCode([Ljava/lang/Object;)I @ 43
Event: 25.131 Thread 0x000000000280d800 Uncommon trap: reason=class_check action=maybe_recompile pc=0x0000000002eadce4 method=java.util.Arrays.hashCode([Ljava/lang/Object;)I @ 43
Event: 25.131 Thread 0x000000000280d800 Uncommon trap: reason=class_check action=maybe_recompile pc=0x0000000002eae2c8 method=java.util.Arrays.hashCode([Ljava/lang/Object;)I @ 43
Event: 27.924 Thread 0x000000000280d800 Uncommon trap: reason=bimorphic action=maybe_recompile pc=0x0000000003447cb4 method=com.android.dx.dex.code.OutputFinisher.calculateReservedCount([Lcom/android/dx/dex/code/Dop;)I @ 72
Event: 27.924 Thread 0x000000000280d800 Uncommon trap: reason=bimorphic action=maybe_recompile pc=0x0000000003447cb4 method=com.android.dx.dex.code.OutputFinisher.calculateReservedCount([Lcom/android/dx/dex/code/Dop;)I @ 72
Event: 27.925 Thread 0x000000000280d800 Uncommon trap: reason=bimorphic action=maybe_recompile pc=0x0000000003447cb4 method=com.android.dx.dex.code.OutputFinisher.calculateReservedCount([Lcom/android/dx/dex/code/Dop;)I @ 72
Event: 27.925 Thread 0x000000000280d800 Uncommon trap: reason=bimorphic action=maybe_recompile pc=0x0000000003447cb4 method=com.android.dx.dex.code.OutputFinisher.calculateReservedCount([Lcom/android/dx/dex/code/Dop;)I @ 72
Event: 29.806 Thread 0x000000000280d800 Uncommon trap: reason=predicate action=maybe_recompile pc=0x00000000034e9c8c method=java.util.TimSort.countRunAndMakeAscending([Ljava/lang/Object;IILjava/util/Comparator;)I @ 98

Internal exceptions (10 events):
Event: 26.793 Thread 0x000000000280d800 Exception <a 'java/security/PrivilegedActionException'> (0x00000000ebefe418) thrown at [D:\re\workspace\8-2-build-windows-amd64-cygwin\jdk8u5\2488\hotspot\src\share\vm\prims\jvm.cpp, line 1248]
Event: 26.794 Thread 0x000000000280d800 Exception <a 'java/security/PrivilegedActionException'> (0x00000000ebf03450) thrown at [D:\re\workspace\8-2-build-windows-amd64-cygwin\jdk8u5\2488\hotspot\src\share\vm\prims\jvm.cpp, line 1248]
Event: 26.795 Thread 0x000000000280d800 Exception <a 'java/security/PrivilegedActionException'> (0x00000000ebf07d30) thrown at [D:\re\workspace\8-2-build-windows-amd64-cygwin\jdk8u5\2488\hotspot\src\share\vm\prims\jvm.cpp, line 1248]
Event: 27.094 Thread 0x000000000280d800 Exception <a 'java/security/PrivilegedActionException'> (0x00000000ebf25de8) thrown at [D:\re\workspace\8-2-build-windows-amd64-cygwin\jdk8u5\2488\hotspot\src\share\vm\prims\jvm.cpp, line 1248]
Event: 27.095 Thread 0x000000000280d800 Exception <a 'java/security/PrivilegedActionException'> (0x00000000ebf29188) thrown at [D:\re\workspace\8-2-build-windows-amd64-cygwin\jdk8u5\2488\hotspot\src\share\vm\prims\jvm.cpp, line 1248]
Event: 27.096 Thread 0x000000000280d800 Exception <a 'java/security/PrivilegedActionException'> (0x00000000ebf2c890) thrown at [D:\re\workspace\8-2-build-windows-amd64-cygwin\jdk8u5\2488\hotspot\src\share\vm\prims\jvm.cpp, line 1248]
Event: 27.122 Thread 0x000000000280d800 Exception <a 'java/security/PrivilegedActionException'> (0x00000000ebf4d948) thrown at [D:\re\workspace\8-2-build-windows-amd64-cygwin\jdk8u5\2488\hotspot\src\share\vm\prims\jvm.cpp, line 1248]
Event: 29.478 Thread 0x000000000280d800 Exception <a 'java/security/PrivilegedActionException'> (0x00000000ecb14488) thrown at [D:\re\workspace\8-2-build-windows-amd64-cygwin\jdk8u5\2488\hotspot\src\share\vm\prims\jvm.cpp, line 1248]
Event: 29.481 Thread 0x000000000280d800 Exception <a 'java/security/PrivilegedActionException'> (0x00000000ecb203a8) thrown at [D:\re\workspace\8-2-build-windows-amd64-cygwin\jdk8u5\2488\hotspot\src\share\vm\prims\jvm.cpp, line 1248]
Event: 29.481 Thread 0x000000000280d800 Exception <a 'java/security/PrivilegedActionException'> (0x00000000ecb23258) thrown at [D:\re\workspace\8-2-build-windows-amd64-cygwin\jdk8u5\2488\hotspot\src\share\vm\prims\jvm.cpp, line 1248]

Events (10 events):
Event: 29.456 Thread 0x000000000280d800 DEOPT UNPACKING pc=0x0000000002a57604 sp=0x000000000272e9e8 mode 0
Event: 29.478 loading class com/android/dx/dex/file/DebugInfoEncoder
Event: 29.478 loading class com/android/dx/dex/file/DebugInfoEncoder done
Event: 29.480 loading class com/android/dx/dex/file/DebugInfoEncoder$1
Event: 29.480 loading class com/android/dx/dex/file/DebugInfoEncoder$1 done
Event: 29.481 loading class com/android/dx/dex/file/DebugInfoEncoder$2
Event: 29.481 loading class com/android/dx/dex/file/DebugInfoEncoder$2 done
Event: 29.806 Thread 0x000000000280d800 Uncommon trap: trap_request=0xffffff86 fr.pc=0x00000000034e9c8c
Event: 29.806 Thread 0x000000000280d800 DEOPT PACKING pc=0x00000000034e9c8c sp=0x000000000272ea30
Event: 29.806 Thread 0x000000000280d800 DEOPT UNPACKING pc=0x0000000002a555af sp=0x000000000272e968 mode 2


Dynamic libraries:
0x00007ff612f70000 - 0x00007ff612fa4000 	C:\Program Files\Java\jdk1.8.0_05\bin\java.exe
0x00007ff978eb0000 - 0x00007ff979071000 	C:\WINDOWS\SYSTEM32\ntdll.dll
0x00007ff9780e0000 - 0x00007ff97818d000 	C:\WINDOWS\system32\KERNEL32.DLL
0x00007ff9763a0000 - 0x00007ff97657d000 	C:\WINDOWS\system32\KERNELBASE.dll
0x00007ff9769b0000 - 0x00007ff976a56000 	C:\WINDOWS\system32\ADVAPI32.dll
0x00007ff976720000 - 0x00007ff9767bd000 	C:\WINDOWS\system32\msvcrt.dll
0x00007ff978190000 - 0x00007ff9781eb000 	C:\WINDOWS\system32\sechost.dll
0x00007ff978ad0000 - 0x00007ff978bf6000 	C:\WINDOWS\system32\RPCRT4.dll
0x00007ff978690000 - 0x00007ff9787de000 	C:\WINDOWS\system32\USER32.dll
0x00007ff976820000 - 0x00007ff9769a6000 	C:\WINDOWS\system32\GDI32.dll
0x00007ff96afc0000 - 0x00007ff96b234000 	C:\WINDOWS\WinSxS\amd64_microsoft.windows.common-controls_6595b64144ccf1df_6.0.10240.16384_none_f41f7b285750ef43\COMCTL32.dll
0x00007ff9766e0000 - 0x00007ff976716000 	C:\WINDOWS\system32\IMM32.DLL
0x00007ff976580000 - 0x00007ff9766dc000 	C:\WINDOWS\system32\MSCTF.dll
0x0000000060180000 - 0x0000000060252000 	C:\Program Files\Java\jdk1.8.0_05\jre\bin\msvcr100.dll
0x0000000060600000 - 0x0000000060e2a000 	C:\Program Files\Java\jdk1.8.0_05\jre\bin\server\jvm.dll
0x00007ff978260000 - 0x00007ff978268000 	C:\WINDOWS\system32\PSAPI.DLL
0x00007ff95a940000 - 0x00007ff95a949000 	C:\WINDOWS\SYSTEM32\WSOCK32.dll
0x00007ff978c70000 - 0x00007ff978cd9000 	C:\WINDOWS\system32\WS2_32.dll
0x00007ff9787e0000 - 0x00007ff9787e8000 	C:\WINDOWS\system32\NSI.dll
0x00007ff973ca0000 - 0x00007ff973cc3000 	C:\WINDOWS\SYSTEM32\WINMM.dll
0x00007ff973b10000 - 0x00007ff973b3c000 	C:\WINDOWS\SYSTEM32\WINMMBASE.dll
0x00007ff975c70000 - 0x00007ff975cb4000 	C:\WINDOWS\system32\cfgmgr32.dll
0x00007ff973ab0000 - 0x00007ff973ad7000 	C:\WINDOWS\SYSTEM32\DEVOBJ.dll
0x00000000605f0000 - 0x00000000605ff000 	C:\Program Files\Java\jdk1.8.0_05\jre\bin\verify.dll
0x00000000605c0000 - 0x00000000605e8000 	C:\Program Files\Java\jdk1.8.0_05\jre\bin\java.dll
0x00000000605a0000 - 0x00000000605b6000 	C:\Program Files\Java\jdk1.8.0_05\jre\bin\zip.dll
0x00007ff976a60000 - 0x00007ff977f82000 	C:\WINDOWS\system32\SHELL32.dll
0x00007ff975cc0000 - 0x00007ff9762e9000 	C:\WINDOWS\system32\windows.storage.dll
0x00007ff978850000 - 0x00007ff978acc000 	C:\WINDOWS\system32\combase.dll
0x00007ff978c10000 - 0x00007ff978c61000 	C:\WINDOWS\system32\shlwapi.dll
0x00007ff975900000 - 0x00007ff97590f000 	C:\WINDOWS\system32\kernel.appcore.dll
0x00007ff975bb0000 - 0x00007ff975c63000 	C:\WINDOWS\system32\shcore.dll
0x00007ff975930000 - 0x00007ff97597a000 	C:\WINDOWS\system32\powrprof.dll
0x00007ff9758e0000 - 0x00007ff9758f3000 	C:\WINDOWS\system32\profapi.dll
0x00007ff9723f0000 - 0x00007ff97257a000 	C:\WINDOWS\SYSTEM32\dbghelp.dll

VM Arguments:
jvm_args: -Xmx1024M -Dfile.encoding=windows-1252 -Duser.country=BR -Duser.language=pt -Duser.variant 
java_command: com.android.dx.command.Main --dex --num-threads=4 --output E:\GitHub\FitCook\app\build\intermediates\pre-dexed\debug\classes-0cd3fe62ab3eaf69c47eee490355ad8da7b99a08.jar E:\GitHub\FitCook\app\build\intermediates\exploded-aar\com.android.support\support-v4\22.2.1\jars\classes.jar
java_class_path (initial): C:\Program Files (x86)\Android\android-sdk\build-tools\23.0.0-preview\lib\dx.jar
Launcher Type: SUN_STANDARD

Environment Variables:
JAVA_HOME=C:\Program Files\Java\jdk1.8.0_05
PATH=C:\Program Files (x86)\Intel\iCLS Client\;C:\Program Files\Intel\iCLS Client\;C:\WINDOWS\system32;C:\WINDOWS;C:\WINDOWS\System32\Wbem;C:\WINDOWS\System32\WindowsPowerShell\v1.0\;C:\Program Files (x86)\Windows Live\Shared;C:\Program Files (x86)\Intel\OpenCL SDK\2.0\bin\x86;C:\Program Files (x86)\Intel\OpenCL SDK\2.0\bin\x64;C:\Program Files\Intel\Intel(R) Management Engine Components\DAL;C:\Program Files\Intel\Intel(R) Management Engine Components\IPT;C:\Program Files (x86)\Intel\Intel(R) Management Engine Components\DAL;C:\Program Files (x86)\Intel\Intel(R) Management Engine Components\IPT;C:\Program Files\Java\jdk1.8.0_05/bin;C:\Program Files (x86)\Android\android-sdk\platform-tools;C:\Program Files (x86)\Git\cmd;C:\Program Files (x86)\Skype\Phone\;C:\Program Files (x86)\Windows Kits\8.1\Windows Performance Toolkit\;C:\Program Files\Microsoft SQL Server\110\Tools\Binn\;C:\Program Files (x86)\Microsoft SDKs\TypeScript\1.0\;C:\Program Files\Microsoft SQL Server\120\Tools\Binn\;C:\Program Files (x86)\nodejs\;C:\Ruby21\bin;C:\Users\Aires\AppData\Roaming\npm
USERNAME=Aires
OS=Windows_NT
PROCESSOR_IDENTIFIER=Intel64 Family 6 Model 58 Stepping 9, GenuineIntel



---------------  S Y S T E M  ---------------

OS: Windows 8.1 , 64 bit Build 9600 

CPU:total 4 (2 cores per cpu, 2 threads per core) family 6 model 58 stepping 9, cmov, cx8, fxsr, mmx, sse, sse2, sse3, ssse3, sse4.1, sse4.2, popcnt, avx, clmul, erms, ht, tsc, tscinvbit

Memory: 4k page, physical 8282396k(1342164k free), swap 8282396k(34432k free)

vm_info: Java HotSpot(TM) 64-Bit Server VM (25.5-b02) for windows-amd64 JRE (1.8.0_05-b13), built on Mar 18 2014 01:08:39 by "java_re" with MS VC++ 10.0 (VS2010)

time: Mon Aug 17 14:28:04 2015
elapsed time: 29 seconds

