#
# There is insufficient memory for the Java Runtime Environment to continue.
# Native memory allocation (malloc) failed to allocate 65552 bytes for Chunk::new
# Possible reasons:
#   The system is out of physical RAM or swap space
#   In 32 bit mode, the process size limit was hit
# Possible solutions:
#   Reduce memory load on the system
#   Increase physical memory or swap space
#   Check if swap backing store is full
#   Use 64 bit Java on a 64 bit OS
#   Decrease Java heap size (-Xmx/-Xms)
#   Decrease number of Java threads
#   Decrease Java thread stack sizes (-Xss)
#   Set larger code cache with -XX:ReservedCodeCacheSize=
# This output file may be truncated or incomplete.
#
#  Out of Memory Error (allocation.cpp:388), pid=7604, tid=7140
#
# JRE version: Java(TM) SE Runtime Environment (8.0_05-b13) (build 1.8.0_05-b13)
# Java VM: Java HotSpot(TM) 64-Bit Server VM (25.5-b02 mixed mode windows-amd64 compressed oops)
# Failed to write core dump. Minidumps are not enabled by default on client versions of Windows
#

---------------  T H R E A D  ---------------

Current thread (0x0000000014c9e800):  JavaThread "C2 CompilerThread1" daemon [_thread_in_native, id=7140, stack(0x0000000016310000,0x0000000016410000)]

Stack: [0x0000000016310000,0x0000000016410000]
Native frames: (J=compiled Java code, j=interpreted, Vv=VM code, C=native code)
V  [jvm.dll+0x308dea]


Current CompileTask:
C2:  55863 2350       4       com.android.dx.ssa.NormalSsaInsn::accept (25 bytes)


---------------  P R O C E S S  ---------------

Java Threads: ( => current thread )
  0x00000000167a7000 JavaThread "pool-1-thread-4" [_thread_blocked, id=9172, stack(0x0000000016f10000,0x0000000017010000)]
  0x0000000016794000 JavaThread "pool-1-thread-3" [_thread_in_vm, id=1820, stack(0x0000000016e10000,0x0000000016f10000)]
  0x000000001677d000 JavaThread "pool-1-thread-2" [_thread_in_Java, id=3452, stack(0x0000000016d10000,0x0000000016e10000)]
  0x0000000016775000 JavaThread "pool-2-thread-1" [_thread_blocked, id=7644, stack(0x0000000016c10000,0x0000000016d10000)]
  0x0000000016772800 JavaThread "pool-1-thread-1" [_thread_blocked, id=4424, stack(0x0000000016b10000,0x0000000016c10000)]
  0x0000000016516000 JavaThread "Service Thread" daemon [_thread_blocked, id=7156, stack(0x0000000016910000,0x0000000016a10000)]
  0x0000000014cf3000 JavaThread "C1 CompilerThread2" daemon [_thread_blocked, id=7088, stack(0x0000000016410000,0x0000000016510000)]
=>0x0000000014c9e800 JavaThread "C2 CompilerThread1" daemon [_thread_in_native, id=7140, stack(0x0000000016310000,0x0000000016410000)]
  0x0000000014c9b800 JavaThread "C2 CompilerThread0" daemon [_thread_blocked, id=1668, stack(0x0000000016210000,0x0000000016310000)]
  0x0000000014c9a000 JavaThread "Attach Listener" daemon [_thread_blocked, id=1276, stack(0x0000000016110000,0x0000000016210000)]
  0x0000000014c99000 JavaThread "Signal Dispatcher" daemon [_thread_blocked, id=4084, stack(0x0000000016010000,0x0000000016110000)]
  0x00000000025bf800 JavaThread "Finalizer" daemon [_thread_blocked, id=4484, stack(0x0000000015f10000,0x0000000016010000)]
  0x00000000025b9000 JavaThread "Reference Handler" daemon [_thread_blocked, id=5168, stack(0x0000000015e10000,0x0000000015f10000)]
  0x00000000023cd800 JavaThread "main" [_thread_blocked, id=8260, stack(0x0000000002200000,0x0000000002300000)]

Other Threads:
  0x0000000014c65000 VMThread [stack: 0x0000000015d10000,0x0000000015e10000] [id=7260]
  0x0000000016519000 WatcherThread [stack: 0x0000000016a10000,0x0000000016b10000] [id=3708]

VM state:not at safepoint (normal execution)

VM Mutex/Monitor currently owned by a thread: None

Heap:
 PSYoungGen      total 192512K, used 53008K [0x00000000eab00000, 0x00000000fd480000, 0x0000000100000000)
  eden space 97792K, 8% used [0x00000000eab00000,0x00000000eb365988,0x00000000f0a80000)
  from space 94720K, 46% used [0x00000000f6d00000,0x00000000f985e8e8,0x00000000fc980000)
  to   space 100864K, 0% used [0x00000000f0a80000,0x00000000f0a80000,0x00000000f6d00000)
 ParOldGen       total 180224K, used 180062K [0x00000000c0000000, 0x00000000cb000000, 0x00000000eab00000)
  object space 180224K, 99% used [0x00000000c0000000,0x00000000cafd7900,0x00000000cb000000)
 Metaspace       used 5992K, capacity 6962K, committed 7040K, reserved 1056768K
  class space    used 600K, capacity 618K, committed 640K, reserved 1048576K

Card table byte_map: [0x0000000011990000,0x0000000011ba0000] byte_map_base: 0x0000000011390000

Marking Bits: (ParMarkBitMap*) 0x0000000059e813b0
 Begin Bits: [0x0000000012100000, 0x0000000013100000)
 End Bits:   [0x0000000013100000, 0x0000000014100000)

Polling page: 0x0000000000750000

CodeCache: size=245760Kb used=8690Kb max_used=10293Kb free=237069Kb
 bounds [0x00000000025d0000, 0x0000000003020000, 0x00000000115d0000]
 total_blobs=2069 nmethods=1804 adapters=178
 compilation: enabled

Compilation events (10 events):
Event: 40.375 Thread 0x0000000014cf3000 nmethod 2344 0x00000000027a6bd0 code [0x00000000027a6de0, 0x00000000027a76b8]
Event: 40.377 Thread 0x0000000014cf3000 2346       3       com.android.dx.cf.code.Simulator$SimVisitor::visitLocal (329 bytes)
Event: 40.381 Thread 0x0000000014cf3000 nmethod 2346 0x000000000298b590 code [0x000000000298b9c0, 0x000000000298dfd8]
Event: 40.392 Thread 0x0000000014c9e800 2347       4       com.android.dx.cf.code.OneLocalsArray::get (20 bytes)
Event: 40.394 Thread 0x0000000014c9e800 nmethod 2347 0x0000000002b6b6d0 code [0x0000000002b6b800, 0x0000000002b6b8b8]
Event: 40.856 Thread 0x0000000014c9b800 2348       4       com.android.dx.cf.code.Simulator$SimVisitor::visitLocal (329 bytes)
Event: 40.911 Thread 0x0000000014c9b800 nmethod 2348 0x00000000027328d0 code [0x0000000002732b00, 0x00000000027338f0]
Event: 41.387 Thread 0x0000000014c9e800 2349       4       com.android.dx.rop.code.Rops::opXor (21 bytes)
Event: 41.392 Thread 0x0000000014c9e800 nmethod 2349 0x00000000026e15d0 code [0x00000000026e1740, 0x00000000026e1908]
Event: 55.822 Thread 0x0000000014c9e800 2350       4       com.android.dx.ssa.NormalSsaInsn::accept (25 bytes)

GC Heap History (10 events):
Event: 42.452 GC heap before
{Heap before GC invocations=31 (full 3):
 PSYoungGen      total 157696K, used 99328K [0x00000000eab00000, 0x00000000f7e80000, 0x0000000100000000)
  eden space 99328K, 100% used [0x00000000eab00000,0x00000000f0c00000,0x00000000f0c00000)
  from space 58368K, 0% used [0x00000000f0c00000,0x00000000f0c00000,0x00000000f4500000)
  to   space 56320K, 0% used [0x00000000f4780000,0x00000000f4780000,0x00000000f7e80000)
 ParOldGen       total 117760K, used 74028K [0x00000000c0000000, 0x00000000c7300000, 0x00000000eab00000)
  object space 117760K, 62% used [0x00000000c0000000,0x00000000c484b3b0,0x00000000c7300000)
 Metaspace       used 5992K, capacity 6962K, committed 7040K, reserved 1056768K
  class space    used 600K, capacity 618K, committed 640K, reserved 1048576K
Event: 42.790 GC heap after
Heap after GC invocations=31 (full 3):
 PSYoungGen      total 151040K, used 54727K [0x00000000eab00000, 0x00000000f9000000, 0x0000000100000000)
  eden space 94720K, 0% used [0x00000000eab00000,0x00000000eab00000,0x00000000f0780000)
  from space 56320K, 97% used [0x00000000f4780000,0x00000000f7cf1da0,0x00000000f7e80000)
  to   space 65536K, 0% used [0x00000000f0780000,0x00000000f0780000,0x00000000f4780000)
 ParOldGen       total 117760K, used 74036K [0x00000000c0000000, 0x00000000c7300000, 0x00000000eab00000)
  object space 117760K, 62% used [0x00000000c0000000,0x00000000c484d3b0,0x00000000c7300000)
 Metaspace       used 5992K, capacity 6962K, committed 7040K, reserved 1056768K
  class space    used 600K, capacity 618K, committed 640K, reserved 1048576K
}
Event: 43.068 GC heap before
{Heap before GC invocations=32 (full 3):
 PSYoungGen      total 151040K, used 149447K [0x00000000eab00000, 0x00000000f9000000, 0x0000000100000000)
  eden space 94720K, 100% used [0x00000000eab00000,0x00000000f0780000,0x00000000f0780000)
  from space 56320K, 97% used [0x00000000f4780000,0x00000000f7cf1da0,0x00000000f7e80000)
  to   space 65536K, 0% used [0x00000000f0780000,0x00000000f0780000,0x00000000f4780000)
 ParOldGen       total 117760K, used 74036K [0x00000000c0000000, 0x00000000c7300000, 0x00000000eab00000)
  object space 117760K, 62% used [0x00000000c0000000,0x00000000c484d3b0,0x00000000c7300000)
 Metaspace       used 5992K, capacity 6962K, committed 7040K, reserved 1056768K
  class space    used 600K, capacity 618K, committed 640K, reserved 1048576K
Event: 43.640 GC heap after
Heap after GC invocations=32 (full 3):
 PSYoungGen      total 160256K, used 65522K [0x00000000eab00000, 0x00000000fc980000, 0x0000000100000000)
  eden space 94720K, 0% used [0x00000000eab00000,0x00000000eab00000,0x00000000f0780000)
  from space 65536K, 99% used [0x00000000f0780000,0x00000000f477ca00,0x00000000f4780000)
  to   space 94720K, 0% used [0x00000000f6d00000,0x00000000f6d00000,0x00000000fc980000)
 ParOldGen       total 123904K, used 122980K [0x00000000c0000000, 0x00000000c7900000, 0x00000000eab00000)
  object space 123904K, 99% used [0x00000000c0000000,0x00000000c78193b0,0x00000000c7900000)
 Metaspace       used 5992K, capacity 6962K, committed 7040K, reserved 1056768K
  class space    used 600K, capacity 618K, committed 640K, reserved 1048576K
}
Event: 43.640 GC heap before
{Heap before GC invocations=33 (full 4):
 PSYoungGen      total 160256K, used 65522K [0x00000000eab00000, 0x00000000fc980000, 0x0000000100000000)
  eden space 94720K, 0% used [0x00000000eab00000,0x00000000eab00000,0x00000000f0780000)
  from space 65536K, 99% used [0x00000000f0780000,0x00000000f477ca00,0x00000000f4780000)
  to   space 94720K, 0% used [0x00000000f6d00000,0x00000000f6d00000,0x00000000fc980000)
 ParOldGen       total 123904K, used 122980K [0x00000000c0000000, 0x00000000c7900000, 0x00000000eab00000)
  object space 123904K, 99% used [0x00000000c0000000,0x00000000c78193b0,0x00000000c7900000)
 Metaspace       used 5992K, capacity 6962K, committed 7040K, reserved 1056768K
  class space    used 600K, capacity 618K, committed 640K, reserved 1048576K
Event: 51.145 GC heap after
Heap after GC invocations=33 (full 4):
 PSYoungGen      total 160256K, used 57662K [0x00000000eab00000, 0x00000000fc980000, 0x0000000100000000)
  eden space 94720K, 0% used [0x00000000eab00000,0x00000000eab00000,0x00000000f0780000)
  from space 65536K, 87% used [0x00000000f0780000,0x00000000f3fcfa08,0x00000000f4780000)
  to   space 94720K, 0% used [0x00000000f6d00000,0x00000000f6d00000,0x00000000fc980000)
 ParOldGen       total 180224K, used 123793K [0x00000000c0000000, 0x00000000cb000000, 0x00000000eab00000)
  object space 180224K, 68% used [0x00000000c0000000,0x00000000c78e4400,0x00000000cb000000)
 Metaspace       used 5992K, capacity 6962K, committed 7040K, reserved 1056768K
  class space    used 600K, capacity 618K, committed 640K, reserved 1048576K
}
Event: 51.339 GC heap before
{Heap before GC invocations=34 (full 4):
 PSYoungGen      total 160256K, used 152382K [0x00000000eab00000, 0x00000000fc980000, 0x0000000100000000)
  eden space 94720K, 100% used [0x00000000eab00000,0x00000000f0780000,0x00000000f0780000)
  from space 65536K, 87% used [0x00000000f0780000,0x00000000f3fcfa08,0x00000000f4780000)
  to   space 94720K, 0% used [0x00000000f6d00000,0x00000000f6d00000,0x00000000fc980000)
 ParOldGen       total 180224K, used 123793K [0x00000000c0000000, 0x00000000cb000000, 0x00000000eab00000)
  object space 180224K, 68% used [0x00000000c0000000,0x00000000c78e4400,0x00000000cb000000)
 Metaspace       used 5992K, capacity 6962K, committed 7040K, reserved 1056768K
  class space    used 600K, capacity 618K, committed 640K, reserved 1048576K
Event: 52.418 GC heap after
Heap after GC invocations=34 (full 4):
 PSYoungGen      total 192512K, used 66643K [0x00000000eab00000, 0x00000000fd480000, 0x0000000100000000)
  eden space 97792K, 0% used [0x00000000eab00000,0x00000000eab00000,0x00000000f0a80000)
  from space 94720K, 70% used [0x00000000f6d00000,0x00000000fae14e48,0x00000000fc980000)
  to   space 100864K, 0% used [0x00000000f0a80000,0x00000000f0a80000,0x00000000f6d00000)
 ParOldGen       total 180224K, used 162984K [0x00000000c0000000, 0x00000000cb000000, 0x00000000eab00000)
  object space 180224K, 90% used [0x00000000c0000000,0x00000000c9f2a0f8,0x00000000cb000000)
 Metaspace       used 5992K, capacity 6962K, committed 7040K, reserved 1056768K
  class space    used 600K, capacity 618K, committed 640K, reserved 1048576K
}
Event: 52.418 GC heap before
{Heap before GC invocations=35 (full 5):
 PSYoungGen      total 192512K, used 66643K [0x00000000eab00000, 0x00000000fd480000, 0x0000000100000000)
  eden space 97792K, 0% used [0x00000000eab00000,0x00000000eab00000,0x00000000f0a80000)
  from space 94720K, 70% used [0x00000000f6d00000,0x00000000fae14e48,0x00000000fc980000)
  to   space 100864K, 0% used [0x00000000f0a80000,0x00000000f0a80000,0x00000000f6d00000)
 ParOldGen       total 180224K, used 162984K [0x00000000c0000000, 0x00000000cb000000, 0x00000000eab00000)
  object space 180224K, 90% used [0x00000000c0000000,0x00000000c9f2a0f8,0x00000000cb000000)
 Metaspace       used 5992K, capacity 6962K, committed 7040K, reserved 1056768K
  class space    used 600K, capacity 618K, committed 640K, reserved 1048576K
Event: 55.815 GC heap after
Heap after GC invocations=35 (full 5):
 PSYoungGen      total 192512K, used 44410K [0x00000000eab00000, 0x00000000fd480000, 0x0000000100000000)
  eden space 97792K, 0% used [0x00000000eab00000,0x00000000eab00000,0x00000000f0a80000)
  from space 94720K, 46% used [0x00000000f6d00000,0x00000000f985e8e8,0x00000000fc980000)
  to   space 100864K, 0% used [0x00000000f0a80000,0x00000000f0a80000,0x00000000f6d00000)
 ParOldGen       total 180224K, used 180062K [0x00000000c0000000, 0x00000000cb000000, 0x00000000eab00000)
  object space 180224K, 99% used [0x00000000c0000000,0x00000000cafd7900,0x00000000cb000000)
 Metaspace       used 5992K, capacity 6962K, committed 7040K, reserved 1056768K
  class space    used 600K, capacity 618K, committed 640K, reserved 1048576K
}

Deoptimization events (10 events):
Event: 20.423 Thread 0x000000001677d000 Uncommon trap: reason=class_check action=maybe_recompile pc=0x0000000002eafa38 method=com.android.dx.cf.code.Simulator$SimVisitor.visitConstant(IIILcom/android/dx/rop/cst/Constant;I)V @ 103
Event: 20.424 Thread 0x000000001677d000 Uncommon trap: reason=class_check action=maybe_recompile pc=0x0000000002eafa38 method=com.android.dx.cf.code.Simulator$SimVisitor.visitConstant(IIILcom/android/dx/rop/cst/Constant;I)V @ 103
Event: 20.424 Thread 0x000000001677d000 Uncommon trap: reason=class_check action=maybe_recompile pc=0x0000000002eafa38 method=com.android.dx.cf.code.Simulator$SimVisitor.visitConstant(IIILcom/android/dx/rop/cst/Constant;I)V @ 103
Event: 20.846 Thread 0x00000000023cd800 Uncommon trap: reason=class_check action=maybe_recompile pc=0x0000000002fa4890 method=com.android.dx.cf.code.Simulator$SimVisitor.visitNoArgs(IIILcom/android/dx/rop/type/Type;)V @ 1079
Event: 20.846 Thread 0x00000000023cd800 Uncommon trap: reason=class_check action=maybe_recompile pc=0x0000000002fa4890 method=com.android.dx.cf.code.Simulator$SimVisitor.visitNoArgs(IIILcom/android/dx/rop/type/Type;)V @ 1079
Event: 39.993 Thread 0x0000000016772800 Uncommon trap: reason=class_check action=maybe_recompile pc=0x0000000002ffeed8 method=com.android.dx.cf.code.Simulator$SimVisitor.visitNoArgs(IIILcom/android/dx/rop/type/Type;)V @ 841
Event: 39.993 Thread 0x0000000016772800 Uncommon trap: reason=class_check action=maybe_recompile pc=0x0000000002ffeed8 method=com.android.dx.cf.code.Simulator$SimVisitor.visitNoArgs(IIILcom/android/dx/rop/type/Type;)V @ 841
Event: 40.001 Thread 0x0000000016772800 Uncommon trap: reason=class_check action=maybe_recompile pc=0x0000000002d09740 method=com.android.dx.cf.code.RopperMachine.run(Lcom/android/dx/cf/code/Frame;II)V @ 1024
Event: 40.352 Thread 0x00000000167a7000 Uncommon trap: reason=unreached action=reinterpret pc=0x0000000002fc8cac method=com.android.dx.cf.code.Simulator$SimVisitor.visitLocal(IIIILcom/android/dx/rop/type/Type;I)V @ 162
Event: 40.352 Thread 0x00000000167a7000 Uncommon trap: reason=unreached action=reinterpret pc=0x0000000002e30838 method=com.android.dx.ssa.SsaRenamer$BlockRenamer.visitMoveInsn(Lcom/android/dx/ssa/NormalSsaInsn;)V @ 64

Internal exceptions (10 events):
Event: 3.126 Thread 0x00000000167a7000 Exception <a 'java/security/PrivilegedActionException'> (0x00000000eb29daf0) thrown at [D:\re\workspace\8-2-build-windows-amd64-cygwin\jdk8u5\2488\hotspot\src\share\vm\prims\jvm.cpp, line 1248]
Event: 3.138 Thread 0x00000000023cd800 Exception <a 'java/security/PrivilegedActionException'> (0x00000000eb0f78b0) thrown at [D:\re\workspace\8-2-build-windows-amd64-cygwin\jdk8u5\2488\hotspot\src\share\vm\prims\jvm.cpp, line 1248]
Event: 4.335 Thread 0x00000000023cd800 Exception <a 'java/security/PrivilegedActionException'> (0x00000000eb9699d0) thrown at [D:\re\workspace\8-2-build-windows-amd64-cygwin\jdk8u5\2488\hotspot\src\share\vm\prims\jvm.cpp, line 1248]
Event: 9.501 Thread 0x000000001677d000 Exception <a 'java/lang/ArrayIndexOutOfBoundsException': 18> (0x00000000ec520840) thrown at [D:\re\workspace\8-2-build-windows-amd64-cygwin\jdk8u5\2488\hotspot\src\share\vm\interpreter\interpreterRuntime.cpp, line 337]
Event: 9.502 Thread 0x000000001677d000 Exception <a 'java/lang/ArrayIndexOutOfBoundsException'> (0x00000000ec5222d8) thrown at [D:\re\workspace\8-2-build-windows-amd64-cygwin\jdk8u5\2488\hotspot\src\share\vm\runtime\sharedRuntime.cpp, line 595]
Event: 9.503 Thread 0x000000001677d000 Exception <a 'java/lang/ArrayIndexOutOfBoundsException'> (0x00000000ec5234f0) thrown at [D:\re\workspace\8-2-build-windows-amd64-cygwin\jdk8u5\2488\hotspot\src\share\vm\runtime\sharedRuntime.cpp, line 595]
Event: 13.509 Thread 0x0000000016794000 Exception <a 'java/security/PrivilegedActionException'> (0x00000000eb9277d0) thrown at [D:\re\workspace\8-2-build-windows-amd64-cygwin\jdk8u5\2488\hotspot\src\share\vm\prims\jvm.cpp, line 1248]
Event: 17.480 Thread 0x00000000023cd800 Exception <a 'java/security/PrivilegedActionException'> (0x00000000ed10c198) thrown at [D:\re\workspace\8-2-build-windows-amd64-cygwin\jdk8u5\2488\hotspot\src\share\vm\prims\jvm.cpp, line 1248]
Event: 17.716 Thread 0x00000000023cd800 Exception <a 'java/security/PrivilegedActionException'> (0x00000000ed23efa8) thrown at [D:\re\workspace\8-2-build-windows-amd64-cygwin\jdk8u5\2488\hotspot\src\share\vm\prims\jvm.cpp, line 1248]
Event: 17.784 Thread 0x00000000023cd800 Exception <a 'java/security/PrivilegedActionException'> (0x00000000ed2b3e98) thrown at [D:\re\workspace\8-2-build-windows-amd64-cygwin\jdk8u5\2488\hotspot\src\share\vm\prims\jvm.cpp, line 1248]

Events (10 events):
Event: 40.352 Thread 0x00000000167a7000 DEOPT UNPACKING pc=0x00000000026155af sp=0x000000001700eb10 mode 2
Event: 40.352 Thread 0x00000000167a7000 Uncommon trap: trap_request=0xffffffad fr.pc=0x0000000002e30838
Event: 40.353 Thread 0x00000000167a7000 DEOPT PACKING pc=0x0000000002e30838 sp=0x000000001700ebe0
Event: 40.353 Thread 0x00000000167a7000 DEOPT UNPACKING pc=0x00000000026155af sp=0x000000001700eb28 mode 2
Event: 42.451 Executing VM operation: ParallelGCFailedAllocation
Event: 42.791 Executing VM operation: ParallelGCFailedAllocation done
Event: 42.860 Executing VM operation: ParallelGCFailedAllocation
Event: 51.145 Executing VM operation: ParallelGCFailedAllocation done
Event: 51.281 Executing VM operation: ParallelGCFailedAllocation
Event: 55.815 Executing VM operation: ParallelGCFailedAllocation done


Dynamic libraries:
0x00007ff7294c0000 - 0x00007ff7294f4000 	C:\Program Files\Java\jdk1.8.0_05\bin\java.exe
0x00007ffc067a0000 - 0x00007ffc06961000 	C:\WINDOWS\SYSTEM32\ntdll.dll
0x00007ffc066f0000 - 0x00007ffc0679d000 	C:\WINDOWS\system32\KERNEL32.DLL
0x00007ffc03270000 - 0x00007ffc0344d000 	C:\WINDOWS\system32\KERNELBASE.dll
0x00007ffc05de0000 - 0x00007ffc05e86000 	C:\WINDOWS\system32\ADVAPI32.dll
0x00007ffc03e70000 - 0x00007ffc03f0d000 	C:\WINDOWS\system32\msvcrt.dll
0x00007ffc05e90000 - 0x00007ffc05eeb000 	C:\WINDOWS\system32\sechost.dll
0x00007ffc065c0000 - 0x00007ffc066e6000 	C:\WINDOWS\system32\RPCRT4.dll
0x00007ffc06230000 - 0x00007ffc0637e000 	C:\WINDOWS\system32\USER32.dll
0x00007ffc05ef0000 - 0x00007ffc06076000 	C:\WINDOWS\system32\GDI32.dll
0x00007ffbf99d0000 - 0x00007ffbf9c44000 	C:\WINDOWS\WinSxS\amd64_microsoft.windows.common-controls_6595b64144ccf1df_6.0.10240.16384_none_f41f7b285750ef43\COMCTL32.dll
0x00007ffc05af0000 - 0x00007ffc05b26000 	C:\WINDOWS\system32\IMM32.DLL
0x00007ffc06460000 - 0x00007ffc065bc000 	C:\WINDOWS\system32\MSCTF.dll
0x0000000059250000 - 0x0000000059322000 	C:\Program Files\Java\jdk1.8.0_05\jre\bin\msvcr100.dll
0x00000000596d0000 - 0x0000000059efa000 	C:\Program Files\Java\jdk1.8.0_05\jre\bin\server\jvm.dll
0x00007ffc04190000 - 0x00007ffc04198000 	C:\WINDOWS\system32\PSAPI.DLL
0x00007ffc01470000 - 0x00007ffc01479000 	C:\WINDOWS\SYSTEM32\WSOCK32.dll
0x00007ffc04420000 - 0x00007ffc04489000 	C:\WINDOWS\system32\WS2_32.dll
0x00007ffc05dd0000 - 0x00007ffc05dd8000 	C:\WINDOWS\system32\NSI.dll
0x00007ffc01550000 - 0x00007ffc01573000 	C:\WINDOWS\SYSTEM32\WINMM.dll
0x00007ffc01520000 - 0x00007ffc0154c000 	C:\WINDOWS\SYSTEM32\WINMMBASE.dll
0x00007ffc03450000 - 0x00007ffc03494000 	C:\WINDOWS\system32\cfgmgr32.dll
0x00007ffc01490000 - 0x00007ffc014b7000 	C:\WINDOWS\SYSTEM32\DEVOBJ.dll
0x00000000596c0000 - 0x00000000596cf000 	C:\Program Files\Java\jdk1.8.0_05\jre\bin\verify.dll
0x0000000059690000 - 0x00000000596b8000 	C:\Program Files\Java\jdk1.8.0_05\jre\bin\java.dll
0x0000000059670000 - 0x0000000059686000 	C:\Program Files\Java\jdk1.8.0_05\jre\bin\zip.dll
0x00007ffc04560000 - 0x00007ffc05a81000 	C:\WINDOWS\system32\SHELL32.dll
0x00007ffc035b0000 - 0x00007ffc03bd9000 	C:\WINDOWS\system32\windows.storage.dll
0x00007ffc041a0000 - 0x00007ffc0441c000 	C:\WINDOWS\system32\combase.dll
0x00007ffc04500000 - 0x00007ffc04551000 	C:\WINDOWS\system32\shlwapi.dll
0x00007ffc03240000 - 0x00007ffc0324f000 	C:\WINDOWS\system32\kernel.appcore.dll
0x00007ffc03db0000 - 0x00007ffc03e63000 	C:\WINDOWS\system32\shcore.dll
0x00007ffc031d0000 - 0x00007ffc0321a000 	C:\WINDOWS\system32\powrprof.dll
0x00007ffc03250000 - 0x00007ffc03263000 	C:\WINDOWS\system32\profapi.dll

VM Arguments:
jvm_args: -Xmx1024M -Dfile.encoding=windows-1252 -Duser.country=BR -Duser.language=pt -Duser.variant 
java_command: com.android.dx.command.Main --dex --num-threads=4 --output E:\GitHub\FitCook\app\build\intermediates\pre-dexed\debug\classes-9032a26c93add31dab6fd669133c6242d7ad36f9.jar E:\GitHub\FitCook\app\build\intermediates\exploded-aar\com.google.android.gms\play-services-analytics\7.5.0\jars\classes.jar
java_class_path (initial): C:\Program Files (x86)\Android\android-sdk\build-tools\23.0.0_rc2\lib\dx.jar
Launcher Type: SUN_STANDARD

Environment Variables:
JAVA_HOME=C:\Program Files\Java\jdk1.8.0_05
PATH=C:\Program Files (x86)\Intel\iCLS Client\;C:\Program Files\Intel\iCLS Client\;C:\WINDOWS\system32;C:\WINDOWS;C:\WINDOWS\System32\Wbem;C:\WINDOWS\System32\WindowsPowerShell\v1.0\;C:\Program Files (x86)\Windows Live\Shared;C:\Program Files (x86)\Intel\OpenCL SDK\2.0\bin\x86;C:\Program Files (x86)\Intel\OpenCL SDK\2.0\bin\x64;C:\Program Files\Intel\Intel(R) Management Engine Components\DAL;C:\Program Files\Intel\Intel(R) Management Engine Components\IPT;C:\Program Files (x86)\Intel\Intel(R) Management Engine Components\DAL;C:\Program Files (x86)\Intel\Intel(R) Management Engine Components\IPT;C:\Program Files\Java\jdk1.8.0_05/bin;C:\Program Files (x86)\Android\android-sdk\platform-tools;C:\Program Files (x86)\Git\cmd;C:\Program Files (x86)\Skype\Phone\;C:\Program Files (x86)\Windows Kits\8.1\Windows Performance Toolkit\;C:\Program Files\Microsoft SQL Server\110\Tools\Binn\;C:\Program Files (x86)\Microsoft SDKs\TypeScript\1.0\;C:\Program Files\Microsoft SQL Server\120\Tools\Binn\;C:\Program Files (x86)\nodejs\;C:\Ruby21\bin;C:\Users\Aires\AppData\Roaming\npm
USERNAME=Aires
OS=Windows_NT
PROCESSOR_IDENTIFIER=Intel64 Family 6 Model 58 Stepping 9, GenuineIntel



---------------  S Y S T E M  ---------------

OS: Windows 8.1 , 64 bit Build 9600 

CPU:total 4 (2 cores per cpu, 2 threads per core) family 6 model 58 stepping 9, cmov, cx8, fxsr, mmx, sse, sse2, sse3, ssse3, sse4.1, sse4.2, popcnt, avx, clmul, erms, ht, tsc, tscinvbit

Memory: 4k page, physical 8282396k(1307924k free), swap 8282396k(4488k free)

vm_info: Java HotSpot(TM) 64-Bit Server VM (25.5-b02) for windows-amd64 JRE (1.8.0_05-b13), built on Mar 18 2014 01:08:39 by "java_re" with MS VC++ 10.0 (VS2010)

time: Tue Aug 11 00:16:42 2015
elapsed time: 55 seconds

