#
# There is insufficient memory for the Java Runtime Environment to continue.
# Native memory allocation (malloc) failed to allocate 1451216 bytes for Chunk::new
# Possible reasons:
#   The system is out of physical RAM or swap space
#   In 32 bit mode, the process size limit was hit
# Possible solutions:
#   Reduce memory load on the system
#   Increase physical memory or swap space
#   Check if swap backing store is full
#   Use 64 bit Java on a 64 bit OS
#   Decrease Java heap size (-Xmx/-Xms)
#   Decrease number of Java threads
#   Decrease Java thread stack sizes (-Xss)
#   Set larger code cache with -XX:ReservedCodeCacheSize=
# This output file may be truncated or incomplete.
#
#  Out of Memory Error (allocation.cpp:388), pid=8528, tid=5224
#
# JRE version: Java(TM) SE Runtime Environment (8.0_05-b13) (build 1.8.0_05-b13)
# Java VM: Java HotSpot(TM) 64-Bit Server VM (25.5-b02 mixed mode windows-amd64 compressed oops)
# Failed to write core dump. Minidumps are not enabled by default on client versions of Windows
#

---------------  T H R E A D  ---------------

Current thread (0x00000000153ae800):  JavaThread "C2 CompilerThread1" daemon [_thread_in_native, id=5224, stack(0x00000000169d0000,0x0000000016ad0000)]

Stack: [0x00000000169d0000,0x0000000016ad0000]
Native frames: (J=compiled Java code, j=interpreted, Vv=VM code, C=native code)
V  [jvm.dll+0x308dea]
V  [jvm.dll+0x25def1]
V  [jvm.dll+0x25eb0f]
V  [jvm.dll+0x2564e5]
V  [jvm.dll+0xbcfc5]
V  [jvm.dll+0xbd45c]
V  [jvm.dll+0x44d422]
V  [jvm.dll+0x48e13f]
V  [jvm.dll+0x4422eb]
V  [jvm.dll+0x44366b]
V  [jvm.dll+0x427532]
V  [jvm.dll+0x96702]
V  [jvm.dll+0x96ef3]
V  [jvm.dll+0x2232c4]
V  [jvm.dll+0x27baca]
C  [msvcr100.dll+0x21d9f]
C  [msvcr100.dll+0x21e3b]
C  [KERNEL32.DLL+0x12d92]
C  [ntdll.dll+0x9f64]


Current CompileTask:
C2:  13830 1994   !   4       com.android.dx.cf.code.BytecodeArray::parseInstruction (2764 bytes)


---------------  P R O C E S S  ---------------

Java Threads: ( => current thread )
  0x0000000016f46000 JavaThread "pool-1-thread-4" [_thread_in_Java, id=4204, stack(0x00000000175d0000,0x00000000176d0000)]
  0x0000000016f45800 JavaThread "pool-1-thread-3" [_thread_in_Java, id=7208, stack(0x00000000174d0000,0x00000000175d0000)]
  0x0000000016f40000 JavaThread "pool-1-thread-2" [_thread_in_vm, id=4916, stack(0x00000000173d0000,0x00000000174d0000)]
  0x0000000016f3b000 JavaThread "pool-2-thread-1" [_thread_blocked, id=5324, stack(0x00000000172d0000,0x00000000173d0000)]
  0x0000000016f34000 JavaThread "pool-1-thread-1" [_thread_in_Java, id=6824, stack(0x00000000171d0000,0x00000000172d0000)]
  0x00000000153bc800 JavaThread "Service Thread" daemon [_thread_blocked, id=2092, stack(0x0000000016bd0000,0x0000000016cd0000)]
  0x00000000153b5000 JavaThread "C1 CompilerThread2" daemon [_thread_blocked, id=7980, stack(0x0000000016ad0000,0x0000000016bd0000)]
=>0x00000000153ae800 JavaThread "C2 CompilerThread1" daemon [_thread_in_native, id=5224, stack(0x00000000169d0000,0x0000000016ad0000)]
  0x000000001535d000 JavaThread "C2 CompilerThread0" daemon [_thread_in_native, id=5172, stack(0x00000000168d0000,0x00000000169d0000)]
  0x000000001535c000 JavaThread "Attach Listener" daemon [_thread_blocked, id=8276, stack(0x00000000167d0000,0x00000000168d0000)]
  0x000000001535a800 JavaThread "Signal Dispatcher" daemon [_thread_blocked, id=5740, stack(0x00000000166d0000,0x00000000167d0000)]
  0x0000000002c85000 JavaThread "Finalizer" daemon [_thread_blocked, id=8424, stack(0x00000000165d0000,0x00000000166d0000)]
  0x0000000002c79000 JavaThread "Reference Handler" daemon [_thread_blocked, id=7868, stack(0x00000000164d0000,0x00000000165d0000)]
  0x00000000028ad800 JavaThread "main" [_thread_in_native, id=7812, stack(0x0000000002990000,0x0000000002a90000)]

Other Threads:
  0x0000000015325000 VMThread [stack: 0x00000000163d0000,0x00000000164d0000] [id=7176]
  0x00000000153be800 WatcherThread [stack: 0x00000000170d0000,0x00000000171d0000] [id=8688]

VM state:not at safepoint (normal execution)

VM Mutex/Monitor currently owned by a thread: None

Heap:
 PSYoungGen      total 61952K, used 26024K [0x00000000eab00000, 0x00000000eef00000, 0x0000000100000000)
  eden space 54784K, 34% used [0x00000000eab00000,0x00000000ebd6e3f8,0x00000000ee080000)
  from space 7168K, 99% used [0x00000000ee080000,0x00000000ee77bca0,0x00000000ee780000)
  to   space 6656K, 0% used [0x00000000ee780000,0x00000000ee780000,0x00000000eee00000)
 ParOldGen       total 129536K, used 27850K [0x00000000c0000000, 0x00000000c7e80000, 0x00000000eab00000)
  object space 129536K, 21% used [0x00000000c0000000,0x00000000c1b32b18,0x00000000c7e80000)
 Metaspace       used 5993K, capacity 7026K, committed 7296K, reserved 1056768K
  class space    used 605K, capacity 618K, committed 640K, reserved 1048576K

Card table byte_map: [0x0000000012050000,0x0000000012260000] byte_map_base: 0x0000000011a50000

Marking Bits: (ParMarkBitMap*) 0x0000000060db13b0
 Begin Bits: [0x00000000127c0000, 0x00000000137c0000)
 End Bits:   [0x00000000137c0000, 0x00000000147c0000)

Polling page: 0x0000000002830000

CodeCache: size=245760Kb used=8829Kb max_used=8829Kb free=236930Kb
 bounds [0x0000000002c90000, 0x0000000003540000, 0x0000000011c90000]
 total_blobs=2163 nmethods=1898 adapters=178
 compilation: enabled

Compilation events (10 events):
Event: 13.756 Thread 0x00000000153b5000 2030       2       com.android.dx.cf.code.BytecodeArray$ConstantParserVisitor::visitConstant (18 bytes)
Event: 13.757 Thread 0x00000000153b5000 nmethod 2030 0x0000000003517910 code [0x0000000003517a60, 0x0000000003517bd0]
Event: 13.757 Thread 0x00000000153b5000 2031   !   2       java.util.concurrent.locks.AbstractQueuedSynchronizer::acquireQueued (93 bytes)
Event: 13.758 Thread 0x00000000153b5000 nmethod 2031 0x000000000352cc10 code [0x000000000352cde0, 0x000000000352d2f8]
Event: 13.766 Thread 0x00000000153b5000 2032       2       java.util.concurrent.locks.AbstractQueuedSynchronizer::unparkSuccessor (84 bytes)
Event: 13.766 Thread 0x00000000153b5000 nmethod 2032 0x0000000003517390 code [0x0000000003517500, 0x0000000003517768]
Event: 13.767 Thread 0x00000000153b5000 2033       2       com.android.dx.cf.direct.StdAttributeFactory::sourceFile (94 bytes)
Event: 13.771 Thread 0x00000000153b5000 nmethod 2033 0x000000000352d750 code [0x000000000352da20, 0x000000000352e8c8]
Event: 13.785 Thread 0x00000000153b5000 2036       2       com.android.dx.rop.cst.CstLiteral32::getLongBits (6 bytes)
Event: 13.786 Thread 0x00000000153b5000 nmethod 2036 0x0000000003517050 code [0x00000000035171a0, 0x00000000035172f0]

GC Heap History (10 events):
Event: 7.352 GC heap before
{Heap before GC invocations=13 (full 0):
 PSYoungGen      total 25088K, used 23648K [0x00000000eab00000, 0x00000000ec700000, 0x0000000100000000)
  eden space 21504K, 100% used [0x00000000eab00000,0x00000000ec000000,0x00000000ec000000)
  from space 3584K, 59% used [0x00000000ec380000,0x00000000ec598010,0x00000000ec700000)
  to   space 3584K, 0% used [0x00000000ec000000,0x00000000ec000000,0x00000000ec380000)
 ParOldGen       total 129536K, used 8563K [0x00000000c0000000, 0x00000000c7e80000, 0x00000000eab00000)
  object space 129536K, 6% used [0x00000000c0000000,0x00000000c085ccf8,0x00000000c7e80000)
 Metaspace       used 5890K, capacity 6962K, committed 7040K, reserved 1056768K
  class space    used 604K, capacity 618K, committed 640K, reserved 1048576K
Event: 7.363 GC heap after
Heap after GC invocations=13 (full 0):
 PSYoungGen      total 25088K, used 3120K [0x00000000eab00000, 0x00000000ed500000, 0x0000000100000000)
  eden space 21504K, 0% used [0x00000000eab00000,0x00000000eab00000,0x00000000ec000000)
  from space 3584K, 87% used [0x00000000ec000000,0x00000000ec30c010,0x00000000ec380000)
  to   space 4096K, 0% used [0x00000000ed100000,0x00000000ed100000,0x00000000ed500000)
 ParOldGen       total 129536K, used 10527K [0x00000000c0000000, 0x00000000c7e80000, 0x00000000eab00000)
  object space 129536K, 8% used [0x00000000c0000000,0x00000000c0a47ee8,0x00000000c7e80000)
 Metaspace       used 5890K, capacity 6962K, committed 7040K, reserved 1056768K
  class space    used 604K, capacity 618K, committed 640K, reserved 1048576K
}
Event: 8.747 GC heap before
{Heap before GC invocations=14 (full 0):
 PSYoungGen      total 25088K, used 24624K [0x00000000eab00000, 0x00000000ed500000, 0x0000000100000000)
  eden space 21504K, 100% used [0x00000000eab00000,0x00000000ec000000,0x00000000ec000000)
  from space 3584K, 87% used [0x00000000ec000000,0x00000000ec30c010,0x00000000ec380000)
  to   space 4096K, 0% used [0x00000000ed100000,0x00000000ed100000,0x00000000ed500000)
 ParOldGen       total 129536K, used 10527K [0x00000000c0000000, 0x00000000c7e80000, 0x00000000eab00000)
  object space 129536K, 8% used [0x00000000c0000000,0x00000000c0a47ee8,0x00000000c7e80000)
 Metaspace       used 5911K, capacity 6962K, committed 7040K, reserved 1056768K
  class space    used 604K, capacity 618K, committed 640K, reserved 1048576K
Event: 8.823 GC heap after
Heap after GC invocations=14 (full 0):
 PSYoungGen      total 38400K, used 3648K [0x00000000eab00000, 0x00000000ed600000, 0x0000000100000000)
  eden space 34304K, 0% used [0x00000000eab00000,0x00000000eab00000,0x00000000ecc80000)
  from space 4096K, 89% used [0x00000000ed100000,0x00000000ed490000,0x00000000ed500000)
  to   space 4608K, 0% used [0x00000000ecc80000,0x00000000ecc80000,0x00000000ed100000)
 ParOldGen       total 129536K, used 13212K [0x00000000c0000000, 0x00000000c7e80000, 0x00000000eab00000)
  object space 129536K, 10% used [0x00000000c0000000,0x00000000c0ce7268,0x00000000c7e80000)
 Metaspace       used 5911K, capacity 6962K, committed 7040K, reserved 1056768K
  class space    used 604K, capacity 618K, committed 640K, reserved 1048576K
}
Event: 11.181 GC heap before
{Heap before GC invocations=15 (full 0):
 PSYoungGen      total 38400K, used 37952K [0x00000000eab00000, 0x00000000ed600000, 0x0000000100000000)
  eden space 34304K, 100% used [0x00000000eab00000,0x00000000ecc80000,0x00000000ecc80000)
  from space 4096K, 89% used [0x00000000ed100000,0x00000000ed490000,0x00000000ed500000)
  to   space 4608K, 0% used [0x00000000ecc80000,0x00000000ecc80000,0x00000000ed100000)
 ParOldGen       total 129536K, used 13212K [0x00000000c0000000, 0x00000000c7e80000, 0x00000000eab00000)
  object space 129536K, 10% used [0x00000000c0000000,0x00000000c0ce7268,0x00000000c7e80000)
 Metaspace       used 5937K, capacity 6962K, committed 7040K, reserved 1056768K
  class space    used 605K, capacity 618K, committed 640K, reserved 1048576K
Event: 11.322 GC heap after
Heap after GC invocations=15 (full 0):
 PSYoungGen      total 38912K, used 4577K [0x00000000eab00000, 0x00000000eee00000, 0x0000000100000000)
  eden space 34304K, 0% used [0x00000000eab00000,0x00000000eab00000,0x00000000ecc80000)
  from space 4608K, 99% used [0x00000000ecc80000,0x00000000ed0f8540,0x00000000ed100000)
  to   space 6656K, 0% used [0x00000000ee780000,0x00000000ee780000,0x00000000eee00000)
 ParOldGen       total 129536K, used 17272K [0x00000000c0000000, 0x00000000c7e80000, 0x00000000eab00000)
  object space 129536K, 13% used [0x00000000c0000000,0x00000000c10de118,0x00000000c7e80000)
 Metaspace       used 5937K, capacity 6962K, committed 7040K, reserved 1056768K
  class space    used 605K, capacity 618K, committed 640K, reserved 1048576K
}
Event: 12.965 GC heap before
{Heap before GC invocations=16 (full 0):
 PSYoungGen      total 38912K, used 38881K [0x00000000eab00000, 0x00000000eee00000, 0x0000000100000000)
  eden space 34304K, 100% used [0x00000000eab00000,0x00000000ecc80000,0x00000000ecc80000)
  from space 4608K, 99% used [0x00000000ecc80000,0x00000000ed0f8540,0x00000000ed100000)
  to   space 6656K, 0% used [0x00000000ee780000,0x00000000ee780000,0x00000000eee00000)
 ParOldGen       total 129536K, used 17272K [0x00000000c0000000, 0x00000000c7e80000, 0x00000000eab00000)
  object space 129536K, 13% used [0x00000000c0000000,0x00000000c10de118,0x00000000c7e80000)
 Metaspace       used 5945K, capacity 6962K, committed 7040K, reserved 1056768K
  class space    used 605K, capacity 618K, committed 640K, reserved 1048576K
Event: 12.997 GC heap after
Heap after GC invocations=16 (full 0):
 PSYoungGen      total 61440K, used 5328K [0x00000000eab00000, 0x00000000eef00000, 0x0000000100000000)
  eden space 54784K, 0% used [0x00000000eab00000,0x00000000eab00000,0x00000000ee080000)
  from space 6656K, 80% used [0x00000000ee780000,0x00000000eecb4338,0x00000000eee00000)
  to   space 7168K, 0% used [0x00000000ee080000,0x00000000ee080000,0x00000000ee780000)
 ParOldGen       total 129536K, used 21392K [0x00000000c0000000, 0x00000000c7e80000, 0x00000000eab00000)
  object space 129536K, 16% used [0x00000000c0000000,0x00000000c14e43a8,0x00000000c7e80000)
 Metaspace       used 5945K, capacity 6962K, committed 7040K, reserved 1056768K
  class space    used 605K, capacity 618K, committed 640K, reserved 1048576K
}
Event: 13.555 GC heap before
{Heap before GC invocations=17 (full 0):
 PSYoungGen      total 61440K, used 60112K [0x00000000eab00000, 0x00000000eef00000, 0x0000000100000000)
  eden space 54784K, 100% used [0x00000000eab00000,0x00000000ee080000,0x00000000ee080000)
  from space 6656K, 80% used [0x00000000ee780000,0x00000000eecb4338,0x00000000eee00000)
  to   space 7168K, 0% used [0x00000000ee080000,0x00000000ee080000,0x00000000ee780000)
 ParOldGen       total 129536K, used 21392K [0x00000000c0000000, 0x00000000c7e80000, 0x00000000eab00000)
  object space 129536K, 16% used [0x00000000c0000000,0x00000000c14e43a8,0x00000000c7e80000)
 Metaspace       used 5981K, capacity 7026K, committed 7296K, reserved 1056768K
  class space    used 605K, capacity 618K, committed 640K, reserved 1048576K
Event: 13.693 GC heap after
Heap after GC invocations=17 (full 0):
 PSYoungGen      total 61952K, used 7151K [0x00000000eab00000, 0x00000000eef00000, 0x0000000100000000)
  eden space 54784K, 0% used [0x00000000eab00000,0x00000000eab00000,0x00000000ee080000)
  from space 7168K, 99% used [0x00000000ee080000,0x00000000ee77bca0,0x00000000ee780000)
  to   space 6656K, 0% used [0x00000000ee780000,0x00000000ee780000,0x00000000eee00000)
 ParOldGen       total 129536K, used 27850K [0x00000000c0000000, 0x00000000c7e80000, 0x00000000eab00000)
  object space 129536K, 21% used [0x00000000c0000000,0x00000000c1b32b18,0x00000000c7e80000)
 Metaspace       used 5981K, capacity 7026K, committed 7296K, reserved 1056768K
  class space    used 605K, capacity 618K, committed 640K, reserved 1048576K
}

Deoptimization events (10 events):
Event: 13.011 Thread 0x0000000016f40000 Uncommon trap: reason=bimorphic action=maybe_recompile pc=0x0000000003338fe8 method=com.android.dx.cf.code.RopperMachine.run(Lcom/android/dx/cf/code/Frame;II)V @ 988
Event: 13.039 Thread 0x0000000016f45800 Uncommon trap: reason=bimorphic action=maybe_recompile pc=0x0000000003338fe8 method=com.android.dx.cf.code.RopperMachine.run(Lcom/android/dx/cf/code/Frame;II)V @ 988
Event: 13.050 Thread 0x0000000016f46000 Uncommon trap: reason=bimorphic action=maybe_recompile pc=0x0000000003338fe8 method=com.android.dx.cf.code.RopperMachine.run(Lcom/android/dx/cf/code/Frame;II)V @ 988
Event: 13.314 Thread 0x00000000028ad800 Uncommon trap: reason=class_check action=maybe_recompile pc=0x000000000341f26c method=com.android.dx.cf.code.BytecodeArray.parseInstruction(ILcom/android/dx/cf/code/BytecodeArray$Visitor;)I @ 1939
Event: 13.314 Thread 0x00000000028ad800 Uncommon trap: reason=class_check action=maybe_recompile pc=0x000000000341f26c method=com.android.dx.cf.code.BytecodeArray.parseInstruction(ILcom/android/dx/cf/code/BytecodeArray$Visitor;)I @ 1939
Event: 13.314 Thread 0x00000000028ad800 Uncommon trap: reason=class_check action=maybe_recompile pc=0x000000000341f26c method=com.android.dx.cf.code.BytecodeArray.parseInstruction(ILcom/android/dx/cf/code/BytecodeArray$Visitor;)I @ 1939
Event: 13.726 Thread 0x0000000016f46000 Uncommon trap: reason=bimorphic action=maybe_recompile pc=0x0000000003441808 method=com.android.dx.rop.code.RegisterSpec.withSimpleType()Lcom/android/dx/rop/code/RegisterSpec; @ 21
Event: 13.726 Thread 0x0000000016f46000 Uncommon trap: reason=bimorphic action=maybe_recompile pc=0x0000000003441808 method=com.android.dx.rop.code.RegisterSpec.withSimpleType()Lcom/android/dx/rop/code/RegisterSpec; @ 21
Event: 13.736 Thread 0x0000000016f46000 Uncommon trap: reason=bimorphic action=maybe_recompile pc=0x0000000003441808 method=com.android.dx.rop.code.RegisterSpec.withSimpleType()Lcom/android/dx/rop/code/RegisterSpec; @ 21
Event: 13.736 Thread 0x0000000016f46000 Uncommon trap: reason=bimorphic action=maybe_recompile pc=0x0000000003441808 method=com.android.dx.rop.code.RegisterSpec.withSimpleType()Lcom/android/dx/rop/code/RegisterSpec; @ 21

Internal exceptions (10 events):
Event: 3.719 Thread 0x0000000016f40000 Exception <a 'java/security/PrivilegedActionException'> (0x00000000eb1d25b8) thrown at [D:\re\workspace\8-2-build-windows-amd64-cygwin\jdk8u5\2488\hotspot\src\share\vm\prims\jvm.cpp, line 1248]
Event: 3.982 Thread 0x0000000016f45800 Implicit null exception at 0x0000000002ffd98f to 0x0000000002fff821
Event: 3.983 Thread 0x0000000016f45800 Implicit null exception at 0x000000000302d904 to 0x000000000302ec0d
Event: 4.035 Thread 0x00000000028ad800 Implicit null exception at 0x00000000031029a2 to 0x0000000003102a92
Event: 4.655 Thread 0x00000000028ad800 Exception <a 'java/security/PrivilegedActionException'> (0x00000000eb5ef1e0) thrown at [D:\re\workspace\8-2-build-windows-amd64-cygwin\jdk8u5\2488\hotspot\src\share\vm\prims\jvm.cpp, line 1248]
Event: 6.452 Thread 0x0000000016f46000 Exception <a 'java/lang/ArrayIndexOutOfBoundsException': 18> (0x00000000eb50ec08) thrown at [D:\re\workspace\8-2-build-windows-amd64-cygwin\jdk8u5\2488\hotspot\src\share\vm\interpreter\interpreterRuntime.cpp, line 337]
Event: 6.453 Thread 0x0000000016f46000 Exception <a 'java/lang/ArrayIndexOutOfBoundsException'> (0x00000000eb5106a0) thrown at [D:\re\workspace\8-2-build-windows-amd64-cygwin\jdk8u5\2488\hotspot\src\share\vm\runtime\sharedRuntime.cpp, line 595]
Event: 6.454 Thread 0x0000000016f46000 Exception <a 'java/lang/ArrayIndexOutOfBoundsException'> (0x00000000eb5118b8) thrown at [D:\re\workspace\8-2-build-windows-amd64-cygwin\jdk8u5\2488\hotspot\src\share\vm\runtime\sharedRuntime.cpp, line 595]
Event: 8.910 Thread 0x0000000016f40000 Exception <a 'java/security/PrivilegedActionException'> (0x00000000eb30e328) thrown at [D:\re\workspace\8-2-build-windows-amd64-cygwin\jdk8u5\2488\hotspot\src\share\vm\prims\jvm.cpp, line 1248]
Event: 12.504 Thread 0x00000000028ad800 Exception <a 'java/security/PrivilegedActionException'> (0x00000000ebabc060) thrown at [D:\re\workspace\8-2-build-windows-amd64-cygwin\jdk8u5\2488\hotspot\src\share\vm\prims\jvm.cpp, line 1248]

Events (10 events):
Event: 13.726 Thread 0x0000000016f46000 DEOPT UNPACKING pc=0x0000000002cd55af sp=0x00000000176ce9f8 mode 2
Event: 13.726 Thread 0x0000000016f46000 Uncommon trap: trap_request=0xffffffc6 fr.pc=0x0000000003441808
Event: 13.726 Thread 0x0000000016f46000 DEOPT PACKING pc=0x0000000003441808 sp=0x00000000176ceab0
Event: 13.726 Thread 0x0000000016f46000 DEOPT UNPACKING pc=0x0000000002cd55af sp=0x00000000176ce9f8 mode 2
Event: 13.736 Thread 0x0000000016f46000 Uncommon trap: trap_request=0xffffffc6 fr.pc=0x0000000003441808
Event: 13.736 Thread 0x0000000016f46000 DEOPT PACKING pc=0x0000000003441808 sp=0x00000000176cea00
Event: 13.736 Thread 0x0000000016f46000 DEOPT UNPACKING pc=0x0000000002cd55af sp=0x00000000176ce948 mode 2
Event: 13.736 Thread 0x0000000016f46000 Uncommon trap: trap_request=0xffffffc6 fr.pc=0x0000000003441808
Event: 13.736 Thread 0x0000000016f46000 DEOPT PACKING pc=0x0000000003441808 sp=0x00000000176cea00
Event: 13.736 Thread 0x0000000016f46000 DEOPT UNPACKING pc=0x0000000002cd55af sp=0x00000000176ce948 mode 2


Dynamic libraries:
0x00007ff612f70000 - 0x00007ff612fa4000 	C:\Program Files\Java\jdk1.8.0_05\bin\java.exe
0x00007ff978eb0000 - 0x00007ff979071000 	C:\WINDOWS\SYSTEM32\ntdll.dll
0x00007ff9780e0000 - 0x00007ff97818d000 	C:\WINDOWS\system32\KERNEL32.DLL
0x00007ff9763a0000 - 0x00007ff97657d000 	C:\WINDOWS\system32\KERNELBASE.dll
0x00007ff9769b0000 - 0x00007ff976a56000 	C:\WINDOWS\system32\ADVAPI32.dll
0x00007ff976720000 - 0x00007ff9767bd000 	C:\WINDOWS\system32\msvcrt.dll
0x00007ff978190000 - 0x00007ff9781eb000 	C:\WINDOWS\system32\sechost.dll
0x00007ff978ad0000 - 0x00007ff978bf6000 	C:\WINDOWS\system32\RPCRT4.dll
0x00007ff978690000 - 0x00007ff9787de000 	C:\WINDOWS\system32\USER32.dll
0x00007ff976820000 - 0x00007ff9769a6000 	C:\WINDOWS\system32\GDI32.dll
0x00007ff96afc0000 - 0x00007ff96b234000 	C:\WINDOWS\WinSxS\amd64_microsoft.windows.common-controls_6595b64144ccf1df_6.0.10240.16384_none_f41f7b285750ef43\COMCTL32.dll
0x00007ff9766e0000 - 0x00007ff976716000 	C:\WINDOWS\system32\IMM32.DLL
0x00007ff976580000 - 0x00007ff9766dc000 	C:\WINDOWS\system32\MSCTF.dll
0x0000000060180000 - 0x0000000060252000 	C:\Program Files\Java\jdk1.8.0_05\jre\bin\msvcr100.dll
0x0000000060600000 - 0x0000000060e2a000 	C:\Program Files\Java\jdk1.8.0_05\jre\bin\server\jvm.dll
0x00007ff978260000 - 0x00007ff978268000 	C:\WINDOWS\system32\PSAPI.DLL
0x00007ff95a940000 - 0x00007ff95a949000 	C:\WINDOWS\SYSTEM32\WSOCK32.dll
0x00007ff978c70000 - 0x00007ff978cd9000 	C:\WINDOWS\system32\WS2_32.dll
0x00007ff9787e0000 - 0x00007ff9787e8000 	C:\WINDOWS\system32\NSI.dll
0x00007ff973ca0000 - 0x00007ff973cc3000 	C:\WINDOWS\SYSTEM32\WINMM.dll
0x00007ff973b10000 - 0x00007ff973b3c000 	C:\WINDOWS\SYSTEM32\WINMMBASE.dll
0x00007ff975c70000 - 0x00007ff975cb4000 	C:\WINDOWS\system32\cfgmgr32.dll
0x00007ff973ab0000 - 0x00007ff973ad7000 	C:\WINDOWS\SYSTEM32\DEVOBJ.dll
0x00000000605f0000 - 0x00000000605ff000 	C:\Program Files\Java\jdk1.8.0_05\jre\bin\verify.dll
0x00000000605c0000 - 0x00000000605e8000 	C:\Program Files\Java\jdk1.8.0_05\jre\bin\java.dll
0x00000000605a0000 - 0x00000000605b6000 	C:\Program Files\Java\jdk1.8.0_05\jre\bin\zip.dll
0x00007ff976a60000 - 0x00007ff977f82000 	C:\WINDOWS\system32\SHELL32.dll
0x00007ff975cc0000 - 0x00007ff9762e9000 	C:\WINDOWS\system32\windows.storage.dll
0x00007ff978850000 - 0x00007ff978acc000 	C:\WINDOWS\system32\combase.dll
0x00007ff978c10000 - 0x00007ff978c61000 	C:\WINDOWS\system32\shlwapi.dll
0x00007ff975900000 - 0x00007ff97590f000 	C:\WINDOWS\system32\kernel.appcore.dll
0x00007ff975bb0000 - 0x00007ff975c63000 	C:\WINDOWS\system32\shcore.dll
0x00007ff975930000 - 0x00007ff97597a000 	C:\WINDOWS\system32\powrprof.dll
0x00007ff9758e0000 - 0x00007ff9758f3000 	C:\WINDOWS\system32\profapi.dll
0x00007ff9723f0000 - 0x00007ff97257a000 	C:\WINDOWS\SYSTEM32\dbghelp.dll

VM Arguments:
jvm_args: -Xmx1024M -Dfile.encoding=windows-1252 -Duser.country=BR -Duser.language=pt -Duser.variant 
java_command: com.android.dx.command.Main --dex --num-threads=4 --output E:\GitHub\FitCook\app\build\intermediates\pre-dexed\debug\classes-c7957187b5267c4f70a0932298778fb2c15e846a.jar E:\GitHub\FitCook\app\build\intermediates\exploded-aar\com.android.support\appcompat-v7\22.2.1\jars\classes.jar
java_class_path (initial): C:\Program Files (x86)\Android\android-sdk\build-tools\23.0.0-preview\lib\dx.jar
Launcher Type: SUN_STANDARD

Environment Variables:
JAVA_HOME=C:\Program Files\Java\jdk1.8.0_05
PATH=C:\Program Files (x86)\Intel\iCLS Client\;C:\Program Files\Intel\iCLS Client\;C:\WINDOWS\system32;C:\WINDOWS;C:\WINDOWS\System32\Wbem;C:\WINDOWS\System32\WindowsPowerShell\v1.0\;C:\Program Files (x86)\Windows Live\Shared;C:\Program Files (x86)\Intel\OpenCL SDK\2.0\bin\x86;C:\Program Files (x86)\Intel\OpenCL SDK\2.0\bin\x64;C:\Program Files\Intel\Intel(R) Management Engine Components\DAL;C:\Program Files\Intel\Intel(R) Management Engine Components\IPT;C:\Program Files (x86)\Intel\Intel(R) Management Engine Components\DAL;C:\Program Files (x86)\Intel\Intel(R) Management Engine Components\IPT;C:\Program Files\Java\jdk1.8.0_05/bin;C:\Program Files (x86)\Android\android-sdk\platform-tools;C:\Program Files (x86)\Git\cmd;C:\Program Files (x86)\Skype\Phone\;C:\Program Files (x86)\Windows Kits\8.1\Windows Performance Toolkit\;C:\Program Files\Microsoft SQL Server\110\Tools\Binn\;C:\Program Files (x86)\Microsoft SDKs\TypeScript\1.0\;C:\Program Files\Microsoft SQL Server\120\Tools\Binn\;C:\Program Files (x86)\nodejs\;C:\Ruby21\bin;C:\Users\Aires\AppData\Roaming\npm
USERNAME=Aires
OS=Windows_NT
PROCESSOR_IDENTIFIER=Intel64 Family 6 Model 58 Stepping 9, GenuineIntel



---------------  S Y S T E M  ---------------

OS: Windows 8.1 , 64 bit Build 9600 

CPU:total 4 (2 cores per cpu, 2 threads per core) family 6 model 58 stepping 9, cmov, cx8, fxsr, mmx, sse, sse2, sse3, ssse3, sse4.1, sse4.2, popcnt, avx, clmul, erms, ht, tsc, tscinvbit

Memory: 4k page, physical 8282396k(1581588k free), swap 8282396k(4848k free)

vm_info: Java HotSpot(TM) 64-Bit Server VM (25.5-b02) for windows-amd64 JRE (1.8.0_05-b13), built on Mar 18 2014 01:08:39 by "java_re" with MS VC++ 10.0 (VS2010)

time: Mon Aug 17 19:11:06 2015
elapsed time: 13 seconds

