#
# There is insufficient memory for the Java Runtime Environment to continue.
# Native memory allocation (malloc) failed to allocate 32744 bytes for ChunkPool::allocate
# Possible reasons:
#   The system is out of physical RAM or swap space
#   In 32 bit mode, the process size limit was hit
# Possible solutions:
#   Reduce memory load on the system
#   Increase physical memory or swap space
#   Check if swap backing store is full
#   Use 64 bit Java on a 64 bit OS
#   Decrease Java heap size (-Xmx/-Xms)
#   Decrease number of Java threads
#   Decrease Java thread stack sizes (-Xss)
#   Set larger code cache with -XX:ReservedCodeCacheSize=
# This output file may be truncated or incomplete.
#
#  Out of Memory Error (allocation.cpp:271), pid=6864, tid=4864
#
# JRE version: Java(TM) SE Runtime Environment (8.0_05-b13) (build 1.8.0_05-b13)
# Java VM: Java HotSpot(TM) 64-Bit Server VM (25.5-b02 mixed mode windows-amd64 compressed oops)
# Failed to write core dump. Minidumps are not enabled by default on client versions of Windows
#

---------------  T H R E A D  ---------------

Current thread (0x0000000014894800):  JavaThread "C1 CompilerThread2" daemon [_thread_in_native, id=4864, stack(0x0000000015f90000,0x0000000016090000)]

Stack: [0x0000000015f90000,0x0000000016090000]
Native frames: (J=compiled Java code, j=interpreted, Vv=VM code, C=native code)
V  [jvm.dll+0x308dea]


Current CompileTask:
C1:   4790  757   !   3       com.android.dx.cf.code.RopperMachine::run (1550 bytes)


---------------  P R O C E S S  ---------------

Java Threads: ( => current thread )
  0x00000000162fb000 JavaThread "pool-1-thread-4" [_thread_in_Java, id=8828, stack(0x0000000016a90000,0x0000000016b90000)]
  0x00000000162f6800 JavaThread "pool-1-thread-3" [_thread_in_Java, id=5008, stack(0x0000000016990000,0x0000000016a90000)]
  0x00000000162ef000 JavaThread "pool-1-thread-2" [_thread_in_Java, id=2652, stack(0x0000000016890000,0x0000000016990000)]
  0x00000000162ee800 JavaThread "pool-2-thread-1" [_thread_blocked, id=8260, stack(0x0000000016790000,0x0000000016890000)]
  0x00000000162e9800 JavaThread "pool-1-thread-1" [_thread_in_Java, id=5624, stack(0x0000000016690000,0x0000000016790000)]
  0x000000001489c800 JavaThread "Service Thread" daemon [_thread_blocked, id=8848, stack(0x0000000016090000,0x0000000016190000)]
=>0x0000000014894800 JavaThread "C1 CompilerThread2" daemon [_thread_in_native, id=4864, stack(0x0000000015f90000,0x0000000016090000)]
  0x0000000014886800 JavaThread "C2 CompilerThread1" daemon [_thread_in_native, id=7676, stack(0x0000000015e90000,0x0000000015f90000)]
  0x000000001483d800 JavaThread "C2 CompilerThread0" daemon [_thread_in_native, id=4368, stack(0x0000000015d90000,0x0000000015e90000)]
  0x000000001483c000 JavaThread "Attach Listener" daemon [_thread_blocked, id=7664, stack(0x0000000015c90000,0x0000000015d90000)]
  0x000000001483b800 JavaThread "Signal Dispatcher" daemon [_thread_blocked, id=8792, stack(0x0000000015b90000,0x0000000015c90000)]
  0x0000000002165000 JavaThread "Finalizer" daemon [_thread_blocked, id=4740, stack(0x0000000015a90000,0x0000000015b90000)]
  0x0000000002159000 JavaThread "Reference Handler" daemon [_thread_blocked, id=9028, stack(0x0000000015990000,0x0000000015a90000)]
  0x000000000206d800 JavaThread "main" [_thread_in_Java, id=2080, stack(0x0000000001f30000,0x0000000002030000)]

Other Threads:
  0x0000000014805000 VMThread [stack: 0x0000000015890000,0x0000000015990000] [id=2768]
  0x0000000016190800 WatcherThread [stack: 0x0000000016590000,0x0000000016690000] [id=3912]

VM state:not at safepoint (normal execution)

VM Mutex/Monitor currently owned by a thread: None

Heap:
 PSYoungGen      total 5632K, used 3577K [0x00000000eab00000, 0x00000000eb200000, 0x0000000100000000)
  eden space 4096K, 50% used [0x00000000eab00000,0x00000000ead032f0,0x00000000eaf00000)
  from space 1536K, 98% used [0x00000000eaf00000,0x00000000eb07b290,0x00000000eb080000)
  to   space 1536K, 0% used [0x00000000eb080000,0x00000000eb080000,0x00000000eb200000)
 ParOldGen       total 129536K, used 1802K [0x00000000c0000000, 0x00000000c7e80000, 0x00000000eab00000)
  object space 129536K, 1% used [0x00000000c0000000,0x00000000c01c2830,0x00000000c7e80000)
 Metaspace       used 5434K, capacity 6640K, committed 6784K, reserved 1056768K
  class space    used 578K, capacity 616K, committed 640K, reserved 1048576K

Card table byte_map: [0x0000000011530000,0x0000000011740000] byte_map_base: 0x0000000010f30000

Marking Bits: (ParMarkBitMap*) 0x0000000059e813b0
 Begin Bits: [0x0000000011ca0000, 0x0000000012ca0000)
 End Bits:   [0x0000000012ca0000, 0x0000000013ca0000)

Polling page: 0x0000000000650000

CodeCache: size=245760Kb used=2862Kb max_used=2874Kb free=242897Kb
 bounds [0x0000000002170000, 0x0000000002450000, 0x0000000011170000]
 total_blobs=1018 nmethods=754 adapters=178
 compilation: enabled

Compilation events (10 events):
Event: 4.752 Thread 0x000000001483d800 nmethod 750 0x000000000243ef10 code [0x000000000243f1a0, 0x000000000243f980]
Event: 4.752 Thread 0x0000000014886800 nmethod 765 0x0000000002434dd0 code [0x0000000002434f20, 0x0000000002435018]
Event: 4.754 Thread 0x000000001483d800  768       4       com.android.dx.rop.code.RegisterSpecList::get (9 bytes)
Event: 4.755 Thread 0x000000001483d800 nmethod 768 0x0000000002433290 code [0x00000000024333e0, 0x00000000024334b8]
Event: 4.757 Thread 0x0000000014886800  769       4       java.util.HashMap::get (23 bytes)
Event: 4.758 Thread 0x000000001483d800  770       4       com.android.dx.rop.code.RegisterSpec::hashCodeOf (30 bytes)
Event: 4.762 Thread 0x000000001483d800 nmethod 770 0x0000000002432dd0 code [0x0000000002432f20, 0x0000000002433098]
Event: 4.762 Thread 0x000000001483d800  772       4       com.android.dx.ssa.NormalSsaInsn::getSources (8 bytes)
Event: 4.763 Thread 0x000000001483d800 nmethod 772 0x00000000023e8510 code [0x00000000023e8640, 0x00000000023e86b8]
Event: 4.764 Thread 0x000000001483d800  774       4       java.util.BitSet::<init> (56 bytes)

GC Heap History (10 events):
Event: 1.477 GC heap before
{Heap before GC invocations=3 (full 0):
 PSYoungGen      total 1536K, used 1520K [0x00000000eab00000, 0x00000000ead00000, 0x0000000100000000)
  eden space 1024K, 100% used [0x00000000eab00000,0x00000000eac00000,0x00000000eac00000)
  from space 512K, 96% used [0x00000000eac80000,0x00000000eacfc010,0x00000000ead00000)
  to   space 512K, 0% used [0x00000000eac00000,0x00000000eac00000,0x00000000eac80000)
 ParOldGen       total 129536K, used 106K [0x00000000c0000000, 0x00000000c7e80000, 0x00000000eab00000)
  object space 129536K, 0% used [0x00000000c0000000,0x00000000c001a928,0x00000000c7e80000)
 Metaspace       used 3407K, capacity 4880K, committed 5120K, reserved 1056768K
  class space    used 384K, capacity 456K, committed 512K, reserved 1048576K
Event: 1.540 GC heap after
Heap after GC invocations=3 (full 0):
 PSYoungGen      total 1536K, used 496K [0x00000000eab00000, 0x00000000eae00000, 0x0000000100000000)
  eden space 1024K, 0% used [0x00000000eab00000,0x00000000eab00000,0x00000000eac00000)
  from space 512K, 96% used [0x00000000eac00000,0x00000000eac7c030,0x00000000eac80000)
  to   space 512K, 0% used [0x00000000ead80000,0x00000000ead80000,0x00000000eae00000)
 ParOldGen       total 129536K, used 444K [0x00000000c0000000, 0x00000000c7e80000, 0x00000000eab00000)
  object space 129536K, 0% used [0x00000000c0000000,0x00000000c006f178,0x00000000c7e80000)
 Metaspace       used 3407K, capacity 4880K, committed 5120K, reserved 1056768K
  class space    used 384K, capacity 456K, committed 512K, reserved 1048576K
}
Event: 2.414 GC heap before
{Heap before GC invocations=4 (full 0):
 PSYoungGen      total 1536K, used 1520K [0x00000000eab00000, 0x00000000eae00000, 0x0000000100000000)
  eden space 1024K, 100% used [0x00000000eab00000,0x00000000eac00000,0x00000000eac00000)
  from space 512K, 96% used [0x00000000eac00000,0x00000000eac7c030,0x00000000eac80000)
  to   space 512K, 0% used [0x00000000ead80000,0x00000000ead80000,0x00000000eae00000)
 ParOldGen       total 129536K, used 444K [0x00000000c0000000, 0x00000000c7e80000, 0x00000000eab00000)
  object space 129536K, 0% used [0x00000000c0000000,0x00000000c006f178,0x00000000c7e80000)
 Metaspace       used 3664K, capacity 5104K, committed 5376K, reserved 1056768K
  class space    used 418K, capacity 488K, committed 512K, reserved 1048576K
Event: 2.676 GC heap after
Heap after GC invocations=4 (full 0):
 PSYoungGen      total 2560K, used 507K [0x00000000eab00000, 0x00000000eae00000, 0x0000000100000000)
  eden space 2048K, 0% used [0x00000000eab00000,0x00000000eab00000,0x00000000ead00000)
  from space 512K, 99% used [0x00000000ead80000,0x00000000eadfef40,0x00000000eae00000)
  to   space 512K, 0% used [0x00000000ead00000,0x00000000ead00000,0x00000000ead80000)
 ParOldGen       total 129536K, used 861K [0x00000000c0000000, 0x00000000c7e80000, 0x00000000eab00000)
  object space 129536K, 0% used [0x00000000c0000000,0x00000000c00d7458,0x00000000c7e80000)
 Metaspace       used 3664K, capacity 5104K, committed 5376K, reserved 1056768K
  class space    used 418K, capacity 488K, committed 512K, reserved 1048576K
}
Event: 3.003 GC heap before
{Heap before GC invocations=5 (full 0):
 PSYoungGen      total 2560K, used 2555K [0x00000000eab00000, 0x00000000eae00000, 0x0000000100000000)
  eden space 2048K, 100% used [0x00000000eab00000,0x00000000ead00000,0x00000000ead00000)
  from space 512K, 99% used [0x00000000ead80000,0x00000000eadfef40,0x00000000eae00000)
  to   space 512K, 0% used [0x00000000ead00000,0x00000000ead00000,0x00000000ead80000)
 ParOldGen       total 129536K, used 861K [0x00000000c0000000, 0x00000000c7e80000, 0x00000000eab00000)
  object space 129536K, 0% used [0x00000000c0000000,0x00000000c00d7458,0x00000000c7e80000)
 Metaspace       used 4117K, capacity 5456K, committed 5760K, reserved 1056768K
  class space    used 467K, capacity 520K, committed 640K, reserved 1048576K
Event: 3.220 GC heap after
Heap after GC invocations=5 (full 0):
 PSYoungGen      total 2560K, used 507K [0x00000000eab00000, 0x00000000eb200000, 0x0000000100000000)
  eden space 2048K, 0% used [0x00000000eab00000,0x00000000eab00000,0x00000000ead00000)
  from space 512K, 99% used [0x00000000ead00000,0x00000000ead7ef40,0x00000000ead80000)
  to   space 1536K, 0% used [0x00000000eb080000,0x00000000eb080000,0x00000000eb200000)
 ParOldGen       total 129536K, used 1586K [0x00000000c0000000, 0x00000000c7e80000, 0x00000000eab00000)
  object space 129536K, 1% used [0x00000000c0000000,0x00000000c018cb28,0x00000000c7e80000)
 Metaspace       used 4117K, capacity 5456K, committed 5760K, reserved 1056768K
  class space    used 467K, capacity 520K, committed 640K, reserved 1048576K
}
Event: 3.460 GC heap before
{Heap before GC invocations=6 (full 0):
 PSYoungGen      total 2560K, used 2551K [0x00000000eab00000, 0x00000000eb200000, 0x0000000100000000)
  eden space 2048K, 99% used [0x00000000eab00000,0x00000000eacfeee0,0x00000000ead00000)
  from space 512K, 99% used [0x00000000ead00000,0x00000000ead7ef40,0x00000000ead80000)
  to   space 1536K, 0% used [0x00000000eb080000,0x00000000eb080000,0x00000000eb200000)
 ParOldGen       total 129536K, used 1586K [0x00000000c0000000, 0x00000000c7e80000, 0x00000000eab00000)
  object space 129536K, 1% used [0x00000000c0000000,0x00000000c018cb28,0x00000000c7e80000)
 Metaspace       used 4781K, capacity 6032K, committed 6272K, reserved 1056768K
  class space    used 536K, capacity 584K, committed 640K, reserved 1048576K
Event: 3.842 GC heap after
Heap after GC invocations=6 (full 0):
 PSYoungGen      total 5632K, used 1196K [0x00000000eab00000, 0x00000000eb200000, 0x0000000100000000)
  eden space 4096K, 0% used [0x00000000eab00000,0x00000000eab00000,0x00000000eaf00000)
  from space 1536K, 77% used [0x00000000eb080000,0x00000000eb1ab240,0x00000000eb200000)
  to   space 1536K, 0% used [0x00000000eaf00000,0x00000000eaf00000,0x00000000eb080000)
 ParOldGen       total 129536K, used 1586K [0x00000000c0000000, 0x00000000c7e80000, 0x00000000eab00000)
  object space 129536K, 1% used [0x00000000c0000000,0x00000000c018cb28,0x00000000c7e80000)
 Metaspace       used 4781K, capacity 6032K, committed 6272K, reserved 1056768K
  class space    used 536K, capacity 584K, committed 640K, reserved 1048576K
}
Event: 4.667 GC heap before
{Heap before GC invocations=7 (full 0):
 PSYoungGen      total 5632K, used 5292K [0x00000000eab00000, 0x00000000eb200000, 0x0000000100000000)
  eden space 4096K, 100% used [0x00000000eab00000,0x00000000eaf00000,0x00000000eaf00000)
  from space 1536K, 77% used [0x00000000eb080000,0x00000000eb1ab240,0x00000000eb200000)
  to   space 1536K, 0% used [0x00000000eaf00000,0x00000000eaf00000,0x00000000eb080000)
 ParOldGen       total 129536K, used 1586K [0x00000000c0000000, 0x00000000c7e80000, 0x00000000eab00000)
  object space 129536K, 1% used [0x00000000c0000000,0x00000000c018cb28,0x00000000c7e80000)
 Metaspace       used 5392K, capacity 6576K, committed 6784K, reserved 1056768K
  class space    used 578K, capacity 616K, committed 640K, reserved 1048576K
Event: 4.727 GC heap after
Heap after GC invocations=7 (full 0):
 PSYoungGen      total 5632K, used 1516K [0x00000000eab00000, 0x00000000eb200000, 0x0000000100000000)
  eden space 4096K, 0% used [0x00000000eab00000,0x00000000eab00000,0x00000000eaf00000)
  from space 1536K, 98% used [0x00000000eaf00000,0x00000000eb07b290,0x00000000eb080000)
  to   space 1536K, 0% used [0x00000000eb080000,0x00000000eb080000,0x00000000eb200000)
 ParOldGen       total 129536K, used 1802K [0x00000000c0000000, 0x00000000c7e80000, 0x00000000eab00000)
  object space 129536K, 1% used [0x00000000c0000000,0x00000000c01c2830,0x00000000c7e80000)
 Metaspace       used 5392K, capacity 6576K, committed 6784K, reserved 1056768K
  class space    used 578K, capacity 616K, committed 640K, reserved 1048576K
}

Deoptimization events (0 events):
No events

Internal exceptions (10 events):
Event: 4.096 Thread 0x00000000162ef000 Exception <a 'java/security/PrivilegedActionException'> (0x00000000eac46850) thrown at [D:\re\workspace\8-2-build-windows-amd64-cygwin\jdk8u5\2488\hotspot\src\share\vm\prims\jvm.cpp, line 1248]
Event: 4.097 Thread 0x00000000162f6800 Exception <a 'java/security/PrivilegedActionException'> (0x00000000eab1d678) thrown at [D:\re\workspace\8-2-build-windows-amd64-cygwin\jdk8u5\2488\hotspot\src\share\vm\prims\jvm.cpp, line 1248]
Event: 4.098 Thread 0x00000000162f6800 Exception <a 'java/security/PrivilegedActionException'> (0x00000000eac796a0) thrown at [D:\re\workspace\8-2-build-windows-amd64-cygwin\jdk8u5\2488\hotspot\src\share\vm\prims\jvm.cpp, line 1248]
Event: 4.104 Thread 0x00000000162f6800 Exception <a 'java/security/PrivilegedActionException'> (0x00000000eac82518) thrown at [D:\re\workspace\8-2-build-windows-amd64-cygwin\jdk8u5\2488\hotspot\src\share\vm\prims\jvm.cpp, line 1248]
Event: 4.105 Thread 0x00000000162f6800 Exception <a 'java/security/PrivilegedActionException'> (0x00000000eac87af0) thrown at [D:\re\workspace\8-2-build-windows-amd64-cygwin\jdk8u5\2488\hotspot\src\share\vm\prims\jvm.cpp, line 1248]
Event: 4.107 Thread 0x00000000162f6800 Exception <a 'java/security/PrivilegedActionException'> (0x00000000eac8bac8) thrown at [D:\re\workspace\8-2-build-windows-amd64-cygwin\jdk8u5\2488\hotspot\src\share\vm\prims\jvm.cpp, line 1248]
Event: 4.123 Thread 0x000000000206d800 Exception <a 'java/security/PrivilegedActionException'> (0x00000000eaca3c68) thrown at [D:\re\workspace\8-2-build-windows-amd64-cygwin\jdk8u5\2488\hotspot\src\share\vm\prims\jvm.cpp, line 1248]
Event: 4.126 Thread 0x00000000162f6800 Exception <a 'java/security/PrivilegedActionException'> (0x00000000eacb5c40) thrown at [D:\re\workspace\8-2-build-windows-amd64-cygwin\jdk8u5\2488\hotspot\src\share\vm\prims\jvm.cpp, line 1248]
Event: 4.175 Thread 0x00000000162f6800 Exception <a 'java/security/PrivilegedActionException'> (0x00000000ead4ca80) thrown at [D:\re\workspace\8-2-build-windows-amd64-cygwin\jdk8u5\2488\hotspot\src\share\vm\prims\jvm.cpp, line 1248]
Event: 4.224 Thread 0x00000000162ef000 Exception <a 'java/security/PrivilegedActionException'> (0x00000000ead97728) thrown at [D:\re\workspace\8-2-build-windows-amd64-cygwin\jdk8u5\2488\hotspot\src\share\vm\prims\jvm.cpp, line 1248]

Events (10 events):
Event: 4.175 loading class com/android/dx/cf/code/BytecodeArray$ConstantParserVisitor
Event: 4.175 loading class com/android/dx/cf/code/BytecodeArray$ConstantParserVisitor done
Event: 4.224 loading class com/android/dx/ssa/back/FirstFitLocalCombiningAllocator$Multiset
Event: 4.224 loading class com/android/dx/ssa/back/FirstFitLocalCombiningAllocator$Multiset done
Event: 4.507 Executing VM operation: EnableBiasedLocking
Event: 4.660 Executing VM operation: EnableBiasedLocking done
Event: 4.667 Executing VM operation: ParallelGCFailedAllocation
Event: 4.727 Executing VM operation: ParallelGCFailedAllocation done
Event: 4.731 loading class java/util/ArrayList$1
Event: 4.731 loading class java/util/ArrayList$1 done


Dynamic libraries:
0x00007ff7294c0000 - 0x00007ff7294f4000 	C:\Program Files\Java\jdk1.8.0_05\bin\java.exe
0x00007ffc067a0000 - 0x00007ffc06961000 	C:\WINDOWS\SYSTEM32\ntdll.dll
0x00007ffc066f0000 - 0x00007ffc0679d000 	C:\WINDOWS\system32\KERNEL32.DLL
0x00007ffc03270000 - 0x00007ffc0344d000 	C:\WINDOWS\system32\KERNELBASE.dll
0x00007ffc05de0000 - 0x00007ffc05e86000 	C:\WINDOWS\system32\ADVAPI32.dll
0x00007ffc03e70000 - 0x00007ffc03f0d000 	C:\WINDOWS\system32\msvcrt.dll
0x00007ffc05e90000 - 0x00007ffc05eeb000 	C:\WINDOWS\system32\sechost.dll
0x00007ffc065c0000 - 0x00007ffc066e6000 	C:\WINDOWS\system32\RPCRT4.dll
0x00007ffc06230000 - 0x00007ffc0637e000 	C:\WINDOWS\system32\USER32.dll
0x00007ffc05ef0000 - 0x00007ffc06076000 	C:\WINDOWS\system32\GDI32.dll
0x00007ffbf99d0000 - 0x00007ffbf9c44000 	C:\WINDOWS\WinSxS\amd64_microsoft.windows.common-controls_6595b64144ccf1df_6.0.10240.16384_none_f41f7b285750ef43\COMCTL32.dll
0x00007ffc05af0000 - 0x00007ffc05b26000 	C:\WINDOWS\system32\IMM32.DLL
0x00007ffc06460000 - 0x00007ffc065bc000 	C:\WINDOWS\system32\MSCTF.dll
0x0000000059250000 - 0x0000000059322000 	C:\Program Files\Java\jdk1.8.0_05\jre\bin\msvcr100.dll
0x00000000596d0000 - 0x0000000059efa000 	C:\Program Files\Java\jdk1.8.0_05\jre\bin\server\jvm.dll
0x00007ffc04190000 - 0x00007ffc04198000 	C:\WINDOWS\system32\PSAPI.DLL
0x00007ffc01470000 - 0x00007ffc01479000 	C:\WINDOWS\SYSTEM32\WSOCK32.dll
0x00007ffc04420000 - 0x00007ffc04489000 	C:\WINDOWS\system32\WS2_32.dll
0x00007ffc05dd0000 - 0x00007ffc05dd8000 	C:\WINDOWS\system32\NSI.dll
0x00007ffc01550000 - 0x00007ffc01573000 	C:\WINDOWS\SYSTEM32\WINMM.dll
0x00007ffc01520000 - 0x00007ffc0154c000 	C:\WINDOWS\SYSTEM32\WINMMBASE.dll
0x00007ffc03450000 - 0x00007ffc03494000 	C:\WINDOWS\system32\cfgmgr32.dll
0x00007ffc01490000 - 0x00007ffc014b7000 	C:\WINDOWS\SYSTEM32\DEVOBJ.dll
0x00000000596c0000 - 0x00000000596cf000 	C:\Program Files\Java\jdk1.8.0_05\jre\bin\verify.dll
0x0000000059690000 - 0x00000000596b8000 	C:\Program Files\Java\jdk1.8.0_05\jre\bin\java.dll
0x0000000059670000 - 0x0000000059686000 	C:\Program Files\Java\jdk1.8.0_05\jre\bin\zip.dll
0x00007ffc04560000 - 0x00007ffc05a81000 	C:\WINDOWS\system32\SHELL32.dll
0x00007ffc035b0000 - 0x00007ffc03bd9000 	C:\WINDOWS\system32\windows.storage.dll
0x00007ffc041a0000 - 0x00007ffc0441c000 	C:\WINDOWS\system32\combase.dll
0x00007ffc04500000 - 0x00007ffc04551000 	C:\WINDOWS\system32\shlwapi.dll
0x00007ffc03240000 - 0x00007ffc0324f000 	C:\WINDOWS\system32\kernel.appcore.dll
0x00007ffc03db0000 - 0x00007ffc03e63000 	C:\WINDOWS\system32\shcore.dll
0x00007ffc031d0000 - 0x00007ffc0321a000 	C:\WINDOWS\system32\powrprof.dll
0x00007ffc03250000 - 0x00007ffc03263000 	C:\WINDOWS\system32\profapi.dll

VM Arguments:
jvm_args: -Xmx1024M -Dfile.encoding=windows-1252 -Duser.country=BR -Duser.language=pt -Duser.variant 
java_command: com.android.dx.command.Main --dex --num-threads=4 --output E:\GitHub\FitCook\app\build\intermediates\pre-dexed\debug\okio-1.5.0-389f397ca33eb28754689d591e9431f8cd8bfc49.jar C:\Users\Aires\.gradle\caches\modules-2\files-2.1\com.squareup.okio\okio\1.5.0\bb7d4d96e780e8ef4f275c7d8dd3ef2883ddf99a\okio-1.5.0.jar
java_class_path (initial): C:\Program Files (x86)\Android\android-sdk\build-tools\23.0.0_rc2\lib\dx.jar
Launcher Type: SUN_STANDARD

Environment Variables:
JAVA_HOME=C:\Program Files\Java\jdk1.8.0_05
PATH=C:\Program Files (x86)\Intel\iCLS Client\;C:\Program Files\Intel\iCLS Client\;C:\WINDOWS\system32;C:\WINDOWS;C:\WINDOWS\System32\Wbem;C:\WINDOWS\System32\WindowsPowerShell\v1.0\;C:\Program Files (x86)\Windows Live\Shared;C:\Program Files (x86)\Intel\OpenCL SDK\2.0\bin\x86;C:\Program Files (x86)\Intel\OpenCL SDK\2.0\bin\x64;C:\Program Files\Intel\Intel(R) Management Engine Components\DAL;C:\Program Files\Intel\Intel(R) Management Engine Components\IPT;C:\Program Files (x86)\Intel\Intel(R) Management Engine Components\DAL;C:\Program Files (x86)\Intel\Intel(R) Management Engine Components\IPT;C:\Program Files\Java\jdk1.8.0_05/bin;C:\Program Files (x86)\Android\android-sdk\platform-tools;C:\Program Files (x86)\Git\cmd;C:\Program Files (x86)\Skype\Phone\;C:\Program Files (x86)\Windows Kits\8.1\Windows Performance Toolkit\;C:\Program Files\Microsoft SQL Server\110\Tools\Binn\;C:\Program Files (x86)\Microsoft SDKs\TypeScript\1.0\;C:\Program Files\Microsoft SQL Server\120\Tools\Binn\;C:\Program Files (x86)\nodejs\;C:\Ruby21\bin;C:\Users\Aires\AppData\Roaming\npm
USERNAME=Aires
OS=Windows_NT
PROCESSOR_IDENTIFIER=Intel64 Family 6 Model 58 Stepping 9, GenuineIntel



---------------  S Y S T E M  ---------------

OS: Windows 8.1 , 64 bit Build 9600 

CPU:total 4 (2 cores per cpu, 2 threads per core) family 6 model 58 stepping 9, cmov, cx8, fxsr, mmx, sse, sse2, sse3, ssse3, sse4.1, sse4.2, popcnt, avx, clmul, erms, ht, tsc, tscinvbit

Memory: 4k page, physical 8282396k(1360932k free), swap 8282396k(5124k free)

vm_info: Java HotSpot(TM) 64-Bit Server VM (25.5-b02) for windows-amd64 JRE (1.8.0_05-b13), built on Mar 18 2014 01:08:39 by "java_re" with MS VC++ 10.0 (VS2010)

time: Mon Aug 10 22:08:52 2015
elapsed time: 4 seconds

