#
# There is insufficient memory for the Java Runtime Environment to continue.
# Native memory allocation (malloc) failed to allocate 104064 bytes for Chunk::new
# Possible reasons:
#   The system is out of physical RAM or swap space
#   In 32 bit mode, the process size limit was hit
# Possible solutions:
#   Reduce memory load on the system
#   Increase physical memory or swap space
#   Check if swap backing store is full
#   Use 64 bit Java on a 64 bit OS
#   Decrease Java heap size (-Xmx/-Xms)
#   Decrease number of Java threads
#   Decrease Java thread stack sizes (-Xss)
#   Set larger code cache with -XX:ReservedCodeCacheSize=
# This output file may be truncated or incomplete.
#
#  Out of Memory Error (allocation.cpp:388), pid=6024, tid=8212
#
# JRE version: Java(TM) SE Runtime Environment (8.0_05-b13) (build 1.8.0_05-b13)
# Java VM: Java HotSpot(TM) 64-Bit Server VM (25.5-b02 mixed mode windows-amd64 compressed oops)
# Failed to write core dump. Minidumps are not enabled by default on client versions of Windows
#

---------------  T H R E A D  ---------------

Current thread (0x0000000014afc000):  JavaThread "C2 CompilerThread0" daemon [_thread_in_native, id=8212, stack(0x0000000016060000,0x0000000016160000)]

Stack: [0x0000000016060000,0x0000000016160000]
Native frames: (J=compiled Java code, j=interpreted, Vv=VM code, C=native code)
V  [jvm.dll+0x308dea]


Current CompileTask:
C2:   4330 1229       4       com.android.dx.ssa.SCCP::simulateStmt (481 bytes)


---------------  P R O C E S S  ---------------

Java Threads: ( => current thread )
  0x0000000014b5b800 JavaThread "Service Thread" daemon [_thread_blocked, id=8388, stack(0x0000000016360000,0x0000000016460000)]
  0x0000000014b53800 JavaThread "C1 CompilerThread2" daemon [_thread_blocked, id=9020, stack(0x0000000016260000,0x0000000016360000)]
  0x0000000014b4d800 JavaThread "C2 CompilerThread1" daemon [_thread_in_native, id=9144, stack(0x0000000016160000,0x0000000016260000)]
=>0x0000000014afc000 JavaThread "C2 CompilerThread0" daemon [_thread_in_native, id=8212, stack(0x0000000016060000,0x0000000016160000)]
  0x0000000014afa800 JavaThread "Attach Listener" daemon [_thread_blocked, id=5800, stack(0x0000000015f60000,0x0000000016060000)]
  0x0000000014af9800 JavaThread "Signal Dispatcher" daemon [_thread_blocked, id=7804, stack(0x0000000015e60000,0x0000000015f60000)]
  0x0000000002395000 JavaThread "Finalizer" daemon [_thread_blocked, id=6376, stack(0x0000000015d60000,0x0000000015e60000)]
  0x0000000002389000 JavaThread "Reference Handler" daemon [_thread_blocked, id=2252, stack(0x0000000015c60000,0x0000000015d60000)]
  0x000000000242d800 JavaThread "main" [_thread_in_Java, id=3868, stack(0x0000000002160000,0x0000000002260000)]

Other Threads:
  0x0000000014ac5000 VMThread [stack: 0x0000000015b60000,0x0000000015c60000] [id=8860]
  0x0000000014b5e800 WatcherThread [stack: 0x0000000016860000,0x0000000016960000] [id=620]

VM state:not at safepoint (normal execution)

VM Mutex/Monitor currently owned by a thread: None

Heap:
 PSYoungGen      total 10240K, used 4403K [0x00000000eab00000, 0x00000000ebe00000, 0x0000000100000000)
  eden space 8192K, 28% used [0x00000000eab00000,0x00000000ead4cd30,0x00000000eb300000)
  from space 2048K, 100% used [0x00000000eb300000,0x00000000eb500000,0x00000000eb500000)
  to   space 3072K, 0% used [0x00000000ebb00000,0x00000000ebb00000,0x00000000ebe00000)
 ParOldGen       total 129536K, used 2803K [0x00000000c0000000, 0x00000000c7e80000, 0x00000000eab00000)
  object space 129536K, 2% used [0x00000000c0000000,0x00000000c02bce18,0x00000000c7e80000)
 Metaspace       used 5469K, capacity 6768K, committed 7040K, reserved 1056768K
  class space    used 550K, capacity 616K, committed 640K, reserved 1048576K

Card table byte_map: [0x00000000117f0000,0x0000000011a00000] byte_map_base: 0x00000000111f0000

Marking Bits: (ParMarkBitMap*) 0x0000000062b913b0
 Begin Bits: [0x0000000011f60000, 0x0000000012f60000)
 End Bits:   [0x0000000012f60000, 0x0000000013f60000)

Polling page: 0x0000000002260000

CodeCache: size=245760Kb used=5141Kb max_used=5141Kb free=240618Kb
 bounds [0x0000000002430000, 0x0000000002940000, 0x0000000011430000]
 total_blobs=1543 nmethods=1281 adapters=174
 compilation: enabled

Compilation events (10 events):
Event: 4.301 Thread 0x0000000014b53800 1286       3       com.android.dx.rop.cst.CstKnownNull::hashCode (3 bytes)
Event: 4.301 Thread 0x0000000014b53800 nmethod 1286 0x000000000292b810 code [0x000000000292b960, 0x000000000292bab0]
Event: 4.302 Thread 0x0000000014b53800 1287  s    3       com.android.dx.dex.file.TypeIdsSection::intern (60 bytes)
Event: 4.303 Thread 0x0000000014b53800 nmethod 1287 0x000000000292bb50 code [0x000000000292bd60, 0x000000000292c9a8]
Event: 4.304 Thread 0x0000000014b53800 1288       3       com.android.dx.cf.code.Frame::mergeWith (80 bytes)
Event: 4.306 Thread 0x0000000014b53800 nmethod 1288 0x000000000292cf90 code [0x000000000292d1c0, 0x000000000292e1a8]
Event: 4.313 Thread 0x0000000014b53800 1289       3       com.android.dx.rop.cst.CstKnownNull::equals (5 bytes)
Event: 4.313 Thread 0x0000000014b53800 nmethod 1289 0x000000000292f2d0 code [0x000000000292f420, 0x000000000292f650]
Event: 4.314 Thread 0x0000000014b53800 1290       3       com.android.dx.ssa.SsaMethod::convertRopToSsaBlocks (103 bytes)
Event: 4.316 Thread 0x0000000014b53800 nmethod 1290 0x0000000002936d10 code [0x0000000002936f80, 0x00000000029380e8]

GC Heap History (10 events):
Event: 1.936 GC heap before
{Heap before GC invocations=5 (full 0):
 PSYoungGen      total 2560K, used 2560K [0x00000000eab00000, 0x00000000eae00000, 0x0000000100000000)
  eden space 2048K, 100% used [0x00000000eab00000,0x00000000ead00000,0x00000000ead00000)
  from space 512K, 100% used [0x00000000ead80000,0x00000000eae00000,0x00000000eae00000)
  to   space 512K, 0% used [0x00000000ead00000,0x00000000ead00000,0x00000000ead80000)
 ParOldGen       total 129536K, used 739K [0x00000000c0000000, 0x00000000c7e80000, 0x00000000eab00000)
  object space 129536K, 0% used [0x00000000c0000000,0x00000000c00b8fc0,0x00000000c7e80000)
 Metaspace       used 4196K, capacity 5712K, committed 6016K, reserved 1056768K
  class space    used 459K, capacity 520K, committed 640K, reserved 1048576K
Event: 1.941 GC heap after
Heap after GC invocations=5 (full 0):
 PSYoungGen      total 2560K, used 496K [0x00000000eab00000, 0x00000000eb200000, 0x0000000100000000)
  eden space 2048K, 0% used [0x00000000eab00000,0x00000000eab00000,0x00000000ead00000)
  from space 512K, 96% used [0x00000000ead00000,0x00000000ead7c010,0x00000000ead80000)
  to   space 1536K, 0% used [0x00000000eb080000,0x00000000eb080000,0x00000000eb200000)
 ParOldGen       total 129536K, used 1384K [0x00000000c0000000, 0x00000000c7e80000, 0x00000000eab00000)
  object space 129536K, 1% used [0x00000000c0000000,0x00000000c015a230,0x00000000c7e80000)
 Metaspace       used 4196K, capacity 5712K, committed 6016K, reserved 1056768K
  class space    used 459K, capacity 520K, committed 640K, reserved 1048576K
}
Event: 2.134 GC heap before
{Heap before GC invocations=6 (full 0):
 PSYoungGen      total 2560K, used 2544K [0x00000000eab00000, 0x00000000eb200000, 0x0000000100000000)
  eden space 2048K, 100% used [0x00000000eab00000,0x00000000ead00000,0x00000000ead00000)
  from space 512K, 96% used [0x00000000ead00000,0x00000000ead7c010,0x00000000ead80000)
  to   space 1536K, 0% used [0x00000000eb080000,0x00000000eb080000,0x00000000eb200000)
 ParOldGen       total 129536K, used 1384K [0x00000000c0000000, 0x00000000c7e80000, 0x00000000eab00000)
  object space 129536K, 1% used [0x00000000c0000000,0x00000000c015a230,0x00000000c7e80000)
 Metaspace       used 4767K, capacity 6160K, committed 6272K, reserved 1056768K
  class space    used 529K, capacity 584K, committed 640K, reserved 1048576K
Event: 2.138 GC heap after
Heap after GC invocations=6 (full 0):
 PSYoungGen      total 5632K, used 1299K [0x00000000eab00000, 0x00000000eb200000, 0x0000000100000000)
  eden space 4096K, 0% used [0x00000000eab00000,0x00000000eab00000,0x00000000eaf00000)
  from space 1536K, 84% used [0x00000000eb080000,0x00000000eb1c4d00,0x00000000eb200000)
  to   space 1536K, 0% used [0x00000000eaf00000,0x00000000eaf00000,0x00000000eb080000)
 ParOldGen       total 129536K, used 1392K [0x00000000c0000000, 0x00000000c7e80000, 0x00000000eab00000)
  object space 129536K, 1% used [0x00000000c0000000,0x00000000c015c230,0x00000000c7e80000)
 Metaspace       used 4767K, capacity 6160K, committed 6272K, reserved 1056768K
  class space    used 529K, capacity 584K, committed 640K, reserved 1048576K
}
Event: 2.836 GC heap before
{Heap before GC invocations=7 (full 0):
 PSYoungGen      total 5632K, used 5395K [0x00000000eab00000, 0x00000000eb200000, 0x0000000100000000)
  eden space 4096K, 100% used [0x00000000eab00000,0x00000000eaf00000,0x00000000eaf00000)
  from space 1536K, 84% used [0x00000000eb080000,0x00000000eb1c4d00,0x00000000eb200000)
  to   space 1536K, 0% used [0x00000000eaf00000,0x00000000eaf00000,0x00000000eb080000)
 ParOldGen       total 129536K, used 1392K [0x00000000c0000000, 0x00000000c7e80000, 0x00000000eab00000)
  object space 129536K, 1% used [0x00000000c0000000,0x00000000c015c230,0x00000000c7e80000)
 Metaspace       used 5229K, capacity 6576K, committed 6784K, reserved 1056768K
  class space    used 545K, capacity 616K, committed 640K, reserved 1048576K
Event: 2.899 GC heap after
Heap after GC invocations=7 (full 0):
 PSYoungGen      total 5632K, used 1408K [0x00000000eab00000, 0x00000000eb700000, 0x0000000100000000)
  eden space 4096K, 0% used [0x00000000eab00000,0x00000000eab00000,0x00000000eaf00000)
  from space 1536K, 91% used [0x00000000eaf00000,0x00000000eb060018,0x00000000eb080000)
  to   space 2048K, 0% used [0x00000000eb500000,0x00000000eb500000,0x00000000eb700000)
 ParOldGen       total 129536K, used 1676K [0x00000000c0000000, 0x00000000c7e80000, 0x00000000eab00000)
  object space 129536K, 1% used [0x00000000c0000000,0x00000000c01a3280,0x00000000c7e80000)
 Metaspace       used 5229K, capacity 6576K, committed 6784K, reserved 1056768K
  class space    used 545K, capacity 616K, committed 640K, reserved 1048576K
}
Event: 3.433 GC heap before
{Heap before GC invocations=8 (full 0):
 PSYoungGen      total 5632K, used 5504K [0x00000000eab00000, 0x00000000eb700000, 0x0000000100000000)
  eden space 4096K, 100% used [0x00000000eab00000,0x00000000eaf00000,0x00000000eaf00000)
  from space 1536K, 91% used [0x00000000eaf00000,0x00000000eb060018,0x00000000eb080000)
  to   space 2048K, 0% used [0x00000000eb500000,0x00000000eb500000,0x00000000eb700000)
 ParOldGen       total 129536K, used 1676K [0x00000000c0000000, 0x00000000c7e80000, 0x00000000eab00000)
  object space 129536K, 1% used [0x00000000c0000000,0x00000000c01a3280,0x00000000c7e80000)
 Metaspace       used 5313K, capacity 6640K, committed 6784K, reserved 1056768K
  class space    used 547K, capacity 616K, committed 640K, reserved 1048576K
Event: 3.459 GC heap after
Heap after GC invocations=8 (full 0):
 PSYoungGen      total 10240K, used 1856K [0x00000000eab00000, 0x00000000eb700000, 0x0000000100000000)
  eden space 8192K, 0% used [0x00000000eab00000,0x00000000eab00000,0x00000000eb300000)
  from space 2048K, 90% used [0x00000000eb500000,0x00000000eb6d0018,0x00000000eb700000)
  to   space 2048K, 0% used [0x00000000eb300000,0x00000000eb300000,0x00000000eb500000)
 ParOldGen       total 129536K, used 1776K [0x00000000c0000000, 0x00000000c7e80000, 0x00000000eab00000)
  object space 129536K, 1% used [0x00000000c0000000,0x00000000c01bc0b0,0x00000000c7e80000)
 Metaspace       used 5313K, capacity 6640K, committed 6784K, reserved 1056768K
  class space    used 547K, capacity 616K, committed 640K, reserved 1048576K
}
Event: 4.163 GC heap before
{Heap before GC invocations=9 (full 0):
 PSYoungGen      total 10240K, used 10048K [0x00000000eab00000, 0x00000000eb700000, 0x0000000100000000)
  eden space 8192K, 100% used [0x00000000eab00000,0x00000000eb300000,0x00000000eb300000)
  from space 2048K, 90% used [0x00000000eb500000,0x00000000eb6d0018,0x00000000eb700000)
  to   space 2048K, 0% used [0x00000000eb300000,0x00000000eb300000,0x00000000eb500000)
 ParOldGen       total 129536K, used 1776K [0x00000000c0000000, 0x00000000c7e80000, 0x00000000eab00000)
  object space 129536K, 1% used [0x00000000c0000000,0x00000000c01bc0b0,0x00000000c7e80000)
 Metaspace       used 5452K, capacity 6768K, committed 7040K, reserved 1056768K
  class space    used 550K, capacity 616K, committed 640K, reserved 1048576K
Event: 4.211 GC heap after
Heap after GC invocations=9 (full 0):
 PSYoungGen      total 10240K, used 2048K [0x00000000eab00000, 0x00000000ebe00000, 0x0000000100000000)
  eden space 8192K, 0% used [0x00000000eab00000,0x00000000eab00000,0x00000000eb300000)
  from space 2048K, 100% used [0x00000000eb300000,0x00000000eb500000,0x00000000eb500000)
  to   space 3072K, 0% used [0x00000000ebb00000,0x00000000ebb00000,0x00000000ebe00000)
 ParOldGen       total 129536K, used 2803K [0x00000000c0000000, 0x00000000c7e80000, 0x00000000eab00000)
  object space 129536K, 2% used [0x00000000c0000000,0x00000000c02bce18,0x00000000c7e80000)
 Metaspace       used 5452K, capacity 6768K, committed 7040K, reserved 1056768K
  class space    used 550K, capacity 616K, committed 640K, reserved 1048576K
}

Deoptimization events (8 events):
Event: 2.937 Thread 0x000000000242d800 Uncommon trap: reason=bimorphic action=maybe_recompile pc=0x000000000266470c method=java.util.HashMap.getNode(ILjava/lang/Object;)Ljava/util/HashMap$Node; @ 126
Event: 3.612 Thread 0x000000000242d800 Uncommon trap: reason=class_check action=maybe_recompile pc=0x0000000002793d60 method=com.android.dx.ssa.NormalSsaInsn.accept(Lcom/android/dx/ssa/SsaInsn$Visitor;)V @ 9
Event: 3.612 Thread 0x000000000242d800 Uncommon trap: reason=class_check action=maybe_recompile pc=0x00000000026d6f30 method=com.android.dx.ssa.NormalSsaInsn.accept(Lcom/android/dx/ssa/SsaInsn$Visitor;)V @ 9
Event: 3.612 Thread 0x000000000242d800 Uncommon trap: reason=class_check action=maybe_recompile pc=0x00000000026d6f30 method=com.android.dx.ssa.NormalSsaInsn.accept(Lcom/android/dx/ssa/SsaInsn$Visitor;)V @ 9
Event: 3.612 Thread 0x000000000242d800 Uncommon trap: reason=class_check action=maybe_recompile pc=0x00000000026d6f30 method=com.android.dx.ssa.NormalSsaInsn.accept(Lcom/android/dx/ssa/SsaInsn$Visitor;)V @ 9
Event: 3.615 Thread 0x000000000242d800 Uncommon trap: reason=class_check action=maybe_recompile pc=0x0000000002793d60 method=com.android.dx.ssa.NormalSsaInsn.accept(Lcom/android/dx/ssa/SsaInsn$Visitor;)V @ 9
Event: 3.633 Thread 0x000000000242d800 Uncommon trap: reason=unreached action=reinterpret pc=0x000000000284891c method=com.android.dx.ssa.SsaMethod.updateOneDefinition(Lcom/android/dx/ssa/SsaInsn;Lcom/android/dx/rop/code/RegisterSpec;)V @ 4
Event: 4.005 Thread 0x000000000242d800 Uncommon trap: reason=bimorphic action=maybe_recompile pc=0x000000000264ed50 method=java.util.HashMap.getNode(ILjava/lang/Object;)Ljava/util/HashMap$Node; @ 126

Internal exceptions (10 events):
Event: 2.280 Thread 0x000000000242d800 Exception <a 'java/security/PrivilegedActionException'> (0x00000000eabbfba0) thrown at [D:\re\workspace\8-2-build-windows-amd64-cygwin\jdk8u5\2488\hotspot\src\share\vm\prims\jvm.cpp, line 1248]
Event: 2.395 Thread 0x000000000242d800 Exception <a 'java/security/PrivilegedActionException'> (0x00000000eac87820) thrown at [D:\re\workspace\8-2-build-windows-amd64-cygwin\jdk8u5\2488\hotspot\src\share\vm\prims\jvm.cpp, line 1248]
Event: 2.397 Thread 0x000000000242d800 Exception <a 'java/security/PrivilegedActionException'> (0x00000000eac8e698) thrown at [D:\re\workspace\8-2-build-windows-amd64-cygwin\jdk8u5\2488\hotspot\src\share\vm\prims\jvm.cpp, line 1248]
Event: 3.203 Thread 0x000000000242d800 Exception <a 'java/security/PrivilegedActionException'> (0x00000000ead78280) thrown at [D:\re\workspace\8-2-build-windows-amd64-cygwin\jdk8u5\2488\hotspot\src\share\vm\prims\jvm.cpp, line 1248]
Event: 3.279 Thread 0x000000000242d800 Exception <a 'java/security/PrivilegedActionException'> (0x00000000ead8c588) thrown at [D:\re\workspace\8-2-build-windows-amd64-cygwin\jdk8u5\2488\hotspot\src\share\vm\prims\jvm.cpp, line 1248]
Event: 3.606 Thread 0x000000000242d800 Exception <a 'java/security/PrivilegedActionException'> (0x00000000eacf38a0) thrown at [D:\re\workspace\8-2-build-windows-amd64-cygwin\jdk8u5\2488\hotspot\src\share\vm\prims\jvm.cpp, line 1248]
Event: 3.616 Thread 0x000000000242d800 Exception <a 'java/security/PrivilegedActionException'> (0x00000000ead27540) thrown at [D:\re\workspace\8-2-build-windows-amd64-cygwin\jdk8u5\2488\hotspot\src\share\vm\prims\jvm.cpp, line 1248]
Event: 3.625 Thread 0x000000000242d800 Exception <a 'java/security/PrivilegedActionException'> (0x00000000ead31520) thrown at [D:\re\workspace\8-2-build-windows-amd64-cygwin\jdk8u5\2488\hotspot\src\share\vm\prims\jvm.cpp, line 1248]
Event: 3.626 Thread 0x000000000242d800 Exception <a 'java/security/PrivilegedActionException'> (0x00000000ead33b18) thrown at [D:\re\workspace\8-2-build-windows-amd64-cygwin\jdk8u5\2488\hotspot\src\share\vm\prims\jvm.cpp, line 1248]
Event: 3.632 Thread 0x000000000242d800 Exception <a 'java/security/PrivilegedActionException'> (0x00000000ead47940) thrown at [D:\re\workspace\8-2-build-windows-amd64-cygwin\jdk8u5\2488\hotspot\src\share\vm\prims\jvm.cpp, line 1248]

Events (10 events):
Event: 3.632 loading class com/android/dx/rop/code/RegOps
Event: 3.632 loading class com/android/dx/rop/code/RegOps done
Event: 3.633 Thread 0x000000000242d800 Uncommon trap: trap_request=0xffffffad fr.pc=0x000000000284891c
Event: 3.633 Thread 0x000000000242d800 DEOPT PACKING pc=0x000000000284891c sp=0x000000000225e990
Event: 3.633 Thread 0x000000000242d800 DEOPT UNPACKING pc=0x00000000024755af sp=0x000000000225e938 mode 2
Event: 4.005 Thread 0x000000000242d800 Uncommon trap: trap_request=0xffffffc6 fr.pc=0x000000000264ed50
Event: 4.005 Thread 0x000000000242d800 DEOPT PACKING pc=0x000000000264ed50 sp=0x000000000225eba0
Event: 4.005 Thread 0x000000000242d800 DEOPT UNPACKING pc=0x00000000024755af sp=0x000000000225eb10 mode 2
Event: 4.163 Executing VM operation: ParallelGCFailedAllocation
Event: 4.211 Executing VM operation: ParallelGCFailedAllocation done


Dynamic libraries:
0x00007ff7c80c0000 - 0x00007ff7c80f4000 	C:\Program Files\Java\jdk1.8.0_05\bin\java.exe
0x00007ffb2ad40000 - 0x00007ffb2af01000 	C:\WINDOWS\SYSTEM32\ntdll.dll
0x00007ffb2abe0000 - 0x00007ffb2ac8d000 	C:\WINDOWS\system32\KERNEL32.DLL
0x00007ffb28230000 - 0x00007ffb2840d000 	C:\WINDOWS\system32\KERNELBASE.dll
0x00007ffb2aaa0000 - 0x00007ffb2ab46000 	C:\WINDOWS\system32\ADVAPI32.dll
0x00007ffb28840000 - 0x00007ffb288dd000 	C:\WINDOWS\system32\msvcrt.dll
0x00007ffb2a970000 - 0x00007ffb2a9cb000 	C:\WINDOWS\system32\sechost.dll
0x00007ffb2a410000 - 0x00007ffb2a536000 	C:\WINDOWS\system32\RPCRT4.dll
0x00007ffb2a540000 - 0x00007ffb2a68e000 	C:\WINDOWS\system32\USER32.dll
0x00007ffb2a690000 - 0x00007ffb2a816000 	C:\WINDOWS\system32\GDI32.dll
0x00007ffb1dee0000 - 0x00007ffb1e154000 	C:\WINDOWS\WinSxS\amd64_microsoft.windows.common-controls_6595b64144ccf1df_6.0.10240.16384_none_f41f7b285750ef43\COMCTL32.dll
0x00007ffb2ad00000 - 0x00007ffb2ad36000 	C:\WINDOWS\system32\IMM32.DLL
0x00007ffb2a160000 - 0x00007ffb2a2bc000 	C:\WINDOWS\system32\MSCTF.dll
0x0000000061f60000 - 0x0000000062032000 	C:\Program Files\Java\jdk1.8.0_05\jre\bin\msvcr100.dll
0x00000000623e0000 - 0x0000000062c0a000 	C:\Program Files\Java\jdk1.8.0_05\jre\bin\server\jvm.dll
0x00007ffb2a400000 - 0x00007ffb2a408000 	C:\WINDOWS\system32\PSAPI.DLL
0x00007ffb25790000 - 0x00007ffb25799000 	C:\WINDOWS\SYSTEM32\WSOCK32.dll
0x00007ffb2ab50000 - 0x00007ffb2abb9000 	C:\WINDOWS\system32\WS2_32.dll
0x00007ffb2a9d0000 - 0x00007ffb2a9d8000 	C:\WINDOWS\system32\NSI.dll
0x00007ffb25860000 - 0x00007ffb25883000 	C:\WINDOWS\SYSTEM32\WINMM.dll
0x00007ffb25800000 - 0x00007ffb2582c000 	C:\WINDOWS\SYSTEM32\WINMMBASE.dll
0x00007ffb27af0000 - 0x00007ffb27b34000 	C:\WINDOWS\system32\cfgmgr32.dll
0x00007ffb260e0000 - 0x00007ffb26107000 	C:\WINDOWS\SYSTEM32\DEVOBJ.dll
0x00000000623d0000 - 0x00000000623df000 	C:\Program Files\Java\jdk1.8.0_05\jre\bin\verify.dll
0x00000000623a0000 - 0x00000000623c8000 	C:\Program Files\Java\jdk1.8.0_05\jre\bin\java.dll
0x0000000062380000 - 0x0000000062396000 	C:\Program Files\Java\jdk1.8.0_05\jre\bin\zip.dll
0x00007ffb28c30000 - 0x00007ffb2a152000 	C:\WINDOWS\system32\SHELL32.dll
0x00007ffb27c00000 - 0x00007ffb28229000 	C:\WINDOWS\system32\windows.storage.dll
0x00007ffb288e0000 - 0x00007ffb28b5c000 	C:\WINDOWS\system32\combase.dll
0x00007ffb2a3a0000 - 0x00007ffb2a3f1000 	C:\WINDOWS\system32\shlwapi.dll
0x00007ffb27770000 - 0x00007ffb2777f000 	C:\WINDOWS\system32\kernel.appcore.dll
0x00007ffb27b40000 - 0x00007ffb27bf3000 	C:\WINDOWS\system32\shcore.dll
0x00007ffb277c0000 - 0x00007ffb2780a000 	C:\WINDOWS\system32\powrprof.dll
0x00007ffb27780000 - 0x00007ffb27793000 	C:\WINDOWS\system32\profapi.dll
0x00007ffb07da0000 - 0x00007ffb07f2a000 	C:\WINDOWS\SYSTEM32\dbghelp.dll

VM Arguments:
jvm_args: -Xmx1024M -Dfile.encoding=windows-1252 -Duser.country=BR -Duser.language=pt -Duser.variant 
java_command: com.android.dx.command.Main --dex --output E:\GitHub\FitCook\app\build\intermediates\pre-dexed\release\classes-6809e509a15a517b998c44d9a00f4d2965a4080e.jar E:\GitHub\FitCook\app\build\intermediates\exploded-aar\com.google.android.gms\play-services-location\7.5.0\jars\classes.jar
java_class_path (initial): C:\Program Files (x86)\Android\android-sdk\build-tools\22.0.1\lib\dx.jar
Launcher Type: SUN_STANDARD

Environment Variables:
JAVA_HOME=C:\Program Files\Java\jdk1.8.0_05
PATH=C:\Program Files (x86)\Intel\iCLS Client\;C:\Program Files\Intel\iCLS Client\;C:\WINDOWS\system32;C:\WINDOWS;C:\WINDOWS\System32\Wbem;C:\WINDOWS\System32\WindowsPowerShell\v1.0\;C:\Program Files (x86)\Windows Live\Shared;C:\Program Files (x86)\Intel\OpenCL SDK\2.0\bin\x86;C:\Program Files (x86)\Intel\OpenCL SDK\2.0\bin\x64;C:\Program Files\Intel\Intel(R) Management Engine Components\DAL;C:\Program Files\Intel\Intel(R) Management Engine Components\IPT;C:\Program Files (x86)\Intel\Intel(R) Management Engine Components\DAL;C:\Program Files (x86)\Intel\Intel(R) Management Engine Components\IPT;C:\Program Files\Java\jdk1.8.0_05/bin;C:\Program Files (x86)\Android\android-sdk\platform-tools;C:\Program Files (x86)\Git\cmd;C:\Program Files (x86)\Windows Kits\8.1\Windows Performance Toolkit\;C:\Program Files\Microsoft SQL Server\110\Tools\Binn\;C:\Program Files (x86)\Microsoft SDKs\TypeScript\1.0\;C:\Program Files\Microsoft SQL Server\120\Tools\Binn\;C:\Program Files (x86)\nodejs\;C:\Program Files\Google\Cloud SDK\google-cloud-sdk\bin;C:\Program Files (x86)\Skype\Phone\;C:\Ruby21\bin;C:\Users\Aires\AppData\Roaming\npm
USERNAME=Aires
OS=Windows_NT
PROCESSOR_IDENTIFIER=Intel64 Family 6 Model 58 Stepping 9, GenuineIntel



---------------  S Y S T E M  ---------------

OS: Windows 8.1 , 64 bit Build 9600 

CPU:total 4 (2 cores per cpu, 2 threads per core) family 6 model 58 stepping 9, cmov, cx8, fxsr, mmx, sse, sse2, sse3, ssse3, sse4.1, sse4.2, popcnt, avx, clmul, erms, ht, tsc, tscinvbit

Memory: 4k page, physical 8282396k(1209044k free), swap 8282396k(8004k free)

vm_info: Java HotSpot(TM) 64-Bit Server VM (25.5-b02) for windows-amd64 JRE (1.8.0_05-b13), built on Mar 18 2014 01:08:39 by "java_re" with MS VC++ 10.0 (VS2010)

time: Wed Aug 26 11:39:50 2015
elapsed time: 4 seconds

