#
# There is insufficient memory for the Java Runtime Environment to continue.
# Native memory allocation (malloc) failed to allocate 906896 bytes for Chunk::new
# Possible reasons:
#   The system is out of physical RAM or swap space
#   In 32 bit mode, the process size limit was hit
# Possible solutions:
#   Reduce memory load on the system
#   Increase physical memory or swap space
#   Check if swap backing store is full
#   Use 64 bit Java on a 64 bit OS
#   Decrease Java heap size (-Xmx/-Xms)
#   Decrease number of Java threads
#   Decrease Java thread stack sizes (-Xss)
#   Set larger code cache with -XX:ReservedCodeCacheSize=
# This output file may be truncated or incomplete.
#
#  Out of Memory Error (allocation.cpp:388), pid=8812, tid=3540
#
# JRE version: Java(TM) SE Runtime Environment (8.0_05-b13) (build 1.8.0_05-b13)
# Java VM: Java HotSpot(TM) 64-Bit Server VM (25.5-b02 mixed mode windows-amd64 compressed oops)
# Failed to write core dump. Minidumps are not enabled by default on client versions of Windows
#

---------------  T H R E A D  ---------------

Current thread (0x000000001507d800):  JavaThread "C2 CompilerThread1" daemon [_thread_in_native, id=3540, stack(0x00000000166a0000,0x00000000167a0000)]

Stack: [0x00000000166a0000,0x00000000167a0000]
Native frames: (J=compiled Java code, j=interpreted, Vv=VM code, C=native code)
V  [jvm.dll+0x308dea]


Current CompileTask:
C2:  42035 2298       4       com.android.dx.ssa.ConstCollector::getConstsSortedByCountUse (386 bytes)


---------------  P R O C E S S  ---------------

Java Threads: ( => current thread )
  0x0000000016c20000 JavaThread "pool-1-thread-4" [_thread_in_Java, id=5236, stack(0x00000000172a0000,0x00000000173a0000)]
  0x0000000016c0f800 JavaThread "pool-1-thread-3" [_thread_blocked, id=7432, stack(0x00000000171a0000,0x00000000172a0000)]
  0x0000000016bfc800 JavaThread "pool-1-thread-2" [_thread_blocked, id=7732, stack(0x00000000170a0000,0x00000000171a0000)]
  0x0000000016bf4000 JavaThread "pool-2-thread-1" [_thread_blocked, id=596, stack(0x0000000016fa0000,0x00000000170a0000)]
  0x0000000016bf1800 JavaThread "pool-1-thread-1" [_thread_blocked, id=1300, stack(0x0000000016ea0000,0x0000000016fa0000)]
  0x000000001508b800 JavaThread "Service Thread" daemon [_thread_blocked, id=8344, stack(0x00000000168a0000,0x00000000169a0000)]
  0x0000000015080000 JavaThread "C1 CompilerThread2" daemon [_thread_blocked, id=6952, stack(0x00000000167a0000,0x00000000168a0000)]
=>0x000000001507d800 JavaThread "C2 CompilerThread1" daemon [_thread_in_native, id=3540, stack(0x00000000166a0000,0x00000000167a0000)]
  0x000000001502c000 JavaThread "C2 CompilerThread0" daemon [_thread_in_native, id=3688, stack(0x00000000165a0000,0x00000000166a0000)]
  0x000000001502a800 JavaThread "Attach Listener" daemon [_thread_blocked, id=612, stack(0x00000000164a0000,0x00000000165a0000)]
  0x0000000015029800 JavaThread "Signal Dispatcher" daemon [_thread_blocked, id=6040, stack(0x00000000163a0000,0x00000000164a0000)]
  0x0000000002955000 JavaThread "Finalizer" daemon [_thread_blocked, id=7408, stack(0x00000000162a0000,0x00000000163a0000)]
  0x0000000002949000 JavaThread "Reference Handler" daemon [_thread_blocked, id=4980, stack(0x00000000161a0000,0x00000000162a0000)]
  0x000000000265d800 JavaThread "main" [_thread_in_Java, id=8396, stack(0x0000000002660000,0x0000000002760000)]

Other Threads:
  0x0000000014ff5000 VMThread [stack: 0x00000000160a0000,0x00000000161a0000] [id=5484]
  0x000000001508e800 WatcherThread [stack: 0x0000000016da0000,0x0000000016ea0000] [id=5776]

VM state:not at safepoint (normal execution)

VM Mutex/Monitor currently owned by a thread: None

Heap:
 PSYoungGen      total 133120K, used 5379K [0x00000000eab00000, 0x00000000f6180000, 0x0000000100000000)
  eden space 83456K, 5% used [0x00000000eab00000,0x00000000eaf1cc40,0x00000000efc80000)
  from space 49664K, 2% used [0x00000000efc80000,0x00000000efda4240,0x00000000f2d00000)
  to   space 46592K, 0% used [0x00000000f3400000,0x00000000f3400000,0x00000000f6180000)
 ParOldGen       total 249344K, used 205571K [0x00000000c0000000, 0x00000000cf380000, 0x00000000eab00000)
  object space 249344K, 82% used [0x00000000c0000000,0x00000000cc8c0c28,0x00000000cf380000)
 Metaspace       used 6153K, capacity 7064K, committed 7424K, reserved 1056768K
  class space    used 616K, capacity 656K, committed 768K, reserved 1048576K

Card table byte_map: [0x0000000011d20000,0x0000000011f30000] byte_map_base: 0x0000000011720000

Marking Bits: (ParMarkBitMap*) 0x0000000059e813b0
 Begin Bits: [0x0000000012490000, 0x0000000013490000)
 End Bits:   [0x0000000013490000, 0x0000000014490000)

Polling page: 0x0000000000fe0000

CodeCache: size=245760Kb used=7915Kb max_used=9978Kb free=237844Kb
 bounds [0x0000000002960000, 0x0000000003380000, 0x0000000011960000]
 total_blobs=2005 nmethods=1734 adapters=184
 compilation: enabled

Compilation events (10 events):
Event: 41.948 Thread 0x0000000015080000 2302       2       com.android.dx.util.BitIntSet::merge (148 bytes)
Event: 41.950 Thread 0x0000000015080000 nmethod 2302 0x0000000002bf2910 code [0x0000000002bf2b20, 0x0000000002bf30d8]
Event: 41.961 Thread 0x0000000015080000 2305       2       com.android.dx.ssa.InterferenceRegisterMapper::addInterfence (62 bytes)
Event: 41.963 Thread 0x0000000015080000 nmethod 2305 0x0000000002a6c190 code [0x0000000002a6c380, 0x0000000002a6cae8]
Event: 41.965 Thread 0x0000000015080000 2306       2       com.android.dx.ssa.back.InterferenceGraph::mergeInterferenceSet (29 bytes)
Event: 41.965 Thread 0x0000000015080000 nmethod 2306 0x0000000002b75d50 code [0x0000000002b75ee0, 0x0000000002b761a8]
Event: 41.966 Thread 0x0000000015080000 2307       2       com.android.dx.ssa.back.FirstFitLocalCombiningAllocator::addMapping (76 bytes)
Event: 41.967 Thread 0x0000000015080000 nmethod 2307 0x0000000002b57450 code [0x0000000002b57660, 0x0000000002b57bb8]
Event: 41.968 Thread 0x0000000015080000 2308       2       com.android.dx.ssa.InterferenceRegisterMapper::addMapping (27 bytes)
Event: 41.968 Thread 0x0000000015080000 nmethod 2308 0x0000000002bbbe50 code [0x0000000002bbbfc0, 0x0000000002bbc1c8]

GC Heap History (10 events):
Event: 25.782 GC heap before
{Heap before GC invocations=28 (full 1):
 PSYoungGen      total 109568K, used 73324K [0x00000000eab00000, 0x00000000f4380000, 0x0000000100000000)
  eden space 72192K, 100% used [0x00000000eab00000,0x00000000ef180000,0x00000000ef180000)
  from space 37376K, 3% used [0x00000000f1900000,0x00000000f1a1b058,0x00000000f3d80000)
  to   space 40448K, 0% used [0x00000000ef180000,0x00000000ef180000,0x00000000f1900000)
 ParOldGen       total 158208K, used 129306K [0x00000000c0000000, 0x00000000c9a80000, 0x00000000eab00000)
  object space 158208K, 81% used [0x00000000c0000000,0x00000000c7e46a90,0x00000000c9a80000)
 Metaspace       used 6150K, capacity 7064K, committed 7424K, reserved 1056768K
  class space    used 615K, capacity 656K, committed 768K, reserved 1048576K
Event: 26.251 GC heap after
Heap after GC invocations=28 (full 1):
 PSYoungGen      total 112640K, used 36176K [0x00000000eab00000, 0x00000000f5a00000, 0x0000000100000000)
  eden space 72192K, 0% used [0x00000000eab00000,0x00000000eab00000,0x00000000ef180000)
  from space 40448K, 89% used [0x00000000ef180000,0x00000000f14d4178,0x00000000f1900000)
  to   space 46080K, 0% used [0x00000000f2d00000,0x00000000f2d00000,0x00000000f5a00000)
 ParOldGen       total 158208K, used 130506K [0x00000000c0000000, 0x00000000c9a80000, 0x00000000eab00000)
  object space 158208K, 82% used [0x00000000c0000000,0x00000000c7f72a90,0x00000000c9a80000)
 Metaspace       used 6150K, capacity 7064K, committed 7424K, reserved 1056768K
  class space    used 615K, capacity 656K, committed 768K, reserved 1048576K
}
Event: 26.891 GC heap before
{Heap before GC invocations=29 (full 1):
 PSYoungGen      total 112640K, used 108368K [0x00000000eab00000, 0x00000000f5a00000, 0x0000000100000000)
  eden space 72192K, 100% used [0x00000000eab00000,0x00000000ef180000,0x00000000ef180000)
  from space 40448K, 89% used [0x00000000ef180000,0x00000000f14d4178,0x00000000f1900000)
  to   space 46080K, 0% used [0x00000000f2d00000,0x00000000f2d00000,0x00000000f5a00000)
 ParOldGen       total 158208K, used 130506K [0x00000000c0000000, 0x00000000c9a80000, 0x00000000eab00000)
  object space 158208K, 82% used [0x00000000c0000000,0x00000000c7f72a90,0x00000000c9a80000)
 Metaspace       used 6152K, capacity 7064K, committed 7424K, reserved 1056768K
  class space    used 616K, capacity 656K, committed 768K, reserved 1048576K
Event: 27.414 GC heap after
Heap after GC invocations=29 (full 1):
 PSYoungGen      total 129536K, used 33547K [0x00000000eab00000, 0x00000000f6180000, 0x0000000100000000)
  eden space 83456K, 0% used [0x00000000eab00000,0x00000000eab00000,0x00000000efc80000)
  from space 46080K, 72% used [0x00000000f2d00000,0x00000000f4dc2e80,0x00000000f5a00000)
  to   space 49664K, 0% used [0x00000000efc80000,0x00000000efc80000,0x00000000f2d00000)
 ParOldGen       total 167936K, used 167464K [0x00000000c0000000, 0x00000000ca400000, 0x00000000eab00000)
  object space 167936K, 99% used [0x00000000c0000000,0x00000000ca38a188,0x00000000ca400000)
 Metaspace       used 6152K, capacity 7064K, committed 7424K, reserved 1056768K
  class space    used 616K, capacity 656K, committed 768K, reserved 1048576K
}
Event: 27.414 GC heap before
{Heap before GC invocations=30 (full 2):
 PSYoungGen      total 129536K, used 33547K [0x00000000eab00000, 0x00000000f6180000, 0x0000000100000000)
  eden space 83456K, 0% used [0x00000000eab00000,0x00000000eab00000,0x00000000efc80000)
  from space 46080K, 72% used [0x00000000f2d00000,0x00000000f4dc2e80,0x00000000f5a00000)
  to   space 49664K, 0% used [0x00000000efc80000,0x00000000efc80000,0x00000000f2d00000)
 ParOldGen       total 167936K, used 167464K [0x00000000c0000000, 0x00000000ca400000, 0x00000000eab00000)
  object space 167936K, 99% used [0x00000000c0000000,0x00000000ca38a188,0x00000000ca400000)
 Metaspace       used 6152K, capacity 7064K, committed 7424K, reserved 1056768K
  class space    used 616K, capacity 656K, committed 768K, reserved 1048576K
Event: 31.734 GC heap after
Heap after GC invocations=30 (full 2):
 PSYoungGen      total 129536K, used 28189K [0x00000000eab00000, 0x00000000f6180000, 0x0000000100000000)
  eden space 83456K, 0% used [0x00000000eab00000,0x00000000eab00000,0x00000000efc80000)
  from space 46080K, 61% used [0x00000000f2d00000,0x00000000f4887530,0x00000000f5a00000)
  to   space 49664K, 0% used [0x00000000efc80000,0x00000000efc80000,0x00000000f2d00000)
 ParOldGen       total 205824K, used 167693K [0x00000000c0000000, 0x00000000cc900000, 0x00000000eab00000)
  object space 205824K, 81% used [0x00000000c0000000,0x00000000ca3c3700,0x00000000cc900000)
 Metaspace       used 6152K, capacity 7064K, committed 7424K, reserved 1056768K
  class space    used 616K, capacity 656K, committed 768K, reserved 1048576K
}
Event: 33.768 GC heap before
{Heap before GC invocations=31 (full 2):
 PSYoungGen      total 129536K, used 111645K [0x00000000eab00000, 0x00000000f6180000, 0x0000000100000000)
  eden space 83456K, 100% used [0x00000000eab00000,0x00000000efc80000,0x00000000efc80000)
  from space 46080K, 61% used [0x00000000f2d00000,0x00000000f4887530,0x00000000f5a00000)
  to   space 49664K, 0% used [0x00000000efc80000,0x00000000efc80000,0x00000000f2d00000)
 ParOldGen       total 205824K, used 167693K [0x00000000c0000000, 0x00000000cc900000, 0x00000000eab00000)
  object space 205824K, 81% used [0x00000000c0000000,0x00000000ca3c3700,0x00000000cc900000)
 Metaspace       used 6153K, capacity 7064K, committed 7424K, reserved 1056768K
  class space    used 616K, capacity 656K, committed 768K, reserved 1048576K
Event: 34.289 GC heap after
Heap after GC invocations=31 (full 2):
 PSYoungGen      total 133120K, used 15908K [0x00000000eab00000, 0x00000000f6180000, 0x0000000100000000)
  eden space 83456K, 0% used [0x00000000eab00000,0x00000000eab00000,0x00000000efc80000)
  from space 49664K, 32% used [0x00000000efc80000,0x00000000f0c090c0,0x00000000f2d00000)
  to   space 46592K, 0% used [0x00000000f3400000,0x00000000f3400000,0x00000000f6180000)
 ParOldGen       total 205824K, used 197413K [0x00000000c0000000, 0x00000000cc900000, 0x00000000eab00000)
  object space 205824K, 95% used [0x00000000c0000000,0x00000000cc0c9700,0x00000000cc900000)
 Metaspace       used 6153K, capacity 7064K, committed 7424K, reserved 1056768K
  class space    used 616K, capacity 656K, committed 768K, reserved 1048576K
}
Event: 34.289 GC heap before
{Heap before GC invocations=32 (full 3):
 PSYoungGen      total 133120K, used 15908K [0x00000000eab00000, 0x00000000f6180000, 0x0000000100000000)
  eden space 83456K, 0% used [0x00000000eab00000,0x00000000eab00000,0x00000000efc80000)
  from space 49664K, 32% used [0x00000000efc80000,0x00000000f0c090c0,0x00000000f2d00000)
  to   space 46592K, 0% used [0x00000000f3400000,0x00000000f3400000,0x00000000f6180000)
 ParOldGen       total 205824K, used 197413K [0x00000000c0000000, 0x00000000cc900000, 0x00000000eab00000)
  object space 205824K, 95% used [0x00000000c0000000,0x00000000cc0c9700,0x00000000cc900000)
 Metaspace       used 6153K, capacity 7064K, committed 7424K, reserved 1056768K
  class space    used 616K, capacity 656K, committed 768K, reserved 1048576K
Event: 41.817 GC heap after
Heap after GC invocations=32 (full 3):
 PSYoungGen      total 133120K, used 1168K [0x00000000eab00000, 0x00000000f6180000, 0x0000000100000000)
  eden space 83456K, 0% used [0x00000000eab00000,0x00000000eab00000,0x00000000efc80000)
  from space 49664K, 2% used [0x00000000efc80000,0x00000000efda4240,0x00000000f2d00000)
  to   space 46592K, 0% used [0x00000000f3400000,0x00000000f3400000,0x00000000f6180000)
 ParOldGen       total 249344K, used 205571K [0x00000000c0000000, 0x00000000cf380000, 0x00000000eab00000)
  object space 249344K, 82% used [0x00000000c0000000,0x00000000cc8c0c28,0x00000000cf380000)
 Metaspace       used 6153K, capacity 7064K, committed 7424K, reserved 1056768K
  class space    used 616K, capacity 656K, committed 768K, reserved 1048576K
}

Deoptimization events (10 events):
Event: 26.375 Thread 0x0000000016bf1800 Uncommon trap: reason=class_check action=maybe_recompile pc=0x0000000003105ad8 method=com.android.dx.ssa.SsaConverter.placePhiFunctions(Lcom/android/dx/ssa/SsaMethod;Lcom/android/dx/ssa/LocalVariableInfo;I)V @ 257
Event: 26.375 Thread 0x0000000016bf1800 Uncommon trap: reason=class_check action=maybe_recompile pc=0x0000000003105ad8 method=com.android.dx.ssa.SsaConverter.placePhiFunctions(Lcom/android/dx/ssa/SsaMethod;Lcom/android/dx/ssa/LocalVariableInfo;I)V @ 257
Event: 31.785 Thread 0x0000000016c0f800 Uncommon trap: reason=class_check action=maybe_recompile pc=0x0000000003217ecc method=com.android.dx.ssa.SsaConverter.placePhiFunctions(Lcom/android/dx/ssa/SsaMethod;Lcom/android/dx/ssa/LocalVariableInfo;I)V @ 257
Event: 31.820 Thread 0x0000000016c20000 Uncommon trap: reason=class_check action=maybe_recompile pc=0x000000000324562c method=com.android.dx.ssa.SsaConverter.placePhiFunctions(Lcom/android/dx/ssa/SsaMethod;Lcom/android/dx/ssa/LocalVariableInfo;I)V @ 257
Event: 32.861 Thread 0x0000000016c20000 Uncommon trap: reason=unloaded action=reinterpret pc=0x0000000002c9f2b8 method=com.android.dx.ssa.SetFactory.makeLivenessSet(I)Lcom/android/dx/util/IntSet; @ 18
Event: 32.862 Thread 0x0000000016c20000 Uncommon trap: reason=unloaded action=reinterpret pc=0x0000000002c74d00 method=com.android.dx.ssa.SetFactory.makeLivenessSet(I)Lcom/android/dx/util/IntSet; @ 18
Event: 41.948 Thread 0x0000000016c20000 Uncommon trap: reason=class_check action=maybe_recompile pc=0x0000000002fa67c4 method=com.android.dx.ssa.back.InterferenceGraph.mergeInterferenceSet(ILcom/android/dx/util/IntSet;)V @ 20
Event: 41.951 Thread 0x0000000016c20000 Uncommon trap: reason=class_check action=maybe_recompile pc=0x0000000002fa67c4 method=com.android.dx.ssa.back.InterferenceGraph.mergeInterferenceSet(ILcom/android/dx/util/IntSet;)V @ 20
Event: 41.951 Thread 0x0000000016c20000 Uncommon trap: reason=class_check action=maybe_recompile pc=0x0000000002fa67c4 method=com.android.dx.ssa.back.InterferenceGraph.mergeInterferenceSet(ILcom/android/dx/util/IntSet;)V @ 20
Event: 41.961 Thread 0x0000000016c20000 Uncommon trap: reason=class_check action=maybe_recompile pc=0x0000000002fa67c4 method=com.android.dx.ssa.back.InterferenceGraph.mergeInterferenceSet(ILcom/android/dx/util/IntSet;)V @ 20

Internal exceptions (10 events):
Event: 4.094 Thread 0x000000000265d800 Exception <a 'java/security/PrivilegedActionException'> (0x00000000eaf4e1e8) thrown at [D:\re\workspace\8-2-build-windows-amd64-cygwin\jdk8u5\2488\hotspot\src\share\vm\prims\jvm.cpp, line 1248]
Event: 4.385 Thread 0x0000000016bfc800 Exception <a 'java/security/PrivilegedActionException'> (0x00000000eabc71e0) thrown at [D:\re\workspace\8-2-build-windows-amd64-cygwin\jdk8u5\2488\hotspot\src\share\vm\prims\jvm.cpp, line 1248]
Event: 7.094 Thread 0x0000000016c0f800 Exception <a 'java/security/PrivilegedActionException'> (0x00000000eb420688) thrown at [D:\re\workspace\8-2-build-windows-amd64-cygwin\jdk8u5\2488\hotspot\src\share\vm\prims\jvm.cpp, line 1248]
Event: 8.092 Thread 0x0000000016bfc800 Exception <a 'java/security/PrivilegedActionException'> (0x00000000ebdc5e80) thrown at [D:\re\workspace\8-2-build-windows-amd64-cygwin\jdk8u5\2488\hotspot\src\share\vm\prims\jvm.cpp, line 1248]
Event: 11.935 Thread 0x0000000016c20000 Exception <a 'java/lang/ArrayIndexOutOfBoundsException': 18> (0x00000000ec1b3a70) thrown at [D:\re\workspace\8-2-build-windows-amd64-cygwin\jdk8u5\2488\hotspot\src\share\vm\interpreter\interpreterRuntime.cpp, line 337]
Event: 11.936 Thread 0x0000000016c20000 Exception <a 'java/lang/ArrayIndexOutOfBoundsException': 145> (0x00000000ec1b5508) thrown at [D:\re\workspace\8-2-build-windows-amd64-cygwin\jdk8u5\2488\hotspot\src\share\vm\interpreter\interpreterRuntime.cpp, line 337]
Event: 11.937 Thread 0x0000000016c20000 Exception <a 'java/lang/ArrayIndexOutOfBoundsException'> (0x00000000ec1b6720) thrown at [D:\re\workspace\8-2-build-windows-amd64-cygwin\jdk8u5\2488\hotspot\src\share\vm\runtime\sharedRuntime.cpp, line 595]
Event: 15.093 Thread 0x0000000016c0f800 Exception <a 'java/security/PrivilegedActionException'> (0x00000000eba19c98) thrown at [D:\re\workspace\8-2-build-windows-amd64-cygwin\jdk8u5\2488\hotspot\src\share\vm\prims\jvm.cpp, line 1248]
Event: 25.354 Thread 0x0000000016bf1800 Exception <a 'java/security/PrivilegedActionException'> (0x00000000ec704128) thrown at [D:\re\workspace\8-2-build-windows-amd64-cygwin\jdk8u5\2488\hotspot\src\share\vm\prims\jvm.cpp, line 1248]
Event: 26.372 Thread 0x0000000016bf1800 Exception <a 'java/security/PrivilegedActionException'> (0x00000000eee418f8) thrown at [D:\re\workspace\8-2-build-windows-amd64-cygwin\jdk8u5\2488\hotspot\src\share\vm\prims\jvm.cpp, line 1248]

Events (10 events):
Event: 41.961 Thread 0x0000000016c20000 DEOPT UNPACKING pc=0x00000000029a55af sp=0x000000001739e438 mode 2
Event: 41.966 Thread 0x0000000015080000 flushing nmethod 0x0000000002bb4d50
Event: 41.968 Thread 0x0000000015080000 flushing nmethod 0x0000000002cdb750
Event: 41.968 Thread 0x0000000015080000 flushing nmethod 0x0000000002d03d10
Event: 41.968 Thread 0x0000000015080000 flushing nmethod 0x0000000002d071d0
Event: 41.968 Thread 0x0000000015080000 flushing nmethod 0x0000000002d0db50
Event: 41.972 Thread 0x0000000016c20000 DEOPT PACKING pc=0x0000000002d7649b sp=0x000000001739e630
Event: 41.972 Thread 0x0000000016c20000 DEOPT UNPACKING pc=0x00000000029a7604 sp=0x000000001739e3c0 mode 0
Event: 41.997 Thread 0x000000000265d800 DEOPT PACKING pc=0x0000000002daa063 sp=0x000000000275e340
Event: 41.997 Thread 0x000000000265d800 DEOPT UNPACKING pc=0x00000000029a7604 sp=0x000000000275e068 mode 0


Dynamic libraries:
0x00007ff7294c0000 - 0x00007ff7294f4000 	C:\Program Files\Java\jdk1.8.0_05\bin\java.exe
0x00007ffc067a0000 - 0x00007ffc06961000 	C:\WINDOWS\SYSTEM32\ntdll.dll
0x00007ffc066f0000 - 0x00007ffc0679d000 	C:\WINDOWS\system32\KERNEL32.DLL
0x00007ffc03270000 - 0x00007ffc0344d000 	C:\WINDOWS\system32\KERNELBASE.dll
0x00007ffc05de0000 - 0x00007ffc05e86000 	C:\WINDOWS\system32\ADVAPI32.dll
0x00007ffc03e70000 - 0x00007ffc03f0d000 	C:\WINDOWS\system32\msvcrt.dll
0x00007ffc05e90000 - 0x00007ffc05eeb000 	C:\WINDOWS\system32\sechost.dll
0x00007ffc065c0000 - 0x00007ffc066e6000 	C:\WINDOWS\system32\RPCRT4.dll
0x00007ffc06230000 - 0x00007ffc0637e000 	C:\WINDOWS\system32\USER32.dll
0x00007ffc05ef0000 - 0x00007ffc06076000 	C:\WINDOWS\system32\GDI32.dll
0x00007ffbf99d0000 - 0x00007ffbf9c44000 	C:\WINDOWS\WinSxS\amd64_microsoft.windows.common-controls_6595b64144ccf1df_6.0.10240.16384_none_f41f7b285750ef43\COMCTL32.dll
0x00007ffc05af0000 - 0x00007ffc05b26000 	C:\WINDOWS\system32\IMM32.DLL
0x00007ffc06460000 - 0x00007ffc065bc000 	C:\WINDOWS\system32\MSCTF.dll
0x0000000059250000 - 0x0000000059322000 	C:\Program Files\Java\jdk1.8.0_05\jre\bin\msvcr100.dll
0x00000000596d0000 - 0x0000000059efa000 	C:\Program Files\Java\jdk1.8.0_05\jre\bin\server\jvm.dll
0x00007ffc04190000 - 0x00007ffc04198000 	C:\WINDOWS\system32\PSAPI.DLL
0x00007ffc01470000 - 0x00007ffc01479000 	C:\WINDOWS\SYSTEM32\WSOCK32.dll
0x00007ffc04420000 - 0x00007ffc04489000 	C:\WINDOWS\system32\WS2_32.dll
0x00007ffc05dd0000 - 0x00007ffc05dd8000 	C:\WINDOWS\system32\NSI.dll
0x00007ffc01550000 - 0x00007ffc01573000 	C:\WINDOWS\SYSTEM32\WINMM.dll
0x00007ffc01520000 - 0x00007ffc0154c000 	C:\WINDOWS\SYSTEM32\WINMMBASE.dll
0x00007ffc03450000 - 0x00007ffc03494000 	C:\WINDOWS\system32\cfgmgr32.dll
0x00007ffc01490000 - 0x00007ffc014b7000 	C:\WINDOWS\SYSTEM32\DEVOBJ.dll
0x00000000596c0000 - 0x00000000596cf000 	C:\Program Files\Java\jdk1.8.0_05\jre\bin\verify.dll
0x0000000059690000 - 0x00000000596b8000 	C:\Program Files\Java\jdk1.8.0_05\jre\bin\java.dll
0x0000000059670000 - 0x0000000059686000 	C:\Program Files\Java\jdk1.8.0_05\jre\bin\zip.dll
0x00007ffc04560000 - 0x00007ffc05a81000 	C:\WINDOWS\system32\SHELL32.dll
0x00007ffc035b0000 - 0x00007ffc03bd9000 	C:\WINDOWS\system32\windows.storage.dll
0x00007ffc041a0000 - 0x00007ffc0441c000 	C:\WINDOWS\system32\combase.dll
0x00007ffc04500000 - 0x00007ffc04551000 	C:\WINDOWS\system32\shlwapi.dll
0x00007ffc03240000 - 0x00007ffc0324f000 	C:\WINDOWS\system32\kernel.appcore.dll
0x00007ffc03db0000 - 0x00007ffc03e63000 	C:\WINDOWS\system32\shcore.dll
0x00007ffc031d0000 - 0x00007ffc0321a000 	C:\WINDOWS\system32\powrprof.dll
0x00007ffc03250000 - 0x00007ffc03263000 	C:\WINDOWS\system32\profapi.dll
0x0000000059650000 - 0x000000005966a000 	C:\Program Files\Java\jdk1.8.0_05\jre\bin\net.dll
0x00007ffc02a40000 - 0x00007ffc02a9d000 	C:\WINDOWS\system32\mswsock.dll
0x00007ffbff6d0000 - 0x00007ffbff708000 	C:\WINDOWS\SYSTEM32\IPHLPAPI.DLL
0x00007ffc00160000 - 0x00007ffc0016b000 	C:\WINDOWS\SYSTEM32\WINNSI.DLL
0x00007ffbfe080000 - 0x00007ffbfe096000 	C:\WINDOWS\SYSTEM32\dhcpcsvc6.DLL
0x00007ffbfe140000 - 0x00007ffbfe15a000 	C:\WINDOWS\SYSTEM32\dhcpcsvc.DLL

VM Arguments:
jvm_args: -Xmx1024M -Dfile.encoding=windows-1252 -Duser.country=BR -Duser.language=pt -Duser.variant 
java_command: com.android.dx.command.Main --dex --num-threads=4 --output E:\GitHub\FitCook\app\build\intermediates\pre-dexed\debug\classes-9032a26c93add31dab6fd669133c6242d7ad36f9.jar E:\GitHub\FitCook\app\build\intermediates\exploded-aar\com.google.android.gms\play-services-analytics\7.5.0\jars\classes.jar
java_class_path (initial): C:\Program Files (x86)\Android\android-sdk\build-tools\23.0.0_rc2\lib\dx.jar
Launcher Type: SUN_STANDARD

Environment Variables:
JAVA_HOME=C:\Program Files\Java\jdk1.8.0_05
PATH=C:\Program Files (x86)\Intel\iCLS Client\;C:\Program Files\Intel\iCLS Client\;C:\WINDOWS\system32;C:\WINDOWS;C:\WINDOWS\System32\Wbem;C:\WINDOWS\System32\WindowsPowerShell\v1.0\;C:\Program Files (x86)\Windows Live\Shared;C:\Program Files (x86)\Intel\OpenCL SDK\2.0\bin\x86;C:\Program Files (x86)\Intel\OpenCL SDK\2.0\bin\x64;C:\Program Files\Intel\Intel(R) Management Engine Components\DAL;C:\Program Files\Intel\Intel(R) Management Engine Components\IPT;C:\Program Files (x86)\Intel\Intel(R) Management Engine Components\DAL;C:\Program Files (x86)\Intel\Intel(R) Management Engine Components\IPT;C:\Program Files\Java\jdk1.8.0_05/bin;C:\Program Files (x86)\Android\android-sdk\platform-tools;C:\Program Files (x86)\Git\cmd;C:\Program Files (x86)\Skype\Phone\;C:\Program Files (x86)\Windows Kits\8.1\Windows Performance Toolkit\;C:\Program Files\Microsoft SQL Server\110\Tools\Binn\;C:\Program Files (x86)\Microsoft SDKs\TypeScript\1.0\;C:\Program Files\Microsoft SQL Server\120\Tools\Binn\;C:\Program Files (x86)\nodejs\;C:\Ruby21\bin;C:\Users\Aires\AppData\Roaming\npm
USERNAME=Aires
OS=Windows_NT
PROCESSOR_IDENTIFIER=Intel64 Family 6 Model 58 Stepping 9, GenuineIntel



---------------  S Y S T E M  ---------------

OS: Windows 8.1 , 64 bit Build 9600 

CPU:total 4 (2 cores per cpu, 2 threads per core) family 6 model 58 stepping 9, cmov, cx8, fxsr, mmx, sse, sse2, sse3, ssse3, sse4.1, sse4.2, popcnt, avx, clmul, erms, ht, tsc, tscinvbit

Memory: 4k page, physical 8282396k(1345584k free), swap 8282396k(5228k free)

vm_info: Java HotSpot(TM) 64-Bit Server VM (25.5-b02) for windows-amd64 JRE (1.8.0_05-b13), built on Mar 18 2014 01:08:39 by "java_re" with MS VC++ 10.0 (VS2010)

time: Tue Aug 11 00:12:54 2015
elapsed time: 42 seconds

