#
# There is insufficient memory for the Java Runtime Environment to continue.
# Native memory allocation (malloc) failed to allocate 930336 bytes for Chunk::new
# Possible reasons:
#   The system is out of physical RAM or swap space
#   In 32 bit mode, the process size limit was hit
# Possible solutions:
#   Reduce memory load on the system
#   Increase physical memory or swap space
#   Check if swap backing store is full
#   Use 64 bit Java on a 64 bit OS
#   Decrease Java heap size (-Xmx/-Xms)
#   Decrease number of Java threads
#   Decrease Java thread stack sizes (-Xss)
#   Set larger code cache with -XX:ReservedCodeCacheSize=
# This output file may be truncated or incomplete.
#
#  Out of Memory Error (allocation.cpp:388), pid=8432, tid=7120
#
# JRE version: Java(TM) SE Runtime Environment (8.0_05-b13) (build 1.8.0_05-b13)
# Java VM: Java HotSpot(TM) 64-Bit Server VM (25.5-b02 mixed mode windows-amd64 compressed oops)
# Failed to write core dump. Minidumps are not enabled by default on client versions of Windows
#

---------------  T H R E A D  ---------------

Current thread (0x000000001556d800):  JavaThread "C2 CompilerThread1" daemon [_thread_in_native, id=7120, stack(0x0000000016b70000,0x0000000016c70000)]

Stack: [0x0000000016b70000,0x0000000016c70000]
Native frames: (J=compiled Java code, j=interpreted, Vv=VM code, C=native code)
V  [jvm.dll+0x308dea]
V  [jvm.dll+0x25def1]
V  [jvm.dll+0x25eb0f]
V  [jvm.dll+0x2564e5]
V  [jvm.dll+0xbcfc5]
V  [jvm.dll+0xbd45c]
V  [jvm.dll+0x44d422]
V  [jvm.dll+0x48e13f]
V  [jvm.dll+0x4422eb]
V  [jvm.dll+0x44366b]
V  [jvm.dll+0x427532]
V  [jvm.dll+0x96702]
V  [jvm.dll+0x96ef3]
V  [jvm.dll+0x2232c4]
V  [jvm.dll+0x27baca]
C  [msvcr100.dll+0x21d9f]
C  [msvcr100.dll+0x21e3b]
C  [KERNEL32.DLL+0x12d92]
C  [ntdll.dll+0x9f64]


Current CompileTask:
C2:   6550 1461       4       com.android.dx.ssa.SCCP::simulateBlock (54 bytes)


---------------  P R O C E S S  ---------------

Java Threads: ( => current thread )
  0x000000001557b800 JavaThread "Service Thread" daemon [_thread_blocked, id=5512, stack(0x0000000016d70000,0x0000000016e70000)]
  0x0000000015573800 JavaThread "C1 CompilerThread2" daemon [_thread_blocked, id=8676, stack(0x0000000016c70000,0x0000000016d70000)]
=>0x000000001556d800 JavaThread "C2 CompilerThread1" daemon [_thread_in_native, id=7120, stack(0x0000000016b70000,0x0000000016c70000)]
  0x000000001551c000 JavaThread "C2 CompilerThread0" daemon [_thread_in_native, id=7836, stack(0x0000000016a70000,0x0000000016b70000)]
  0x000000001551a800 JavaThread "Attach Listener" daemon [_thread_blocked, id=7184, stack(0x0000000016970000,0x0000000016a70000)]
  0x0000000015519800 JavaThread "Signal Dispatcher" daemon [_thread_blocked, id=1124, stack(0x0000000016870000,0x0000000016970000)]
  0x0000000002e45000 JavaThread "Finalizer" daemon [_thread_blocked, id=8992, stack(0x0000000016770000,0x0000000016870000)]
  0x0000000002e39000 JavaThread "Reference Handler" daemon [_thread_blocked, id=1520, stack(0x0000000016670000,0x0000000016770000)]
  0x0000000002c4d800 JavaThread "main" [_thread_in_Java, id=9096, stack(0x0000000002c50000,0x0000000002d50000)]

Other Threads:
  0x00000000154e5000 VMThread [stack: 0x0000000016570000,0x0000000016670000] [id=9180]
  0x0000000016e70800 WatcherThread [stack: 0x0000000017270000,0x0000000017370000] [id=2084]

VM state:not at safepoint (normal execution)

VM Mutex/Monitor currently owned by a thread: None

Heap:
 PSYoungGen      total 16384K, used 3446K [0x00000000eab00000, 0x00000000ec600000, 0x0000000100000000)
  eden space 13312K, 11% used [0x00000000eab00000,0x00000000eac8d968,0x00000000eb800000)
  from space 3072K, 60% used [0x00000000eb800000,0x00000000eb9d0000,0x00000000ebb00000)
  to   space 3072K, 0% used [0x00000000ec300000,0x00000000ec300000,0x00000000ec600000)
 ParOldGen       total 129536K, used 6239K [0x00000000c0000000, 0x00000000c7e80000, 0x00000000eab00000)
  object space 129536K, 4% used [0x00000000c0000000,0x00000000c0617dd0,0x00000000c7e80000)
 Metaspace       used 5553K, capacity 6896K, committed 7040K, reserved 1056768K
  class space    used 550K, capacity 616K, committed 640K, reserved 1048576K

Card table byte_map: [0x0000000012210000,0x0000000012420000] byte_map_base: 0x0000000011c10000

Marking Bits: (ParMarkBitMap*) 0x0000000062b913b0
 Begin Bits: [0x0000000012980000, 0x0000000013980000)
 End Bits:   [0x0000000013980000, 0x0000000014980000)

Polling page: 0x0000000001300000

CodeCache: size=245760Kb used=6093Kb max_used=6093Kb free=239666Kb
 bounds [0x0000000002e50000, 0x0000000003450000, 0x0000000011e50000]
 total_blobs=1753 nmethods=1493 adapters=174
 compilation: enabled

Compilation events (10 events):
Event: 6.472 Thread 0x0000000015573800 1485       3       com.android.dx.rop.code.Rops::pickIf (154 bytes)
Event: 6.474 Thread 0x0000000015573800 nmethod 1485 0x0000000003430bd0 code [0x0000000003430e40, 0x0000000003431f38]
Event: 6.476 Thread 0x0000000015573800 1487       3       com.android.dx.ssa.PhiInsn::updateSourcesToDefinitions (68 bytes)
Event: 6.477 Thread 0x0000000015573800 nmethod 1487 0x00000000034326d0 code [0x00000000034328e0, 0x00000000034333b8]
Event: 6.477 Thread 0x0000000015573800 1489       3       com.android.dx.ssa.back.FirstFitLocalCombiningAllocator::canMapRegs (60 bytes)
Event: 6.494 Thread 0x0000000015573800 nmethod 1489 0x0000000003433990 code [0x0000000003433c00, 0x0000000003434be8]
Event: 6.494 Thread 0x0000000015573800 1488       3       com.android.dx.ssa.back.FirstFitLocalCombiningAllocator::findRopRegForLocal (74 bytes)
Event: 6.495 Thread 0x0000000015573800 nmethod 1488 0x000000000342b610 code [0x000000000342b7e0, 0x000000000342bea8]
Event: 6.500 Thread 0x0000000015573800 1490       3       com.android.dx.util.Bits::anyInRange (21 bytes)
Event: 6.500 Thread 0x0000000015573800 nmethod 1490 0x000000000342e850 code [0x000000000342e9c0, 0x000000000342ebc8]

GC Heap History (10 events):
Event: 3.384 GC heap before
{Heap before GC invocations=7 (full 0):
 PSYoungGen      total 5632K, used 5443K [0x00000000eab00000, 0x00000000eb200000, 0x0000000100000000)
  eden space 4096K, 100% used [0x00000000eab00000,0x00000000eaf00000,0x00000000eaf00000)
  from space 1536K, 87% used [0x00000000eb080000,0x00000000eb1d0e58,0x00000000eb200000)
  to   space 1536K, 0% used [0x00000000eaf00000,0x00000000eaf00000,0x00000000eb080000)
 ParOldGen       total 129536K, used 1354K [0x00000000c0000000, 0x00000000c7e80000, 0x00000000eab00000)
  object space 129536K, 1% used [0x00000000c0000000,0x00000000c0152a38,0x00000000c7e80000)
 Metaspace       used 5288K, capacity 6640K, committed 6784K, reserved 1056768K
  class space    used 546K, capacity 616K, committed 640K, reserved 1048576K
Event: 3.389 GC heap after
Heap after GC invocations=7 (full 0):
 PSYoungGen      total 5632K, used 1440K [0x00000000eab00000, 0x00000000eb700000, 0x0000000100000000)
  eden space 4096K, 0% used [0x00000000eab00000,0x00000000eab00000,0x00000000eaf00000)
  from space 1536K, 93% used [0x00000000eaf00000,0x00000000eb068018,0x00000000eb080000)
  to   space 2048K, 0% used [0x00000000eb500000,0x00000000eb500000,0x00000000eb700000)
 ParOldGen       total 129536K, used 1610K [0x00000000c0000000, 0x00000000c7e80000, 0x00000000eab00000)
  object space 129536K, 1% used [0x00000000c0000000,0x00000000c0192ad0,0x00000000c7e80000)
 Metaspace       used 5288K, capacity 6640K, committed 6784K, reserved 1056768K
  class space    used 546K, capacity 616K, committed 640K, reserved 1048576K
}
Event: 3.781 GC heap before
{Heap before GC invocations=8 (full 0):
 PSYoungGen      total 5632K, used 5536K [0x00000000eab00000, 0x00000000eb700000, 0x0000000100000000)
  eden space 4096K, 100% used [0x00000000eab00000,0x00000000eaf00000,0x00000000eaf00000)
  from space 1536K, 93% used [0x00000000eaf00000,0x00000000eb068018,0x00000000eb080000)
  to   space 2048K, 0% used [0x00000000eb500000,0x00000000eb500000,0x00000000eb700000)
 ParOldGen       total 129536K, used 1610K [0x00000000c0000000, 0x00000000c7e80000, 0x00000000eab00000)
  object space 129536K, 1% used [0x00000000c0000000,0x00000000c0192ad0,0x00000000c7e80000)
 Metaspace       used 5343K, capacity 6640K, committed 6784K, reserved 1056768K
  class space    used 548K, capacity 616K, committed 640K, reserved 1048576K
Event: 3.792 GC heap after
Heap after GC invocations=8 (full 0):
 PSYoungGen      total 10240K, used 1856K [0x00000000eab00000, 0x00000000eb700000, 0x0000000100000000)
  eden space 8192K, 0% used [0x00000000eab00000,0x00000000eab00000,0x00000000eb300000)
  from space 2048K, 90% used [0x00000000eb500000,0x00000000eb6d0018,0x00000000eb700000)
  to   space 2048K, 0% used [0x00000000eb300000,0x00000000eb300000,0x00000000eb500000)
 ParOldGen       total 129536K, used 1782K [0x00000000c0000000, 0x00000000c7e80000, 0x00000000eab00000)
  object space 129536K, 1% used [0x00000000c0000000,0x00000000c01bd900,0x00000000c7e80000)
 Metaspace       used 5343K, capacity 6640K, committed 6784K, reserved 1056768K
  class space    used 548K, capacity 616K, committed 640K, reserved 1048576K
}
Event: 4.650 GC heap before
{Heap before GC invocations=9 (full 0):
 PSYoungGen      total 10240K, used 10048K [0x00000000eab00000, 0x00000000eb700000, 0x0000000100000000)
  eden space 8192K, 100% used [0x00000000eab00000,0x00000000eb300000,0x00000000eb300000)
  from space 2048K, 90% used [0x00000000eb500000,0x00000000eb6d0018,0x00000000eb700000)
  to   space 2048K, 0% used [0x00000000eb300000,0x00000000eb300000,0x00000000eb500000)
 ParOldGen       total 129536K, used 1782K [0x00000000c0000000, 0x00000000c7e80000, 0x00000000eab00000)
  object space 129536K, 1% used [0x00000000c0000000,0x00000000c01bd900,0x00000000c7e80000)
 Metaspace       used 5470K, capacity 6768K, committed 7040K, reserved 1056768K
  class space    used 549K, capacity 616K, committed 640K, reserved 1048576K
Event: 4.726 GC heap after
Heap after GC invocations=9 (full 0):
 PSYoungGen      total 10240K, used 2048K [0x00000000eab00000, 0x00000000ebe00000, 0x0000000100000000)
  eden space 8192K, 0% used [0x00000000eab00000,0x00000000eab00000,0x00000000eb300000)
  from space 2048K, 100% used [0x00000000eb300000,0x00000000eb500000,0x00000000eb500000)
  to   space 3072K, 0% used [0x00000000ebb00000,0x00000000ebb00000,0x00000000ebe00000)
 ParOldGen       total 129536K, used 2890K [0x00000000c0000000, 0x00000000c7e80000, 0x00000000eab00000)
  object space 129536K, 2% used [0x00000000c0000000,0x00000000c02d2898,0x00000000c7e80000)
 Metaspace       used 5470K, capacity 6768K, committed 7040K, reserved 1056768K
  class space    used 549K, capacity 616K, committed 640K, reserved 1048576K
}
Event: 5.770 GC heap before
{Heap before GC invocations=10 (full 0):
 PSYoungGen      total 10240K, used 10240K [0x00000000eab00000, 0x00000000ebe00000, 0x0000000100000000)
  eden space 8192K, 100% used [0x00000000eab00000,0x00000000eb300000,0x00000000eb300000)
  from space 2048K, 100% used [0x00000000eb300000,0x00000000eb500000,0x00000000eb500000)
  to   space 3072K, 0% used [0x00000000ebb00000,0x00000000ebb00000,0x00000000ebe00000)
 ParOldGen       total 129536K, used 2890K [0x00000000c0000000, 0x00000000c7e80000, 0x00000000eab00000)
  object space 129536K, 2% used [0x00000000c0000000,0x00000000c02d2898,0x00000000c7e80000)
 Metaspace       used 5514K, capacity 6832K, committed 7040K, reserved 1056768K
  class space    used 550K, capacity 616K, committed 640K, reserved 1048576K
Event: 5.789 GC heap after
Heap after GC invocations=10 (full 0):
 PSYoungGen      total 16384K, used 2240K [0x00000000eab00000, 0x00000000ebe00000, 0x0000000100000000)
  eden space 13312K, 0% used [0x00000000eab00000,0x00000000eab00000,0x00000000eb800000)
  from space 3072K, 72% used [0x00000000ebb00000,0x00000000ebd30010,0x00000000ebe00000)
  to   space 3072K, 0% used [0x00000000eb800000,0x00000000eb800000,0x00000000ebb00000)
 ParOldGen       total 129536K, used 4131K [0x00000000c0000000, 0x00000000c7e80000, 0x00000000eab00000)
  object space 129536K, 3% used [0x00000000c0000000,0x00000000c0408e90,0x00000000c7e80000)
 Metaspace       used 5514K, capacity 6832K, committed 7040K, reserved 1056768K
  class space    used 550K, capacity 616K, committed 640K, reserved 1048576K
}
Event: 6.479 GC heap before
{Heap before GC invocations=11 (full 0):
 PSYoungGen      total 16384K, used 15552K [0x00000000eab00000, 0x00000000ebe00000, 0x0000000100000000)
  eden space 13312K, 100% used [0x00000000eab00000,0x00000000eb800000,0x00000000eb800000)
  from space 3072K, 72% used [0x00000000ebb00000,0x00000000ebd30010,0x00000000ebe00000)
  to   space 3072K, 0% used [0x00000000eb800000,0x00000000eb800000,0x00000000ebb00000)
 ParOldGen       total 129536K, used 4131K [0x00000000c0000000, 0x00000000c7e80000, 0x00000000eab00000)
  object space 129536K, 3% used [0x00000000c0000000,0x00000000c0408e90,0x00000000c7e80000)
 Metaspace       used 5537K, capacity 6832K, committed 7040K, reserved 1056768K
  class space    used 550K, capacity 616K, committed 640K, reserved 1048576K
Event: 6.494 GC heap after
Heap after GC invocations=11 (full 0):
 PSYoungGen      total 16384K, used 1856K [0x00000000eab00000, 0x00000000ec600000, 0x0000000100000000)
  eden space 13312K, 0% used [0x00000000eab00000,0x00000000eab00000,0x00000000eb800000)
  from space 3072K, 60% used [0x00000000eb800000,0x00000000eb9d0000,0x00000000ebb00000)
  to   space 3072K, 0% used [0x00000000ec300000,0x00000000ec300000,0x00000000ec600000)
 ParOldGen       total 129536K, used 6239K [0x00000000c0000000, 0x00000000c7e80000, 0x00000000eab00000)
  object space 129536K, 4% used [0x00000000c0000000,0x00000000c0617dd0,0x00000000c7e80000)
 Metaspace       used 5537K, capacity 6832K, committed 7040K, reserved 1056768K
  class space    used 550K, capacity 616K, committed 640K, reserved 1048576K
}

Deoptimization events (5 events):
Event: 3.128 Thread 0x0000000002c4d800 Uncommon trap: reason=class_check action=maybe_recompile pc=0x00000000031759e0 method=com.android.dx.ssa.NormalSsaInsn.accept(Lcom/android/dx/ssa/SsaInsn$Visitor;)V @ 9
Event: 3.128 Thread 0x0000000002c4d800 Uncommon trap: reason=class_check action=maybe_recompile pc=0x00000000031759e0 method=com.android.dx.ssa.NormalSsaInsn.accept(Lcom/android/dx/ssa/SsaInsn$Visitor;)V @ 9
Event: 3.129 Thread 0x0000000002c4d800 Uncommon trap: reason=class_check action=maybe_recompile pc=0x00000000031759e0 method=com.android.dx.ssa.NormalSsaInsn.accept(Lcom/android/dx/ssa/SsaInsn$Visitor;)V @ 9
Event: 3.129 Thread 0x0000000002c4d800 Uncommon trap: reason=class_check action=maybe_recompile pc=0x00000000031759e0 method=com.android.dx.ssa.NormalSsaInsn.accept(Lcom/android/dx/ssa/SsaInsn$Visitor;)V @ 9
Event: 4.901 Thread 0x0000000002c4d800 Uncommon trap: reason=unreached action=reinterpret pc=0x00000000032a30dc method=com.android.dx.ssa.SsaMethod.updateOneDefinition(Lcom/android/dx/ssa/SsaInsn;Lcom/android/dx/rop/code/RegisterSpec;)V @ 4

Internal exceptions (10 events):
Event: 3.110 Thread 0x0000000002c4d800 Exception <a 'java/security/PrivilegedActionException'> (0x00000000eadab5c8) thrown at [D:\re\workspace\8-2-build-windows-amd64-cygwin\jdk8u5\2488\hotspot\src\share\vm\prims\jvm.cpp, line 1248]
Event: 3.114 Thread 0x0000000002c4d800 Exception <a 'java/security/PrivilegedActionException'> (0x00000000eadb0550) thrown at [D:\re\workspace\8-2-build-windows-amd64-cygwin\jdk8u5\2488\hotspot\src\share\vm\prims\jvm.cpp, line 1248]
Event: 3.381 Thread 0x0000000002c4d800 Exception <a 'java/security/PrivilegedActionException'> (0x00000000eaee80e0) thrown at [D:\re\workspace\8-2-build-windows-amd64-cygwin\jdk8u5\2488\hotspot\src\share\vm\prims\jvm.cpp, line 1248]
Event: 3.403 Thread 0x0000000002c4d800 Exception <a 'java/security/PrivilegedActionException'> (0x00000000eab39710) thrown at [D:\re\workspace\8-2-build-windows-amd64-cygwin\jdk8u5\2488\hotspot\src\share\vm\prims\jvm.cpp, line 1248]
Event: 3.405 Thread 0x0000000002c4d800 Exception <a 'java/security/PrivilegedActionException'> (0x00000000eab43880) thrown at [D:\re\workspace\8-2-build-windows-amd64-cygwin\jdk8u5\2488\hotspot\src\share\vm\prims\jvm.cpp, line 1248]
Event: 3.405 Thread 0x0000000002c4d800 Exception <a 'java/security/PrivilegedActionException'> (0x00000000eab45e58) thrown at [D:\re\workspace\8-2-build-windows-amd64-cygwin\jdk8u5\2488\hotspot\src\share\vm\prims\jvm.cpp, line 1248]
Event: 3.934 Thread 0x0000000002c4d800 Exception <a 'java/security/PrivilegedActionException'> (0x00000000eabf6d58) thrown at [D:\re\workspace\8-2-build-windows-amd64-cygwin\jdk8u5\2488\hotspot\src\share\vm\prims\jvm.cpp, line 1248]
Event: 3.973 Thread 0x0000000002c4d800 Exception <a 'java/security/PrivilegedActionException'> (0x00000000eac87940) thrown at [D:\re\workspace\8-2-build-windows-amd64-cygwin\jdk8u5\2488\hotspot\src\share\vm\prims\jvm.cpp, line 1248]
Event: 4.774 Thread 0x0000000002c4d800 Exception <a 'java/security/PrivilegedActionException'> (0x00000000eac24248) thrown at [D:\re\workspace\8-2-build-windows-amd64-cygwin\jdk8u5\2488\hotspot\src\share\vm\prims\jvm.cpp, line 1248]
Event: 4.874 Thread 0x0000000002c4d800 Exception <a 'java/security/PrivilegedActionException'> (0x00000000eace0fd8) thrown at [D:\re\workspace\8-2-build-windows-amd64-cygwin\jdk8u5\2488\hotspot\src\share\vm\prims\jvm.cpp, line 1248]

Events (10 events):
Event: 4.787 Executing VM operation: EnableBiasedLocking done
Event: 4.874 loading class com/android/dx/rop/code/RegOps
Event: 4.874 loading class com/android/dx/rop/code/RegOps done
Event: 4.901 Thread 0x0000000002c4d800 Uncommon trap: trap_request=0xffffffad fr.pc=0x00000000032a30dc
Event: 4.901 Thread 0x0000000002c4d800 DEOPT PACKING pc=0x00000000032a30dc sp=0x0000000002d4e6b0
Event: 4.901 Thread 0x0000000002c4d800 DEOPT UNPACKING pc=0x0000000002e955af sp=0x0000000002d4e658 mode 2
Event: 5.770 Executing VM operation: ParallelGCFailedAllocation
Event: 5.789 Executing VM operation: ParallelGCFailedAllocation done
Event: 6.479 Executing VM operation: ParallelGCFailedAllocation
Event: 6.494 Executing VM operation: ParallelGCFailedAllocation done


Dynamic libraries:
0x00007ff7c80c0000 - 0x00007ff7c80f4000 	C:\Program Files\Java\jdk1.8.0_05\bin\java.exe
0x00007ffb2ad40000 - 0x00007ffb2af01000 	C:\WINDOWS\SYSTEM32\ntdll.dll
0x00007ffb2abe0000 - 0x00007ffb2ac8d000 	C:\WINDOWS\system32\KERNEL32.DLL
0x00007ffb28230000 - 0x00007ffb2840d000 	C:\WINDOWS\system32\KERNELBASE.dll
0x00007ffb2aaa0000 - 0x00007ffb2ab46000 	C:\WINDOWS\system32\ADVAPI32.dll
0x00007ffb28840000 - 0x00007ffb288dd000 	C:\WINDOWS\system32\msvcrt.dll
0x00007ffb2a970000 - 0x00007ffb2a9cb000 	C:\WINDOWS\system32\sechost.dll
0x00007ffb2a410000 - 0x00007ffb2a536000 	C:\WINDOWS\system32\RPCRT4.dll
0x00007ffb2a540000 - 0x00007ffb2a68e000 	C:\WINDOWS\system32\USER32.dll
0x00007ffb2a690000 - 0x00007ffb2a816000 	C:\WINDOWS\system32\GDI32.dll
0x00007ffb1dee0000 - 0x00007ffb1e154000 	C:\WINDOWS\WinSxS\amd64_microsoft.windows.common-controls_6595b64144ccf1df_6.0.10240.16384_none_f41f7b285750ef43\COMCTL32.dll
0x00007ffb2ad00000 - 0x00007ffb2ad36000 	C:\WINDOWS\system32\IMM32.DLL
0x00007ffb2a160000 - 0x00007ffb2a2bc000 	C:\WINDOWS\system32\MSCTF.dll
0x0000000061f60000 - 0x0000000062032000 	C:\Program Files\Java\jdk1.8.0_05\jre\bin\msvcr100.dll
0x00000000623e0000 - 0x0000000062c0a000 	C:\Program Files\Java\jdk1.8.0_05\jre\bin\server\jvm.dll
0x00007ffb2a400000 - 0x00007ffb2a408000 	C:\WINDOWS\system32\PSAPI.DLL
0x00007ffb25790000 - 0x00007ffb25799000 	C:\WINDOWS\SYSTEM32\WSOCK32.dll
0x00007ffb2ab50000 - 0x00007ffb2abb9000 	C:\WINDOWS\system32\WS2_32.dll
0x00007ffb2a9d0000 - 0x00007ffb2a9d8000 	C:\WINDOWS\system32\NSI.dll
0x00007ffb25860000 - 0x00007ffb25883000 	C:\WINDOWS\SYSTEM32\WINMM.dll
0x00007ffb25800000 - 0x00007ffb2582c000 	C:\WINDOWS\SYSTEM32\WINMMBASE.dll
0x00007ffb27af0000 - 0x00007ffb27b34000 	C:\WINDOWS\system32\cfgmgr32.dll
0x00007ffb260e0000 - 0x00007ffb26107000 	C:\WINDOWS\SYSTEM32\DEVOBJ.dll
0x00000000623d0000 - 0x00000000623df000 	C:\Program Files\Java\jdk1.8.0_05\jre\bin\verify.dll
0x00000000623a0000 - 0x00000000623c8000 	C:\Program Files\Java\jdk1.8.0_05\jre\bin\java.dll
0x0000000062380000 - 0x0000000062396000 	C:\Program Files\Java\jdk1.8.0_05\jre\bin\zip.dll
0x00007ffb28c30000 - 0x00007ffb2a152000 	C:\WINDOWS\system32\SHELL32.dll
0x00007ffb27c00000 - 0x00007ffb28229000 	C:\WINDOWS\system32\windows.storage.dll
0x00007ffb288e0000 - 0x00007ffb28b5c000 	C:\WINDOWS\system32\combase.dll
0x00007ffb2a3a0000 - 0x00007ffb2a3f1000 	C:\WINDOWS\system32\shlwapi.dll
0x00007ffb27770000 - 0x00007ffb2777f000 	C:\WINDOWS\system32\kernel.appcore.dll
0x00007ffb27b40000 - 0x00007ffb27bf3000 	C:\WINDOWS\system32\shcore.dll
0x00007ffb277c0000 - 0x00007ffb2780a000 	C:\WINDOWS\system32\powrprof.dll
0x00007ffb27780000 - 0x00007ffb27793000 	C:\WINDOWS\system32\profapi.dll
0x00007ffb07da0000 - 0x00007ffb07f2a000 	C:\WINDOWS\SYSTEM32\dbghelp.dll

VM Arguments:
jvm_args: -Xmx1024M -Dfile.encoding=windows-1252 -Duser.country=BR -Duser.language=pt -Duser.variant 
java_command: com.android.dx.command.Main --dex --output E:\GitHub\FitCook\app\build\intermediates\pre-dexed\release\classes-cc176645e62c5796311514d30efbe0fdc88ebea4.jar E:\GitHub\FitCook\app\build\intermediates\exploded-aar\com.google.android.gms\play-services-drive\7.5.0\jars\classes.jar
java_class_path (initial): C:\Program Files (x86)\Android\android-sdk\build-tools\22.0.1\lib\dx.jar
Launcher Type: SUN_STANDARD

Environment Variables:
JAVA_HOME=C:\Program Files\Java\jdk1.8.0_05
PATH=C:\Program Files (x86)\Intel\iCLS Client\;C:\Program Files\Intel\iCLS Client\;C:\WINDOWS\system32;C:\WINDOWS;C:\WINDOWS\System32\Wbem;C:\WINDOWS\System32\WindowsPowerShell\v1.0\;C:\Program Files (x86)\Windows Live\Shared;C:\Program Files (x86)\Intel\OpenCL SDK\2.0\bin\x86;C:\Program Files (x86)\Intel\OpenCL SDK\2.0\bin\x64;C:\Program Files\Intel\Intel(R) Management Engine Components\DAL;C:\Program Files\Intel\Intel(R) Management Engine Components\IPT;C:\Program Files (x86)\Intel\Intel(R) Management Engine Components\DAL;C:\Program Files (x86)\Intel\Intel(R) Management Engine Components\IPT;C:\Program Files\Java\jdk1.8.0_05/bin;C:\Program Files (x86)\Android\android-sdk\platform-tools;C:\Program Files (x86)\Git\cmd;C:\Program Files (x86)\Windows Kits\8.1\Windows Performance Toolkit\;C:\Program Files\Microsoft SQL Server\110\Tools\Binn\;C:\Program Files (x86)\Microsoft SDKs\TypeScript\1.0\;C:\Program Files\Microsoft SQL Server\120\Tools\Binn\;C:\Program Files (x86)\nodejs\;C:\Program Files\Google\Cloud SDK\google-cloud-sdk\bin;C:\Program Files (x86)\Skype\Phone\;C:\Ruby21\bin;C:\Users\Aires\AppData\Roaming\npm
USERNAME=Aires
OS=Windows_NT
PROCESSOR_IDENTIFIER=Intel64 Family 6 Model 58 Stepping 9, GenuineIntel



---------------  S Y S T E M  ---------------

OS: Windows 8.1 , 64 bit Build 9600 

CPU:total 4 (2 cores per cpu, 2 threads per core) family 6 model 58 stepping 9, cmov, cx8, fxsr, mmx, sse, sse2, sse3, ssse3, sse4.1, sse4.2, popcnt, avx, clmul, erms, ht, tsc, tscinvbit

Memory: 4k page, physical 8282396k(1207420k free), swap 8282396k(4096k free)

vm_info: Java HotSpot(TM) 64-Bit Server VM (25.5-b02) for windows-amd64 JRE (1.8.0_05-b13), built on Mar 18 2014 01:08:39 by "java_re" with MS VC++ 10.0 (VS2010)

time: Wed Aug 26 11:39:52 2015
elapsed time: 6 seconds

