#
# There is insufficient memory for the Java Runtime Environment to continue.
# Native memory allocation (malloc) failed to allocate 32744 bytes for ChunkPool::allocate
# Possible reasons:
#   The system is out of physical RAM or swap space
#   In 32 bit mode, the process size limit was hit
# Possible solutions:
#   Reduce memory load on the system
#   Increase physical memory or swap space
#   Check if swap backing store is full
#   Use 64 bit Java on a 64 bit OS
#   Decrease Java heap size (-Xmx/-Xms)
#   Decrease number of Java threads
#   Decrease Java thread stack sizes (-Xss)
#   Set larger code cache with -XX:ReservedCodeCacheSize=
# This output file may be truncated or incomplete.
#
#  Out of Memory Error (allocation.cpp:271), pid=8664, tid=1224
#
# JRE version: Java(TM) SE Runtime Environment (8.0_05-b13) (build 1.8.0_05-b13)
# Java VM: Java HotSpot(TM) 64-Bit Server VM (25.5-b02 mixed mode windows-amd64 compressed oops)
# Failed to write core dump. Minidumps are not enabled by default on client versions of Windows
#

---------------  T H R E A D  ---------------

Current thread (0x0000000015703800):  JavaThread "C1 CompilerThread2" daemon [_thread_in_native, id=1224, stack(0x0000000016e40000,0x0000000016f40000)]

Stack: [0x0000000016e40000,0x0000000016f40000]
Native frames: (J=compiled Java code, j=interpreted, Vv=VM code, C=native code)
V  [jvm.dll+0x308dea]
V  [jvm.dll+0x25def1]
V  [jvm.dll+0x25eb0f]
V  [jvm.dll+0x2564e5]
V  [jvm.dll+0xbcd21]
V  [jvm.dll+0xbd45c]
V  [jvm.dll+0x3fff13]
V  [jvm.dll+0x40e573]
V  [jvm.dll+0x404649]
V  [jvm.dll+0x40c635]
V  [jvm.dll+0x412190]
V  [jvm.dll+0x4071f0]
V  [jvm.dll+0x3f1620]
V  [jvm.dll+0x3de3fd]
V  [jvm.dll+0x3de870]
V  [jvm.dll+0x3de9a2]
V  [jvm.dll+0x3deb68]
V  [jvm.dll+0x3ded6f]
V  [jvm.dll+0x96702]
V  [jvm.dll+0x96ef3]
V  [jvm.dll+0x2232c4]
V  [jvm.dll+0x27baca]
C  [msvcr100.dll+0x21d9f]
C  [msvcr100.dll+0x21e3b]
C  [KERNEL32.DLL+0x12d92]
C  [ntdll.dll+0x9f64]


Current CompileTask:
C1:   9339  625   !   3       com.android.dx.cf.code.BytecodeArray::parseInstruction (2764 bytes)


---------------  P R O C E S S  ---------------

Java Threads: ( => current thread )
  0x00000000172a4800 JavaThread "pool-1-thread-4" [_thread_blocked, id=3592, stack(0x0000000017940000,0x0000000017a40000)]
  0x00000000172ac000 JavaThread "pool-1-thread-3" [_thread_in_vm, id=928, stack(0x0000000017840000,0x0000000017940000)]
  0x0000000017298000 JavaThread "pool-1-thread-2" [_thread_blocked, id=7680, stack(0x0000000017740000,0x0000000017840000)]
  0x000000001728a800 JavaThread "pool-2-thread-1" [_thread_blocked, id=8336, stack(0x0000000017640000,0x0000000017740000)]
  0x0000000017289000 JavaThread "pool-1-thread-1" [_thread_blocked, id=1504, stack(0x0000000017540000,0x0000000017640000)]
  0x000000001570c800 JavaThread "Service Thread" daemon [_thread_blocked, id=5248, stack(0x0000000016f40000,0x0000000017040000)]
=>0x0000000015703800 JavaThread "C1 CompilerThread2" daemon [_thread_in_native, id=1224, stack(0x0000000016e40000,0x0000000016f40000)]
  0x00000000156fd800 JavaThread "C2 CompilerThread1" daemon [_thread_in_native, id=7388, stack(0x0000000016d40000,0x0000000016e40000)]
  0x00000000156ac000 JavaThread "C2 CompilerThread0" daemon [_thread_in_native, id=8024, stack(0x0000000016c40000,0x0000000016d40000)]
  0x00000000156aa800 JavaThread "Attach Listener" daemon [_thread_blocked, id=5420, stack(0x0000000016b40000,0x0000000016c40000)]
  0x00000000156a9800 JavaThread "Signal Dispatcher" daemon [_thread_blocked, id=8620, stack(0x0000000016a40000,0x0000000016b40000)]
  0x0000000002ed5000 JavaThread "Finalizer" daemon [_thread_blocked, id=4792, stack(0x0000000016940000,0x0000000016a40000)]
  0x0000000002ec9000 JavaThread "Reference Handler" daemon [_thread_blocked, id=6004, stack(0x0000000016840000,0x0000000016940000)]
  0x0000000002fdd800 JavaThread "main" [_thread_blocked, id=636, stack(0x00000000013e0000,0x00000000014e0000)]

Other Threads:
  0x0000000015675000 VMThread [stack: 0x0000000016740000,0x0000000016840000] [id=5616]
  0x0000000017040800 WatcherThread [stack: 0x0000000017440000,0x0000000017540000] [id=7356]

VM state:not at safepoint (normal execution)

VM Mutex/Monitor currently owned by a thread:  ([mutex/lock_event])
[0x0000000002de1dd0] MethodData_lock - owner thread: 0x00000000172ac000

Heap:
 PSYoungGen      total 5632K, used 4859K [0x00000000eab00000, 0x00000000eb200000, 0x0000000100000000)
  eden space 4096K, 91% used [0x00000000eab00000,0x00000000eaea6a08,0x00000000eaf00000)
  from space 1536K, 72% used [0x00000000eb080000,0x00000000eb198330,0x00000000eb200000)
  to   space 1536K, 0% used [0x00000000eaf00000,0x00000000eaf00000,0x00000000eb080000)
 ParOldGen       total 129536K, used 1505K [0x00000000c0000000, 0x00000000c7e80000, 0x00000000eab00000)
  object space 129536K, 1% used [0x00000000c0000000,0x00000000c0178508,0x00000000c7e80000)
 Metaspace       used 5318K, capacity 6512K, committed 6784K, reserved 1058816K
  class space    used 574K, capacity 616K, committed 640K, reserved 1048576K

Card table byte_map: [0x00000000123a0000,0x00000000125b0000] byte_map_base: 0x0000000011da0000

Marking Bits: (ParMarkBitMap*) 0x0000000060db13b0
 Begin Bits: [0x0000000012b10000, 0x0000000013b10000)
 End Bits:   [0x0000000013b10000, 0x0000000014b10000)

Polling page: 0x00000000011b0000

CodeCache: size=245760Kb used=2303Kb max_used=2316Kb free=243456Kb
 bounds [0x0000000002fe0000, 0x0000000003250000, 0x0000000011fe0000]
 total_blobs=895 nmethods=631 adapters=178
 compilation: enabled

Compilation events (10 events):
Event: 9.266 Thread 0x00000000156ac000 nmethod 639 0x0000000003221ad0 code [0x0000000003221c20, 0x0000000003221e98]
Event: 9.266 Thread 0x00000000156ac000  643       4       java.lang.Long::bitCount (61 bytes)
Event: 9.266 Thread 0x00000000156ac000 nmethod 643 0x000000000321fd90 code [0x000000000321fec0, 0x000000000321ff78]
Event: 9.267 Thread 0x00000000156ac000  644   !   4       com.android.dx.util.FixedSizeList::set0 (22 bytes)
Event: 9.269 Thread 0x00000000156ac000 nmethod 644 0x000000000321cf10 code [0x000000000321d060, 0x000000000321d158]
Event: 9.270 Thread 0x00000000156fd800 nmethod 641 0x000000000321cad0 code [0x000000000321cc20, 0x000000000321cda8]
Event: 9.270 Thread 0x00000000156ac000  646       4       com.android.dx.rop.code.InsnList::get (9 bytes)
Event: 9.270 Thread 0x00000000156fd800  647       4       com.android.dx.util.Bits::clear (21 bytes)
Event: 9.271 Thread 0x00000000156fd800 nmethod 647 0x000000000321c850 code [0x000000000321c980, 0x000000000321ca18]
Event: 9.272 Thread 0x00000000156ac000 nmethod 646 0x000000000321c4d0 code [0x000000000321c620, 0x000000000321c718]

GC Heap History (10 events):
Event: 2.099 GC heap before
{Heap before GC invocations=2 (full 0):
 PSYoungGen      total 1024K, used 944K [0x00000000eab00000, 0x00000000ead00000, 0x0000000100000000)
  eden space 512K, 100% used [0x00000000eab00000,0x00000000eab80000,0x00000000eab80000)
  from space 512K, 84% used [0x00000000eab80000,0x00000000eabec010,0x00000000eac00000)
  to   space 512K, 0% used [0x00000000eac80000,0x00000000eac80000,0x00000000ead00000)
 ParOldGen       total 129536K, used 0K [0x00000000c0000000, 0x00000000c7e80000, 0x00000000eab00000)
  object space 129536K, 0% used [0x00000000c0000000,0x00000000c0000000,0x00000000c7e80000)
 Metaspace       used 2922K, capacity 4656K, committed 4864K, reserved 1056768K
  class space    used 318K, capacity 424K, committed 512K, reserved 1048576K
Event: 2.594 GC heap after
Heap after GC invocations=2 (full 0):
 PSYoungGen      total 1536K, used 512K [0x00000000eab00000, 0x00000000ead00000, 0x0000000100000000)
  eden space 1024K, 0% used [0x00000000eab00000,0x00000000eab00000,0x00000000eac00000)
  from space 512K, 100% used [0x00000000eac80000,0x00000000ead00000,0x00000000ead00000)
  to   space 512K, 0% used [0x00000000eac00000,0x00000000eac00000,0x00000000eac80000)
 ParOldGen       total 129536K, used 98K [0x00000000c0000000, 0x00000000c7e80000, 0x00000000eab00000)
  object space 129536K, 0% used [0x00000000c0000000,0x00000000c0018928,0x00000000c7e80000)
 Metaspace       used 2922K, capacity 4656K, committed 4864K, reserved 1056768K
  class space    used 318K, capacity 424K, committed 512K, reserved 1048576K
}
Event: 3.131 GC heap before
{Heap before GC invocations=3 (full 0):
 PSYoungGen      total 1536K, used 1536K [0x00000000eab00000, 0x00000000ead00000, 0x0000000100000000)
  eden space 1024K, 100% used [0x00000000eab00000,0x00000000eac00000,0x00000000eac00000)
  from space 512K, 100% used [0x00000000eac80000,0x00000000ead00000,0x00000000ead00000)
  to   space 512K, 0% used [0x00000000eac00000,0x00000000eac00000,0x00000000eac80000)
 ParOldGen       total 129536K, used 98K [0x00000000c0000000, 0x00000000c7e80000, 0x00000000eab00000)
  object space 129536K, 0% used [0x00000000c0000000,0x00000000c0018928,0x00000000c7e80000)
 Metaspace       used 3386K, capacity 4784K, committed 5120K, reserved 1056768K
  class space    used 375K, capacity 424K, committed 512K, reserved 1048576K
Event: 3.410 GC heap after
Heap after GC invocations=3 (full 0):
 PSYoungGen      total 1536K, used 503K [0x00000000eab00000, 0x00000000eae00000, 0x0000000100000000)
  eden space 1024K, 0% used [0x00000000eab00000,0x00000000eab00000,0x00000000eac00000)
  from space 512K, 98% used [0x00000000eac00000,0x00000000eac7dc60,0x00000000eac80000)
  to   space 512K, 0% used [0x00000000ead80000,0x00000000ead80000,0x00000000eae00000)
 ParOldGen       total 129536K, used 465K [0x00000000c0000000, 0x00000000c7e80000, 0x00000000eab00000)
  object space 129536K, 0% used [0x00000000c0000000,0x00000000c0074550,0x00000000c7e80000)
 Metaspace       used 3386K, capacity 4784K, committed 5120K, reserved 1056768K
  class space    used 375K, capacity 424K, committed 512K, reserved 1048576K
}
Event: 4.530 GC heap before
{Heap before GC invocations=4 (full 0):
 PSYoungGen      total 1536K, used 1527K [0x00000000eab00000, 0x00000000eae00000, 0x0000000100000000)
  eden space 1024K, 100% used [0x00000000eab00000,0x00000000eac00000,0x00000000eac00000)
  from space 512K, 98% used [0x00000000eac00000,0x00000000eac7dc60,0x00000000eac80000)
  to   space 512K, 0% used [0x00000000ead80000,0x00000000ead80000,0x00000000eae00000)
 ParOldGen       total 129536K, used 465K [0x00000000c0000000, 0x00000000c7e80000, 0x00000000eab00000)
  object space 129536K, 0% used [0x00000000c0000000,0x00000000c0074550,0x00000000c7e80000)
 Metaspace       used 3670K, capacity 5040K, committed 5120K, reserved 1056768K
  class space    used 417K, capacity 488K, committed 512K, reserved 1048576K
Event: 4.700 GC heap after
Heap after GC invocations=4 (full 0):
 PSYoungGen      total 2560K, used 496K [0x00000000eab00000, 0x00000000eae00000, 0x0000000100000000)
  eden space 2048K, 0% used [0x00000000eab00000,0x00000000eab00000,0x00000000ead00000)
  from space 512K, 96% used [0x00000000ead80000,0x00000000eadfc010,0x00000000eae00000)
  to   space 512K, 0% used [0x00000000ead00000,0x00000000ead00000,0x00000000ead80000)
 ParOldGen       total 129536K, used 829K [0x00000000c0000000, 0x00000000c7e80000, 0x00000000eab00000)
  object space 129536K, 0% used [0x00000000c0000000,0x00000000c00cf680,0x00000000c7e80000)
 Metaspace       used 3670K, capacity 5040K, committed 5120K, reserved 1056768K
  class space    used 417K, capacity 488K, committed 512K, reserved 1048576K
}
Event: 6.598 GC heap before
{Heap before GC invocations=5 (full 0):
 PSYoungGen      total 2560K, used 2543K [0x00000000eab00000, 0x00000000eae00000, 0x0000000100000000)
  eden space 2048K, 99% used [0x00000000eab00000,0x00000000eacffdc0,0x00000000ead00000)
  from space 512K, 96% used [0x00000000ead80000,0x00000000eadfc010,0x00000000eae00000)
  to   space 512K, 0% used [0x00000000ead00000,0x00000000ead00000,0x00000000ead80000)
 ParOldGen       total 129536K, used 829K [0x00000000c0000000, 0x00000000c7e80000, 0x00000000eab00000)
  object space 129536K, 0% used [0x00000000c0000000,0x00000000c00cf680,0x00000000c7e80000)
 Metaspace       used 4170K, capacity 5520K, committed 5760K, reserved 1056768K
  class space    used 472K, capacity 520K, committed 640K, reserved 1048576K
Event: 6.771 GC heap after
Heap after GC invocations=5 (full 0):
 PSYoungGen      total 2560K, used 496K [0x00000000eab00000, 0x00000000eb200000, 0x0000000100000000)
  eden space 2048K, 0% used [0x00000000eab00000,0x00000000eab00000,0x00000000ead00000)
  from space 512K, 96% used [0x00000000ead00000,0x00000000ead7c010,0x00000000ead80000)
  to   space 1536K, 0% used [0x00000000eb080000,0x00000000eb080000,0x00000000eb200000)
 ParOldGen       total 129536K, used 1505K [0x00000000c0000000, 0x00000000c7e80000, 0x00000000eab00000)
  object space 129536K, 1% used [0x00000000c0000000,0x00000000c0178508,0x00000000c7e80000)
 Metaspace       used 4170K, capacity 5520K, committed 5760K, reserved 1056768K
  class space    used 472K, capacity 520K, committed 640K, reserved 1048576K
}
Event: 7.645 GC heap before
{Heap before GC invocations=6 (full 0):
 PSYoungGen      total 2560K, used 2544K [0x00000000eab00000, 0x00000000eb200000, 0x0000000100000000)
  eden space 2048K, 100% used [0x00000000eab00000,0x00000000ead00000,0x00000000ead00000)
  from space 512K, 96% used [0x00000000ead00000,0x00000000ead7c010,0x00000000ead80000)
  to   space 1536K, 0% used [0x00000000eb080000,0x00000000eb080000,0x00000000eb200000)
 ParOldGen       total 129536K, used 1505K [0x00000000c0000000, 0x00000000c7e80000, 0x00000000eab00000)
  object space 129536K, 1% used [0x00000000c0000000,0x00000000c0178508,0x00000000c7e80000)
 Metaspace       used 4824K, capacity 6032K, committed 6272K, reserved 1056768K
  class space    used 539K, capacity 584K, committed 640K, reserved 1048576K
Event: 8.404 GC heap after
Heap after GC invocations=6 (full 0):
 PSYoungGen      total 5632K, used 1120K [0x00000000eab00000, 0x00000000eb200000, 0x0000000100000000)
  eden space 4096K, 0% used [0x00000000eab00000,0x00000000eab00000,0x00000000eaf00000)
  from space 1536K, 72% used [0x00000000eb080000,0x00000000eb198330,0x00000000eb200000)
  to   space 1536K, 0% used [0x00000000eaf00000,0x00000000eaf00000,0x00000000eb080000)
 ParOldGen       total 129536K, used 1505K [0x00000000c0000000, 0x00000000c7e80000, 0x00000000eab00000)
  object space 129536K, 1% used [0x00000000c0000000,0x00000000c0178508,0x00000000c7e80000)
 Metaspace       used 4824K, capacity 6032K, committed 6272K, reserved 1056768K
  class space    used 539K, capacity 584K, committed 640K, reserved 1048576K
}

Deoptimization events (0 events):
No events

Internal exceptions (10 events):
Event: 9.038 Thread 0x0000000017298000 Exception <a 'java/security/PrivilegedActionException'> (0x00000000eac18f90) thrown at [D:\re\workspace\8-2-build-windows-amd64-cygwin\jdk8u5\2488\hotspot\src\share\vm\prims\jvm.cpp, line 1248]
Event: 9.038 Thread 0x0000000017298000 Exception <a 'java/security/PrivilegedActionException'> (0x00000000eac1bdb0) thrown at [D:\re\workspace\8-2-build-windows-amd64-cygwin\jdk8u5\2488\hotspot\src\share\vm\prims\jvm.cpp, line 1248]
Event: 9.039 Thread 0x0000000017298000 Exception <a 'java/security/PrivilegedActionException'> (0x00000000eac214f0) thrown at [D:\re\workspace\8-2-build-windows-amd64-cygwin\jdk8u5\2488\hotspot\src\share\vm\prims\jvm.cpp, line 1248]
Event: 9.039 Thread 0x0000000017298000 Exception <a 'java/security/PrivilegedActionException'> (0x00000000eac25ca8) thrown at [D:\re\workspace\8-2-build-windows-amd64-cygwin\jdk8u5\2488\hotspot\src\share\vm\prims\jvm.cpp, line 1248]
Event: 9.040 Thread 0x0000000017298000 Exception <a 'java/security/PrivilegedActionException'> (0x00000000eac2af10) thrown at [D:\re\workspace\8-2-build-windows-amd64-cygwin\jdk8u5\2488\hotspot\src\share\vm\prims\jvm.cpp, line 1248]
Event: 9.041 Thread 0x0000000017298000 Exception <a 'java/security/PrivilegedActionException'> (0x00000000eac2e918) thrown at [D:\re\workspace\8-2-build-windows-amd64-cygwin\jdk8u5\2488\hotspot\src\share\vm\prims\jvm.cpp, line 1248]
Event: 9.046 Thread 0x0000000017298000 Exception <a 'java/security/PrivilegedActionException'> (0x00000000eac3e6a8) thrown at [D:\re\workspace\8-2-build-windows-amd64-cygwin\jdk8u5\2488\hotspot\src\share\vm\prims\jvm.cpp, line 1248]
Event: 9.047 Thread 0x0000000002fdd800 Exception <a 'java/security/PrivilegedActionException'> (0x00000000eab1d0e8) thrown at [D:\re\workspace\8-2-build-windows-amd64-cygwin\jdk8u5\2488\hotspot\src\share\vm\prims\jvm.cpp, line 1248]
Event: 9.049 Thread 0x00000000172a4800 Exception <a 'java/security/PrivilegedActionException'> (0x00000000eac08248) thrown at [D:\re\workspace\8-2-build-windows-amd64-cygwin\jdk8u5\2488\hotspot\src\share\vm\prims\jvm.cpp, line 1248]
Event: 9.050 Thread 0x00000000172a4800 Exception <a 'java/security/PrivilegedActionException'> (0x00000000eac4cbc0) thrown at [D:\re\workspace\8-2-build-windows-amd64-cygwin\jdk8u5\2488\hotspot\src\share\vm\prims\jvm.cpp, line 1248]

Events (10 events):
Event: 9.049 loading class com/android/dx/dex/file/DebugInfoItem
Event: 9.049 loading class com/android/dx/dex/file/DebugInfoItem done
Event: 9.050 loading class com/android/dx/cf/code/SwitchList
Event: 9.050 loading class com/android/dx/cf/code/SwitchList done
Event: 9.230 loading class java/util/DualPivotQuicksort
Event: 9.230 loading class java/util/DualPivotQuicksort done
Event: 9.250 loading class java/util/TreeMap$EntrySet
Event: 9.250 loading class java/util/TreeMap$EntrySet done
Event: 9.252 loading class java/util/TreeMap$EntryIterator
Event: 9.252 loading class java/util/TreeMap$EntryIterator done


Dynamic libraries:
0x00007ff612f70000 - 0x00007ff612fa4000 	C:\Program Files\Java\jdk1.8.0_05\bin\java.exe
0x00007ff978eb0000 - 0x00007ff979071000 	C:\WINDOWS\SYSTEM32\ntdll.dll
0x00007ff9780e0000 - 0x00007ff97818d000 	C:\WINDOWS\system32\KERNEL32.DLL
0x00007ff9763a0000 - 0x00007ff97657d000 	C:\WINDOWS\system32\KERNELBASE.dll
0x00007ff9769b0000 - 0x00007ff976a56000 	C:\WINDOWS\system32\ADVAPI32.dll
0x00007ff976720000 - 0x00007ff9767bd000 	C:\WINDOWS\system32\msvcrt.dll
0x00007ff978190000 - 0x00007ff9781eb000 	C:\WINDOWS\system32\sechost.dll
0x00007ff978ad0000 - 0x00007ff978bf6000 	C:\WINDOWS\system32\RPCRT4.dll
0x00007ff978690000 - 0x00007ff9787de000 	C:\WINDOWS\system32\USER32.dll
0x00007ff976820000 - 0x00007ff9769a6000 	C:\WINDOWS\system32\GDI32.dll
0x00007ff96afc0000 - 0x00007ff96b234000 	C:\WINDOWS\WinSxS\amd64_microsoft.windows.common-controls_6595b64144ccf1df_6.0.10240.16384_none_f41f7b285750ef43\COMCTL32.dll
0x00007ff9766e0000 - 0x00007ff976716000 	C:\WINDOWS\system32\IMM32.DLL
0x00007ff976580000 - 0x00007ff9766dc000 	C:\WINDOWS\system32\MSCTF.dll
0x0000000060180000 - 0x0000000060252000 	C:\Program Files\Java\jdk1.8.0_05\jre\bin\msvcr100.dll
0x0000000060600000 - 0x0000000060e2a000 	C:\Program Files\Java\jdk1.8.0_05\jre\bin\server\jvm.dll
0x00007ff978260000 - 0x00007ff978268000 	C:\WINDOWS\system32\PSAPI.DLL
0x00007ff95a940000 - 0x00007ff95a949000 	C:\WINDOWS\SYSTEM32\WSOCK32.dll
0x00007ff978c70000 - 0x00007ff978cd9000 	C:\WINDOWS\system32\WS2_32.dll
0x00007ff9787e0000 - 0x00007ff9787e8000 	C:\WINDOWS\system32\NSI.dll
0x00007ff973ca0000 - 0x00007ff973cc3000 	C:\WINDOWS\SYSTEM32\WINMM.dll
0x00007ff973b10000 - 0x00007ff973b3c000 	C:\WINDOWS\SYSTEM32\WINMMBASE.dll
0x00007ff975c70000 - 0x00007ff975cb4000 	C:\WINDOWS\system32\cfgmgr32.dll
0x00007ff973ab0000 - 0x00007ff973ad7000 	C:\WINDOWS\SYSTEM32\DEVOBJ.dll
0x00000000605f0000 - 0x00000000605ff000 	C:\Program Files\Java\jdk1.8.0_05\jre\bin\verify.dll
0x00000000605c0000 - 0x00000000605e8000 	C:\Program Files\Java\jdk1.8.0_05\jre\bin\java.dll
0x00000000605a0000 - 0x00000000605b6000 	C:\Program Files\Java\jdk1.8.0_05\jre\bin\zip.dll
0x00007ff976a60000 - 0x00007ff977f82000 	C:\WINDOWS\system32\SHELL32.dll
0x00007ff975cc0000 - 0x00007ff9762e9000 	C:\WINDOWS\system32\windows.storage.dll
0x00007ff978850000 - 0x00007ff978acc000 	C:\WINDOWS\system32\combase.dll
0x00007ff978c10000 - 0x00007ff978c61000 	C:\WINDOWS\system32\shlwapi.dll
0x00007ff975900000 - 0x00007ff97590f000 	C:\WINDOWS\system32\kernel.appcore.dll
0x00007ff975bb0000 - 0x00007ff975c63000 	C:\WINDOWS\system32\shcore.dll
0x00007ff975930000 - 0x00007ff97597a000 	C:\WINDOWS\system32\powrprof.dll
0x00007ff9758e0000 - 0x00007ff9758f3000 	C:\WINDOWS\system32\profapi.dll
0x00007ff9723f0000 - 0x00007ff97257a000 	C:\WINDOWS\SYSTEM32\dbghelp.dll

VM Arguments:
jvm_args: -Xmx1024M -Dfile.encoding=windows-1252 -Duser.country=BR -Duser.language=pt -Duser.variant 
java_command: com.android.dx.command.Main --dex --num-threads=4 --output E:\GitHub\FitCook\app\build\intermediates\pre-dexed\debug\classes-6809e509a15a517b998c44d9a00f4d2965a4080e.jar E:\GitHub\FitCook\app\build\intermediates\exploded-aar\com.google.android.gms\play-services-location\7.5.0\jars\classes.jar
java_class_path (initial): C:\Program Files (x86)\Android\android-sdk\build-tools\23.0.0-preview\lib\dx.jar
Launcher Type: SUN_STANDARD

Environment Variables:
JAVA_HOME=C:\Program Files\Java\jdk1.8.0_05
PATH=C:\Program Files (x86)\Intel\iCLS Client\;C:\Program Files\Intel\iCLS Client\;C:\WINDOWS\system32;C:\WINDOWS;C:\WINDOWS\System32\Wbem;C:\WINDOWS\System32\WindowsPowerShell\v1.0\;C:\Program Files (x86)\Windows Live\Shared;C:\Program Files (x86)\Intel\OpenCL SDK\2.0\bin\x86;C:\Program Files (x86)\Intel\OpenCL SDK\2.0\bin\x64;C:\Program Files\Intel\Intel(R) Management Engine Components\DAL;C:\Program Files\Intel\Intel(R) Management Engine Components\IPT;C:\Program Files (x86)\Intel\Intel(R) Management Engine Components\DAL;C:\Program Files (x86)\Intel\Intel(R) Management Engine Components\IPT;C:\Program Files\Java\jdk1.8.0_05/bin;C:\Program Files (x86)\Android\android-sdk\platform-tools;C:\Program Files (x86)\Git\cmd;C:\Program Files (x86)\Skype\Phone\;C:\Program Files (x86)\Windows Kits\8.1\Windows Performance Toolkit\;C:\Program Files\Microsoft SQL Server\110\Tools\Binn\;C:\Program Files (x86)\Microsoft SDKs\TypeScript\1.0\;C:\Program Files\Microsoft SQL Server\120\Tools\Binn\;C:\Program Files (x86)\nodejs\;C:\Ruby21\bin;C:\Users\Aires\AppData\Roaming\npm
USERNAME=Aires
OS=Windows_NT
PROCESSOR_IDENTIFIER=Intel64 Family 6 Model 58 Stepping 9, GenuineIntel



---------------  S Y S T E M  ---------------

OS: Windows 8.1 , 64 bit Build 9600 

CPU:total 4 (2 cores per cpu, 2 threads per core) family 6 model 58 stepping 9, cmov, cx8, fxsr, mmx, sse, sse2, sse3, ssse3, sse4.1, sse4.2, popcnt, avx, clmul, erms, ht, tsc, tscinvbit

Memory: 4k page, physical 8282396k(1440444k free), swap 8282396k(277720k free)

vm_info: Java HotSpot(TM) 64-Bit Server VM (25.5-b02) for windows-amd64 JRE (1.8.0_05-b13), built on Mar 18 2014 01:08:39 by "java_re" with MS VC++ 10.0 (VS2010)

time: Mon Aug 17 14:28:21 2015
elapsed time: 9 seconds

