#
# There is insufficient memory for the Java Runtime Environment to continue.
# Native memory allocation (malloc) failed to allocate 1818016 bytes for Chunk::new
# Possible reasons:
#   The system is out of physical RAM or swap space
#   In 32 bit mode, the process size limit was hit
# Possible solutions:
#   Reduce memory load on the system
#   Increase physical memory or swap space
#   Check if swap backing store is full
#   Use 64 bit Java on a 64 bit OS
#   Decrease Java heap size (-Xmx/-Xms)
#   Decrease number of Java threads
#   Decrease Java thread stack sizes (-Xss)
#   Set larger code cache with -XX:ReservedCodeCacheSize=
# This output file may be truncated or incomplete.
#
#  Out of Memory Error (allocation.cpp:388), pid=8836, tid=5572
#
# JRE version: Java(TM) SE Runtime Environment (8.0_05-b13) (build 1.8.0_05-b13)
# Java VM: Java HotSpot(TM) 64-Bit Server VM (25.5-b02 mixed mode windows-amd64 compressed oops)
# Failed to write core dump. Minidumps are not enabled by default on client versions of Windows
#

---------------  T H R E A D  ---------------

Current thread (0x0000000014a0d000):  JavaThread "C2 CompilerThread0" daemon [_thread_in_native, id=5572, stack(0x0000000015f80000,0x0000000016080000)]

Stack: [0x0000000015f80000,0x0000000016080000]
Native frames: (J=compiled Java code, j=interpreted, Vv=VM code, C=native code)
V  [jvm.dll+0x308dea]
V  [jvm.dll+0x25def1]
V  [jvm.dll+0x25eb0f]
V  [jvm.dll+0x2564e5]
V  [jvm.dll+0xbcfc5]
V  [jvm.dll+0xbd45c]
V  [jvm.dll+0x44d422]
V  [jvm.dll+0x48e13f]
V  [jvm.dll+0x44293e]
V  [jvm.dll+0x44366b]
V  [jvm.dll+0x427532]
V  [jvm.dll+0x96702]
V  [jvm.dll+0x96ef3]
V  [jvm.dll+0x2232c4]
V  [jvm.dll+0x27baca]
C  [msvcr100.dll+0x21d9f]
C  [msvcr100.dll+0x21e3b]
C  [KERNEL32.DLL+0x12d92]
C  [ntdll.dll+0x9f64]


Current CompileTask:
C2:   5895 1469   !   4       com.android.dx.cf.code.BytecodeArray::parseInstruction (2764 bytes)


---------------  P R O C E S S  ---------------

Java Threads: ( => current thread )
  0x0000000014a6c800 JavaThread "Service Thread" daemon [_thread_blocked, id=9052, stack(0x0000000016280000,0x0000000016380000)]
  0x0000000014a64800 JavaThread "C1 CompilerThread2" daemon [_thread_blocked, id=8560, stack(0x0000000016180000,0x0000000016280000)]
  0x0000000014a5e800 JavaThread "C2 CompilerThread1" daemon [_thread_in_native, id=6452, stack(0x0000000016080000,0x0000000016180000)]
=>0x0000000014a0d000 JavaThread "C2 CompilerThread0" daemon [_thread_in_native, id=5572, stack(0x0000000015f80000,0x0000000016080000)]
  0x0000000014a0b800 JavaThread "Attach Listener" daemon [_thread_blocked, id=3168, stack(0x0000000015e80000,0x0000000015f80000)]
  0x0000000014a0a800 JavaThread "Signal Dispatcher" daemon [_thread_blocked, id=4952, stack(0x0000000015d80000,0x0000000015e80000)]
  0x0000000002335000 JavaThread "Finalizer" daemon [_thread_blocked, id=1616, stack(0x0000000015c80000,0x0000000015d80000)]
  0x0000000002329000 JavaThread "Reference Handler" daemon [_thread_blocked, id=6748, stack(0x0000000015b80000,0x0000000015c80000)]
  0x000000000223d800 JavaThread "main" [_thread_in_Java, id=6976, stack(0x0000000002050000,0x0000000002150000)]

Other Threads:
  0x00000000149d5000 VMThread [stack: 0x0000000015a80000,0x0000000015b80000] [id=4332]
  0x0000000016380800 WatcherThread [stack: 0x0000000016780000,0x0000000016880000] [id=6604]

VM state:not at safepoint (normal execution)

VM Mutex/Monitor currently owned by a thread: None

Heap:
 PSYoungGen      total 15360K, used 9783K [0x00000000eab00000, 0x00000000ec580000, 0x0000000100000000)
  eden space 12288K, 63% used [0x00000000eab00000,0x00000000eb295e40,0x00000000eb700000)
  from space 3072K, 65% used [0x00000000eb700000,0x00000000eb8f8010,0x00000000eba00000)
  to   space 3584K, 0% used [0x00000000ec200000,0x00000000ec200000,0x00000000ec580000)
 ParOldGen       total 129536K, used 5823K [0x00000000c0000000, 0x00000000c7e80000, 0x00000000eab00000)
  object space 129536K, 4% used [0x00000000c0000000,0x00000000c05affe0,0x00000000c7e80000)
 Metaspace       used 5523K, capacity 6896K, committed 7040K, reserved 1056768K
  class space    used 552K, capacity 616K, committed 640K, reserved 1048576K

Card table byte_map: [0x0000000011700000,0x0000000011910000] byte_map_base: 0x0000000011100000

Marking Bits: (ParMarkBitMap*) 0x0000000062b913b0
 Begin Bits: [0x0000000011e70000, 0x0000000012e70000)
 End Bits:   [0x0000000012e70000, 0x0000000013e70000)

Polling page: 0x0000000001f10000

CodeCache: size=245760Kb used=6305Kb max_used=6305Kb free=239454Kb
 bounds [0x0000000002340000, 0x0000000002970000, 0x0000000011340000]
 total_blobs=1749 nmethods=1489 adapters=174
 compilation: enabled

Compilation events (10 events):
Event: 5.753 Thread 0x0000000014a64800 1495   !   3       com.android.dx.cf.attrib.AttLineNumberTable::<init> (43 bytes)
Event: 5.754 Thread 0x0000000014a64800 nmethod 1495 0x000000000296a450 code [0x000000000296a5e0, 0x000000000296aa98]
Event: 5.754 Thread 0x0000000014a64800 1489       3       com.android.dx.cf.direct.MemberListParser::getCount (17 bytes)
Event: 5.754 Thread 0x0000000014a64800 nmethod 1489 0x000000000296acd0 code [0x000000000296ae60, 0x000000000296b248]
Event: 5.754 Thread 0x0000000014a64800 1494       3       java.util.HashMap$EntrySet::iterator (12 bytes)
Event: 5.755 Thread 0x0000000014a64800 nmethod 1494 0x000000000296b4d0 code [0x000000000296b640, 0x000000000296b8a8]
Event: 5.766 Thread 0x0000000014a64800 1496       3       com.android.dx.cf.code.BaseMachine::<init> (46 bytes)
Event: 5.766 Thread 0x0000000014a64800 nmethod 1496 0x000000000296b990 code [0x000000000296bb20, 0x000000000296bf98]
Event: 5.859 Thread 0x0000000014a64800 1497       3       com.android.dx.rop.cst.CstLong::getType (4 bytes)
Event: 5.859 Thread 0x0000000014a64800 nmethod 1497 0x000000000296c0d0 code [0x000000000296c220, 0x000000000296c370]

GC Heap History (10 events):
Event: 3.127 GC heap before
{Heap before GC invocations=7 (full 0):
 PSYoungGen      total 5632K, used 5395K [0x00000000eab00000, 0x00000000eb200000, 0x0000000100000000)
  eden space 4096K, 100% used [0x00000000eab00000,0x00000000eaf00000,0x00000000eaf00000)
  from space 1536K, 84% used [0x00000000eb080000,0x00000000eb1c4e48,0x00000000eb200000)
  to   space 1536K, 0% used [0x00000000eaf00000,0x00000000eaf00000,0x00000000eb080000)
 ParOldGen       total 129536K, used 1341K [0x00000000c0000000, 0x00000000c7e80000, 0x00000000eab00000)
  object space 129536K, 1% used [0x00000000c0000000,0x00000000c014f610,0x00000000c7e80000)
 Metaspace       used 5178K, capacity 6576K, committed 6784K, reserved 1056768K
  class space    used 547K, capacity 616K, committed 640K, reserved 1048576K
Event: 3.149 GC heap after
Heap after GC invocations=7 (full 0):
 PSYoungGen      total 5632K, used 1504K [0x00000000eab00000, 0x00000000eb700000, 0x0000000100000000)
  eden space 4096K, 0% used [0x00000000eab00000,0x00000000eab00000,0x00000000eaf00000)
  from space 1536K, 97% used [0x00000000eaf00000,0x00000000eb078018,0x00000000eb080000)
  to   space 2048K, 0% used [0x00000000eb500000,0x00000000eb500000,0x00000000eb700000)
 ParOldGen       total 129536K, used 1605K [0x00000000c0000000, 0x00000000c7e80000, 0x00000000eab00000)
  object space 129536K, 1% used [0x00000000c0000000,0x00000000c0191660,0x00000000c7e80000)
 Metaspace       used 5178K, capacity 6576K, committed 6784K, reserved 1056768K
  class space    used 547K, capacity 616K, committed 640K, reserved 1048576K
}
Event: 3.480 GC heap before
{Heap before GC invocations=8 (full 0):
 PSYoungGen      total 5632K, used 5600K [0x00000000eab00000, 0x00000000eb700000, 0x0000000100000000)
  eden space 4096K, 100% used [0x00000000eab00000,0x00000000eaf00000,0x00000000eaf00000)
  from space 1536K, 97% used [0x00000000eaf00000,0x00000000eb078018,0x00000000eb080000)
  to   space 2048K, 0% used [0x00000000eb500000,0x00000000eb500000,0x00000000eb700000)
 ParOldGen       total 129536K, used 1605K [0x00000000c0000000, 0x00000000c7e80000, 0x00000000eab00000)
  object space 129536K, 1% used [0x00000000c0000000,0x00000000c0191660,0x00000000c7e80000)
 Metaspace       used 5327K, capacity 6704K, committed 6784K, reserved 1056768K
  class space    used 551K, capacity 616K, committed 640K, reserved 1048576K
Event: 3.487 GC heap after
Heap after GC invocations=8 (full 0):
 PSYoungGen      total 9728K, used 1808K [0x00000000eab00000, 0x00000000eb800000, 0x0000000100000000)
  eden space 7680K, 0% used [0x00000000eab00000,0x00000000eab00000,0x00000000eb280000)
  from space 2048K, 88% used [0x00000000eb500000,0x00000000eb6c4028,0x00000000eb700000)
  to   space 2560K, 0% used [0x00000000eb280000,0x00000000eb280000,0x00000000eb500000)
 ParOldGen       total 129536K, used 1745K [0x00000000c0000000, 0x00000000c7e80000, 0x00000000eab00000)
  object space 129536K, 1% used [0x00000000c0000000,0x00000000c01b4490,0x00000000c7e80000)
 Metaspace       used 5327K, capacity 6704K, committed 6784K, reserved 1056768K
  class space    used 551K, capacity 616K, committed 640K, reserved 1048576K
}
Event: 4.019 GC heap before
{Heap before GC invocations=9 (full 0):
 PSYoungGen      total 9728K, used 9488K [0x00000000eab00000, 0x00000000eb800000, 0x0000000100000000)
  eden space 7680K, 100% used [0x00000000eab00000,0x00000000eb280000,0x00000000eb280000)
  from space 2048K, 88% used [0x00000000eb500000,0x00000000eb6c4028,0x00000000eb700000)
  to   space 2560K, 0% used [0x00000000eb280000,0x00000000eb280000,0x00000000eb500000)
 ParOldGen       total 129536K, used 1745K [0x00000000c0000000, 0x00000000c7e80000, 0x00000000eab00000)
  object space 129536K, 1% used [0x00000000c0000000,0x00000000c01b4490,0x00000000c7e80000)
 Metaspace       used 5418K, capacity 6768K, committed 7040K, reserved 1056768K
  class space    used 552K, capacity 616K, committed 640K, reserved 1048576K
Event: 4.026 GC heap after
Heap after GC invocations=9 (full 0):
 PSYoungGen      total 10240K, used 2528K [0x00000000eab00000, 0x00000000ebd00000, 0x0000000100000000)
  eden space 7680K, 0% used [0x00000000eab00000,0x00000000eab00000,0x00000000eb280000)
  from space 2560K, 98% used [0x00000000eb280000,0x00000000eb4f8010,0x00000000eb500000)
  to   space 3072K, 0% used [0x00000000eba00000,0x00000000eba00000,0x00000000ebd00000)
 ParOldGen       total 129536K, used 2219K [0x00000000c0000000, 0x00000000c7e80000, 0x00000000eab00000)
  object space 129536K, 1% used [0x00000000c0000000,0x00000000c022afa0,0x00000000c7e80000)
 Metaspace       used 5418K, capacity 6768K, committed 7040K, reserved 1056768K
  class space    used 552K, capacity 616K, committed 640K, reserved 1048576K
}
Event: 4.500 GC heap before
{Heap before GC invocations=10 (full 0):
 PSYoungGen      total 10240K, used 10208K [0x00000000eab00000, 0x00000000ebd00000, 0x0000000100000000)
  eden space 7680K, 100% used [0x00000000eab00000,0x00000000eb280000,0x00000000eb280000)
  from space 2560K, 98% used [0x00000000eb280000,0x00000000eb4f8010,0x00000000eb500000)
  to   space 3072K, 0% used [0x00000000eba00000,0x00000000eba00000,0x00000000ebd00000)
 ParOldGen       total 129536K, used 2219K [0x00000000c0000000, 0x00000000c7e80000, 0x00000000eab00000)
  object space 129536K, 1% used [0x00000000c0000000,0x00000000c022afa0,0x00000000c7e80000)
 Metaspace       used 5472K, capacity 6832K, committed 7040K, reserved 1056768K
  class space    used 552K, capacity 616K, committed 640K, reserved 1048576K
Event: 4.537 GC heap after
Heap after GC invocations=10 (full 0):
 PSYoungGen      total 15360K, used 2528K [0x00000000eab00000, 0x00000000ebd00000, 0x0000000100000000)
  eden space 12288K, 0% used [0x00000000eab00000,0x00000000eab00000,0x00000000eb700000)
  from space 3072K, 82% used [0x00000000eba00000,0x00000000ebc78010,0x00000000ebd00000)
  to   space 3072K, 0% used [0x00000000eb700000,0x00000000eb700000,0x00000000eba00000)
 ParOldGen       total 129536K, used 3439K [0x00000000c0000000, 0x00000000c7e80000, 0x00000000eab00000)
  object space 129536K, 2% used [0x00000000c0000000,0x00000000c035bcd0,0x00000000c7e80000)
 Metaspace       used 5472K, capacity 6832K, committed 7040K, reserved 1056768K
  class space    used 552K, capacity 616K, committed 640K, reserved 1048576K
}
Event: 5.256 GC heap before
{Heap before GC invocations=11 (full 0):
 PSYoungGen      total 15360K, used 14816K [0x00000000eab00000, 0x00000000ebd00000, 0x0000000100000000)
  eden space 12288K, 100% used [0x00000000eab00000,0x00000000eb700000,0x00000000eb700000)
  from space 3072K, 82% used [0x00000000eba00000,0x00000000ebc78010,0x00000000ebd00000)
  to   space 3072K, 0% used [0x00000000eb700000,0x00000000eb700000,0x00000000eba00000)
 ParOldGen       total 129536K, used 3439K [0x00000000c0000000, 0x00000000c7e80000, 0x00000000eab00000)
  object space 129536K, 2% used [0x00000000c0000000,0x00000000c035bcd0,0x00000000c7e80000)
 Metaspace       used 5515K, capacity 6832K, committed 7040K, reserved 1056768K
  class space    used 552K, capacity 616K, committed 640K, reserved 1048576K
Event: 5.312 GC heap after
Heap after GC invocations=11 (full 0):
 PSYoungGen      total 15360K, used 2016K [0x00000000eab00000, 0x00000000ec580000, 0x0000000100000000)
  eden space 12288K, 0% used [0x00000000eab00000,0x00000000eab00000,0x00000000eb700000)
  from space 3072K, 65% used [0x00000000eb700000,0x00000000eb8f8010,0x00000000eba00000)
  to   space 3584K, 0% used [0x00000000ec200000,0x00000000ec200000,0x00000000ec580000)
 ParOldGen       total 129536K, used 5823K [0x00000000c0000000, 0x00000000c7e80000, 0x00000000eab00000)
  object space 129536K, 4% used [0x00000000c0000000,0x00000000c05affe0,0x00000000c7e80000)
 Metaspace       used 5515K, capacity 6832K, committed 7040K, reserved 1056768K
  class space    used 552K, capacity 616K, committed 640K, reserved 1048576K
}

Deoptimization events (7 events):
Event: 3.225 Thread 0x000000000223d800 Uncommon trap: reason=class_check action=maybe_recompile pc=0x00000000025df230 method=com.android.dx.ssa.NormalSsaInsn.accept(Lcom/android/dx/ssa/SsaInsn$Visitor;)V @ 9
Event: 3.225 Thread 0x000000000223d800 Uncommon trap: reason=class_check action=maybe_recompile pc=0x00000000025df230 method=com.android.dx.ssa.NormalSsaInsn.accept(Lcom/android/dx/ssa/SsaInsn$Visitor;)V @ 9
Event: 3.225 Thread 0x000000000223d800 Uncommon trap: reason=class_check action=maybe_recompile pc=0x00000000025df230 method=com.android.dx.ssa.NormalSsaInsn.accept(Lcom/android/dx/ssa/SsaInsn$Visitor;)V @ 9
Event: 3.228 Thread 0x000000000223d800 Uncommon trap: reason=class_check action=maybe_recompile pc=0x00000000025df230 method=com.android.dx.ssa.NormalSsaInsn.accept(Lcom/android/dx/ssa/SsaInsn$Visitor;)V @ 9
Event: 3.236 Thread 0x000000000223d800 Uncommon trap: reason=class_check action=maybe_recompile pc=0x000000000269c120 method=com.android.dx.ssa.NormalSsaInsn.accept(Lcom/android/dx/ssa/SsaInsn$Visitor;)V @ 9
Event: 4.076 Thread 0x000000000223d800 Uncommon trap: reason=unreached action=reinterpret pc=0x00000000026cfadc method=com.android.dx.rop.cst.Constant.compareTo(Lcom/android/dx/rop/cst/Constant;)I @ 12
Event: 4.382 Thread 0x000000000223d800 Uncommon trap: reason=unreached action=reinterpret pc=0x000000000284d758 method=com.android.dx.cf.code.BytecodeArray.parseInstruction(ILcom/android/dx/cf/code/BytecodeArray$Visitor;)I @ 1198

Internal exceptions (10 events):
Event: 2.776 Thread 0x000000000223d800 Exception <a 'java/security/PrivilegedActionException'> (0x00000000eabbb8a0) thrown at [D:\re\workspace\8-2-build-windows-amd64-cygwin\jdk8u5\2488\hotspot\src\share\vm\prims\jvm.cpp, line 1248]
Event: 2.777 Thread 0x000000000223d800 Exception <a 'java/security/PrivilegedActionException'> (0x00000000eabbf558) thrown at [D:\re\workspace\8-2-build-windows-amd64-cygwin\jdk8u5\2488\hotspot\src\share\vm\prims\jvm.cpp, line 1248]
Event: 2.819 Thread 0x000000000223d800 Exception <a 'java/security/PrivilegedActionException'> (0x00000000eac0b3e0) thrown at [D:\re\workspace\8-2-build-windows-amd64-cygwin\jdk8u5\2488\hotspot\src\share\vm\prims\jvm.cpp, line 1248]
Event: 2.843 Thread 0x000000000223d800 Exception <a 'java/security/PrivilegedActionException'> (0x00000000eac498e8) thrown at [D:\re\workspace\8-2-build-windows-amd64-cygwin\jdk8u5\2488\hotspot\src\share\vm\prims\jvm.cpp, line 1248]
Event: 3.467 Thread 0x000000000223d800 Exception <a 'java/security/PrivilegedActionException'> (0x00000000eaebeba8) thrown at [D:\re\workspace\8-2-build-windows-amd64-cygwin\jdk8u5\2488\hotspot\src\share\vm\prims\jvm.cpp, line 1248]
Event: 3.469 Thread 0x000000000223d800 Exception <a 'java/security/PrivilegedActionException'> (0x00000000eaec8bd0) thrown at [D:\re\workspace\8-2-build-windows-amd64-cygwin\jdk8u5\2488\hotspot\src\share\vm\prims\jvm.cpp, line 1248]
Event: 3.470 Thread 0x000000000223d800 Exception <a 'java/security/PrivilegedActionException'> (0x00000000eaecb220) thrown at [D:\re\workspace\8-2-build-windows-amd64-cygwin\jdk8u5\2488\hotspot\src\share\vm\prims\jvm.cpp, line 1248]
Event: 3.513 Thread 0x000000000223d800 Exception <a 'java/security/PrivilegedActionException'> (0x00000000eab385c0) thrown at [D:\re\workspace\8-2-build-windows-amd64-cygwin\jdk8u5\2488\hotspot\src\share\vm\prims\jvm.cpp, line 1248]
Event: 3.990 Thread 0x000000000223d800 Exception <a 'java/security/PrivilegedActionException'> (0x00000000eb22f228) thrown at [D:\re\workspace\8-2-build-windows-amd64-cygwin\jdk8u5\2488\hotspot\src\share\vm\prims\jvm.cpp, line 1248]
Event: 3.991 Thread 0x000000000223d800 Exception <a 'java/security/PrivilegedActionException'> (0x00000000eb2318f8) thrown at [D:\re\workspace\8-2-build-windows-amd64-cygwin\jdk8u5\2488\hotspot\src\share\vm\prims\jvm.cpp, line 1248]

Events (10 events):
Event: 4.564 Thread 0x000000000223d800 DEOPT PACKING pc=0x000000000268bdf4 sp=0x000000000214e9d0
Event: 4.564 Thread 0x000000000223d800 DEOPT UNPACKING pc=0x0000000002387604 sp=0x000000000214e798 mode 0
Event: 4.586 Executing VM operation: EnableBiasedLocking
Event: 4.597 Executing VM operation: EnableBiasedLocking done
Event: 4.787 Thread 0x000000000223d800 DEOPT PACKING pc=0x000000000268be0b sp=0x000000000214e8f0
Event: 4.787 Thread 0x000000000223d800 DEOPT UNPACKING pc=0x0000000002387604 sp=0x000000000214e6b8 mode 0
Event: 5.000 Thread 0x000000000223d800 DEOPT PACKING pc=0x000000000268bdf4 sp=0x000000000214e880
Event: 5.000 Thread 0x000000000223d800 DEOPT UNPACKING pc=0x0000000002387604 sp=0x000000000214e648 mode 0
Event: 5.256 Executing VM operation: ParallelGCFailedAllocation
Event: 5.312 Executing VM operation: ParallelGCFailedAllocation done


Dynamic libraries:
0x00007ff7c80c0000 - 0x00007ff7c80f4000 	C:\Program Files\Java\jdk1.8.0_05\bin\java.exe
0x00007ffb2ad40000 - 0x00007ffb2af01000 	C:\WINDOWS\SYSTEM32\ntdll.dll
0x00007ffb2abe0000 - 0x00007ffb2ac8d000 	C:\WINDOWS\system32\KERNEL32.DLL
0x00007ffb28230000 - 0x00007ffb2840d000 	C:\WINDOWS\system32\KERNELBASE.dll
0x00007ffb2aaa0000 - 0x00007ffb2ab46000 	C:\WINDOWS\system32\ADVAPI32.dll
0x00007ffb28840000 - 0x00007ffb288dd000 	C:\WINDOWS\system32\msvcrt.dll
0x00007ffb2a970000 - 0x00007ffb2a9cb000 	C:\WINDOWS\system32\sechost.dll
0x00007ffb2a410000 - 0x00007ffb2a536000 	C:\WINDOWS\system32\RPCRT4.dll
0x00007ffb2a540000 - 0x00007ffb2a68e000 	C:\WINDOWS\system32\USER32.dll
0x00007ffb2a690000 - 0x00007ffb2a816000 	C:\WINDOWS\system32\GDI32.dll
0x00007ffb1dee0000 - 0x00007ffb1e154000 	C:\WINDOWS\WinSxS\amd64_microsoft.windows.common-controls_6595b64144ccf1df_6.0.10240.16384_none_f41f7b285750ef43\COMCTL32.dll
0x00007ffb2ad00000 - 0x00007ffb2ad36000 	C:\WINDOWS\system32\IMM32.DLL
0x00007ffb2a160000 - 0x00007ffb2a2bc000 	C:\WINDOWS\system32\MSCTF.dll
0x0000000061f60000 - 0x0000000062032000 	C:\Program Files\Java\jdk1.8.0_05\jre\bin\msvcr100.dll
0x00000000623e0000 - 0x0000000062c0a000 	C:\Program Files\Java\jdk1.8.0_05\jre\bin\server\jvm.dll
0x00007ffb2a400000 - 0x00007ffb2a408000 	C:\WINDOWS\system32\PSAPI.DLL
0x00007ffb25790000 - 0x00007ffb25799000 	C:\WINDOWS\SYSTEM32\WSOCK32.dll
0x00007ffb2ab50000 - 0x00007ffb2abb9000 	C:\WINDOWS\system32\WS2_32.dll
0x00007ffb2a9d0000 - 0x00007ffb2a9d8000 	C:\WINDOWS\system32\NSI.dll
0x00007ffb25860000 - 0x00007ffb25883000 	C:\WINDOWS\SYSTEM32\WINMM.dll
0x00007ffb25800000 - 0x00007ffb2582c000 	C:\WINDOWS\SYSTEM32\WINMMBASE.dll
0x00007ffb27af0000 - 0x00007ffb27b34000 	C:\WINDOWS\system32\cfgmgr32.dll
0x00007ffb260e0000 - 0x00007ffb26107000 	C:\WINDOWS\SYSTEM32\DEVOBJ.dll
0x00000000623d0000 - 0x00000000623df000 	C:\Program Files\Java\jdk1.8.0_05\jre\bin\verify.dll
0x00000000623a0000 - 0x00000000623c8000 	C:\Program Files\Java\jdk1.8.0_05\jre\bin\java.dll
0x0000000062380000 - 0x0000000062396000 	C:\Program Files\Java\jdk1.8.0_05\jre\bin\zip.dll
0x00007ffb28c30000 - 0x00007ffb2a152000 	C:\WINDOWS\system32\SHELL32.dll
0x00007ffb27c00000 - 0x00007ffb28229000 	C:\WINDOWS\system32\windows.storage.dll
0x00007ffb288e0000 - 0x00007ffb28b5c000 	C:\WINDOWS\system32\combase.dll
0x00007ffb2a3a0000 - 0x00007ffb2a3f1000 	C:\WINDOWS\system32\shlwapi.dll
0x00007ffb27770000 - 0x00007ffb2777f000 	C:\WINDOWS\system32\kernel.appcore.dll
0x00007ffb27b40000 - 0x00007ffb27bf3000 	C:\WINDOWS\system32\shcore.dll
0x00007ffb277c0000 - 0x00007ffb2780a000 	C:\WINDOWS\system32\powrprof.dll
0x00007ffb27780000 - 0x00007ffb27793000 	C:\WINDOWS\system32\profapi.dll
0x00007ffb07da0000 - 0x00007ffb07f2a000 	C:\WINDOWS\SYSTEM32\dbghelp.dll

VM Arguments:
jvm_args: -Xmx1024M -Dfile.encoding=windows-1252 -Duser.country=BR -Duser.language=pt -Duser.variant 
java_command: com.android.dx.command.Main --dex --output E:\GitHub\FitCook\app\build\intermediates\pre-dexed\release\picasso-2.4.0-28480c83b137b273eff8c185f8cd095dfec330dc.jar C:\Users\Aires\.gradle\caches\modules-2\files-2.1\com.squareup.picasso\picasso\2.4.0\f36d2d4e3a36b3259aaf9d004d29b4cdc6c1bfb2\picasso-2.4.0.jar
java_class_path (initial): C:\Program Files (x86)\Android\android-sdk\build-tools\22.0.1\lib\dx.jar
Launcher Type: SUN_STANDARD

Environment Variables:
JAVA_HOME=C:\Program Files\Java\jdk1.8.0_05
PATH=C:\Program Files (x86)\Intel\iCLS Client\;C:\Program Files\Intel\iCLS Client\;C:\WINDOWS\system32;C:\WINDOWS;C:\WINDOWS\System32\Wbem;C:\WINDOWS\System32\WindowsPowerShell\v1.0\;C:\Program Files (x86)\Windows Live\Shared;C:\Program Files (x86)\Intel\OpenCL SDK\2.0\bin\x86;C:\Program Files (x86)\Intel\OpenCL SDK\2.0\bin\x64;C:\Program Files\Intel\Intel(R) Management Engine Components\DAL;C:\Program Files\Intel\Intel(R) Management Engine Components\IPT;C:\Program Files (x86)\Intel\Intel(R) Management Engine Components\DAL;C:\Program Files (x86)\Intel\Intel(R) Management Engine Components\IPT;C:\Program Files\Java\jdk1.8.0_05/bin;C:\Program Files (x86)\Android\android-sdk\platform-tools;C:\Program Files (x86)\Git\cmd;C:\Program Files (x86)\Windows Kits\8.1\Windows Performance Toolkit\;C:\Program Files\Microsoft SQL Server\110\Tools\Binn\;C:\Program Files (x86)\Microsoft SDKs\TypeScript\1.0\;C:\Program Files\Microsoft SQL Server\120\Tools\Binn\;C:\Program Files (x86)\nodejs\;C:\Program Files\Google\Cloud SDK\google-cloud-sdk\bin;C:\Program Files (x86)\Skype\Phone\;C:\Ruby21\bin;C:\Users\Aires\AppData\Roaming\npm
USERNAME=Aires
OS=Windows_NT
PROCESSOR_IDENTIFIER=Intel64 Family 6 Model 58 Stepping 9, GenuineIntel



---------------  S Y S T E M  ---------------

OS: Windows 8.1 , 64 bit Build 9600 

CPU:total 4 (2 cores per cpu, 2 threads per core) family 6 model 58 stepping 9, cmov, cx8, fxsr, mmx, sse, sse2, sse3, ssse3, sse4.1, sse4.2, popcnt, avx, clmul, erms, ht, tsc, tscinvbit

Memory: 4k page, physical 8282396k(1202744k free), swap 8282396k(4624k free)

vm_info: Java HotSpot(TM) 64-Bit Server VM (25.5-b02) for windows-amd64 JRE (1.8.0_05-b13), built on Mar 18 2014 01:08:39 by "java_re" with MS VC++ 10.0 (VS2010)

time: Wed Aug 26 11:39:58 2015
elapsed time: 5 seconds

