#
# There is insufficient memory for the Java Runtime Environment to continue.
# Native memory allocation (malloc) failed to allocate 33554448 bytes for Chunk::new
# Possible reasons:
#   The system is out of physical RAM or swap space
#   In 32 bit mode, the process size limit was hit
# Possible solutions:
#   Reduce memory load on the system
#   Increase physical memory or swap space
#   Check if swap backing store is full
#   Use 64 bit Java on a 64 bit OS
#   Decrease Java heap size (-Xmx/-Xms)
#   Decrease number of Java threads
#   Decrease Java thread stack sizes (-Xss)
#   Set larger code cache with -XX:ReservedCodeCacheSize=
# This output file may be truncated or incomplete.
#
#  Out of Memory Error (allocation.cpp:388), pid=7692, tid=7880
#
# JRE version: Java(TM) SE Runtime Environment (8.0_05-b13) (build 1.8.0_05-b13)
# Java VM: Java HotSpot(TM) 64-Bit Server VM (25.5-b02 mixed mode windows-amd64 compressed oops)
# Failed to write core dump. Minidumps are not enabled by default on client versions of Windows
#

---------------  T H R E A D  ---------------

Current thread (0x000000001515c000):  JavaThread "C2 CompilerThread0" daemon [_thread_in_native, id=7880, stack(0x00000000166c0000,0x00000000167c0000)]

Stack: [0x00000000166c0000,0x00000000167c0000]
Native frames: (J=compiled Java code, j=interpreted, Vv=VM code, C=native code)
V  [jvm.dll+0x308dea]
V  [jvm.dll+0x25def1]
V  [jvm.dll+0x25eb0f]
V  [jvm.dll+0x2564e5]
V  [jvm.dll+0xbcfc5]
V  [jvm.dll+0xbd45c]
V  [jvm.dll+0x44e048]
V  [jvm.dll+0x44ef20]
V  [jvm.dll+0x44f1da]
V  [jvm.dll+0x4500bf]
V  [jvm.dll+0x452171]
V  [jvm.dll+0x4545a5]
V  [jvm.dll+0x454f2c]
V  [jvm.dll+0x455273]
V  [jvm.dll+0x4420c3]
V  [jvm.dll+0x44366b]
V  [jvm.dll+0x427532]
V  [jvm.dll+0x96702]
V  [jvm.dll+0x96ef3]
V  [jvm.dll+0x2232c4]
V  [jvm.dll+0x27baca]
C  [msvcr100.dll+0x21d9f]
C  [msvcr100.dll+0x21e3b]
C  [KERNEL32.DLL+0x12d92]
C  [ntdll.dll+0x9f64]


Current CompileTask:
C2:  19737 1902   !   4       com.android.dx.cf.code.Ropper::processBlock (1101 bytes)


---------------  P R O C E S S  ---------------

Java Threads: ( => current thread )
  0x00000000151bb800 JavaThread "Service Thread" daemon [_thread_blocked, id=4392, stack(0x00000000169c0000,0x0000000016ac0000)]
  0x00000000151b3800 JavaThread "C1 CompilerThread2" daemon [_thread_blocked, id=5264, stack(0x00000000168c0000,0x00000000169c0000)]
  0x00000000151ad800 JavaThread "C2 CompilerThread1" daemon [_thread_in_native, id=8504, stack(0x00000000167c0000,0x00000000168c0000)]
=>0x000000001515c000 JavaThread "C2 CompilerThread0" daemon [_thread_in_native, id=7880, stack(0x00000000166c0000,0x00000000167c0000)]
  0x000000001515b000 JavaThread "Attach Listener" daemon [_thread_blocked, id=8748, stack(0x00000000165c0000,0x00000000166c0000)]
  0x0000000015159800 JavaThread "Signal Dispatcher" daemon [_thread_blocked, id=5336, stack(0x00000000164c0000,0x00000000165c0000)]
  0x0000000002a55000 JavaThread "Finalizer" daemon [_thread_blocked, id=6016, stack(0x00000000163b0000,0x00000000164b0000)]
  0x0000000002a49000 JavaThread "Reference Handler" daemon [_thread_blocked, id=8944, stack(0x00000000162b0000,0x00000000163b0000)]
  0x0000000000cbd800 JavaThread "main" [_thread_in_Java, id=7164, stack(0x0000000002730000,0x0000000002830000)]

Other Threads:
  0x0000000015125000 VMThread [stack: 0x00000000161b0000,0x00000000162b0000] [id=8180]
  0x00000000151be800 WatcherThread [stack: 0x0000000016ec0000,0x0000000016fc0000] [id=7252]

VM state:not at safepoint (normal execution)

VM Mutex/Monitor currently owned by a thread: None

Heap:
 PSYoungGen      total 111104K, used 21436K [0x00000000eab00000, 0x00000000f2700000, 0x0000000100000000)
  eden space 98304K, 11% used [0x00000000eab00000,0x00000000eb63f2e8,0x00000000f0b00000)
  from space 12800K, 77% used [0x00000000f1880000,0x00000000f2230000,0x00000000f2500000)
  to   space 13824K, 0% used [0x00000000f0b00000,0x00000000f0b00000,0x00000000f1880000)
 ParOldGen       total 129536K, used 49875K [0x00000000c0000000, 0x00000000c7e80000, 0x00000000eab00000)
  object space 129536K, 38% used [0x00000000c0000000,0x00000000c30b4d58,0x00000000c7e80000)
 Metaspace       used 6107K, capacity 7064K, committed 7424K, reserved 1056768K
  class space    used 607K, capacity 656K, committed 768K, reserved 1048576K

Card table byte_map: [0x0000000011e30000,0x0000000012040000] byte_map_base: 0x0000000011830000

Marking Bits: (ParMarkBitMap*) 0x0000000060db13b0
 Begin Bits: [0x00000000125a0000, 0x00000000135a0000)
 End Bits:   [0x00000000135a0000, 0x00000000145a0000)

Polling page: 0x0000000002830000

CodeCache: size=245760Kb used=8766Kb max_used=8780Kb free=236993Kb
 bounds [0x0000000002a70000, 0x0000000003310000, 0x0000000011a70000]
 total_blobs=2390 nmethods=2125 adapters=178
 compilation: enabled

Compilation events (10 events):
Event: 19.320 Thread 0x00000000151b3800 2259       3       java.util.HashMap$KeySet::iterator (12 bytes)
Event: 19.320 Thread 0x00000000151b3800 nmethod 2259 0x0000000003300090 code [0x0000000003300200, 0x0000000003300468]
Event: 19.323 Thread 0x00000000151b3800 2260       3       com.android.dx.dex.file.CodeItem::addContents (174 bytes)
Event: 19.325 Thread 0x00000000151b3800 nmethod 2260 0x0000000003300550 code [0x0000000003300860, 0x00000000033021c8]
Event: 19.423 Thread 0x00000000151ad800 nmethod 2239 0x0000000003306d50 code [0x0000000003306f80, 0x0000000003308388]
Event: 19.423 Thread 0x00000000151ad800 2243       4       java.util.Arrays::hashCode (56 bytes)
Event: 19.431 Thread 0x00000000151ad800 nmethod 2243 0x0000000003303910 code [0x0000000003303a60, 0x0000000003303cb8]
Event: 19.431 Thread 0x00000000151ad800 2250       4       com.android.dx.rop.code.RegisterSpecSet::size (49 bytes)
Event: 19.435 Thread 0x00000000151ad800 nmethod 2250 0x00000000033035d0 code [0x0000000003303700, 0x0000000003303858]
Event: 19.435 Thread 0x00000000151ad800 2256       4       com.android.dx.dex.code.OutputFinisher::addConstants (93 bytes)

GC Heap History (10 events):
Event: 10.476 GC heap before
{Heap before GC invocations=16 (full 0):
 PSYoungGen      total 36352K, used 36320K [0x00000000eab00000, 0x00000000ee980000, 0x0000000100000000)
  eden space 32256K, 100% used [0x00000000eab00000,0x00000000eca80000,0x00000000eca80000)
  from space 4096K, 99% used [0x00000000eca80000,0x00000000ece78010,0x00000000ece80000)
  to   space 6144K, 0% used [0x00000000ee380000,0x00000000ee380000,0x00000000ee980000)
 ParOldGen       total 129536K, used 16328K [0x00000000c0000000, 0x00000000c7e80000, 0x00000000eab00000)
  object space 129536K, 12% used [0x00000000c0000000,0x00000000c0ff2298,0x00000000c7e80000)
 Metaspace       used 5882K, capacity 6960K, committed 7040K, reserved 1056768K
  class space    used 580K, capacity 616K, committed 640K, reserved 1048576K
Event: 10.560 GC heap after
Heap after GC invocations=16 (full 0):
 PSYoungGen      total 57344K, used 4736K [0x00000000eab00000, 0x00000000eea80000, 0x0000000100000000)
  eden space 51200K, 0% used [0x00000000eab00000,0x00000000eab00000,0x00000000edd00000)
  from space 6144K, 77% used [0x00000000ee380000,0x00000000ee820000,0x00000000ee980000)
  to   space 6656K, 0% used [0x00000000edd00000,0x00000000edd00000,0x00000000ee380000)
 ParOldGen       total 129536K, used 20244K [0x00000000c0000000, 0x00000000c7e80000, 0x00000000eab00000)
  object space 129536K, 15% used [0x00000000c0000000,0x00000000c13c5108,0x00000000c7e80000)
 Metaspace       used 5882K, capacity 6960K, committed 7040K, reserved 1056768K
  class space    used 580K, capacity 616K, committed 640K, reserved 1048576K
}
Event: 11.328 GC heap before
{Heap before GC invocations=17 (full 0):
 PSYoungGen      total 57344K, used 55936K [0x00000000eab00000, 0x00000000eea80000, 0x0000000100000000)
  eden space 51200K, 100% used [0x00000000eab00000,0x00000000edd00000,0x00000000edd00000)
  from space 6144K, 77% used [0x00000000ee380000,0x00000000ee820000,0x00000000ee980000)
  to   space 6656K, 0% used [0x00000000edd00000,0x00000000edd00000,0x00000000ee380000)
 ParOldGen       total 129536K, used 20244K [0x00000000c0000000, 0x00000000c7e80000, 0x00000000eab00000)
  object space 129536K, 15% used [0x00000000c0000000,0x00000000c13c5108,0x00000000c7e80000)
 Metaspace       used 5985K, capacity 6962K, committed 7040K, reserved 1056768K
  class space    used 599K, capacity 618K, committed 640K, reserved 1048576K
Event: 11.448 GC heap after
Heap after GC invocations=17 (full 0):
 PSYoungGen      total 57856K, used 6656K [0x00000000eab00000, 0x00000000f0400000, 0x0000000100000000)
  eden space 51200K, 0% used [0x00000000eab00000,0x00000000eab00000,0x00000000edd00000)
  from space 6656K, 100% used [0x00000000edd00000,0x00000000ee380000,0x00000000ee380000)
  to   space 9728K, 0% used [0x00000000efa80000,0x00000000efa80000,0x00000000f0400000)
 ParOldGen       total 129536K, used 25494K [0x00000000c0000000, 0x00000000c7e80000, 0x00000000eab00000)
  object space 129536K, 19% used [0x00000000c0000000,0x00000000c18e5918,0x00000000c7e80000)
 Metaspace       used 5985K, capacity 6962K, committed 7040K, reserved 1056768K
  class space    used 599K, capacity 618K, committed 640K, reserved 1048576K
}
Event: 12.482 GC heap before
{Heap before GC invocations=18 (full 0):
 PSYoungGen      total 57856K, used 57856K [0x00000000eab00000, 0x00000000f0400000, 0x0000000100000000)
  eden space 51200K, 100% used [0x00000000eab00000,0x00000000edd00000,0x00000000edd00000)
  from space 6656K, 100% used [0x00000000edd00000,0x00000000ee380000,0x00000000ee380000)
  to   space 9728K, 0% used [0x00000000efa80000,0x00000000efa80000,0x00000000f0400000)
 ParOldGen       total 129536K, used 25494K [0x00000000c0000000, 0x00000000c7e80000, 0x00000000eab00000)
  object space 129536K, 19% used [0x00000000c0000000,0x00000000c18e5918,0x00000000c7e80000)
 Metaspace       used 6005K, capacity 7026K, committed 7296K, reserved 1056768K
  class space    used 599K, capacity 618K, committed 640K, reserved 1048576K
Event: 12.698 GC heap after
Heap after GC invocations=18 (full 0):
 PSYoungGen      total 80384K, used 8369K [0x00000000eab00000, 0x00000000f0600000, 0x0000000100000000)
  eden space 70656K, 0% used [0x00000000eab00000,0x00000000eab00000,0x00000000ef000000)
  from space 9728K, 86% used [0x00000000efa80000,0x00000000f02ac500,0x00000000f0400000)
  to   space 10752K, 0% used [0x00000000ef000000,0x00000000ef000000,0x00000000efa80000)
 ParOldGen       total 129536K, used 31988K [0x00000000c0000000, 0x00000000c7e80000, 0x00000000eab00000)
  object space 129536K, 24% used [0x00000000c0000000,0x00000000c1f3d170,0x00000000c7e80000)
 Metaspace       used 6005K, capacity 7026K, committed 7296K, reserved 1056768K
  class space    used 599K, capacity 618K, committed 640K, reserved 1048576K
}
Event: 14.148 GC heap before
{Heap before GC invocations=19 (full 0):
 PSYoungGen      total 80384K, used 79025K [0x00000000eab00000, 0x00000000f0600000, 0x0000000100000000)
  eden space 70656K, 100% used [0x00000000eab00000,0x00000000ef000000,0x00000000ef000000)
  from space 9728K, 86% used [0x00000000efa80000,0x00000000f02ac500,0x00000000f0400000)
  to   space 10752K, 0% used [0x00000000ef000000,0x00000000ef000000,0x00000000efa80000)
 ParOldGen       total 129536K, used 31988K [0x00000000c0000000, 0x00000000c7e80000, 0x00000000eab00000)
  object space 129536K, 24% used [0x00000000c0000000,0x00000000c1f3d170,0x00000000c7e80000)
 Metaspace       used 6010K, capacity 7026K, committed 7296K, reserved 1056768K
  class space    used 599K, capacity 618K, committed 640K, reserved 1048576K
Event: 14.601 GC heap after
Heap after GC invocations=19 (full 0):
 PSYoungGen      total 81408K, used 10432K [0x00000000eab00000, 0x00000000f2500000, 0x0000000100000000)
  eden space 70656K, 0% used [0x00000000eab00000,0x00000000eab00000,0x00000000ef000000)
  from space 10752K, 97% used [0x00000000ef000000,0x00000000efa30000,0x00000000efa80000)
  to   space 12800K, 0% used [0x00000000f1880000,0x00000000f1880000,0x00000000f2500000)
 ParOldGen       total 129536K, used 39884K [0x00000000c0000000, 0x00000000c7e80000, 0x00000000eab00000)
  object space 129536K, 30% used [0x00000000c0000000,0x00000000c26f3158,0x00000000c7e80000)
 Metaspace       used 6010K, capacity 7026K, committed 7296K, reserved 1056768K
  class space    used 599K, capacity 618K, committed 640K, reserved 1048576K
}
Event: 17.479 GC heap before
{Heap before GC invocations=20 (full 0):
 PSYoungGen      total 81408K, used 81088K [0x00000000eab00000, 0x00000000f2500000, 0x0000000100000000)
  eden space 70656K, 100% used [0x00000000eab00000,0x00000000ef000000,0x00000000ef000000)
  from space 10752K, 97% used [0x00000000ef000000,0x00000000efa30000,0x00000000efa80000)
  to   space 12800K, 0% used [0x00000000f1880000,0x00000000f1880000,0x00000000f2500000)
 ParOldGen       total 129536K, used 39884K [0x00000000c0000000, 0x00000000c7e80000, 0x00000000eab00000)
  object space 129536K, 30% used [0x00000000c0000000,0x00000000c26f3158,0x00000000c7e80000)
 Metaspace       used 6012K, capacity 7026K, committed 7296K, reserved 1056768K
  class space    used 599K, capacity 618K, committed 640K, reserved 1048576K
Event: 18.220 GC heap after
Heap after GC invocations=20 (full 0):
 PSYoungGen      total 111104K, used 9920K [0x00000000eab00000, 0x00000000f2700000, 0x0000000100000000)
  eden space 98304K, 0% used [0x00000000eab00000,0x00000000eab00000,0x00000000f0b00000)
  from space 12800K, 77% used [0x00000000f1880000,0x00000000f2230000,0x00000000f2500000)
  to   space 13824K, 0% used [0x00000000f0b00000,0x00000000f0b00000,0x00000000f1880000)
 ParOldGen       total 129536K, used 49875K [0x00000000c0000000, 0x00000000c7e80000, 0x00000000eab00000)
  object space 129536K, 38% used [0x00000000c0000000,0x00000000c30b4d58,0x00000000c7e80000)
 Metaspace       used 6012K, capacity 7026K, committed 7296K, reserved 1056768K
  class space    used 599K, capacity 618K, committed 640K, reserved 1048576K
}

Deoptimization events (10 events):
Event: 10.829 Thread 0x0000000000cbd800 Uncommon trap: reason=unreached action=reinterpret pc=0x0000000003174098 method=java.util.HashMap.getNode(ILjava/lang/Object;)Ljava/util/HashMap$Node; @ 84
Event: 10.928 Thread 0x0000000016dd4000 Uncommon trap: reason=unreached action=reinterpret pc=0x000000000317462c method=java.util.HashMap.getNode(ILjava/lang/Object;)Ljava/util/HashMap$Node; @ 84
Event: 11.017 Thread 0x0000000016dd6800 Uncommon trap: reason=unreached action=reinterpret pc=0x00000000031accb8 method=java.util.HashMap.putVal(ILjava/lang/Object;Ljava/lang/Object;ZZ)Ljava/lang/Object; @ 109
Event: 11.697 Thread 0x0000000016dd4000 Uncommon trap: reason=unreached action=reinterpret pc=0x000000000318f4a0 method=java.util.HashMap.resize()[Ljava/util/HashMap$Node; @ 206
Event: 11.956 Thread 0x0000000016dd5800 Uncommon trap: reason=unreached action=reinterpret pc=0x00000000030cc394 method=com.android.dx.ssa.MoveParamCombiner$1.visitNonMoveInsn(Lcom/android/dx/ssa/NormalSsaInsn;)V @ 27
Event: 18.323 Thread 0x0000000000cbd800 Uncommon trap: reason=class_check action=maybe_recompile pc=0x0000000002f61360 method=java.util.Arrays.hashCode([Ljava/lang/Object;)I @ 43
Event: 18.323 Thread 0x0000000000cbd800 Uncommon trap: reason=class_check action=maybe_recompile pc=0x0000000002f61360 method=java.util.Arrays.hashCode([Ljava/lang/Object;)I @ 43
Event: 18.323 Thread 0x0000000000cbd800 Uncommon trap: reason=class_check action=maybe_recompile pc=0x0000000002f61360 method=java.util.Arrays.hashCode([Ljava/lang/Object;)I @ 43
Event: 18.323 Thread 0x0000000000cbd800 Uncommon trap: reason=class_check action=maybe_recompile pc=0x0000000002f61360 method=java.util.Arrays.hashCode([Ljava/lang/Object;)I @ 43
Event: 18.323 Thread 0x0000000000cbd800 Uncommon trap: reason=class_check action=maybe_recompile pc=0x0000000002ef1700 method=java.util.Arrays.hashCode([Ljava/lang/Object;)I @ 43

Internal exceptions (10 events):
Event: 5.518 Thread 0x0000000016d5f800 Exception <a 'java/security/PrivilegedActionException'> (0x00000000eadbc710) thrown at [D:\re\workspace\8-2-build-windows-amd64-cygwin\jdk8u5\2488\hotspot\src\share\vm\prims\jvm.cpp, line 1248]
Event: 6.023 Thread 0x0000000000cbd800 Exception <a 'java/security/PrivilegedActionException'> (0x00000000ead62400) thrown at [D:\re\workspace\8-2-build-windows-amd64-cygwin\jdk8u5\2488\hotspot\src\share\vm\prims\jvm.cpp, line 1248]
Event: 7.821 Thread 0x0000000016dd4000 Exception <a 'java/security/PrivilegedActionException'> (0x00000000eabe5c20) thrown at [D:\re\workspace\8-2-build-windows-amd64-cygwin\jdk8u5\2488\hotspot\src\share\vm\prims\jvm.cpp, line 1248]
Event: 8.164 Thread 0x0000000016dd5800 Exception <a 'java/security/PrivilegedActionException'> (0x00000000eaba0198) thrown at [D:\re\workspace\8-2-build-windows-amd64-cygwin\jdk8u5\2488\hotspot\src\share\vm\prims\jvm.cpp, line 1248]
Event: 8.294 Thread 0x0000000016dd4000 Exception <a 'java/security/PrivilegedActionException'> (0x00000000eb5d16e0) thrown at [D:\re\workspace\8-2-build-windows-amd64-cygwin\jdk8u5\2488\hotspot\src\share\vm\prims\jvm.cpp, line 1248]
Event: 10.825 Thread 0x0000000000cbd800 Exception <a 'java/lang/ArrayIndexOutOfBoundsException': 18> (0x00000000ec1fccb0) thrown at [D:\re\workspace\8-2-build-windows-amd64-cygwin\jdk8u5\2488\hotspot\src\share\vm\interpreter\interpreterRuntime.cpp, line 337]
Event: 10.826 Thread 0x0000000000cbd800 Exception <a 'java/lang/ArrayIndexOutOfBoundsException'> (0x00000000ec1fe748) thrown at [D:\re\workspace\8-2-build-windows-amd64-cygwin\jdk8u5\2488\hotspot\src\share\vm\runtime\sharedRuntime.cpp, line 595]
Event: 10.828 Thread 0x0000000000cbd800 Exception <a 'java/lang/ArrayIndexOutOfBoundsException'> (0x00000000ec1ff960) thrown at [D:\re\workspace\8-2-build-windows-amd64-cygwin\jdk8u5\2488\hotspot\src\share\vm\runtime\sharedRuntime.cpp, line 595]
Event: 18.322 Thread 0x0000000000cbd800 Exception <a 'java/security/PrivilegedActionException'> (0x00000000eafb7290) thrown at [D:\re\workspace\8-2-build-windows-amd64-cygwin\jdk8u5\2488\hotspot\src\share\vm\prims\jvm.cpp, line 1248]
Event: 19.306 Thread 0x0000000000cbd800 Exception <a 'java/security/PrivilegedActionException'> (0x00000000eb5790c8) thrown at [D:\re\workspace\8-2-build-windows-amd64-cygwin\jdk8u5\2488\hotspot\src\share\vm\prims\jvm.cpp, line 1248]

Events (10 events):
Event: 18.323 Thread 0x0000000000cbd800 DEOPT PACKING pc=0x0000000002f61360 sp=0x000000000282eb20
Event: 18.323 Thread 0x0000000000cbd800 DEOPT UNPACKING pc=0x0000000002ab55af sp=0x000000000282ea50 mode 2
Event: 18.323 Thread 0x0000000000cbd800 Uncommon trap: trap_request=0xffffffde fr.pc=0x0000000002f61360
Event: 18.323 Thread 0x0000000000cbd800 DEOPT PACKING pc=0x0000000002f61360 sp=0x000000000282eaf0
Event: 18.323 Thread 0x0000000000cbd800 DEOPT UNPACKING pc=0x0000000002ab55af sp=0x000000000282ea20 mode 2
Event: 18.323 Thread 0x0000000000cbd800 Uncommon trap: trap_request=0xffffffde fr.pc=0x0000000002ef1700
Event: 18.323 Thread 0x0000000000cbd800 DEOPT PACKING pc=0x0000000002ef1700 sp=0x000000000282edf0
Event: 18.323 Thread 0x0000000000cbd800 DEOPT UNPACKING pc=0x0000000002ab55af sp=0x000000000282ed78 mode 2
Event: 19.306 loading class com/android/dx/dex/file/CatchStructs
Event: 19.306 loading class com/android/dx/dex/file/CatchStructs done


Dynamic libraries:
0x00007ff612f70000 - 0x00007ff612fa4000 	C:\Program Files\Java\jdk1.8.0_05\bin\java.exe
0x00007ff978eb0000 - 0x00007ff979071000 	C:\WINDOWS\SYSTEM32\ntdll.dll
0x00007ff9780e0000 - 0x00007ff97818d000 	C:\WINDOWS\system32\KERNEL32.DLL
0x00007ff9763a0000 - 0x00007ff97657d000 	C:\WINDOWS\system32\KERNELBASE.dll
0x00007ff9769b0000 - 0x00007ff976a56000 	C:\WINDOWS\system32\ADVAPI32.dll
0x00007ff976720000 - 0x00007ff9767bd000 	C:\WINDOWS\system32\msvcrt.dll
0x00007ff978190000 - 0x00007ff9781eb000 	C:\WINDOWS\system32\sechost.dll
0x00007ff978ad0000 - 0x00007ff978bf6000 	C:\WINDOWS\system32\RPCRT4.dll
0x00007ff978690000 - 0x00007ff9787de000 	C:\WINDOWS\system32\USER32.dll
0x00007ff976820000 - 0x00007ff9769a6000 	C:\WINDOWS\system32\GDI32.dll
0x00007ff96afc0000 - 0x00007ff96b234000 	C:\WINDOWS\WinSxS\amd64_microsoft.windows.common-controls_6595b64144ccf1df_6.0.10240.16384_none_f41f7b285750ef43\COMCTL32.dll
0x00007ff9766e0000 - 0x00007ff976716000 	C:\WINDOWS\system32\IMM32.DLL
0x00007ff976580000 - 0x00007ff9766dc000 	C:\WINDOWS\system32\MSCTF.dll
0x0000000060180000 - 0x0000000060252000 	C:\Program Files\Java\jdk1.8.0_05\jre\bin\msvcr100.dll
0x0000000060600000 - 0x0000000060e2a000 	C:\Program Files\Java\jdk1.8.0_05\jre\bin\server\jvm.dll
0x00007ff978260000 - 0x00007ff978268000 	C:\WINDOWS\system32\PSAPI.DLL
0x00007ff95a940000 - 0x00007ff95a949000 	C:\WINDOWS\SYSTEM32\WSOCK32.dll
0x00007ff978c70000 - 0x00007ff978cd9000 	C:\WINDOWS\system32\WS2_32.dll
0x00007ff9787e0000 - 0x00007ff9787e8000 	C:\WINDOWS\system32\NSI.dll
0x00007ff973ca0000 - 0x00007ff973cc3000 	C:\WINDOWS\SYSTEM32\WINMM.dll
0x00007ff973b10000 - 0x00007ff973b3c000 	C:\WINDOWS\SYSTEM32\WINMMBASE.dll
0x00007ff975c70000 - 0x00007ff975cb4000 	C:\WINDOWS\system32\cfgmgr32.dll
0x00007ff973ab0000 - 0x00007ff973ad7000 	C:\WINDOWS\SYSTEM32\DEVOBJ.dll
0x00000000605f0000 - 0x00000000605ff000 	C:\Program Files\Java\jdk1.8.0_05\jre\bin\verify.dll
0x00000000605c0000 - 0x00000000605e8000 	C:\Program Files\Java\jdk1.8.0_05\jre\bin\java.dll
0x00000000605a0000 - 0x00000000605b6000 	C:\Program Files\Java\jdk1.8.0_05\jre\bin\zip.dll
0x00007ff976a60000 - 0x00007ff977f82000 	C:\WINDOWS\system32\SHELL32.dll
0x00007ff975cc0000 - 0x00007ff9762e9000 	C:\WINDOWS\system32\windows.storage.dll
0x00007ff978850000 - 0x00007ff978acc000 	C:\WINDOWS\system32\combase.dll
0x00007ff978c10000 - 0x00007ff978c61000 	C:\WINDOWS\system32\shlwapi.dll
0x00007ff975900000 - 0x00007ff97590f000 	C:\WINDOWS\system32\kernel.appcore.dll
0x00007ff975bb0000 - 0x00007ff975c63000 	C:\WINDOWS\system32\shcore.dll
0x00007ff975930000 - 0x00007ff97597a000 	C:\WINDOWS\system32\powrprof.dll
0x00007ff9758e0000 - 0x00007ff9758f3000 	C:\WINDOWS\system32\profapi.dll
0x00007ff9723f0000 - 0x00007ff97257a000 	C:\WINDOWS\SYSTEM32\dbghelp.dll

VM Arguments:
jvm_args: -Xmx1024M -Dfile.encoding=windows-1252 -Duser.country=BR -Duser.language=pt -Duser.variant 
java_command: com.android.dx.command.Main --dex --num-threads=4 --output E:\GitHub\FitCook\app\build\intermediates\pre-dexed\debug\classes-0fd31ded8cd5556cee9ab618df2a3d9af1090f7f.jar E:\GitHub\FitCook\app\build\intermediates\exploded-aar\com.google.android.gms\play-services-ads\7.5.0\jars\classes.jar
java_class_path (initial): C:\Program Files (x86)\Android\android-sdk\build-tools\23.0.0-preview\lib\dx.jar
Launcher Type: SUN_STANDARD

Environment Variables:
JAVA_HOME=C:\Program Files\Java\jdk1.8.0_05
PATH=C:\Program Files (x86)\Intel\iCLS Client\;C:\Program Files\Intel\iCLS Client\;C:\WINDOWS\system32;C:\WINDOWS;C:\WINDOWS\System32\Wbem;C:\WINDOWS\System32\WindowsPowerShell\v1.0\;C:\Program Files (x86)\Windows Live\Shared;C:\Program Files (x86)\Intel\OpenCL SDK\2.0\bin\x86;C:\Program Files (x86)\Intel\OpenCL SDK\2.0\bin\x64;C:\Program Files\Intel\Intel(R) Management Engine Components\DAL;C:\Program Files\Intel\Intel(R) Management Engine Components\IPT;C:\Program Files (x86)\Intel\Intel(R) Management Engine Components\DAL;C:\Program Files (x86)\Intel\Intel(R) Management Engine Components\IPT;C:\Program Files\Java\jdk1.8.0_05/bin;C:\Program Files (x86)\Android\android-sdk\platform-tools;C:\Program Files (x86)\Git\cmd;C:\Program Files (x86)\Skype\Phone\;C:\Program Files (x86)\Windows Kits\8.1\Windows Performance Toolkit\;C:\Program Files\Microsoft SQL Server\110\Tools\Binn\;C:\Program Files (x86)\Microsoft SDKs\TypeScript\1.0\;C:\Program Files\Microsoft SQL Server\120\Tools\Binn\;C:\Program Files (x86)\nodejs\;C:\Ruby21\bin;C:\Users\Aires\AppData\Roaming\npm
USERNAME=Aires
OS=Windows_NT
PROCESSOR_IDENTIFIER=Intel64 Family 6 Model 58 Stepping 9, GenuineIntel



---------------  S Y S T E M  ---------------

OS: Windows 8.1 , 64 bit Build 9600 

CPU:total 4 (2 cores per cpu, 2 threads per core) family 6 model 58 stepping 9, cmov, cx8, fxsr, mmx, sse, sse2, sse3, ssse3, sse4.1, sse4.2, popcnt, avx, clmul, erms, ht, tsc, tscinvbit

Memory: 4k page, physical 8282396k(1295540k free), swap 8282396k(12256k free)

vm_info: Java HotSpot(TM) 64-Bit Server VM (25.5-b02) for windows-amd64 JRE (1.8.0_05-b13), built on Mar 18 2014 01:08:39 by "java_re" with MS VC++ 10.0 (VS2010)

time: Mon Aug 17 14:28:20 2015
elapsed time: 19 seconds

