#
# There is insufficient memory for the Java Runtime Environment to continue.
# Native memory allocation (malloc) failed to allocate 569744 bytes for Chunk::new
# Possible reasons:
#   The system is out of physical RAM or swap space
#   In 32 bit mode, the process size limit was hit
# Possible solutions:
#   Reduce memory load on the system
#   Increase physical memory or swap space
#   Check if swap backing store is full
#   Use 64 bit Java on a 64 bit OS
#   Decrease Java heap size (-Xmx/-Xms)
#   Decrease number of Java threads
#   Decrease Java thread stack sizes (-Xss)
#   Set larger code cache with -XX:ReservedCodeCacheSize=
# This output file may be truncated or incomplete.
#
#  Out of Memory Error (allocation.cpp:388), pid=8360, tid=8304
#
# JRE version: Java(TM) SE Runtime Environment (8.0_05-b13) (build 1.8.0_05-b13)
# Java VM: Java HotSpot(TM) 64-Bit Server VM (25.5-b02 mixed mode windows-amd64 compressed oops)
# Failed to write core dump. Minidumps are not enabled by default on client versions of Windows
#

---------------  T H R E A D  ---------------

Current thread (0x000000001548d800):  JavaThread "C2 CompilerThread1" daemon [_thread_in_native, id=8304, stack(0x0000000016ac0000,0x0000000016bc0000)]

Stack: [0x0000000016ac0000,0x0000000016bc0000]
Native frames: (J=compiled Java code, j=interpreted, Vv=VM code, C=native code)
V  [jvm.dll+0x308dea]


Current CompileTask:
C2:  12105 1095       4       com.android.dx.ssa.SsaMethod::forEachInsn (36 bytes)


---------------  P R O C E S S  ---------------

Java Threads: ( => current thread )
  0x0000000016ff4800 JavaThread "pool-1-thread-4" [_thread_in_vm, id=8704, stack(0x00000000176c0000,0x00000000177c0000)]
  0x0000000016f13800 JavaThread "pool-1-thread-3" [_thread_blocked, id=5368, stack(0x00000000175c0000,0x00000000176c0000)]
  0x0000000016f05800 JavaThread "pool-1-thread-2" [_thread_blocked, id=6832, stack(0x00000000174c0000,0x00000000175c0000)]
  0x0000000016f05000 JavaThread "pool-2-thread-1" [_thread_blocked, id=6768, stack(0x00000000173c0000,0x00000000174c0000)]
  0x0000000016f04000 JavaThread "pool-1-thread-1" [_thread_blocked, id=6504, stack(0x00000000172c0000,0x00000000173c0000)]
  0x000000001549b800 JavaThread "Service Thread" daemon [_thread_blocked, id=5500, stack(0x0000000016cc0000,0x0000000016dc0000)]
  0x0000000015493800 JavaThread "C1 CompilerThread2" daemon [_thread_in_native, id=3816, stack(0x0000000016bc0000,0x0000000016cc0000)]
=>0x000000001548d800 JavaThread "C2 CompilerThread1" daemon [_thread_in_native, id=8304, stack(0x0000000016ac0000,0x0000000016bc0000)]
  0x000000001543c000 JavaThread "C2 CompilerThread0" daemon [_thread_blocked, id=6912, stack(0x00000000169c0000,0x0000000016ac0000)]
  0x000000001543a800 JavaThread "Attach Listener" daemon [_thread_blocked, id=1172, stack(0x00000000168c0000,0x00000000169c0000)]
  0x0000000015439800 JavaThread "Signal Dispatcher" daemon [_thread_blocked, id=6224, stack(0x00000000167c0000,0x00000000168c0000)]
  0x0000000002d45000 JavaThread "Finalizer" daemon [_thread_blocked, id=7500, stack(0x00000000166b0000,0x00000000167b0000)]
  0x0000000002d39000 JavaThread "Reference Handler" daemon [_thread_blocked, id=3308, stack(0x00000000165b0000,0x00000000166b0000)]
  0x0000000002b4d800 JavaThread "main" [_thread_blocked, id=7604, stack(0x0000000002a20000,0x0000000002b20000)]

Other Threads:
  0x0000000015405000 VMThread [stack: 0x00000000164b0000,0x00000000165b0000] [id=6252]
  0x000000001549e800 WatcherThread [stack: 0x00000000171c0000,0x00000000172c0000] [id=6716]

VM state:not at safepoint (normal execution)

VM Mutex/Monitor currently owned by a thread: None

Heap:
 PSYoungGen      total 10240K, used 6389K [0x00000000eab00000, 0x00000000eb700000, 0x0000000100000000)
  eden space 8192K, 57% used [0x00000000eab00000,0x00000000eaf955e8,0x00000000eb300000)
  from space 2048K, 82% used [0x00000000eb500000,0x00000000eb6a8018,0x00000000eb700000)
  to   space 2048K, 0% used [0x00000000eb300000,0x00000000eb300000,0x00000000eb500000)
 ParOldGen       total 129536K, used 2704K [0x00000000c0000000, 0x00000000c7e80000, 0x00000000eab00000)
  object space 129536K, 2% used [0x00000000c0000000,0x00000000c02a42b8,0x00000000c7e80000)
 Metaspace       used 5598K, capacity 6768K, committed 7040K, reserved 1056768K
  class space    used 578K, capacity 616K, committed 640K, reserved 1048576K

Card table byte_map: [0x0000000012110000,0x0000000012320000] byte_map_base: 0x0000000011b10000

Marking Bits: (ParMarkBitMap*) 0x0000000060db13b0
 Begin Bits: [0x0000000012880000, 0x0000000013880000)
 End Bits:   [0x0000000013880000, 0x0000000014880000)

Polling page: 0x00000000029e0000

CodeCache: size=245760Kb used=4397Kb max_used=4397Kb free=241362Kb
 bounds [0x0000000002d50000, 0x00000000031a0000, 0x0000000011d50000]
 total_blobs=1389 nmethods=1125 adapters=178
 compilation: enabled

Compilation events (10 events):
Event: 12.073 Thread 0x0000000015493800 nmethod 1125 0x000000000319b5d0 code [0x000000000319b740, 0x000000000319b9d0]
Event: 12.073 Thread 0x0000000015493800 1126       1       com.android.dx.cf.attrib.InnerClassList$Item::getInnerClass (5 bytes)
Event: 12.073 Thread 0x0000000015493800 nmethod 1126 0x00000000031953d0 code [0x0000000003195520, 0x0000000003195630]
Event: 12.082 Thread 0x0000000015493800 1127       3       com.android.dx.rop.cst.CstType::equals (29 bytes)
Event: 12.082 Thread 0x0000000015493800 nmethod 1127 0x000000000319bb90 code [0x000000000319bd00, 0x000000000319c0f0]
Event: 12.083 Thread 0x0000000015493800 1128       3       com.android.dx.rop.cst.CstBaseMethodRef::<init> (31 bytes)
Event: 12.083 Thread 0x0000000015493800 nmethod 1128 0x000000000319c1d0 code [0x000000000319c340, 0x000000000319c6f8]
Event: 12.087 Thread 0x0000000015493800 1129       3       com.android.dx.cf.code.BasicBlocker::visitNoArgs (298 bytes)
Event: 12.089 Thread 0x0000000015493800 nmethod 1129 0x000000000319c810 code [0x000000000319ca80, 0x000000000319d7f8]
Event: 12.090 Thread 0x0000000015493800 1130       3       com.android.dx.cf.code.Simulator$SimVisitor::visitNoArgs (2108 bytes)

GC Heap History (10 events):
Event: 5.679 GC heap before
{Heap before GC invocations=4 (full 0):
 PSYoungGen      total 1536K, used 1520K [0x00000000eab00000, 0x00000000eae00000, 0x0000000100000000)
  eden space 1024K, 100% used [0x00000000eab00000,0x00000000eac00000,0x00000000eac00000)
  from space 512K, 96% used [0x00000000eac00000,0x00000000eac7c010,0x00000000eac80000)
  to   space 512K, 0% used [0x00000000ead80000,0x00000000ead80000,0x00000000eae00000)
 ParOldGen       total 129536K, used 459K [0x00000000c0000000, 0x00000000c7e80000, 0x00000000eab00000)
  object space 129536K, 0% used [0x00000000c0000000,0x00000000c0072db8,0x00000000c7e80000)
 Metaspace       used 3648K, capacity 5040K, committed 5120K, reserved 1056768K
  class space    used 416K, capacity 488K, committed 512K, reserved 1048576K
Event: 5.981 GC heap after
Heap after GC invocations=4 (full 0):
 PSYoungGen      total 2560K, used 483K [0x00000000eab00000, 0x00000000eae00000, 0x0000000100000000)
  eden space 2048K, 0% used [0x00000000eab00000,0x00000000eab00000,0x00000000ead00000)
  from space 512K, 94% used [0x00000000ead80000,0x00000000eadf8e40,0x00000000eae00000)
  to   space 512K, 0% used [0x00000000ead00000,0x00000000ead00000,0x00000000ead80000)
 ParOldGen       total 129536K, used 819K [0x00000000c0000000, 0x00000000c7e80000, 0x00000000eab00000)
  object space 129536K, 0% used [0x00000000c0000000,0x00000000c00ccd80,0x00000000c7e80000)
 Metaspace       used 3648K, capacity 5040K, committed 5120K, reserved 1056768K
  class space    used 416K, capacity 488K, committed 512K, reserved 1048576K
}
Event: 6.903 GC heap before
{Heap before GC invocations=5 (full 0):
 PSYoungGen      total 2560K, used 2531K [0x00000000eab00000, 0x00000000eae00000, 0x0000000100000000)
  eden space 2048K, 100% used [0x00000000eab00000,0x00000000ead00000,0x00000000ead00000)
  from space 512K, 94% used [0x00000000ead80000,0x00000000eadf8e40,0x00000000eae00000)
  to   space 512K, 0% used [0x00000000ead00000,0x00000000ead00000,0x00000000ead80000)
 ParOldGen       total 129536K, used 819K [0x00000000c0000000, 0x00000000c7e80000, 0x00000000eab00000)
  object space 129536K, 0% used [0x00000000c0000000,0x00000000c00ccd80,0x00000000c7e80000)
 Metaspace       used 4266K, capacity 5584K, committed 5760K, reserved 1056768K
  class space    used 476K, capacity 520K, committed 640K, reserved 1048576K
Event: 7.407 GC heap after
Heap after GC invocations=5 (full 0):
 PSYoungGen      total 2560K, used 496K [0x00000000eab00000, 0x00000000eb200000, 0x0000000100000000)
  eden space 2048K, 0% used [0x00000000eab00000,0x00000000eab00000,0x00000000ead00000)
  from space 512K, 96% used [0x00000000ead00000,0x00000000ead7c010,0x00000000ead80000)
  to   space 1536K, 0% used [0x00000000eb080000,0x00000000eb080000,0x00000000eb200000)
 ParOldGen       total 129536K, used 1421K [0x00000000c0000000, 0x00000000c7e80000, 0x00000000eab00000)
  object space 129536K, 1% used [0x00000000c0000000,0x00000000c01635a0,0x00000000c7e80000)
 Metaspace       used 4266K, capacity 5584K, committed 5760K, reserved 1056768K
  class space    used 476K, capacity 520K, committed 640K, reserved 1048576K
}
Event: 8.226 GC heap before
{Heap before GC invocations=6 (full 0):
 PSYoungGen      total 2560K, used 2536K [0x00000000eab00000, 0x00000000eb200000, 0x0000000100000000)
  eden space 2048K, 99% used [0x00000000eab00000,0x00000000eacfe1d8,0x00000000ead00000)
  from space 512K, 96% used [0x00000000ead00000,0x00000000ead7c010,0x00000000ead80000)
  to   space 1536K, 0% used [0x00000000eb080000,0x00000000eb080000,0x00000000eb200000)
 ParOldGen       total 129536K, used 1421K [0x00000000c0000000, 0x00000000c7e80000, 0x00000000eab00000)
  object space 129536K, 1% used [0x00000000c0000000,0x00000000c01635a0,0x00000000c7e80000)
 Metaspace       used 4873K, capacity 6096K, committed 6272K, reserved 1056768K
  class space    used 548K, capacity 584K, committed 640K, reserved 1048576K
Event: 8.335 GC heap after
Heap after GC invocations=6 (full 0):
 PSYoungGen      total 5632K, used 1104K [0x00000000eab00000, 0x00000000eb200000, 0x0000000100000000)
  eden space 4096K, 0% used [0x00000000eab00000,0x00000000eab00000,0x00000000eaf00000)
  from space 1536K, 71% used [0x00000000eb080000,0x00000000eb194338,0x00000000eb200000)
  to   space 1536K, 0% used [0x00000000eaf00000,0x00000000eaf00000,0x00000000eb080000)
 ParOldGen       total 129536K, used 1421K [0x00000000c0000000, 0x00000000c7e80000, 0x00000000eab00000)
  object space 129536K, 1% used [0x00000000c0000000,0x00000000c01635a0,0x00000000c7e80000)
 Metaspace       used 4873K, capacity 6096K, committed 6272K, reserved 1056768K
  class space    used 548K, capacity 584K, committed 640K, reserved 1048576K
}
Event: 10.364 GC heap before
{Heap before GC invocations=7 (full 0):
 PSYoungGen      total 5632K, used 5200K [0x00000000eab00000, 0x00000000eb200000, 0x0000000100000000)
  eden space 4096K, 100% used [0x00000000eab00000,0x00000000eaf00000,0x00000000eaf00000)
  from space 1536K, 71% used [0x00000000eb080000,0x00000000eb194338,0x00000000eb200000)
  to   space 1536K, 0% used [0x00000000eaf00000,0x00000000eaf00000,0x00000000eb080000)
 ParOldGen       total 129536K, used 1421K [0x00000000c0000000, 0x00000000c7e80000, 0x00000000eab00000)
  object space 129536K, 1% used [0x00000000c0000000,0x00000000c01635a0,0x00000000c7e80000)
 Metaspace       used 5447K, capacity 6640K, committed 6784K, reserved 1056768K
  class space    used 576K, capacity 616K, committed 640K, reserved 1048576K
Event: 10.674 GC heap after
Heap after GC invocations=7 (full 0):
 PSYoungGen      total 5632K, used 1520K [0x00000000eab00000, 0x00000000eb700000, 0x0000000100000000)
  eden space 4096K, 0% used [0x00000000eab00000,0x00000000eab00000,0x00000000eaf00000)
  from space 1536K, 98% used [0x00000000eaf00000,0x00000000eb07c028,0x00000000eb080000)
  to   space 2048K, 0% used [0x00000000eb500000,0x00000000eb500000,0x00000000eb700000)
 ParOldGen       total 129536K, used 1585K [0x00000000c0000000, 0x00000000c7e80000, 0x00000000eab00000)
  object space 129536K, 1% used [0x00000000c0000000,0x00000000c018c658,0x00000000c7e80000)
 Metaspace       used 5447K, capacity 6640K, committed 6784K, reserved 1056768K
  class space    used 576K, capacity 616K, committed 640K, reserved 1048576K
}
Event: 11.631 GC heap before
{Heap before GC invocations=8 (full 0):
 PSYoungGen      total 5632K, used 5616K [0x00000000eab00000, 0x00000000eb700000, 0x0000000100000000)
  eden space 4096K, 100% used [0x00000000eab00000,0x00000000eaf00000,0x00000000eaf00000)
  from space 1536K, 98% used [0x00000000eaf00000,0x00000000eb07c028,0x00000000eb080000)
  to   space 2048K, 0% used [0x00000000eb500000,0x00000000eb500000,0x00000000eb700000)
 ParOldGen       total 129536K, used 2507K [0x00000000c0000000, 0x00000000c7e80000, 0x00000000eab00000)
  object space 129536K, 1% used [0x00000000c0000000,0x00000000c0272df0,0x00000000c7e80000)
 Metaspace       used 5548K, capacity 6704K, committed 6784K, reserved 1056768K
  class space    used 577K, capacity 616K, committed 640K, reserved 1048576K
Event: 11.753 GC heap after
Heap after GC invocations=8 (full 0):
 PSYoungGen      total 10240K, used 1696K [0x00000000eab00000, 0x00000000eb700000, 0x0000000100000000)
  eden space 8192K, 0% used [0x00000000eab00000,0x00000000eab00000,0x00000000eb300000)
  from space 2048K, 82% used [0x00000000eb500000,0x00000000eb6a8018,0x00000000eb700000)
  to   space 2048K, 0% used [0x00000000eb300000,0x00000000eb300000,0x00000000eb500000)
 ParOldGen       total 129536K, used 2704K [0x00000000c0000000, 0x00000000c7e80000, 0x00000000eab00000)
  object space 129536K, 2% used [0x00000000c0000000,0x00000000c02a42b8,0x00000000c7e80000)
 Metaspace       used 5548K, capacity 6704K, committed 6784K, reserved 1056768K
  class space    used 577K, capacity 616K, committed 640K, reserved 1048576K
}

Deoptimization events (4 events):
Event: 10.855 Thread 0x0000000016ff4800 Uncommon trap: reason=unreached action=reinterpret pc=0x00000000030d7e88 method=com.android.dx.rop.code.RegisterSpec.equals(ILcom/android/dx/rop/type/TypeBearer;Lcom/android/dx/rop/code/LocalItem;)Z @ 24
Event: 10.855 Thread 0x0000000016ff4800 Uncommon trap: reason=unreached action=reinterpret pc=0x00000000030c37b0 method=com.android.dx.rop.code.RegisterSpec.equals(ILcom/android/dx/rop/type/TypeBearer;Lcom/android/dx/rop/code/LocalItem;)Z @ 24
Event: 10.855 Thread 0x0000000016ff4800 Uncommon trap: reason=unreached action=reinterpret pc=0x0000000002fc2b88 method=com.android.dx.rop.code.RegisterSpec.equals(ILcom/android/dx/rop/type/TypeBearer;Lcom/android/dx/rop/code/LocalItem;)Z @ 24
Event: 10.903 Thread 0x0000000002b4d800 Uncommon trap: reason=null_assert action=make_not_entrant pc=0x0000000002f56c50 method=com.android.dx.rop.code.RegisterSpec$ForComparison.equals(Ljava/lang/Object;)Z @ 27

Internal exceptions (10 events):
Event: 8.915 Thread 0x0000000002b4d800 Exception <a 'java/security/PrivilegedActionException'> (0x00000000eac0eab8) thrown at [D:\re\workspace\8-2-build-windows-amd64-cygwin\jdk8u5\2488\hotspot\src\share\vm\prims\jvm.cpp, line 1248]
Event: 8.918 Thread 0x0000000002b4d800 Exception <a 'java/security/PrivilegedActionException'> (0x00000000eac31d90) thrown at [D:\re\workspace\8-2-build-windows-amd64-cygwin\jdk8u5\2488\hotspot\src\share\vm\prims\jvm.cpp, line 1248]
Event: 8.948 Thread 0x0000000016f05800 Exception <a 'java/security/PrivilegedActionException'> (0x00000000eac8f988) thrown at [D:\re\workspace\8-2-build-windows-amd64-cygwin\jdk8u5\2488\hotspot\src\share\vm\prims\jvm.cpp, line 1248]
Event: 9.018 Thread 0x0000000016ff4800 Exception <a 'java/security/PrivilegedActionException'> (0x00000000ead25128) thrown at [D:\re\workspace\8-2-build-windows-amd64-cygwin\jdk8u5\2488\hotspot\src\share\vm\prims\jvm.cpp, line 1248]
Event: 9.022 Thread 0x0000000016ff4800 Exception <a 'java/security/PrivilegedActionException'> (0x00000000ead2d5c0) thrown at [D:\re\workspace\8-2-build-windows-amd64-cygwin\jdk8u5\2488\hotspot\src\share\vm\prims\jvm.cpp, line 1248]
Event: 9.822 Thread 0x0000000002b4d800 Exception <a 'java/security/PrivilegedActionException'> (0x00000000eae2a650) thrown at [D:\re\workspace\8-2-build-windows-amd64-cygwin\jdk8u5\2488\hotspot\src\share\vm\prims\jvm.cpp, line 1248]
Event: 10.900 Thread 0x0000000016ff4800 Exception <a 'java/security/PrivilegedActionException'> (0x00000000eacd1d68) thrown at [D:\re\workspace\8-2-build-windows-amd64-cygwin\jdk8u5\2488\hotspot\src\share\vm\prims\jvm.cpp, line 1248]
Event: 10.947 Thread 0x0000000002b4d800 Exception <a 'java/security/PrivilegedActionException'> (0x00000000eadd43b0) thrown at [D:\re\workspace\8-2-build-windows-amd64-cygwin\jdk8u5\2488\hotspot\src\share\vm\prims\jvm.cpp, line 1248]
Event: 11.496 Thread 0x0000000002b4d800 Exception <a 'java/security/PrivilegedActionException'> (0x00000000c026fd58) thrown at [D:\re\workspace\8-2-build-windows-amd64-cygwin\jdk8u5\2488\hotspot\src\share\vm\prims\jvm.cpp, line 1248]
Event: 11.947 Thread 0x0000000002b4d800 Exception <a 'java/security/PrivilegedActionException'> (0x00000000ead467d8) thrown at [D:\re\workspace\8-2-build-windows-amd64-cygwin\jdk8u5\2488\hotspot\src\share\vm\prims\jvm.cpp, line 1248]

Events (10 events):
Event: 10.947 loading class com/android/dx/cf/direct/AnnotationParser
Event: 10.947 loading class com/android/dx/cf/direct/AnnotationParser done
Event: 11.012 Executing VM operation: ParallelGCFailedAllocation
Event: 11.414 Executing VM operation: ParallelGCFailedAllocation done
Event: 11.495 loading class com/android/dx/cf/attrib/AttRuntimeVisibleAnnotations
Event: 11.495 loading class com/android/dx/cf/attrib/AttRuntimeVisibleAnnotations done
Event: 11.496 Executing VM operation: ParallelGCSystemGC
Event: 11.753 Executing VM operation: ParallelGCSystemGC done
Event: 11.947 loading class com/android/dx/cf/attrib/BaseAnnotations
Event: 11.947 loading class com/android/dx/cf/attrib/BaseAnnotations done


Dynamic libraries:
0x00007ff612f70000 - 0x00007ff612fa4000 	C:\Program Files\Java\jdk1.8.0_05\bin\java.exe
0x00007ff978eb0000 - 0x00007ff979071000 	C:\WINDOWS\SYSTEM32\ntdll.dll
0x00007ff9780e0000 - 0x00007ff97818d000 	C:\WINDOWS\system32\KERNEL32.DLL
0x00007ff9763a0000 - 0x00007ff97657d000 	C:\WINDOWS\system32\KERNELBASE.dll
0x00007ff9769b0000 - 0x00007ff976a56000 	C:\WINDOWS\system32\ADVAPI32.dll
0x00007ff976720000 - 0x00007ff9767bd000 	C:\WINDOWS\system32\msvcrt.dll
0x00007ff978190000 - 0x00007ff9781eb000 	C:\WINDOWS\system32\sechost.dll
0x00007ff978ad0000 - 0x00007ff978bf6000 	C:\WINDOWS\system32\RPCRT4.dll
0x00007ff978690000 - 0x00007ff9787de000 	C:\WINDOWS\system32\USER32.dll
0x00007ff976820000 - 0x00007ff9769a6000 	C:\WINDOWS\system32\GDI32.dll
0x00007ff96afc0000 - 0x00007ff96b234000 	C:\WINDOWS\WinSxS\amd64_microsoft.windows.common-controls_6595b64144ccf1df_6.0.10240.16384_none_f41f7b285750ef43\COMCTL32.dll
0x00007ff9766e0000 - 0x00007ff976716000 	C:\WINDOWS\system32\IMM32.DLL
0x00007ff976580000 - 0x00007ff9766dc000 	C:\WINDOWS\system32\MSCTF.dll
0x0000000060180000 - 0x0000000060252000 	C:\Program Files\Java\jdk1.8.0_05\jre\bin\msvcr100.dll
0x0000000060600000 - 0x0000000060e2a000 	C:\Program Files\Java\jdk1.8.0_05\jre\bin\server\jvm.dll
0x00007ff978260000 - 0x00007ff978268000 	C:\WINDOWS\system32\PSAPI.DLL
0x00007ff95a940000 - 0x00007ff95a949000 	C:\WINDOWS\SYSTEM32\WSOCK32.dll
0x00007ff978c70000 - 0x00007ff978cd9000 	C:\WINDOWS\system32\WS2_32.dll
0x00007ff9787e0000 - 0x00007ff9787e8000 	C:\WINDOWS\system32\NSI.dll
0x00007ff973ca0000 - 0x00007ff973cc3000 	C:\WINDOWS\SYSTEM32\WINMM.dll
0x00007ff973b10000 - 0x00007ff973b3c000 	C:\WINDOWS\SYSTEM32\WINMMBASE.dll
0x00007ff975c70000 - 0x00007ff975cb4000 	C:\WINDOWS\system32\cfgmgr32.dll
0x00007ff973ab0000 - 0x00007ff973ad7000 	C:\WINDOWS\SYSTEM32\DEVOBJ.dll
0x00000000605f0000 - 0x00000000605ff000 	C:\Program Files\Java\jdk1.8.0_05\jre\bin\verify.dll
0x00000000605c0000 - 0x00000000605e8000 	C:\Program Files\Java\jdk1.8.0_05\jre\bin\java.dll
0x00000000605a0000 - 0x00000000605b6000 	C:\Program Files\Java\jdk1.8.0_05\jre\bin\zip.dll
0x00007ff976a60000 - 0x00007ff977f82000 	C:\WINDOWS\system32\SHELL32.dll
0x00007ff975cc0000 - 0x00007ff9762e9000 	C:\WINDOWS\system32\windows.storage.dll
0x00007ff978850000 - 0x00007ff978acc000 	C:\WINDOWS\system32\combase.dll
0x00007ff978c10000 - 0x00007ff978c61000 	C:\WINDOWS\system32\shlwapi.dll
0x00007ff975900000 - 0x00007ff97590f000 	C:\WINDOWS\system32\kernel.appcore.dll
0x00007ff975bb0000 - 0x00007ff975c63000 	C:\WINDOWS\system32\shcore.dll
0x00007ff975930000 - 0x00007ff97597a000 	C:\WINDOWS\system32\powrprof.dll
0x00007ff9758e0000 - 0x00007ff9758f3000 	C:\WINDOWS\system32\profapi.dll

VM Arguments:
jvm_args: -Xmx1024M -Dfile.encoding=windows-1252 -Duser.country=BR -Duser.language=pt -Duser.variant 
java_command: com.android.dx.command.Main --dex --num-threads=4 --output E:\GitHub\FitCook\app\build\intermediates\pre-dexed\debug\classes-c127e216de1abd81d86368daa7e77f3511ffdd1c.jar E:\GitHub\FitCook\app\build\intermediates\exploded-aar\com.google.android.gms\play-services-appstate\7.5.0\jars\classes.jar
java_class_path (initial): C:\Program Files (x86)\Android\android-sdk\build-tools\23.0.0-preview\lib\dx.jar
Launcher Type: SUN_STANDARD

Environment Variables:
JAVA_HOME=C:\Program Files\Java\jdk1.8.0_05
PATH=C:\Program Files (x86)\Intel\iCLS Client\;C:\Program Files\Intel\iCLS Client\;C:\WINDOWS\system32;C:\WINDOWS;C:\WINDOWS\System32\Wbem;C:\WINDOWS\System32\WindowsPowerShell\v1.0\;C:\Program Files (x86)\Windows Live\Shared;C:\Program Files (x86)\Intel\OpenCL SDK\2.0\bin\x86;C:\Program Files (x86)\Intel\OpenCL SDK\2.0\bin\x64;C:\Program Files\Intel\Intel(R) Management Engine Components\DAL;C:\Program Files\Intel\Intel(R) Management Engine Components\IPT;C:\Program Files (x86)\Intel\Intel(R) Management Engine Components\DAL;C:\Program Files (x86)\Intel\Intel(R) Management Engine Components\IPT;C:\Program Files\Java\jdk1.8.0_05/bin;C:\Program Files (x86)\Android\android-sdk\platform-tools;C:\Program Files (x86)\Git\cmd;C:\Program Files (x86)\Skype\Phone\;C:\Program Files (x86)\Windows Kits\8.1\Windows Performance Toolkit\;C:\Program Files\Microsoft SQL Server\110\Tools\Binn\;C:\Program Files (x86)\Microsoft SDKs\TypeScript\1.0\;C:\Program Files\Microsoft SQL Server\120\Tools\Binn\;C:\Program Files (x86)\nodejs\;C:\Ruby21\bin;C:\Users\Aires\AppData\Roaming\npm
USERNAME=Aires
OS=Windows_NT
PROCESSOR_IDENTIFIER=Intel64 Family 6 Model 58 Stepping 9, GenuineIntel



---------------  S Y S T E M  ---------------

OS: Windows 8.1 , 64 bit Build 9600 

CPU:total 4 (2 cores per cpu, 2 threads per core) family 6 model 58 stepping 9, cmov, cx8, fxsr, mmx, sse, sse2, sse3, ssse3, sse4.1, sse4.2, popcnt, avx, clmul, erms, ht, tsc, tscinvbit

Memory: 4k page, physical 8282396k(1293784k free), swap 8282396k(5172k free)

vm_info: Java HotSpot(TM) 64-Bit Server VM (25.5-b02) for windows-amd64 JRE (1.8.0_05-b13), built on Mar 18 2014 01:08:39 by "java_re" with MS VC++ 10.0 (VS2010)

time: Mon Aug 17 14:30:19 2015
elapsed time: 12 seconds

