#
# There is insufficient memory for the Java Runtime Environment to continue.
# Native memory allocation (malloc) failed to allocate 1023216 bytes for Chunk::new
# Possible reasons:
#   The system is out of physical RAM or swap space
#   In 32 bit mode, the process size limit was hit
# Possible solutions:
#   Reduce memory load on the system
#   Increase physical memory or swap space
#   Check if swap backing store is full
#   Use 64 bit Java on a 64 bit OS
#   Decrease Java heap size (-Xmx/-Xms)
#   Decrease number of Java threads
#   Decrease Java thread stack sizes (-Xss)
#   Set larger code cache with -XX:ReservedCodeCacheSize=
# This output file may be truncated or incomplete.
#
#  Out of Memory Error (allocation.cpp:388), pid=5300, tid=1288
#
# JRE version: Java(TM) SE Runtime Environment (8.0_05-b13) (build 1.8.0_05-b13)
# Java VM: Java HotSpot(TM) 64-Bit Server VM (25.5-b02 mixed mode windows-amd64 compressed oops)
# Failed to write core dump. Minidumps are not enabled by default on client versions of Windows
#

---------------  T H R E A D  ---------------

Current thread (0x000000001552e000):  JavaThread "C2 CompilerThread1" daemon [_thread_in_native, id=1288, stack(0x0000000016b30000,0x0000000016c30000)]

Stack: [0x0000000016b30000,0x0000000016c30000]
Native frames: (J=compiled Java code, j=interpreted, Vv=VM code, C=native code)
V  [jvm.dll+0x308dea]


Current CompileTask:
C2:  24405 2531 %     4       com.android.dx.dex.code.LocalList::make @ 16 (102 bytes)


---------------  P R O C E S S  ---------------

Java Threads: ( => current thread )
  0x000000001553c000 JavaThread "Service Thread" daemon [_thread_blocked, id=1736, stack(0x0000000016d30000,0x0000000016e30000)]
  0x0000000015534800 JavaThread "C1 CompilerThread2" daemon [_thread_blocked, id=1008, stack(0x0000000016c30000,0x0000000016d30000)]
=>0x000000001552e000 JavaThread "C2 CompilerThread1" daemon [_thread_in_native, id=1288, stack(0x0000000016b30000,0x0000000016c30000)]
  0x00000000154dd800 JavaThread "C2 CompilerThread0" daemon [_thread_in_native, id=6888, stack(0x0000000016a30000,0x0000000016b30000)]
  0x00000000154dc800 JavaThread "Attach Listener" daemon [_thread_blocked, id=4296, stack(0x0000000016930000,0x0000000016a30000)]
  0x00000000154db800 JavaThread "Signal Dispatcher" daemon [_thread_blocked, id=1984, stack(0x0000000016830000,0x0000000016930000)]
  0x0000000002e05800 JavaThread "Finalizer" daemon [_thread_blocked, id=2568, stack(0x0000000016730000,0x0000000016830000)]
  0x0000000002df9800 JavaThread "Reference Handler" daemon [_thread_blocked, id=8060, stack(0x0000000016630000,0x0000000016730000)]
  0x0000000002d0d800 JavaThread "main" [_thread_in_Java, id=4092, stack(0x0000000002b30000,0x0000000002c30000)]

Other Threads:
  0x00000000154a6000 VMThread [stack: 0x0000000016530000,0x0000000016630000] [id=5072]
  0x0000000016e30800 WatcherThread [stack: 0x0000000017230000,0x0000000017330000] [id=944]

VM state:not at safepoint (normal execution)

VM Mutex/Monitor currently owned by a thread: None

Heap:
 PSYoungGen      total 75776K, used 67643K [0x00000000eab00000, 0x00000000f0100000, 0x0000000100000000)
  eden space 66560K, 88% used [0x00000000eab00000,0x00000000ee4a0838,0x00000000eec00000)
  from space 9216K, 93% used [0x00000000ef600000,0x00000000efe6e540,0x00000000eff00000)
  to   space 10240K, 0% used [0x00000000eec00000,0x00000000eec00000,0x00000000ef600000)
 ParOldGen       total 129536K, used 31620K [0x00000000c0000000, 0x00000000c7e80000, 0x00000000eab00000)
  object space 129536K, 24% used [0x00000000c0000000,0x00000000c1ee12d8,0x00000000c7e80000)
 Metaspace       used 6296K, capacity 7288K, committed 7424K, reserved 1056768K
  class space    used 625K, capacity 688K, committed 768K, reserved 1048576K

Card table byte_map: [0x00000000121d0000,0x00000000123e0000] byte_map_base: 0x0000000011bd0000

Marking Bits: (ParMarkBitMap*) 0x00000000765f13b0
 Begin Bits: [0x0000000012940000, 0x0000000013940000)
 End Bits:   [0x0000000013940000, 0x0000000014940000)

Polling page: 0x00000000012b0000

CodeCache: size=245760Kb used=10785Kb max_used=10785Kb free=234974Kb
 bounds [0x0000000002e10000, 0x00000000038b0000, 0x0000000011e10000]
 total_blobs=2610 nmethods=2344 adapters=178
 compilation: enabled

Compilation events (10 events):
Event: 24.378 Thread 0x0000000015534800 2537       3       com.android.dx.dex.code.TargetInsn::withRegisters (21 bytes)
Event: 24.379 Thread 0x0000000015534800 nmethod 2537 0x0000000003898150 code [0x00000000038982e0, 0x00000000038987b8]
Event: 24.379 Thread 0x0000000015534800 2538       3       com.android.dx.dex.code.form.Form22t::isCompatible (72 bytes)
Event: 24.381 Thread 0x0000000015534800 nmethod 2538 0x000000000389fe90 code [0x00000000038a0100, 0x00000000038a18d8]
Event: 24.386 Thread 0x0000000015534800 2540       3       com.android.dx.dex.code.form.Form22x::codeSize (2 bytes)
Event: 24.386 Thread 0x0000000015534800 nmethod 2540 0x0000000003895e90 code [0x0000000003895fe0, 0x0000000003896130]
Event: 24.387 Thread 0x0000000015534800 2541       3       com.android.dx.dex.code.DalvInsn::makeMove (153 bytes)
Event: 24.389 Thread 0x0000000015534800 nmethod 2541 0x00000000038a1fd0 code [0x00000000038a22c0, 0x00000000038a3ca8]
Event: 24.390 Thread 0x0000000015534800 2542       3       com.android.dx.dex.code.CstInsn::withOpcode (53 bytes)
Event: 24.391 Thread 0x0000000015534800 nmethod 2542 0x00000000038979d0 code [0x0000000003897b60, 0x0000000003898068]

GC Heap History (10 events):
Event: 7.463 GC heap before
{Heap before GC invocations=14 (full 0):
 PSYoungGen      total 22528K, used 22160K [0x00000000eab00000, 0x00000000ed100000, 0x0000000100000000)
  eden space 18944K, 100% used [0x00000000eab00000,0x00000000ebd80000,0x00000000ebd80000)
  from space 3584K, 89% used [0x00000000ebd80000,0x00000000ec0a4010,0x00000000ec100000)
  to   space 4096K, 0% used [0x00000000ecd00000,0x00000000ecd00000,0x00000000ed100000)
 ParOldGen       total 129536K, used 10212K [0x00000000c0000000, 0x00000000c7e80000, 0x00000000eab00000)
  object space 129536K, 7% used [0x00000000c0000000,0x00000000c09f93a0,0x00000000c7e80000)
 Metaspace       used 5918K, capacity 6962K, committed 7040K, reserved 1056768K
  class space    used 604K, capacity 618K, committed 640K, reserved 1048576K
Event: 7.626 GC heap after
Heap after GC invocations=14 (full 0):
 PSYoungGen      total 34304K, used 3168K [0x00000000eab00000, 0x00000000ed200000, 0x0000000100000000)
  eden space 30208K, 0% used [0x00000000eab00000,0x00000000eab00000,0x00000000ec880000)
  from space 4096K, 77% used [0x00000000ecd00000,0x00000000ed018000,0x00000000ed100000)
  to   space 4608K, 0% used [0x00000000ec880000,0x00000000ec880000,0x00000000ecd00000)
 ParOldGen       total 129536K, used 12663K [0x00000000c0000000, 0x00000000c7e80000, 0x00000000eab00000)
  object space 129536K, 9% used [0x00000000c0000000,0x00000000c0c5de20,0x00000000c7e80000)
 Metaspace       used 5918K, capacity 6962K, committed 7040K, reserved 1056768K
  class space    used 604K, capacity 618K, committed 640K, reserved 1048576K
}
Event: 10.937 GC heap before
{Heap before GC invocations=15 (full 0):
 PSYoungGen      total 34304K, used 33376K [0x00000000eab00000, 0x00000000ed200000, 0x0000000100000000)
  eden space 30208K, 100% used [0x00000000eab00000,0x00000000ec880000,0x00000000ec880000)
  from space 4096K, 77% used [0x00000000ecd00000,0x00000000ed018000,0x00000000ed100000)
  to   space 4608K, 0% used [0x00000000ec880000,0x00000000ec880000,0x00000000ecd00000)
 ParOldGen       total 129536K, used 12663K [0x00000000c0000000, 0x00000000c7e80000, 0x00000000eab00000)
  object space 129536K, 9% used [0x00000000c0000000,0x00000000c0c5de20,0x00000000c7e80000)
 Metaspace       used 5953K, capacity 6962K, committed 7040K, reserved 1056768K
  class space    used 605K, capacity 618K, committed 640K, reserved 1048576K
Event: 10.987 GC heap after
Heap after GC invocations=15 (full 0):
 PSYoungGen      total 34816K, used 4529K [0x00000000eab00000, 0x00000000ee480000, 0x0000000100000000)
  eden space 30208K, 0% used [0x00000000eab00000,0x00000000eab00000,0x00000000ec880000)
  from space 4608K, 98% used [0x00000000ec880000,0x00000000eccec490,0x00000000ecd00000)
  to   space 5120K, 0% used [0x00000000edf80000,0x00000000edf80000,0x00000000ee480000)
 ParOldGen       total 129536K, used 15280K [0x00000000c0000000, 0x00000000c7e80000, 0x00000000eab00000)
  object space 129536K, 11% used [0x00000000c0000000,0x00000000c0eec260,0x00000000c7e80000)
 Metaspace       used 5953K, capacity 6962K, committed 7040K, reserved 1056768K
  class space    used 605K, capacity 618K, committed 640K, reserved 1048576K
}
Event: 12.118 GC heap before
{Heap before GC invocations=16 (full 0):
 PSYoungGen      total 34816K, used 34737K [0x00000000eab00000, 0x00000000ee480000, 0x0000000100000000)
  eden space 30208K, 100% used [0x00000000eab00000,0x00000000ec880000,0x00000000ec880000)
  from space 4608K, 98% used [0x00000000ec880000,0x00000000eccec490,0x00000000ecd00000)
  to   space 5120K, 0% used [0x00000000edf80000,0x00000000edf80000,0x00000000ee480000)
 ParOldGen       total 129536K, used 15280K [0x00000000c0000000, 0x00000000c7e80000, 0x00000000eab00000)
  object space 129536K, 11% used [0x00000000c0000000,0x00000000c0eec260,0x00000000c7e80000)
 Metaspace       used 5967K, capacity 6962K, committed 7040K, reserved 1056768K
  class space    used 605K, capacity 618K, committed 640K, reserved 1048576K
Event: 12.193 GC heap after
Heap after GC invocations=16 (full 0):
 PSYoungGen      total 53248K, used 4629K [0x00000000eab00000, 0x00000000ee580000, 0x0000000100000000)
  eden space 48128K, 0% used [0x00000000eab00000,0x00000000eab00000,0x00000000eda00000)
  from space 5120K, 90% used [0x00000000edf80000,0x00000000ee405730,0x00000000ee480000)
  to   space 5632K, 0% used [0x00000000eda00000,0x00000000eda00000,0x00000000edf80000)
 ParOldGen       total 129536K, used 19540K [0x00000000c0000000, 0x00000000c7e80000, 0x00000000eab00000)
  object space 129536K, 15% used [0x00000000c0000000,0x00000000c1315320,0x00000000c7e80000)
 Metaspace       used 5967K, capacity 6962K, committed 7040K, reserved 1056768K
  class space    used 605K, capacity 618K, committed 640K, reserved 1048576K
}
Event: 15.385 GC heap before
{Heap before GC invocations=17 (full 0):
 PSYoungGen      total 53248K, used 52757K [0x00000000eab00000, 0x00000000ee580000, 0x0000000100000000)
  eden space 48128K, 100% used [0x00000000eab00000,0x00000000eda00000,0x00000000eda00000)
  from space 5120K, 90% used [0x00000000edf80000,0x00000000ee405730,0x00000000ee480000)
  to   space 5632K, 0% used [0x00000000eda00000,0x00000000eda00000,0x00000000edf80000)
 ParOldGen       total 129536K, used 19540K [0x00000000c0000000, 0x00000000c7e80000, 0x00000000eab00000)
  object space 129536K, 15% used [0x00000000c0000000,0x00000000c1315320,0x00000000c7e80000)
 Metaspace       used 5974K, capacity 6962K, committed 7040K, reserved 1056768K
  class space    used 605K, capacity 618K, committed 640K, reserved 1048576K
Event: 15.677 GC heap after
Heap after GC invocations=17 (full 0):
 PSYoungGen      total 53760K, used 5612K [0x00000000eab00000, 0x00000000eff00000, 0x0000000100000000)
  eden space 48128K, 0% used [0x00000000eab00000,0x00000000eab00000,0x00000000eda00000)
  from space 5632K, 99% used [0x00000000eda00000,0x00000000edf7b2d0,0x00000000edf80000)
  to   space 9216K, 0% used [0x00000000ef600000,0x00000000ef600000,0x00000000eff00000)
 ParOldGen       total 129536K, used 25976K [0x00000000c0000000, 0x00000000c7e80000, 0x00000000eab00000)
  object space 129536K, 20% used [0x00000000c0000000,0x00000000c195e320,0x00000000c7e80000)
 Metaspace       used 5974K, capacity 6962K, committed 7040K, reserved 1056768K
  class space    used 605K, capacity 618K, committed 640K, reserved 1048576K
}
Event: 18.480 GC heap before
{Heap before GC invocations=18 (full 0):
 PSYoungGen      total 53760K, used 53740K [0x00000000eab00000, 0x00000000eff00000, 0x0000000100000000)
  eden space 48128K, 100% used [0x00000000eab00000,0x00000000eda00000,0x00000000eda00000)
  from space 5632K, 99% used [0x00000000eda00000,0x00000000edf7b2d0,0x00000000edf80000)
  to   space 9216K, 0% used [0x00000000ef600000,0x00000000ef600000,0x00000000eff00000)
 ParOldGen       total 129536K, used 25976K [0x00000000c0000000, 0x00000000c7e80000, 0x00000000eab00000)
  object space 129536K, 20% used [0x00000000c0000000,0x00000000c195e320,0x00000000c7e80000)
 Metaspace       used 6023K, capacity 7026K, committed 7296K, reserved 1056768K
  class space    used 605K, capacity 618K, committed 640K, reserved 1048576K
Event: 19.109 GC heap after
Heap after GC invocations=18 (full 0):
 PSYoungGen      total 75776K, used 8633K [0x00000000eab00000, 0x00000000f0100000, 0x0000000100000000)
  eden space 66560K, 0% used [0x00000000eab00000,0x00000000eab00000,0x00000000eec00000)
  from space 9216K, 93% used [0x00000000ef600000,0x00000000efe6e540,0x00000000eff00000)
  to   space 10240K, 0% used [0x00000000eec00000,0x00000000eec00000,0x00000000ef600000)
 ParOldGen       total 129536K, used 31620K [0x00000000c0000000, 0x00000000c7e80000, 0x00000000eab00000)
  object space 129536K, 24% used [0x00000000c0000000,0x00000000c1ee12d8,0x00000000c7e80000)
 Metaspace       used 6023K, capacity 7026K, committed 7296K, reserved 1056768K
  class space    used 605K, capacity 618K, committed 640K, reserved 1048576K
}

Deoptimization events (10 events):
Event: 21.152 Thread 0x0000000002d0d800 Uncommon trap: reason=class_check action=maybe_recompile pc=0x0000000003243020 method=java.util.Arrays.hashCode([Ljava/lang/Object;)I @ 43
Event: 21.153 Thread 0x0000000002d0d800 Uncommon trap: reason=class_check action=maybe_recompile pc=0x0000000003241b80 method=java.util.Arrays.hashCode([Ljava/lang/Object;)I @ 43
Event: 23.444 Thread 0x0000000002d0d800 Uncommon trap: reason=class_check action=maybe_recompile pc=0x0000000003165884 method=com.android.dx.util.FixedSizeList.equals(Ljava/lang/Object;)Z @ 25
Event: 23.556 Thread 0x0000000002d0d800 Uncommon trap: reason=class_check action=maybe_recompile pc=0x0000000003165884 method=com.android.dx.util.FixedSizeList.equals(Ljava/lang/Object;)Z @ 25
Event: 23.556 Thread 0x0000000002d0d800 Uncommon trap: reason=class_check action=maybe_recompile pc=0x000000000314b7cc method=java.util.Arrays.equals([Ljava/lang/Object;[Ljava/lang/Object;)Z @ 62
Event: 23.556 Thread 0x0000000002d0d800 Uncommon trap: reason=class_check action=maybe_recompile pc=0x0000000003165884 method=com.android.dx.util.FixedSizeList.equals(Ljava/lang/Object;)Z @ 25
Event: 23.556 Thread 0x0000000002d0d800 Uncommon trap: reason=class_check action=maybe_recompile pc=0x000000000314b7cc method=java.util.Arrays.equals([Ljava/lang/Object;[Ljava/lang/Object;)Z @ 62
Event: 23.560 Thread 0x0000000002d0d800 Uncommon trap: reason=class_check action=maybe_recompile pc=0x0000000003165884 method=com.android.dx.util.FixedSizeList.equals(Ljava/lang/Object;)Z @ 25
Event: 23.560 Thread 0x0000000002d0d800 Uncommon trap: reason=class_check action=maybe_recompile pc=0x000000000314b7cc method=java.util.Arrays.equals([Ljava/lang/Object;[Ljava/lang/Object;)Z @ 62
Event: 23.561 Thread 0x0000000002d0d800 Uncommon trap: reason=class_check action=maybe_recompile pc=0x000000000314b7cc method=java.util.Arrays.equals([Ljava/lang/Object;[Ljava/lang/Object;)Z @ 62

Internal exceptions (10 events):
Event: 23.422 Thread 0x0000000002d0d800 Exception <a 'java/security/PrivilegedActionException'> (0x00000000ee0fba80) thrown at [D:\re\workspace\8-2-build-windows-amd64-cygwin\jdk8u5\2488\hotspot\src\share\vm\prims\jvm.cpp, line 1248]
Event: 23.423 Thread 0x0000000002d0d800 Exception <a 'java/security/PrivilegedActionException'> (0x00000000ee100df0) thrown at [D:\re\workspace\8-2-build-windows-amd64-cygwin\jdk8u5\2488\hotspot\src\share\vm\prims\jvm.cpp, line 1248]
Event: 23.425 Thread 0x0000000002d0d800 Exception <a 'java/security/PrivilegedActionException'> (0x00000000ee107528) thrown at [D:\re\workspace\8-2-build-windows-amd64-cygwin\jdk8u5\2488\hotspot\src\share\vm\prims\jvm.cpp, line 1248]
Event: 23.426 Thread 0x0000000002d0d800 Exception <a 'java/security/PrivilegedActionException'> (0x00000000ee10a618) thrown at [D:\re\workspace\8-2-build-windows-amd64-cygwin\jdk8u5\2488\hotspot\src\share\vm\prims\jvm.cpp, line 1248]
Event: 23.427 Thread 0x0000000002d0d800 Exception <a 'java/security/PrivilegedActionException'> (0x00000000ee10f618) thrown at [D:\re\workspace\8-2-build-windows-amd64-cygwin\jdk8u5\2488\hotspot\src\share\vm\prims\jvm.cpp, line 1248]
Event: 23.432 Thread 0x0000000002d0d800 Exception <a 'java/security/PrivilegedActionException'> (0x00000000ee113ea0) thrown at [D:\re\workspace\8-2-build-windows-amd64-cygwin\jdk8u5\2488\hotspot\src\share\vm\prims\jvm.cpp, line 1248]
Event: 23.443 Thread 0x0000000002d0d800 Exception <a 'java/security/PrivilegedActionException'> (0x00000000ee124840) thrown at [D:\re\workspace\8-2-build-windows-amd64-cygwin\jdk8u5\2488\hotspot\src\share\vm\prims\jvm.cpp, line 1248]
Event: 23.444 Thread 0x0000000002d0d800 Exception <a 'java/security/PrivilegedActionException'> (0x00000000ee127998) thrown at [D:\re\workspace\8-2-build-windows-amd64-cygwin\jdk8u5\2488\hotspot\src\share\vm\prims\jvm.cpp, line 1248]
Event: 23.445 Thread 0x0000000002d0d800 Exception <a 'java/security/PrivilegedActionException'> (0x00000000ee12acd0) thrown at [D:\re\workspace\8-2-build-windows-amd64-cygwin\jdk8u5\2488\hotspot\src\share\vm\prims\jvm.cpp, line 1248]
Event: 23.454 Thread 0x0000000002d0d800 Exception <a 'java/security/PrivilegedActionException'> (0x00000000ee13c090) thrown at [D:\re\workspace\8-2-build-windows-amd64-cygwin\jdk8u5\2488\hotspot\src\share\vm\prims\jvm.cpp, line 1248]

Events (10 events):
Event: 24.102 Thread 0x0000000002d0d800 DEOPT PACKING pc=0x000000000382acc1 sp=0x0000000002c2f060
Event: 24.102 Thread 0x0000000002d0d800 DEOPT UNPACKING pc=0x0000000002e57604 sp=0x0000000002c2edd8 mode 0
Event: 24.102 Thread 0x0000000002d0d800 DEOPT PACKING pc=0x000000000383ca15 sp=0x0000000002c2f040
Event: 24.102 Thread 0x0000000002d0d800 DEOPT UNPACKING pc=0x0000000002e57604 sp=0x0000000002c2ed90 mode 0
Event: 24.114 Thread 0x0000000002d0d800 DEOPT PACKING pc=0x0000000003853a2a sp=0x0000000002c2f020
Event: 24.114 Thread 0x0000000002d0d800 DEOPT UNPACKING pc=0x0000000002e57604 sp=0x0000000002c2edd8 mode 0
Event: 24.374 Thread 0x0000000002d0d800 DEOPT PACKING pc=0x00000000038458b6 sp=0x0000000002c2ef80
Event: 24.374 Thread 0x0000000002d0d800 DEOPT UNPACKING pc=0x0000000002e57604 sp=0x0000000002c2ecd8 mode 0
Event: 24.390 Thread 0x0000000002d0d800 DEOPT PACKING pc=0x0000000003831240 sp=0x0000000002c2f040
Event: 24.390 Thread 0x0000000002d0d800 DEOPT UNPACKING pc=0x0000000002e57604 sp=0x0000000002c2ee08 mode 0


Dynamic libraries:
0x00007ff793670000 - 0x00007ff7936a4000 	C:\Program Files\Java\jdk1.8.0_05\bin\java.exe
0x00007fff8a4a0000 - 0x00007fff8a661000 	C:\WINDOWS\SYSTEM32\ntdll.dll
0x00007fff87bd0000 - 0x00007fff87c7d000 	C:\WINDOWS\system32\KERNEL32.DLL
0x00007fff86f70000 - 0x00007fff8714d000 	C:\WINDOWS\system32\KERNELBASE.dll
0x00007fff894f0000 - 0x00007fff89596000 	C:\WINDOWS\system32\ADVAPI32.dll
0x00007fff8a310000 - 0x00007fff8a3ad000 	C:\WINDOWS\system32\msvcrt.dll
0x00007fff87b70000 - 0x00007fff87bcb000 	C:\WINDOWS\system32\sechost.dll
0x00007fff898b0000 - 0x00007fff899d6000 	C:\WINDOWS\system32\RPCRT4.dll
0x00007fff89b30000 - 0x00007fff89c7e000 	C:\WINDOWS\system32\USER32.dll
0x00007fff892a0000 - 0x00007fff89426000 	C:\WINDOWS\system32\GDI32.dll
0x00007fff7cbd0000 - 0x00007fff7ce44000 	C:\WINDOWS\WinSxS\amd64_microsoft.windows.common-controls_6595b64144ccf1df_6.0.10240.16384_none_f41f7b285750ef43\COMCTL32.dll
0x00007fff87c80000 - 0x00007fff87cb6000 	C:\WINDOWS\system32\IMM32.DLL
0x00007fff895a0000 - 0x00007fff896fc000 	C:\WINDOWS\system32\MSCTF.dll
0x00000000759c0000 - 0x0000000075a92000 	C:\Program Files\Java\jdk1.8.0_05\jre\bin\msvcr100.dll
0x0000000075e40000 - 0x000000007666a000 	C:\Program Files\Java\jdk1.8.0_05\jre\bin\server\jvm.dll
0x00007fff8a3b0000 - 0x00007fff8a3b8000 	C:\WINDOWS\system32\PSAPI.DLL
0x00007fff83e20000 - 0x00007fff83e29000 	C:\WINDOWS\SYSTEM32\WSOCK32.dll
0x00007fff89eb0000 - 0x00007fff89f19000 	C:\WINDOWS\system32\WS2_32.dll
0x00007fff8a3c0000 - 0x00007fff8a3c8000 	C:\WINDOWS\system32\NSI.dll
0x00007fff85250000 - 0x00007fff85273000 	C:\WINDOWS\SYSTEM32\WINMM.dll
0x00007fff85220000 - 0x00007fff8524c000 	C:\WINDOWS\SYSTEM32\WINMMBASE.dll
0x00007fff87150000 - 0x00007fff87194000 	C:\WINDOWS\system32\cfgmgr32.dll
0x00007fff851c0000 - 0x00007fff851e7000 	C:\WINDOWS\SYSTEM32\DEVOBJ.dll
0x0000000075e30000 - 0x0000000075e3f000 	C:\Program Files\Java\jdk1.8.0_05\jre\bin\verify.dll
0x0000000075e00000 - 0x0000000075e28000 	C:\Program Files\Java\jdk1.8.0_05\jre\bin\java.dll
0x0000000075de0000 - 0x0000000075df6000 	C:\Program Files\Java\jdk1.8.0_05\jre\bin\zip.dll
0x00007fff87d70000 - 0x00007fff89291000 	C:\WINDOWS\system32\SHELL32.dll
0x00007fff87420000 - 0x00007fff87a49000 	C:\WINDOWS\system32\windows.storage.dll
0x00007fff8a070000 - 0x00007fff8a2ec000 	C:\WINDOWS\system32\combase.dll
0x00007fff8a3e0000 - 0x00007fff8a431000 	C:\WINDOWS\system32\shlwapi.dll
0x00007fff86ed0000 - 0x00007fff86edf000 	C:\WINDOWS\system32\kernel.appcore.dll
0x00007fff87a50000 - 0x00007fff87b03000 	C:\WINDOWS\system32\shcore.dll
0x00007fff86f20000 - 0x00007fff86f6a000 	C:\WINDOWS\system32\powrprof.dll
0x00007fff86f00000 - 0x00007fff86f13000 	C:\WINDOWS\system32\profapi.dll

VM Arguments:
jvm_args: -Xmx1024M -Dfile.encoding=windows-1252 -Duser.country=BR -Duser.language=pt -Duser.variant 
java_command: com.android.dx.command.Main --dex --num-threads=4 --output E:\GitHub\FitCook\app\build\intermediates\pre-dexed\debug\classes-c7957187b5267c4f70a0932298778fb2c15e846a.jar E:\GitHub\FitCook\app\build\intermediates\exploded-aar\com.android.support\appcompat-v7\22.2.1\jars\classes.jar
java_class_path (initial): C:\Program Files (x86)\Android\android-sdk\build-tools\23.0.0_rc2\lib\dx.jar
Launcher Type: SUN_STANDARD

Environment Variables:
JAVA_HOME=C:\Program Files\Java\jdk1.8.0_05
PATH=C:\Program Files (x86)\Intel\iCLS Client\;C:\Program Files\Intel\iCLS Client\;C:\WINDOWS\system32;C:\WINDOWS;C:\WINDOWS\System32\Wbem;C:\WINDOWS\System32\WindowsPowerShell\v1.0\;C:\Program Files (x86)\Windows Live\Shared;C:\Program Files (x86)\Intel\OpenCL SDK\2.0\bin\x86;C:\Program Files (x86)\Intel\OpenCL SDK\2.0\bin\x64;C:\Program Files\Intel\Intel(R) Management Engine Components\DAL;C:\Program Files\Intel\Intel(R) Management Engine Components\IPT;C:\Program Files (x86)\Intel\Intel(R) Management Engine Components\DAL;C:\Program Files (x86)\Intel\Intel(R) Management Engine Components\IPT;C:\Program Files\Java\jdk1.8.0_05/bin;C:\Program Files (x86)\Android\android-sdk\platform-tools;C:\Program Files (x86)\Git\cmd;C:\Program Files (x86)\Skype\Phone\;C:\Program Files (x86)\Windows Kits\8.1\Windows Performance Toolkit\;C:\Program Files\Microsoft SQL Server\110\Tools\Binn\;C:\Program Files (x86)\Microsoft SDKs\TypeScript\1.0\;C:\Program Files\Microsoft SQL Server\120\Tools\Binn\;C:\Program Files (x86)\nodejs\;C:\Ruby21\bin;C:\Users\Aires\AppData\Roaming\npm
USERNAME=Aires
OS=Windows_NT
PROCESSOR_IDENTIFIER=Intel64 Family 6 Model 58 Stepping 9, GenuineIntel



---------------  S Y S T E M  ---------------

OS: Windows 8.1 , 64 bit Build 9600 

CPU:total 4 (2 cores per cpu, 2 threads per core) family 6 model 58 stepping 9, cmov, cx8, fxsr, mmx, sse, sse2, sse3, ssse3, sse4.1, sse4.2, popcnt, avx, clmul, erms, ht, tsc, tscinvbit

Memory: 4k page, physical 8282396k(1297096k free), swap 8282396k(4108k free)

vm_info: Java HotSpot(TM) 64-Bit Server VM (25.5-b02) for windows-amd64 JRE (1.8.0_05-b13), built on Mar 18 2014 01:08:39 by "java_re" with MS VC++ 10.0 (VS2010)

time: Tue Aug 11 18:25:03 2015
elapsed time: 24 seconds

