#
# There is insufficient memory for the Java Runtime Environment to continue.
# Native memory allocation (malloc) failed to allocate 1468336 bytes for Chunk::new
# Possible reasons:
#   The system is out of physical RAM or swap space
#   In 32 bit mode, the process size limit was hit
# Possible solutions:
#   Reduce memory load on the system
#   Increase physical memory or swap space
#   Check if swap backing store is full
#   Use 64 bit Java on a 64 bit OS
#   Decrease Java heap size (-Xmx/-Xms)
#   Decrease number of Java threads
#   Decrease Java thread stack sizes (-Xss)
#   Set larger code cache with -XX:ReservedCodeCacheSize=
# This output file may be truncated or incomplete.
#
#  Out of Memory Error (allocation.cpp:388), pid=6692, tid=9056
#
# JRE version: Java(TM) SE Runtime Environment (8.0_05-b13) (build 1.8.0_05-b13)
# Java VM: Java HotSpot(TM) 64-Bit Server VM (25.5-b02 mixed mode windows-amd64 compressed oops)
# Failed to write core dump. Minidumps are not enabled by default on client versions of Windows
#

---------------  T H R E A D  ---------------

Current thread (0x000000001509c000):  JavaThread "C2 CompilerThread0" daemon [_thread_in_native, id=9056, stack(0x0000000016610000,0x0000000016710000)]

Stack: [0x0000000016610000,0x0000000016710000]
Native frames: (J=compiled Java code, j=interpreted, Vv=VM code, C=native code)
V  [jvm.dll+0x308dea]
V  [jvm.dll+0x25def1]
V  [jvm.dll+0x25eb0f]
V  [jvm.dll+0x2564e5]
V  [jvm.dll+0xbcfc5]
V  [jvm.dll+0xbd45c]
V  [jvm.dll+0x44d422]
V  [jvm.dll+0x48e13f]
V  [jvm.dll+0x442075]
V  [jvm.dll+0x44366b]
V  [jvm.dll+0x427532]
V  [jvm.dll+0x96702]
V  [jvm.dll+0x96ef3]
V  [jvm.dll+0x2232c4]
V  [jvm.dll+0x27baca]
C  [msvcr100.dll+0x21d9f]
C  [msvcr100.dll+0x21e3b]
C  [KERNEL32.DLL+0x12d92]
C  [ntdll.dll+0x9f64]


Current CompileTask:
C2:   4132 1267   !   4       com.android.dx.cf.code.BytecodeArray::parseInstruction (2764 bytes)


---------------  P R O C E S S  ---------------

Java Threads: ( => current thread )
  0x0000000016b7a000 JavaThread "pool-1-thread-4" [_thread_in_Java, id=8516, stack(0x0000000017310000,0x0000000017410000)]
  0x0000000016b74800 JavaThread "pool-1-thread-3" [_thread_in_Java, id=9028, stack(0x0000000017210000,0x0000000017310000)]
  0x0000000016b6f000 JavaThread "pool-1-thread-2" [_thread_in_Java, id=1008, stack(0x0000000017110000,0x0000000017210000)]
  0x0000000016b6e800 JavaThread "pool-2-thread-1" [_thread_blocked, id=5292, stack(0x0000000017010000,0x0000000017110000)]
  0x0000000016b5d800 JavaThread "pool-1-thread-1" [_thread_in_Java, id=4904, stack(0x0000000016f10000,0x0000000017010000)]
  0x0000000016924800 JavaThread "Service Thread" daemon [_thread_blocked, id=9032, stack(0x0000000016d10000,0x0000000016e10000)]
  0x00000000150fb800 JavaThread "C1 CompilerThread2" daemon [_thread_in_native, id=9196, stack(0x0000000016810000,0x0000000016910000)]
  0x00000000150ed800 JavaThread "C2 CompilerThread1" daemon [_thread_in_native, id=6148, stack(0x0000000016710000,0x0000000016810000)]
=>0x000000001509c000 JavaThread "C2 CompilerThread0" daemon [_thread_in_native, id=9056, stack(0x0000000016610000,0x0000000016710000)]
  0x000000001509a800 JavaThread "Attach Listener" daemon [_thread_blocked, id=7588, stack(0x0000000016510000,0x0000000016610000)]
  0x0000000015099800 JavaThread "Signal Dispatcher" daemon [_thread_blocked, id=7864, stack(0x0000000016410000,0x0000000016510000)]
  0x00000000029c5000 JavaThread "Finalizer" daemon [_thread_blocked, id=3452, stack(0x0000000016310000,0x0000000016410000)]
  0x00000000029b9000 JavaThread "Reference Handler" daemon [_thread_blocked, id=5012, stack(0x0000000016210000,0x0000000016310000)]
  0x000000000269d800 JavaThread "main" [_thread_in_native, id=5764, stack(0x00000000026d0000,0x00000000027d0000)]

Other Threads:
  0x0000000015065000 VMThread [stack: 0x0000000016110000,0x0000000016210000] [id=868]
  0x0000000016928800 WatcherThread [stack: 0x0000000016e10000,0x0000000016f10000] [id=3684]

VM state:not at safepoint (normal execution)

VM Mutex/Monitor currently owned by a thread:  ([mutex/lock_event])
[0x000000000269cba0] CompiledIC_lock - owner thread: 0x0000000000000000

Heap:
 PSYoungGen      total 12800K, used 9528K [0x00000000eab00000, 0x00000000eb980000, 0x0000000100000000)
  eden space 10752K, 74% used [0x00000000eab00000,0x00000000eb2d6058,0x00000000eb580000)
  from space 2048K, 73% used [0x00000000eb780000,0x00000000eb8f8010,0x00000000eb980000)
  to   space 2048K, 0% used [0x00000000eb580000,0x00000000eb580000,0x00000000eb780000)
 ParOldGen       total 129536K, used 4553K [0x00000000c0000000, 0x00000000c7e80000, 0x00000000eab00000)
  object space 129536K, 3% used [0x00000000c0000000,0x00000000c0472748,0x00000000c7e80000)
 Metaspace       used 5692K, capacity 6832K, committed 7040K, reserved 1056768K
  class space    used 585K, capacity 616K, committed 640K, reserved 1048576K

Card table byte_map: [0x0000000011d90000,0x0000000011fa0000] byte_map_base: 0x0000000011790000

Marking Bits: (ParMarkBitMap*) 0x0000000060db13b0
 Begin Bits: [0x0000000012500000, 0x0000000013500000)
 End Bits:   [0x0000000013500000, 0x0000000014500000)

Polling page: 0x0000000001050000

CodeCache: size=245760Kb used=4954Kb max_used=4966Kb free=240805Kb
 bounds [0x00000000029d0000, 0x0000000002eb0000, 0x00000000119d0000]
 total_blobs=1563 nmethods=1299 adapters=178
 compilation: enabled

Compilation events (10 events):
Event: 4.002 Thread 0x00000000150fb800 1304       3       com.android.dx.rop.code.LocalVariableInfo::addAssignment (43 bytes)
Event: 4.003 Thread 0x00000000150fb800 nmethod 1304 0x0000000002ea26d0 code [0x0000000002ea28a0, 0x0000000002ea3028]
Event: 4.003 Thread 0x00000000150fb800 1306       3       com.android.dx.ssa.SsaMethod::convertRopToSsaBlocks (103 bytes)
Event: 4.005 Thread 0x00000000150fb800 nmethod 1306 0x0000000002ea3750 code [0x0000000002ea39c0, 0x0000000002ea4b08]
Event: 4.005 Thread 0x00000000150fb800 1305       3       com.android.dx.cf.code.Merger::mergeLocals (122 bytes)
Event: 4.008 Thread 0x00000000150fb800 nmethod 1305 0x0000000002ea54d0 code [0x0000000002ea5760, 0x0000000002ea67c8]
Event: 4.038 Thread 0x000000001509c000 nmethod 1285 0x0000000002eaad50 code [0x0000000002eaaf20, 0x0000000002eabcd8]
Event: 4.039 Thread 0x000000001509c000 1290       4       com.android.dx.ssa.SsaMethod::bitSetFromLabelList (47 bytes)
Event: 4.052 Thread 0x000000001509c000 nmethod 1290 0x0000000002eace50 code [0x0000000002eacfc0, 0x0000000002ead408]
Event: 4.052 Thread 0x000000001509c000 1267   !   4       com.android.dx.cf.code.BytecodeArray::parseInstruction (2764 bytes)

GC Heap History (10 events):
Event: 2.854 GC heap before
{Heap before GC invocations=8 (full 0):
 PSYoungGen      total 3072K, used 3023K [0x00000000eab00000, 0x00000000eb200000, 0x0000000100000000)
  eden space 2048K, 98% used [0x00000000eab00000,0x00000000eacfa770,0x00000000ead00000)
  from space 1024K, 97% used [0x00000000ead00000,0x00000000eadf9828,0x00000000eae00000)
  to   space 1536K, 0% used [0x00000000eb080000,0x00000000eb080000,0x00000000eb200000)
 ParOldGen       total 129536K, used 1150K [0x00000000c0000000, 0x00000000c7e80000, 0x00000000eab00000)
  object space 129536K, 0% used [0x00000000c0000000,0x00000000c011fab0,0x00000000c7e80000)
 Metaspace       used 5027K, capacity 6256K, committed 6528K, reserved 1056768K
  class space    used 563K, capacity 616K, committed 640K, reserved 1048576K
Event: 2.871 GC heap after
Heap after GC invocations=8 (full 0):
 PSYoungGen      total 5632K, used 1067K [0x00000000eab00000, 0x00000000eb200000, 0x0000000100000000)
  eden space 4096K, 0% used [0x00000000eab00000,0x00000000eab00000,0x00000000eaf00000)
  from space 1536K, 69% used [0x00000000eb080000,0x00000000eb18ac70,0x00000000eb200000)
  to   space 1536K, 0% used [0x00000000eaf00000,0x00000000eaf00000,0x00000000eb080000)
 ParOldGen       total 129536K, used 1374K [0x00000000c0000000, 0x00000000c7e80000, 0x00000000eab00000)
  object space 129536K, 1% used [0x00000000c0000000,0x00000000c0157ad0,0x00000000c7e80000)
 Metaspace       used 5027K, capacity 6256K, committed 6528K, reserved 1056768K
  class space    used 563K, capacity 616K, committed 640K, reserved 1048576K
}
Event: 3.153 GC heap before
{Heap before GC invocations=9 (full 0):
 PSYoungGen      total 5632K, used 5163K [0x00000000eab00000, 0x00000000eb200000, 0x0000000100000000)
  eden space 4096K, 100% used [0x00000000eab00000,0x00000000eaf00000,0x00000000eaf00000)
  from space 1536K, 69% used [0x00000000eb080000,0x00000000eb18ac70,0x00000000eb200000)
  to   space 1536K, 0% used [0x00000000eaf00000,0x00000000eaf00000,0x00000000eb080000)
 ParOldGen       total 129536K, used 1374K [0x00000000c0000000, 0x00000000c7e80000, 0x00000000eab00000)
  object space 129536K, 1% used [0x00000000c0000000,0x00000000c0157ad0,0x00000000c7e80000)
 Metaspace       used 5385K, capacity 6576K, committed 6784K, reserved 1056768K
  class space    used 580K, capacity 616K, committed 640K, reserved 1048576K
Event: 3.162 GC heap after
Heap after GC invocations=9 (full 0):
 PSYoungGen      total 5632K, used 1408K [0x00000000eab00000, 0x00000000eb580000, 0x0000000100000000)
  eden space 4096K, 0% used [0x00000000eab00000,0x00000000eab00000,0x00000000eaf00000)
  from space 1536K, 91% used [0x00000000eaf00000,0x00000000eb060018,0x00000000eb080000)
  to   space 2048K, 0% used [0x00000000eb380000,0x00000000eb380000,0x00000000eb580000)
 ParOldGen       total 129536K, used 1699K [0x00000000c0000000, 0x00000000c7e80000, 0x00000000eab00000)
  object space 129536K, 1% used [0x00000000c0000000,0x00000000c01a8eb8,0x00000000c7e80000)
 Metaspace       used 5385K, capacity 6576K, committed 6784K, reserved 1056768K
  class space    used 580K, capacity 616K, committed 640K, reserved 1048576K
}
Event: 3.426 GC heap before
{Heap before GC invocations=10 (full 0):
 PSYoungGen      total 5632K, used 5504K [0x00000000eab00000, 0x00000000eb580000, 0x0000000100000000)
  eden space 4096K, 100% used [0x00000000eab00000,0x00000000eaf00000,0x00000000eaf00000)
  from space 1536K, 91% used [0x00000000eaf00000,0x00000000eb060018,0x00000000eb080000)
  to   space 2048K, 0% used [0x00000000eb380000,0x00000000eb380000,0x00000000eb580000)
 ParOldGen       total 129536K, used 1699K [0x00000000c0000000, 0x00000000c7e80000, 0x00000000eab00000)
  object space 129536K, 1% used [0x00000000c0000000,0x00000000c01a8eb8,0x00000000c7e80000)
 Metaspace       used 5494K, capacity 6640K, committed 6784K, reserved 1056768K
  class space    used 582K, capacity 616K, committed 640K, reserved 1048576K
Event: 3.442 GC heap after
Heap after GC invocations=10 (full 0):
 PSYoungGen      total 8704K, used 1985K [0x00000000eab00000, 0x00000000eb580000, 0x0000000100000000)
  eden space 6656K, 0% used [0x00000000eab00000,0x00000000eab00000,0x00000000eb180000)
  from space 2048K, 96% used [0x00000000eb380000,0x00000000eb5707c8,0x00000000eb580000)
  to   space 2048K, 0% used [0x00000000eb180000,0x00000000eb180000,0x00000000eb380000)
 ParOldGen       total 129536K, used 1879K [0x00000000c0000000, 0x00000000c7e80000, 0x00000000eab00000)
  object space 129536K, 1% used [0x00000000c0000000,0x00000000c01d5ec8,0x00000000c7e80000)
 Metaspace       used 5494K, capacity 6640K, committed 6784K, reserved 1056768K
  class space    used 582K, capacity 616K, committed 640K, reserved 1048576K
}
Event: 3.640 GC heap before
{Heap before GC invocations=11 (full 0):
 PSYoungGen      total 8704K, used 8641K [0x00000000eab00000, 0x00000000eb580000, 0x0000000100000000)
  eden space 6656K, 100% used [0x00000000eab00000,0x00000000eb180000,0x00000000eb180000)
  from space 2048K, 96% used [0x00000000eb380000,0x00000000eb5707c8,0x00000000eb580000)
  to   space 2048K, 0% used [0x00000000eb180000,0x00000000eb180000,0x00000000eb380000)
 ParOldGen       total 129536K, used 1879K [0x00000000c0000000, 0x00000000c7e80000, 0x00000000eab00000)
  object space 129536K, 1% used [0x00000000c0000000,0x00000000c01d5ec8,0x00000000c7e80000)
 Metaspace       used 5563K, capacity 6704K, committed 6784K, reserved 1056768K
  class space    used 583K, capacity 616K, committed 640K, reserved 1048576K
Event: 3.646 GC heap after
Heap after GC invocations=11 (full 0):
 PSYoungGen      total 8704K, used 1312K [0x00000000eab00000, 0x00000000eb980000, 0x0000000100000000)
  eden space 6656K, 0% used [0x00000000eab00000,0x00000000eab00000,0x00000000eb180000)
  from space 2048K, 64% used [0x00000000eb180000,0x00000000eb2c8000,0x00000000eb380000)
  to   space 2048K, 0% used [0x00000000eb780000,0x00000000eb780000,0x00000000eb980000)
 ParOldGen       total 129536K, used 3588K [0x00000000c0000000, 0x00000000c7e80000, 0x00000000eab00000)
  object space 129536K, 2% used [0x00000000c0000000,0x00000000c03813a0,0x00000000c7e80000)
 Metaspace       used 5563K, capacity 6704K, committed 6784K, reserved 1056768K
  class space    used 583K, capacity 616K, committed 640K, reserved 1048576K
}
Event: 3.896 GC heap before
{Heap before GC invocations=12 (full 0):
 PSYoungGen      total 8704K, used 7968K [0x00000000eab00000, 0x00000000eb980000, 0x0000000100000000)
  eden space 6656K, 100% used [0x00000000eab00000,0x00000000eb180000,0x00000000eb180000)
  from space 2048K, 64% used [0x00000000eb180000,0x00000000eb2c8000,0x00000000eb380000)
  to   space 2048K, 0% used [0x00000000eb780000,0x00000000eb780000,0x00000000eb980000)
 ParOldGen       total 129536K, used 3588K [0x00000000c0000000, 0x00000000c7e80000, 0x00000000eab00000)
  object space 129536K, 2% used [0x00000000c0000000,0x00000000c03813a0,0x00000000c7e80000)
 Metaspace       used 5650K, capacity 6768K, committed 7040K, reserved 1056768K
  class space    used 585K, capacity 616K, committed 640K, reserved 1048576K
Event: 3.902 GC heap after
Heap after GC invocations=12 (full 0):
 PSYoungGen      total 12800K, used 1504K [0x00000000eab00000, 0x00000000eb980000, 0x0000000100000000)
  eden space 10752K, 0% used [0x00000000eab00000,0x00000000eab00000,0x00000000eb580000)
  from space 2048K, 73% used [0x00000000eb780000,0x00000000eb8f8010,0x00000000eb980000)
  to   space 2048K, 0% used [0x00000000eb580000,0x00000000eb580000,0x00000000eb780000)
 ParOldGen       total 129536K, used 4553K [0x00000000c0000000, 0x00000000c7e80000, 0x00000000eab00000)
  object space 129536K, 3% used [0x00000000c0000000,0x00000000c0472748,0x00000000c7e80000)
 Metaspace       used 5650K, capacity 6768K, committed 7040K, reserved 1056768K
  class space    used 585K, capacity 616K, committed 640K, reserved 1048576K
}

Deoptimization events (7 events):
Event: 3.448 Thread 0x0000000016b74800 Uncommon trap: reason=bimorphic action=maybe_recompile pc=0x0000000002c4d414 method=java.util.HashMap.getNode(ILjava/lang/Object;)Ljava/util/HashMap$Node; @ 126
Event: 3.448 Thread 0x0000000016b74800 Uncommon trap: reason=bimorphic action=maybe_recompile pc=0x0000000002c4d414 method=java.util.HashMap.getNode(ILjava/lang/Object;)Ljava/util/HashMap$Node; @ 126
Event: 3.448 Thread 0x0000000016b74800 Uncommon trap: reason=bimorphic action=maybe_recompile pc=0x0000000002c4d414 method=java.util.HashMap.getNode(ILjava/lang/Object;)Ljava/util/HashMap$Node; @ 126
Event: 3.448 Thread 0x0000000016b74800 Uncommon trap: reason=bimorphic action=maybe_recompile pc=0x0000000002c4d414 method=java.util.HashMap.getNode(ILjava/lang/Object;)Ljava/util/HashMap$Node; @ 126
Event: 3.448 Thread 0x0000000016b74800 Uncommon trap: reason=unreached action=reinterpret pc=0x0000000002c82ddc method=com.android.dx.rop.cst.Constant.compareTo(Lcom/android/dx/rop/cst/Constant;)I @ 12
Event: 3.448 Thread 0x0000000016b74800 Uncommon trap: reason=bimorphic action=maybe_recompile pc=0x0000000002c00d50 method=java.util.HashMap.getNode(ILjava/lang/Object;)Ljava/util/HashMap$Node; @ 126
Event: 3.596 Thread 0x0000000016b7a000 Uncommon trap: reason=null_check action=make_not_entrant pc=0x0000000002cb8ce0 method=com.android.dx.rop.type.Type.equals(Ljava/lang/Object;)Z @ 8

Internal exceptions (10 events):
Event: 2.981 Thread 0x0000000016b5d800 Exception <a 'java/security/PrivilegedActionException'> (0x00000000eacd1668) thrown at [D:\re\workspace\8-2-build-windows-amd64-cygwin\jdk8u5\2488\hotspot\src\share\vm\prims\jvm.cpp, line 1248]
Event: 3.198 Thread 0x000000000269d800 Exception <a 'java/security/PrivilegedActionException'> (0x00000000eabe73b8) thrown at [D:\re\workspace\8-2-build-windows-amd64-cygwin\jdk8u5\2488\hotspot\src\share\vm\prims\jvm.cpp, line 1248]
Event: 3.335 Thread 0x000000000269d800 Exception <a 'java/security/PrivilegedActionException'> (0x00000000eadb6038) thrown at [D:\re\workspace\8-2-build-windows-amd64-cygwin\jdk8u5\2488\hotspot\src\share\vm\prims\jvm.cpp, line 1248]
Event: 3.362 Thread 0x0000000016b74800 Exception <a 'java/security/PrivilegedActionException'> (0x00000000eae2dff0) thrown at [D:\re\workspace\8-2-build-windows-amd64-cygwin\jdk8u5\2488\hotspot\src\share\vm\prims\jvm.cpp, line 1248]
Event: 3.370 Thread 0x000000000269d800 Exception <a 'java/security/PrivilegedActionException'> (0x00000000eae4e1a0) thrown at [D:\re\workspace\8-2-build-windows-amd64-cygwin\jdk8u5\2488\hotspot\src\share\vm\prims\jvm.cpp, line 1248]
Event: 3.472 Thread 0x0000000016b5d800 Exception <a 'java/security/PrivilegedActionException'> (0x00000000eac40360) thrown at [D:\re\workspace\8-2-build-windows-amd64-cygwin\jdk8u5\2488\hotspot\src\share\vm\prims\jvm.cpp, line 1248]
Event: 3.596 Thread 0x0000000016b7a000 Implicit null exception at 0x0000000002cb8be2 to 0x0000000002cb8cd2
Event: 3.601 Thread 0x000000000269d800 Exception <a 'java/security/PrivilegedActionException'> (0x00000000eafad278) thrown at [D:\re\workspace\8-2-build-windows-amd64-cygwin\jdk8u5\2488\hotspot\src\share\vm\prims\jvm.cpp, line 1248]
Event: 3.603 Thread 0x000000000269d800 Exception <a 'java/security/PrivilegedActionException'> (0x00000000eafb3110) thrown at [D:\re\workspace\8-2-build-windows-amd64-cygwin\jdk8u5\2488\hotspot\src\share\vm\prims\jvm.cpp, line 1248]
Event: 3.716 Thread 0x000000000269d800 Exception <a 'java/security/PrivilegedActionException'> (0x00000000ead53a40) thrown at [D:\re\workspace\8-2-build-windows-amd64-cygwin\jdk8u5\2488\hotspot\src\share\vm\prims\jvm.cpp, line 1248]

Events (10 events):
Event: 3.603 loading class com/android/dx/dex/file/UniformListItem
Event: 3.603 loading class com/android/dx/dex/file/UniformListItem done
Event: 3.639 Executing VM operation: ParallelGCFailedAllocation
Event: 3.647 Executing VM operation: ParallelGCFailedAllocation done
Event: 3.715 loading class com/android/dx/dex/file/AnnotationSetRefItem
Event: 3.716 loading class com/android/dx/dex/file/AnnotationSetRefItem done
Event: 3.855 Executing VM operation: ParallelGCFailedAllocation
Event: 3.902 Executing VM operation: ParallelGCFailedAllocation done
Event: 3.976 Thread 0x0000000016b7a000 DEOPT PACKING pc=0x0000000002ce80e9 sp=0x000000001740e690
Event: 3.976 Thread 0x0000000016b7a000 DEOPT UNPACKING pc=0x0000000002a17604 sp=0x000000001740e460 mode 0


Dynamic libraries:
0x00007ff612f70000 - 0x00007ff612fa4000 	C:\Program Files\Java\jdk1.8.0_05\bin\java.exe
0x00007ff978eb0000 - 0x00007ff979071000 	C:\WINDOWS\SYSTEM32\ntdll.dll
0x00007ff9780e0000 - 0x00007ff97818d000 	C:\WINDOWS\system32\KERNEL32.DLL
0x00007ff9763a0000 - 0x00007ff97657d000 	C:\WINDOWS\system32\KERNELBASE.dll
0x00007ff9769b0000 - 0x00007ff976a56000 	C:\WINDOWS\system32\ADVAPI32.dll
0x00007ff976720000 - 0x00007ff9767bd000 	C:\WINDOWS\system32\msvcrt.dll
0x00007ff978190000 - 0x00007ff9781eb000 	C:\WINDOWS\system32\sechost.dll
0x00007ff978ad0000 - 0x00007ff978bf6000 	C:\WINDOWS\system32\RPCRT4.dll
0x00007ff978690000 - 0x00007ff9787de000 	C:\WINDOWS\system32\USER32.dll
0x00007ff976820000 - 0x00007ff9769a6000 	C:\WINDOWS\system32\GDI32.dll
0x00007ff96afc0000 - 0x00007ff96b234000 	C:\WINDOWS\WinSxS\amd64_microsoft.windows.common-controls_6595b64144ccf1df_6.0.10240.16384_none_f41f7b285750ef43\COMCTL32.dll
0x00007ff9766e0000 - 0x00007ff976716000 	C:\WINDOWS\system32\IMM32.DLL
0x00007ff976580000 - 0x00007ff9766dc000 	C:\WINDOWS\system32\MSCTF.dll
0x0000000060180000 - 0x0000000060252000 	C:\Program Files\Java\jdk1.8.0_05\jre\bin\msvcr100.dll
0x0000000060600000 - 0x0000000060e2a000 	C:\Program Files\Java\jdk1.8.0_05\jre\bin\server\jvm.dll
0x00007ff978260000 - 0x00007ff978268000 	C:\WINDOWS\system32\PSAPI.DLL
0x00007ff95a940000 - 0x00007ff95a949000 	C:\WINDOWS\SYSTEM32\WSOCK32.dll
0x00007ff978c70000 - 0x00007ff978cd9000 	C:\WINDOWS\system32\WS2_32.dll
0x00007ff9787e0000 - 0x00007ff9787e8000 	C:\WINDOWS\system32\NSI.dll
0x00007ff973ca0000 - 0x00007ff973cc3000 	C:\WINDOWS\SYSTEM32\WINMM.dll
0x00007ff973b10000 - 0x00007ff973b3c000 	C:\WINDOWS\SYSTEM32\WINMMBASE.dll
0x00007ff975c70000 - 0x00007ff975cb4000 	C:\WINDOWS\system32\cfgmgr32.dll
0x00007ff973ab0000 - 0x00007ff973ad7000 	C:\WINDOWS\SYSTEM32\DEVOBJ.dll
0x00000000605f0000 - 0x00000000605ff000 	C:\Program Files\Java\jdk1.8.0_05\jre\bin\verify.dll
0x00000000605c0000 - 0x00000000605e8000 	C:\Program Files\Java\jdk1.8.0_05\jre\bin\java.dll
0x00000000605a0000 - 0x00000000605b6000 	C:\Program Files\Java\jdk1.8.0_05\jre\bin\zip.dll
0x00007ff976a60000 - 0x00007ff977f82000 	C:\WINDOWS\system32\SHELL32.dll
0x00007ff975cc0000 - 0x00007ff9762e9000 	C:\WINDOWS\system32\windows.storage.dll
0x00007ff978850000 - 0x00007ff978acc000 	C:\WINDOWS\system32\combase.dll
0x00007ff978c10000 - 0x00007ff978c61000 	C:\WINDOWS\system32\shlwapi.dll
0x00007ff975900000 - 0x00007ff97590f000 	C:\WINDOWS\system32\kernel.appcore.dll
0x00007ff975bb0000 - 0x00007ff975c63000 	C:\WINDOWS\system32\shcore.dll
0x00007ff975930000 - 0x00007ff97597a000 	C:\WINDOWS\system32\powrprof.dll
0x00007ff9758e0000 - 0x00007ff9758f3000 	C:\WINDOWS\system32\profapi.dll
0x00007ff9723f0000 - 0x00007ff97257a000 	C:\WINDOWS\SYSTEM32\dbghelp.dll

VM Arguments:
jvm_args: -Xmx1024M -Dfile.encoding=windows-1252 -Duser.country=BR -Duser.language=pt -Duser.variant 
java_command: com.android.dx.command.Main --dex --num-threads=4 --output E:\GitHub\FitCook\app\build\intermediates\pre-dexed\debug\classes-0cd3fe62ab3eaf69c47eee490355ad8da7b99a08.jar E:\GitHub\FitCook\app\build\intermediates\exploded-aar\com.android.support\support-v4\22.2.1\jars\classes.jar
java_class_path (initial): C:\Program Files (x86)\Android\android-sdk\build-tools\23.0.0-preview\lib\dx.jar
Launcher Type: SUN_STANDARD

Environment Variables:
JAVA_HOME=C:\Program Files\Java\jdk1.8.0_05
PATH=C:\Program Files (x86)\Intel\iCLS Client\;C:\Program Files\Intel\iCLS Client\;C:\WINDOWS\system32;C:\WINDOWS;C:\WINDOWS\System32\Wbem;C:\WINDOWS\System32\WindowsPowerShell\v1.0\;C:\Program Files (x86)\Windows Live\Shared;C:\Program Files (x86)\Intel\OpenCL SDK\2.0\bin\x86;C:\Program Files (x86)\Intel\OpenCL SDK\2.0\bin\x64;C:\Program Files\Intel\Intel(R) Management Engine Components\DAL;C:\Program Files\Intel\Intel(R) Management Engine Components\IPT;C:\Program Files (x86)\Intel\Intel(R) Management Engine Components\DAL;C:\Program Files (x86)\Intel\Intel(R) Management Engine Components\IPT;C:\Program Files\Java\jdk1.8.0_05/bin;C:\Program Files (x86)\Android\android-sdk\platform-tools;C:\Program Files (x86)\Git\cmd;C:\Program Files (x86)\Skype\Phone\;C:\Program Files (x86)\Windows Kits\8.1\Windows Performance Toolkit\;C:\Program Files\Microsoft SQL Server\110\Tools\Binn\;C:\Program Files (x86)\Microsoft SDKs\TypeScript\1.0\;C:\Program Files\Microsoft SQL Server\120\Tools\Binn\;C:\Program Files (x86)\nodejs\;C:\Ruby21\bin;C:\Users\Aires\AppData\Roaming\npm
USERNAME=Aires
OS=Windows_NT
PROCESSOR_IDENTIFIER=Intel64 Family 6 Model 58 Stepping 9, GenuineIntel



---------------  S Y S T E M  ---------------

OS: Windows 8.1 , 64 bit Build 9600 

CPU:total 4 (2 cores per cpu, 2 threads per core) family 6 model 58 stepping 9, cmov, cx8, fxsr, mmx, sse, sse2, sse3, ssse3, sse4.1, sse4.2, popcnt, avx, clmul, erms, ht, tsc, tscinvbit

Memory: 4k page, physical 8282396k(1538316k free), swap 8282396k(5148k free)

vm_info: Java HotSpot(TM) 64-Bit Server VM (25.5-b02) for windows-amd64 JRE (1.8.0_05-b13), built on Mar 18 2014 01:08:39 by "java_re" with MS VC++ 10.0 (VS2010)

time: Mon Aug 17 19:11:10 2015
elapsed time: 4 seconds

