#
# There is insufficient memory for the Java Runtime Environment to continue.
# Native memory allocation (malloc) failed to allocate 761056 bytes for Chunk::new
# Possible reasons:
#   The system is out of physical RAM or swap space
#   In 32 bit mode, the process size limit was hit
# Possible solutions:
#   Reduce memory load on the system
#   Increase physical memory or swap space
#   Check if swap backing store is full
#   Use 64 bit Java on a 64 bit OS
#   Decrease Java heap size (-Xmx/-Xms)
#   Decrease number of Java threads
#   Decrease Java thread stack sizes (-Xss)
#   Set larger code cache with -XX:ReservedCodeCacheSize=
# This output file may be truncated or incomplete.
#
#  Out of Memory Error (allocation.cpp:388), pid=2800, tid=5708
#
# JRE version: Java(TM) SE Runtime Environment (8.0_05-b13) (build 1.8.0_05-b13)
# Java VM: Java HotSpot(TM) 64-Bit Server VM (25.5-b02 mixed mode windows-amd64 compressed oops)
# Failed to write core dump. Minidumps are not enabled by default on client versions of Windows
#

---------------  T H R E A D  ---------------

Current thread (0x000000001473c000):  JavaThread "C2 CompilerThread0" daemon [_thread_in_native, id=5708, stack(0x0000000015cc0000,0x0000000015dc0000)]

Stack: [0x0000000015cc0000,0x0000000015dc0000]
Native frames: (J=compiled Java code, j=interpreted, Vv=VM code, C=native code)
V  [jvm.dll+0x308dea]
V  [jvm.dll+0x25def1]
V  [jvm.dll+0x25eb0f]
V  [jvm.dll+0x2564e5]
V  [jvm.dll+0xbcfc5]
V  [jvm.dll+0xbd45c]
V  [jvm.dll+0x44d422]
V  [jvm.dll+0x48e13f]
V  [jvm.dll+0x4425d0]
V  [jvm.dll+0x44366b]
V  [jvm.dll+0x427532]
V  [jvm.dll+0x96702]
V  [jvm.dll+0x96ef3]
V  [jvm.dll+0x2232c4]
V  [jvm.dll+0x27baca]
C  [msvcr100.dll+0x21d9f]
C  [msvcr100.dll+0x21e3b]
C  [KERNEL32.DLL+0x12d92]
C  [ntdll.dll+0x9f64]


Current CompileTask:
C2:   3845 1126       4       com.android.dx.ssa.SCCP::simulateStmt (481 bytes)


---------------  P R O C E S S  ---------------

Java Threads: ( => current thread )
  0x0000000016341800 JavaThread "pool-1-thread-4" [_thread_blocked, id=7976, stack(0x00000000169c0000,0x0000000016ac0000)]
  0x0000000016340000 JavaThread "pool-1-thread-3" [_thread_in_vm, id=4224, stack(0x00000000168c0000,0x00000000169c0000)]
  0x000000001631e000 JavaThread "pool-1-thread-2" [_thread_blocked, id=4228, stack(0x00000000167c0000,0x00000000168c0000)]
  0x0000000016314800 JavaThread "pool-2-thread-1" [_thread_blocked, id=5024, stack(0x00000000166c0000,0x00000000167c0000)]
  0x0000000016312000 JavaThread "pool-1-thread-1" [_thread_blocked, id=2012, stack(0x00000000165c0000,0x00000000166c0000)]
  0x000000001479c800 JavaThread "Service Thread" daemon [_thread_blocked, id=4668, stack(0x0000000015fc0000,0x00000000160c0000)]
  0x0000000014793800 JavaThread "C1 CompilerThread2" daemon [_thread_blocked, id=7636, stack(0x0000000015ec0000,0x0000000015fc0000)]
  0x000000001478d800 JavaThread "C2 CompilerThread1" daemon [_thread_in_native, id=3552, stack(0x0000000015dc0000,0x0000000015ec0000)]
=>0x000000001473c000 JavaThread "C2 CompilerThread0" daemon [_thread_in_native, id=5708, stack(0x0000000015cc0000,0x0000000015dc0000)]
  0x000000001473a800 JavaThread "Attach Listener" daemon [_thread_blocked, id=6628, stack(0x0000000015bc0000,0x0000000015cc0000)]
  0x0000000014739800 JavaThread "Signal Dispatcher" daemon [_thread_blocked, id=5536, stack(0x0000000015ac0000,0x0000000015bc0000)]
  0x000000000205f800 JavaThread "Finalizer" daemon [_thread_blocked, id=3144, stack(0x00000000159c0000,0x0000000015ac0000)]
  0x0000000002059000 JavaThread "Reference Handler" daemon [_thread_blocked, id=5172, stack(0x00000000158c0000,0x00000000159c0000)]
  0x0000000001d6d800 JavaThread "main" [_thread_blocked, id=4032, stack(0x0000000001e70000,0x0000000001f70000)]

Other Threads:
  0x0000000014705000 VMThread [stack: 0x00000000157c0000,0x00000000158c0000] [id=2084]
  0x00000000160c1800 WatcherThread [stack: 0x00000000164c0000,0x00000000165c0000] [id=4440]

VM state:synchronizing (normal execution)

VM Mutex/Monitor currently owned by a thread:  ([mutex/lock_event])
[0x0000000001d6ccb0] Threads_lock - owner thread: 0x0000000014705000
[0x0000000001d6d0b0] Heap_lock - owner thread: 0x0000000016312000

Heap:
 PSYoungGen      total 7680K, used 7648K [0x00000000eab00000, 0x00000000eb580000, 0x0000000100000000)
  eden space 6144K, 100% used [0x00000000eab00000,0x00000000eb100000,0x00000000eb100000)
  from space 1536K, 97% used [0x00000000eb300000,0x00000000eb478018,0x00000000eb480000)
  to   space 2048K, 0% used [0x00000000eb100000,0x00000000eb100000,0x00000000eb300000)
 ParOldGen       total 129536K, used 1924K [0x00000000c0000000, 0x00000000c7e80000, 0x00000000eab00000)
  object space 129536K, 1% used [0x00000000c0000000,0x00000000c01e1378,0x00000000c7e80000)
 Metaspace       used 5628K, capacity 6768K, committed 7040K, reserved 1056768K
  class space    used 581K, capacity 616K, committed 640K, reserved 1048576K

Card table byte_map: [0x0000000011430000,0x0000000011640000] byte_map_base: 0x0000000010e30000

Marking Bits: (ParMarkBitMap*) 0x00000000765f13b0
 Begin Bits: [0x0000000011ba0000, 0x0000000012ba0000)
 End Bits:   [0x0000000012ba0000, 0x0000000013ba0000)

Polling page: 0x0000000000520000

CodeCache: size=245760Kb used=4563Kb max_used=4571Kb free=241196Kb
 bounds [0x0000000002070000, 0x00000000024f0000, 0x0000000011070000]
 total_blobs=1405 nmethods=1141 adapters=178
 compilation: enabled

Compilation events (10 events):
Event: 3.794 Thread 0x0000000014793800 nmethod 1139 0x00000000024db790 code [0x00000000024db960, 0x00000000024dc0e8]
Event: 3.794 Thread 0x0000000014793800 1140       3       com.android.dx.rop.cst.CstNat::getFieldType (11 bytes)
Event: 3.795 Thread 0x0000000014793800 nmethod 1140 0x00000000024e83d0 code [0x00000000024e8540, 0x00000000024e8768]
Event: 3.795 Thread 0x0000000014793800 1141       3       com.android.dx.cf.code.OneLocalsArray::getMaxLocals (6 bytes)
Event: 3.795 Thread 0x0000000014793800 nmethod 1141 0x00000000024e8090 code [0x00000000024e81e0, 0x00000000024e8330]
Event: 3.796 Thread 0x000000001478d800 1142       4       com.android.dx.util.IntList::binarysearch (124 bytes)
Event: 3.801 Thread 0x000000001478d800 nmethod 1142 0x00000000024e7c10 code [0x00000000024e7d60, 0x00000000024e7f18]
Event: 3.802 Thread 0x0000000014793800 1143       3       com.android.dx.ssa.PhiInsn::getOriginalRopInsn (2 bytes)
Event: 3.802 Thread 0x0000000014793800 nmethod 1143 0x00000000024e78d0 code [0x00000000024e7a20, 0x00000000024e7b70]
Event: 3.803 Thread 0x000000001478d800 1144       4       com.android.dx.ssa.SsaMethod::computeReachability (131 bytes)

GC Heap History (10 events):
Event: 0.976 GC heap before
{Heap before GC invocations=6 (full 0):
 PSYoungGen      total 1536K, used 1520K [0x00000000eab00000, 0x00000000eaf00000, 0x0000000100000000)
  eden space 1024K, 100% used [0x00000000eab00000,0x00000000eac00000,0x00000000eac00000)
  from space 512K, 96% used [0x00000000eac00000,0x00000000eac7c010,0x00000000eac80000)
  to   space 1024K, 0% used [0x00000000eae00000,0x00000000eae00000,0x00000000eaf00000)
 ParOldGen       total 129536K, used 797K [0x00000000c0000000, 0x00000000c7e80000, 0x00000000eab00000)
  object space 129536K, 0% used [0x00000000c0000000,0x00000000c00c75f0,0x00000000c7e80000)
 Metaspace       used 3891K, capacity 5232K, committed 5376K, reserved 1056768K
  class space    used 442K, capacity 488K, committed 512K, reserved 1048576K
Event: 0.978 GC heap after
Heap after GC invocations=6 (full 0):
 PSYoungGen      total 3072K, used 928K [0x00000000eab00000, 0x00000000eaf00000, 0x0000000100000000)
  eden space 2048K, 0% used [0x00000000eab00000,0x00000000eab00000,0x00000000ead00000)
  from space 1024K, 90% used [0x00000000eae00000,0x00000000eaee8000,0x00000000eaf00000)
  to   space 1024K, 0% used [0x00000000ead00000,0x00000000ead00000,0x00000000eae00000)
 ParOldGen       total 129536K, used 805K [0x00000000c0000000, 0x00000000c7e80000, 0x00000000eab00000)
  object space 129536K, 0% used [0x00000000c0000000,0x00000000c00c95f0,0x00000000c7e80000)
 Metaspace       used 3891K, capacity 5232K, committed 5376K, reserved 1056768K
  class space    used 442K, capacity 488K, committed 512K, reserved 1048576K
}
Event: 1.121 GC heap before
{Heap before GC invocations=7 (full 0):
 PSYoungGen      total 3072K, used 2976K [0x00000000eab00000, 0x00000000eaf00000, 0x0000000100000000)
  eden space 2048K, 100% used [0x00000000eab00000,0x00000000ead00000,0x00000000ead00000)
  from space 1024K, 90% used [0x00000000eae00000,0x00000000eaee8000,0x00000000eaf00000)
  to   space 1024K, 0% used [0x00000000ead00000,0x00000000ead00000,0x00000000eae00000)
 ParOldGen       total 129536K, used 805K [0x00000000c0000000, 0x00000000c7e80000, 0x00000000eab00000)
  object space 129536K, 0% used [0x00000000c0000000,0x00000000c00c95f0,0x00000000c7e80000)
 Metaspace       used 4508K, capacity 5808K, committed 6016K, reserved 1056768K
  class space    used 499K, capacity 552K, committed 640K, reserved 1048576K
Event: 1.211 GC heap after
Heap after GC invocations=7 (full 0):
 PSYoungGen      total 3072K, used 1001K [0x00000000eab00000, 0x00000000eb200000, 0x0000000100000000)
  eden space 2048K, 0% used [0x00000000eab00000,0x00000000eab00000,0x00000000ead00000)
  from space 1024K, 97% used [0x00000000ead00000,0x00000000eadfa778,0x00000000eae00000)
  to   space 1536K, 0% used [0x00000000eb080000,0x00000000eb080000,0x00000000eb200000)
 ParOldGen       total 129536K, used 1163K [0x00000000c0000000, 0x00000000c7e80000, 0x00000000eab00000)
  object space 129536K, 0% used [0x00000000c0000000,0x00000000c0122fd8,0x00000000c7e80000)
 Metaspace       used 4508K, capacity 5808K, committed 6016K, reserved 1056768K
  class space    used 499K, capacity 552K, committed 640K, reserved 1048576K
}
Event: 1.488 GC heap before
{Heap before GC invocations=8 (full 0):
 PSYoungGen      total 3072K, used 2809K [0x00000000eab00000, 0x00000000eb200000, 0x0000000100000000)
  eden space 2048K, 88% used [0x00000000eab00000,0x00000000eacc3d30,0x00000000ead00000)
  from space 1024K, 97% used [0x00000000ead00000,0x00000000eadfa778,0x00000000eae00000)
  to   space 1536K, 0% used [0x00000000eb080000,0x00000000eb080000,0x00000000eb200000)
 ParOldGen       total 129536K, used 1163K [0x00000000c0000000, 0x00000000c7e80000, 0x00000000eab00000)
  object space 129536K, 0% used [0x00000000c0000000,0x00000000c0122fd8,0x00000000c7e80000)
 Metaspace       used 5041K, capacity 6320K, committed 6528K, reserved 1056768K
  class space    used 564K, capacity 616K, committed 640K, reserved 1048576K
Event: 1.681 GC heap after
Heap after GC invocations=8 (full 0):
 PSYoungGen      total 5632K, used 1028K [0x00000000eab00000, 0x00000000eb200000, 0x0000000100000000)
  eden space 4096K, 0% used [0x00000000eab00000,0x00000000eab00000,0x00000000eaf00000)
  from space 1536K, 66% used [0x00000000eb080000,0x00000000eb181020,0x00000000eb200000)
  to   space 1536K, 0% used [0x00000000eaf00000,0x00000000eaf00000,0x00000000eb080000)
 ParOldGen       total 129536K, used 1235K [0x00000000c0000000, 0x00000000c7e80000, 0x00000000eab00000)
  object space 129536K, 0% used [0x00000000c0000000,0x00000000c0134fe8,0x00000000c7e80000)
 Metaspace       used 5041K, capacity 6320K, committed 6528K, reserved 1056768K
  class space    used 564K, capacity 616K, committed 640K, reserved 1048576K
}
Event: 2.227 GC heap before
{Heap before GC invocations=9 (full 0):
 PSYoungGen      total 5632K, used 5124K [0x00000000eab00000, 0x00000000eb200000, 0x0000000100000000)
  eden space 4096K, 100% used [0x00000000eab00000,0x00000000eaf00000,0x00000000eaf00000)
  from space 1536K, 66% used [0x00000000eb080000,0x00000000eb181020,0x00000000eb200000)
  to   space 1536K, 0% used [0x00000000eaf00000,0x00000000eaf00000,0x00000000eb080000)
 ParOldGen       total 129536K, used 1235K [0x00000000c0000000, 0x00000000c7e80000, 0x00000000eab00000)
  object space 129536K, 0% used [0x00000000c0000000,0x00000000c0134fe8,0x00000000c7e80000)
 Metaspace       used 5414K, capacity 6640K, committed 6784K, reserved 1056768K
  class space    used 578K, capacity 616K, committed 640K, reserved 1048576K
Event: 2.231 GC heap after
Heap after GC invocations=9 (full 0):
 PSYoungGen      total 5632K, used 1408K [0x00000000eab00000, 0x00000000eb480000, 0x0000000100000000)
  eden space 4096K, 0% used [0x00000000eab00000,0x00000000eab00000,0x00000000eaf00000)
  from space 1536K, 91% used [0x00000000eaf00000,0x00000000eb060018,0x00000000eb080000)
  to   space 1536K, 0% used [0x00000000eb300000,0x00000000eb300000,0x00000000eb480000)
 ParOldGen       total 129536K, used 1539K [0x00000000c0000000, 0x00000000c7e80000, 0x00000000eab00000)
  object space 129536K, 1% used [0x00000000c0000000,0x00000000c0180e58,0x00000000c7e80000)
 Metaspace       used 5414K, capacity 6640K, committed 6784K, reserved 1056768K
  class space    used 578K, capacity 616K, committed 640K, reserved 1048576K
}
Event: 3.028 GC heap before
{Heap before GC invocations=10 (full 0):
 PSYoungGen      total 5632K, used 5504K [0x00000000eab00000, 0x00000000eb480000, 0x0000000100000000)
  eden space 4096K, 100% used [0x00000000eab00000,0x00000000eaf00000,0x00000000eaf00000)
  from space 1536K, 91% used [0x00000000eaf00000,0x00000000eb060018,0x00000000eb080000)
  to   space 1536K, 0% used [0x00000000eb300000,0x00000000eb300000,0x00000000eb480000)
 ParOldGen       total 129536K, used 1539K [0x00000000c0000000, 0x00000000c7e80000, 0x00000000eab00000)
  object space 129536K, 1% used [0x00000000c0000000,0x00000000c0180e58,0x00000000c7e80000)
 Metaspace       used 5535K, capacity 6704K, committed 6784K, reserved 1056768K
  class space    used 581K, capacity 616K, committed 640K, reserved 1048576K
Event: 3.168 GC heap after
Heap after GC invocations=10 (full 0):
 PSYoungGen      total 7680K, used 1504K [0x00000000eab00000, 0x00000000eb580000, 0x0000000100000000)
  eden space 6144K, 0% used [0x00000000eab00000,0x00000000eab00000,0x00000000eb100000)
  from space 1536K, 97% used [0x00000000eb300000,0x00000000eb478018,0x00000000eb480000)
  to   space 2048K, 0% used [0x00000000eb100000,0x00000000eb100000,0x00000000eb300000)
 ParOldGen       total 129536K, used 1924K [0x00000000c0000000, 0x00000000c7e80000, 0x00000000eab00000)
  object space 129536K, 1% used [0x00000000c0000000,0x00000000c01e1378,0x00000000c7e80000)
 Metaspace       used 5535K, capacity 6704K, committed 6784K, reserved 1056768K
  class space    used 581K, capacity 616K, committed 640K, reserved 1048576K
}

Deoptimization events (5 events):
Event: 2.222 Thread 0x0000000001d6d800 Uncommon trap: reason=class_check action=maybe_recompile pc=0x00000000022e9b30 method=com.android.dx.ssa.NormalSsaInsn.accept(Lcom/android/dx/ssa/SsaInsn$Visitor;)V @ 9
Event: 2.233 Thread 0x0000000016312000 Uncommon trap: reason=class_check action=maybe_recompile pc=0x00000000022e9b30 method=com.android.dx.ssa.NormalSsaInsn.accept(Lcom/android/dx/ssa/SsaInsn$Visitor;)V @ 9
Event: 2.233 Thread 0x0000000016312000 Uncommon trap: reason=class_check action=maybe_recompile pc=0x00000000022e9b30 method=com.android.dx.ssa.NormalSsaInsn.accept(Lcom/android/dx/ssa/SsaInsn$Visitor;)V @ 9
Event: 2.268 Thread 0x0000000016341800 Uncommon trap: reason=class_check action=maybe_recompile pc=0x00000000022e9b30 method=com.android.dx.ssa.NormalSsaInsn.accept(Lcom/android/dx/ssa/SsaInsn$Visitor;)V @ 9
Event: 2.779 Thread 0x0000000001d6d800 Uncommon trap: reason=null_check action=make_not_entrant pc=0x0000000002376420 method=com.android.dx.ssa.SsaRenamer.getLocalForNewReg(I)Lcom/android/dx/rop/code/LocalItem; @ 19

Internal exceptions (10 events):
Event: 1.746 Thread 0x0000000016341800 Exception <a 'java/security/PrivilegedActionException'> (0x00000000eac112f0) thrown at [D:\re\workspace\8-2-build-windows-amd64-cygwin\jdk8u5\2488\hotspot\src\share\vm\prims\jvm.cpp, line 1248]
Event: 1.748 Thread 0x0000000016341800 Exception <a 'java/security/PrivilegedActionException'> (0x00000000eac1be18) thrown at [D:\re\workspace\8-2-build-windows-amd64-cygwin\jdk8u5\2488\hotspot\src\share\vm\prims\jvm.cpp, line 1248]
Event: 2.181 Thread 0x0000000016312000 Exception <a 'java/security/PrivilegedActionException'> (0x00000000eadab940) thrown at [D:\re\workspace\8-2-build-windows-amd64-cygwin\jdk8u5\2488\hotspot\src\share\vm\prims\jvm.cpp, line 1248]
Event: 2.193 Thread 0x0000000016340000 Exception <a 'java/security/PrivilegedActionException'> (0x00000000eade03b0) thrown at [D:\re\workspace\8-2-build-windows-amd64-cygwin\jdk8u5\2488\hotspot\src\share\vm\prims\jvm.cpp, line 1248]
Event: 2.194 Thread 0x0000000016340000 Exception <a 'java/security/PrivilegedActionException'> (0x00000000eade26a0) thrown at [D:\re\workspace\8-2-build-windows-amd64-cygwin\jdk8u5\2488\hotspot\src\share\vm\prims\jvm.cpp, line 1248]
Event: 2.205 Thread 0x0000000016340000 Exception <a 'java/security/PrivilegedActionException'> (0x00000000eae103b0) thrown at [D:\re\workspace\8-2-build-windows-amd64-cygwin\jdk8u5\2488\hotspot\src\share\vm\prims\jvm.cpp, line 1248]
Event: 2.745 Thread 0x0000000016341800 Exception <a 'java/security/PrivilegedActionException'> (0x00000000eacc56d0) thrown at [D:\re\workspace\8-2-build-windows-amd64-cygwin\jdk8u5\2488\hotspot\src\share\vm\prims\jvm.cpp, line 1248]
Event: 2.766 Thread 0x0000000001d6d800 Exception <a 'java/security/PrivilegedActionException'> (0x00000000ead210c0) thrown at [D:\re\workspace\8-2-build-windows-amd64-cygwin\jdk8u5\2488\hotspot\src\share\vm\prims\jvm.cpp, line 1248]
Event: 2.779 Thread 0x0000000001d6d800 Implicit null exception at 0x00000000023740e4 to 0x00000000023763f9
Event: 2.838 Thread 0x0000000016340000 Exception <a 'java/security/PrivilegedActionException'> (0x00000000eae57518) thrown at [D:\re\workspace\8-2-build-windows-amd64-cygwin\jdk8u5\2488\hotspot\src\share\vm\prims\jvm.cpp, line 1248]

Events (10 events):
Event: 2.748 loading class java/util/ArrayList$1 done
Event: 2.765 loading class com/android/dx/cf/code/BytecodeArray$ConstantParserVisitor
Event: 2.765 loading class com/android/dx/cf/code/BytecodeArray$ConstantParserVisitor done
Event: 2.779 Thread 0x0000000001d6d800 Uncommon trap: trap_request=0xfffffff4 fr.pc=0x0000000002376420
Event: 2.779 Thread 0x0000000001d6d800 DEOPT PACKING pc=0x0000000002376420 sp=0x0000000001f6dfa0
Event: 2.779 Thread 0x0000000001d6d800 DEOPT UNPACKING pc=0x00000000020b55af sp=0x0000000001f6ddd8 mode 2
Event: 2.838 loading class com/android/dx/rop/code/RegOps
Event: 2.838 loading class com/android/dx/rop/code/RegOps done
Event: 2.869 Executing VM operation: ParallelGCFailedAllocation
Event: 3.168 Executing VM operation: ParallelGCFailedAllocation done


Dynamic libraries:
0x00007ff793670000 - 0x00007ff7936a4000 	C:\Program Files\Java\jdk1.8.0_05\bin\java.exe
0x00007fff8a4a0000 - 0x00007fff8a661000 	C:\WINDOWS\SYSTEM32\ntdll.dll
0x00007fff87bd0000 - 0x00007fff87c7d000 	C:\WINDOWS\system32\KERNEL32.DLL
0x00007fff86f70000 - 0x00007fff8714d000 	C:\WINDOWS\system32\KERNELBASE.dll
0x00007fff894f0000 - 0x00007fff89596000 	C:\WINDOWS\system32\ADVAPI32.dll
0x00007fff8a310000 - 0x00007fff8a3ad000 	C:\WINDOWS\system32\msvcrt.dll
0x00007fff87b70000 - 0x00007fff87bcb000 	C:\WINDOWS\system32\sechost.dll
0x00007fff898b0000 - 0x00007fff899d6000 	C:\WINDOWS\system32\RPCRT4.dll
0x00007fff89b30000 - 0x00007fff89c7e000 	C:\WINDOWS\system32\USER32.dll
0x00007fff892a0000 - 0x00007fff89426000 	C:\WINDOWS\system32\GDI32.dll
0x00007fff7cbd0000 - 0x00007fff7ce44000 	C:\WINDOWS\WinSxS\amd64_microsoft.windows.common-controls_6595b64144ccf1df_6.0.10240.16384_none_f41f7b285750ef43\COMCTL32.dll
0x00007fff87c80000 - 0x00007fff87cb6000 	C:\WINDOWS\system32\IMM32.DLL
0x00007fff895a0000 - 0x00007fff896fc000 	C:\WINDOWS\system32\MSCTF.dll
0x00000000759c0000 - 0x0000000075a92000 	C:\Program Files\Java\jdk1.8.0_05\jre\bin\msvcr100.dll
0x0000000075e40000 - 0x000000007666a000 	C:\Program Files\Java\jdk1.8.0_05\jre\bin\server\jvm.dll
0x00007fff8a3b0000 - 0x00007fff8a3b8000 	C:\WINDOWS\system32\PSAPI.DLL
0x00007fff83e20000 - 0x00007fff83e29000 	C:\WINDOWS\SYSTEM32\WSOCK32.dll
0x00007fff89eb0000 - 0x00007fff89f19000 	C:\WINDOWS\system32\WS2_32.dll
0x00007fff8a3c0000 - 0x00007fff8a3c8000 	C:\WINDOWS\system32\NSI.dll
0x00007fff85250000 - 0x00007fff85273000 	C:\WINDOWS\SYSTEM32\WINMM.dll
0x00007fff85220000 - 0x00007fff8524c000 	C:\WINDOWS\SYSTEM32\WINMMBASE.dll
0x00007fff87150000 - 0x00007fff87194000 	C:\WINDOWS\system32\cfgmgr32.dll
0x00007fff851c0000 - 0x00007fff851e7000 	C:\WINDOWS\SYSTEM32\DEVOBJ.dll
0x0000000075e30000 - 0x0000000075e3f000 	C:\Program Files\Java\jdk1.8.0_05\jre\bin\verify.dll
0x0000000075e00000 - 0x0000000075e28000 	C:\Program Files\Java\jdk1.8.0_05\jre\bin\java.dll
0x0000000075de0000 - 0x0000000075df6000 	C:\Program Files\Java\jdk1.8.0_05\jre\bin\zip.dll
0x00007fff87d70000 - 0x00007fff89291000 	C:\WINDOWS\system32\SHELL32.dll
0x00007fff87420000 - 0x00007fff87a49000 	C:\WINDOWS\system32\windows.storage.dll
0x00007fff8a070000 - 0x00007fff8a2ec000 	C:\WINDOWS\system32\combase.dll
0x00007fff8a3e0000 - 0x00007fff8a431000 	C:\WINDOWS\system32\shlwapi.dll
0x00007fff86ed0000 - 0x00007fff86edf000 	C:\WINDOWS\system32\kernel.appcore.dll
0x00007fff87a50000 - 0x00007fff87b03000 	C:\WINDOWS\system32\shcore.dll
0x00007fff86f20000 - 0x00007fff86f6a000 	C:\WINDOWS\system32\powrprof.dll
0x00007fff86f00000 - 0x00007fff86f13000 	C:\WINDOWS\system32\profapi.dll
0x00007fff76f50000 - 0x00007fff770da000 	C:\WINDOWS\SYSTEM32\dbghelp.dll

VM Arguments:
jvm_args: -Xmx1024M -Dfile.encoding=windows-1252 -Duser.country=BR -Duser.language=pt -Duser.variant 
java_command: com.android.dx.command.Main --dex --num-threads=4 --output E:\GitHub\FitCook\app\build\intermediates\pre-dexed\debug\classes-b5e302e7187572883f1bee1987602873fd17b0f9.jar E:\GitHub\FitCook\app\build\intermediates\exploded-aar\com.android.support\design\22.2.1\jars\classes.jar
java_class_path (initial): C:\Program Files (x86)\Android\android-sdk\build-tools\23.0.0_rc2\lib\dx.jar
Launcher Type: SUN_STANDARD

Environment Variables:
JAVA_HOME=C:\Program Files\Java\jdk1.8.0_05
PATH=C:\Program Files (x86)\Intel\iCLS Client\;C:\Program Files\Intel\iCLS Client\;C:\WINDOWS\system32;C:\WINDOWS;C:\WINDOWS\System32\Wbem;C:\WINDOWS\System32\WindowsPowerShell\v1.0\;C:\Program Files (x86)\Windows Live\Shared;C:\Program Files (x86)\Intel\OpenCL SDK\2.0\bin\x86;C:\Program Files (x86)\Intel\OpenCL SDK\2.0\bin\x64;C:\Program Files\Intel\Intel(R) Management Engine Components\DAL;C:\Program Files\Intel\Intel(R) Management Engine Components\IPT;C:\Program Files (x86)\Intel\Intel(R) Management Engine Components\DAL;C:\Program Files (x86)\Intel\Intel(R) Management Engine Components\IPT;C:\Program Files\Java\jdk1.8.0_05/bin;C:\Program Files (x86)\Android\android-sdk\platform-tools;C:\Program Files (x86)\Git\cmd;C:\Program Files (x86)\Skype\Phone\;C:\Program Files (x86)\Windows Kits\8.1\Windows Performance Toolkit\;C:\Program Files\Microsoft SQL Server\110\Tools\Binn\;C:\Program Files (x86)\Microsoft SDKs\TypeScript\1.0\;C:\Program Files\Microsoft SQL Server\120\Tools\Binn\;C:\Program Files (x86)\nodejs\;C:\Ruby21\bin;C:\Users\Aires\AppData\Roaming\npm
USERNAME=Aires
OS=Windows_NT
PROCESSOR_IDENTIFIER=Intel64 Family 6 Model 58 Stepping 9, GenuineIntel



---------------  S Y S T E M  ---------------

OS: Windows 8.1 , 64 bit Build 9600 

CPU:total 4 (2 cores per cpu, 2 threads per core) family 6 model 58 stepping 9, cmov, cx8, fxsr, mmx, sse, sse2, sse3, ssse3, sse4.1, sse4.2, popcnt, avx, clmul, erms, ht, tsc, tscinvbit

Memory: 4k page, physical 8282396k(1536076k free), swap 8282396k(4308k free)

vm_info: Java HotSpot(TM) 64-Bit Server VM (25.5-b02) for windows-amd64 JRE (1.8.0_05-b13), built on Mar 18 2014 01:08:39 by "java_re" with MS VC++ 10.0 (VS2010)

time: Tue Aug 11 18:24:38 2015
elapsed time: 3 seconds

