#
# There is insufficient memory for the Java Runtime Environment to continue.
# Native memory allocation (malloc) failed to allocate 85664 bytes for Chunk::new
# Possible reasons:
#   The system is out of physical RAM or swap space
#   In 32 bit mode, the process size limit was hit
# Possible solutions:
#   Reduce memory load on the system
#   Increase physical memory or swap space
#   Check if swap backing store is full
#   Use 64 bit Java on a 64 bit OS
#   Decrease Java heap size (-Xmx/-Xms)
#   Decrease number of Java threads
#   Decrease Java thread stack sizes (-Xss)
#   Set larger code cache with -XX:ReservedCodeCacheSize=
# This output file may be truncated or incomplete.
#
#  Out of Memory Error (allocation.cpp:388), pid=5412, tid=6056
#
# JRE version: Java(TM) SE Runtime Environment (8.0_05-b13) (build 1.8.0_05-b13)
# Java VM: Java HotSpot(TM) 64-Bit Server VM (25.5-b02 mixed mode windows-amd64 compressed oops)
# Failed to write core dump. Minidumps are not enabled by default on client versions of Windows
#

---------------  T H R E A D  ---------------

Current thread (0x000000001478d800):  JavaThread "C2 CompilerThread1" daemon [_thread_in_native, id=6056, stack(0x0000000015d90000,0x0000000015e90000)]

Stack: [0x0000000015d90000,0x0000000015e90000]
Native frames: (J=compiled Java code, j=interpreted, Vv=VM code, C=native code)
V  [jvm.dll+0x308dea]


Current CompileTask:
C2:   4135 1060       4       com.android.dx.dex.code.OutputFinisher::addConstants (93 bytes)


---------------  P R O C E S S  ---------------

Java Threads: ( => current thread )
  0x000000001479c800 JavaThread "Service Thread" daemon [_thread_blocked, id=8376, stack(0x0000000015f90000,0x0000000016090000)]
  0x0000000014793800 JavaThread "C1 CompilerThread2" daemon [_thread_blocked, id=4952, stack(0x0000000015e90000,0x0000000015f90000)]
=>0x000000001478d800 JavaThread "C2 CompilerThread1" daemon [_thread_in_native, id=6056, stack(0x0000000015d90000,0x0000000015e90000)]
  0x000000001473c000 JavaThread "C2 CompilerThread0" daemon [_thread_blocked, id=7516, stack(0x0000000015c90000,0x0000000015d90000)]
  0x000000001473a800 JavaThread "Attach Listener" daemon [_thread_blocked, id=4716, stack(0x0000000015b90000,0x0000000015c90000)]
  0x0000000014739800 JavaThread "Signal Dispatcher" daemon [_thread_blocked, id=6124, stack(0x0000000015a90000,0x0000000015b90000)]
  0x0000000002065000 JavaThread "Finalizer" daemon [_thread_blocked, id=8312, stack(0x0000000015990000,0x0000000015a90000)]
  0x0000000002059000 JavaThread "Reference Handler" daemon [_thread_blocked, id=7104, stack(0x0000000015890000,0x0000000015990000)]
  0x0000000001f6d800 JavaThread "main" [_thread_in_vm, id=7880, stack(0x0000000001da0000,0x0000000001ea0000)]

Other Threads:
  0x0000000014705000 VMThread [stack: 0x0000000015790000,0x0000000015890000] [id=7776]
  0x0000000016090800 WatcherThread [stack: 0x0000000016490000,0x0000000016590000] [id=6160]

VM state:not at safepoint (normal execution)

VM Mutex/Monitor currently owned by a thread: None

Heap:
 PSYoungGen      total 10240K, used 3649K [0x00000000eab00000, 0x00000000eb700000, 0x0000000100000000)
  eden space 8192K, 22% used [0x00000000eab00000,0x00000000eacd1078,0x00000000eb300000)
  from space 2048K, 87% used [0x00000000eb500000,0x00000000eb6bf630,0x00000000eb700000)
  to   space 2048K, 0% used [0x00000000eb300000,0x00000000eb300000,0x00000000eb500000)
 ParOldGen       total 129536K, used 1771K [0x00000000c0000000, 0x00000000c7e80000, 0x00000000eab00000)
  object space 129536K, 1% used [0x00000000c0000000,0x00000000c01bacc8,0x00000000c7e80000)
 Metaspace       used 5567K, capacity 6768K, committed 7040K, reserved 1056768K
  class space    used 583K, capacity 616K, committed 640K, reserved 1048576K

Card table byte_map: [0x0000000011430000,0x0000000011640000] byte_map_base: 0x0000000010e30000

Marking Bits: (ParMarkBitMap*) 0x0000000060db13b0
 Begin Bits: [0x0000000011ba0000, 0x0000000012ba0000)
 End Bits:   [0x0000000012ba0000, 0x0000000013ba0000)

Polling page: 0x0000000001d60000

CodeCache: size=245760Kb used=4114Kb max_used=4114Kb free=241645Kb
 bounds [0x0000000002070000, 0x0000000002480000, 0x0000000011070000]
 total_blobs=1342 nmethods=1078 adapters=178
 compilation: enabled

Compilation events (10 events):
Event: 4.111 Thread 0x0000000014793800 1075       1       com.android.dx.dex.file.DexFile::getStringData (5 bytes)
Event: 4.111 Thread 0x0000000014793800 nmethod 1075 0x0000000002471110 code [0x0000000002471260, 0x0000000002471370]
Event: 4.112 Thread 0x0000000014793800 1076       3       com.android.dx.dex.file.StringIdItem::addContents (36 bytes)
Event: 4.113 Thread 0x0000000014793800 nmethod 1076 0x0000000002477450 code [0x0000000002477620, 0x0000000002477f18]
Event: 4.113 Thread 0x0000000014793800 1077       3       com.android.dx.dex.file.StringDataItem::<init> (15 bytes)
Event: 4.113 Thread 0x0000000014793800 nmethod 1077 0x00000000024743d0 code [0x0000000002474580, 0x0000000002474be8]
Event: 4.113 Thread 0x0000000014793800 1078       3       com.android.dx.rop.cst.CstString::getUtf8Size (8 bytes)
Event: 4.114 Thread 0x0000000014793800 nmethod 1078 0x0000000002471a90 code [0x0000000002471be0, 0x0000000002471dd0]
Event: 4.114 Thread 0x0000000014793800 1079       3       com.android.dx.dex.file.CodeItem::itemType (4 bytes)
Event: 4.114 Thread 0x0000000014793800 nmethod 1079 0x000000000246fc50 code [0x000000000246fda0, 0x000000000246fef0]

GC Heap History (10 events):
Event: 2.549 GC heap before
{Heap before GC invocations=4 (full 0):
 PSYoungGen      total 1536K, used 1511K [0x00000000eab00000, 0x00000000eae00000, 0x0000000100000000)
  eden space 1024K, 100% used [0x00000000eab00000,0x00000000eac00000,0x00000000eac00000)
  from space 512K, 95% used [0x00000000eac00000,0x00000000eac79c50,0x00000000eac80000)
  to   space 512K, 0% used [0x00000000ead80000,0x00000000ead80000,0x00000000eae00000)
 ParOldGen       total 129536K, used 457K [0x00000000c0000000, 0x00000000c7e80000, 0x00000000eab00000)
  object space 129536K, 0% used [0x00000000c0000000,0x00000000c00727e0,0x00000000c7e80000)
 Metaspace       used 3660K, capacity 5104K, committed 5376K, reserved 1056768K
  class space    used 418K, capacity 488K, committed 512K, reserved 1048576K
Event: 2.551 GC heap after
Heap after GC invocations=4 (full 0):
 PSYoungGen      total 2560K, used 490K [0x00000000eab00000, 0x00000000eae00000, 0x0000000100000000)
  eden space 2048K, 0% used [0x00000000eab00000,0x00000000eab00000,0x00000000ead00000)
  from space 512K, 95% used [0x00000000ead80000,0x00000000eadfaa90,0x00000000eae00000)
  to   space 512K, 0% used [0x00000000ead00000,0x00000000ead00000,0x00000000ead80000)
 ParOldGen       total 129536K, used 817K [0x00000000c0000000, 0x00000000c7e80000, 0x00000000eab00000)
  object space 129536K, 0% used [0x00000000c0000000,0x00000000c00cc748,0x00000000c7e80000)
 Metaspace       used 3660K, capacity 5104K, committed 5376K, reserved 1056768K
  class space    used 418K, capacity 488K, committed 512K, reserved 1048576K
}
Event: 2.649 GC heap before
{Heap before GC invocations=5 (full 0):
 PSYoungGen      total 2560K, used 2516K [0x00000000eab00000, 0x00000000eae00000, 0x0000000100000000)
  eden space 2048K, 98% used [0x00000000eab00000,0x00000000eacfa950,0x00000000ead00000)
  from space 512K, 95% used [0x00000000ead80000,0x00000000eadfaa90,0x00000000eae00000)
  to   space 512K, 0% used [0x00000000ead00000,0x00000000ead00000,0x00000000ead80000)
 ParOldGen       total 129536K, used 817K [0x00000000c0000000, 0x00000000c7e80000, 0x00000000eab00000)
  object space 129536K, 0% used [0x00000000c0000000,0x00000000c00cc748,0x00000000c7e80000)
 Metaspace       used 4205K, capacity 5584K, committed 5760K, reserved 1056768K
  class space    used 475K, capacity 520K, committed 640K, reserved 1048576K
Event: 2.662 GC heap after
Heap after GC invocations=5 (full 0):
 PSYoungGen      total 2560K, used 512K [0x00000000eab00000, 0x00000000eb200000, 0x0000000100000000)
  eden space 2048K, 0% used [0x00000000eab00000,0x00000000eab00000,0x00000000ead00000)
  from space 512K, 100% used [0x00000000ead00000,0x00000000ead80000,0x00000000ead80000)
  to   space 1536K, 0% used [0x00000000eb080000,0x00000000eb080000,0x00000000eb200000)
 ParOldGen       total 129536K, used 1418K [0x00000000c0000000, 0x00000000c7e80000, 0x00000000eab00000)
  object space 129536K, 1% used [0x00000000c0000000,0x00000000c01629f8,0x00000000c7e80000)
 Metaspace       used 4205K, capacity 5584K, committed 5760K, reserved 1056768K
  class space    used 475K, capacity 520K, committed 640K, reserved 1048576K
}
Event: 2.837 GC heap before
{Heap before GC invocations=6 (full 0):
 PSYoungGen      total 2560K, used 2560K [0x00000000eab00000, 0x00000000eb200000, 0x0000000100000000)
  eden space 2048K, 100% used [0x00000000eab00000,0x00000000ead00000,0x00000000ead00000)
  from space 512K, 100% used [0x00000000ead00000,0x00000000ead80000,0x00000000ead80000)
  to   space 1536K, 0% used [0x00000000eb080000,0x00000000eb080000,0x00000000eb200000)
 ParOldGen       total 129536K, used 1418K [0x00000000c0000000, 0x00000000c7e80000, 0x00000000eab00000)
  object space 129536K, 1% used [0x00000000c0000000,0x00000000c01629f8,0x00000000c7e80000)
 Metaspace       used 4815K, capacity 6096K, committed 6272K, reserved 1056768K
  class space    used 540K, capacity 584K, committed 640K, reserved 1048576K
Event: 2.884 GC heap after
Heap after GC invocations=6 (full 0):
 PSYoungGen      total 5632K, used 1133K [0x00000000eab00000, 0x00000000eb200000, 0x0000000100000000)
  eden space 4096K, 0% used [0x00000000eab00000,0x00000000eab00000,0x00000000eaf00000)
  from space 1536K, 73% used [0x00000000eb080000,0x00000000eb19b628,0x00000000eb200000)
  to   space 1536K, 0% used [0x00000000eaf00000,0x00000000eaf00000,0x00000000eb080000)
 ParOldGen       total 129536K, used 1418K [0x00000000c0000000, 0x00000000c7e80000, 0x00000000eab00000)
  object space 129536K, 1% used [0x00000000c0000000,0x00000000c01629f8,0x00000000c7e80000)
 Metaspace       used 4815K, capacity 6096K, committed 6272K, reserved 1056768K
  class space    used 540K, capacity 584K, committed 640K, reserved 1048576K
}
Event: 3.185 GC heap before
{Heap before GC invocations=7 (full 0):
 PSYoungGen      total 5632K, used 5229K [0x00000000eab00000, 0x00000000eb200000, 0x0000000100000000)
  eden space 4096K, 100% used [0x00000000eab00000,0x00000000eaf00000,0x00000000eaf00000)
  from space 1536K, 73% used [0x00000000eb080000,0x00000000eb19b628,0x00000000eb200000)
  to   space 1536K, 0% used [0x00000000eaf00000,0x00000000eaf00000,0x00000000eb080000)
 ParOldGen       total 129536K, used 1418K [0x00000000c0000000, 0x00000000c7e80000, 0x00000000eab00000)
  object space 129536K, 1% used [0x00000000c0000000,0x00000000c01629f8,0x00000000c7e80000)
 Metaspace       used 5362K, capacity 6576K, committed 6784K, reserved 1056768K
  class space    used 575K, capacity 616K, committed 640K, reserved 1048576K
Event: 3.213 GC heap after
Heap after GC invocations=7 (full 0):
 PSYoungGen      total 5632K, used 1533K [0x00000000eab00000, 0x00000000eb700000, 0x0000000100000000)
  eden space 4096K, 0% used [0x00000000eab00000,0x00000000eab00000,0x00000000eaf00000)
  from space 1536K, 99% used [0x00000000eaf00000,0x00000000eb07f630,0x00000000eb080000)
  to   space 2048K, 0% used [0x00000000eb500000,0x00000000eb500000,0x00000000eb700000)
 ParOldGen       total 129536K, used 1570K [0x00000000c0000000, 0x00000000c7e80000, 0x00000000eab00000)
  object space 129536K, 1% used [0x00000000c0000000,0x00000000c0188a18,0x00000000c7e80000)
 Metaspace       used 5362K, capacity 6576K, committed 6784K, reserved 1056768K
  class space    used 575K, capacity 616K, committed 640K, reserved 1048576K
}
Event: 3.849 GC heap before
{Heap before GC invocations=8 (full 0):
 PSYoungGen      total 5632K, used 5629K [0x00000000eab00000, 0x00000000eb700000, 0x0000000100000000)
  eden space 4096K, 100% used [0x00000000eab00000,0x00000000eaf00000,0x00000000eaf00000)
  from space 1536K, 99% used [0x00000000eaf00000,0x00000000eb07f630,0x00000000eb080000)
  to   space 2048K, 0% used [0x00000000eb500000,0x00000000eb500000,0x00000000eb700000)
 ParOldGen       total 129536K, used 1570K [0x00000000c0000000, 0x00000000c7e80000, 0x00000000eab00000)
  object space 129536K, 1% used [0x00000000c0000000,0x00000000c0188a18,0x00000000c7e80000)
 Metaspace       used 5467K, capacity 6704K, committed 6784K, reserved 1056768K
  class space    used 576K, capacity 616K, committed 640K, reserved 1048576K
Event: 3.942 GC heap after
Heap after GC invocations=8 (full 0):
 PSYoungGen      total 10240K, used 1789K [0x00000000eab00000, 0x00000000eb700000, 0x0000000100000000)
  eden space 8192K, 0% used [0x00000000eab00000,0x00000000eab00000,0x00000000eb300000)
  from space 2048K, 87% used [0x00000000eb500000,0x00000000eb6bf630,0x00000000eb700000)
  to   space 2048K, 0% used [0x00000000eb300000,0x00000000eb300000,0x00000000eb500000)
 ParOldGen       total 129536K, used 1771K [0x00000000c0000000, 0x00000000c7e80000, 0x00000000eab00000)
  object space 129536K, 1% used [0x00000000c0000000,0x00000000c01bacc8,0x00000000c7e80000)
 Metaspace       used 5467K, capacity 6704K, committed 6784K, reserved 1056768K
  class space    used 576K, capacity 616K, committed 640K, reserved 1048576K
}

Deoptimization events (5 events):
Event: 3.505 Thread 0x0000000016314000 Uncommon trap: reason=bimorphic action=maybe_recompile pc=0x0000000002282f64 method=java.util.HashMap.getNode(ILjava/lang/Object;)Ljava/util/HashMap$Node; @ 126
Event: 3.506 Thread 0x0000000016314000 Uncommon trap: reason=bimorphic action=maybe_recompile pc=0x0000000002282f64 method=java.util.HashMap.getNode(ILjava/lang/Object;)Ljava/util/HashMap$Node; @ 126
Event: 3.506 Thread 0x0000000016314000 Uncommon trap: reason=bimorphic action=maybe_recompile pc=0x0000000002282f64 method=java.util.HashMap.getNode(ILjava/lang/Object;)Ljava/util/HashMap$Node; @ 126
Event: 3.506 Thread 0x0000000016314000 Uncommon trap: reason=bimorphic action=maybe_recompile pc=0x0000000002282f64 method=java.util.HashMap.getNode(ILjava/lang/Object;)Ljava/util/HashMap$Node; @ 126
Event: 3.506 Thread 0x0000000016314000 Uncommon trap: reason=bimorphic action=maybe_recompile pc=0x000000000227ac0c method=java.util.HashMap.getNode(ILjava/lang/Object;)Ljava/util/HashMap$Node; @ 126

Internal exceptions (10 events):
Event: 2.966 Thread 0x0000000016295800 Exception <a 'java/security/PrivilegedActionException'> (0x00000000eac5c708) thrown at [D:\re\workspace\8-2-build-windows-amd64-cygwin\jdk8u5\2488\hotspot\src\share\vm\prims\jvm.cpp, line 1248]
Event: 2.970 Thread 0x0000000016314000 Exception <a 'java/security/PrivilegedActionException'> (0x00000000eac8af98) thrown at [D:\re\workspace\8-2-build-windows-amd64-cygwin\jdk8u5\2488\hotspot\src\share\vm\prims\jvm.cpp, line 1248]
Event: 3.421 Thread 0x0000000016295800 Exception <a 'java/security/PrivilegedActionException'> (0x00000000eacfa2f0) thrown at [D:\re\workspace\8-2-build-windows-amd64-cygwin\jdk8u5\2488\hotspot\src\share\vm\prims\jvm.cpp, line 1248]
Event: 3.517 Thread 0x0000000016314000 Exception <a 'java/security/PrivilegedActionException'> (0x00000000eae42070) thrown at [D:\re\workspace\8-2-build-windows-amd64-cygwin\jdk8u5\2488\hotspot\src\share\vm\prims\jvm.cpp, line 1248]
Event: 4.016 Thread 0x0000000001f6d800 Exception <a 'java/security/PrivilegedActionException'> (0x00000000eac8e7e8) thrown at [D:\re\workspace\8-2-build-windows-amd64-cygwin\jdk8u5\2488\hotspot\src\share\vm\prims\jvm.cpp, line 1248]
Event: 4.098 Thread 0x0000000001f6d800 Exception <a 'java/security/PrivilegedActionException'> (0x00000000eaca7230) thrown at [D:\re\workspace\8-2-build-windows-amd64-cygwin\jdk8u5\2488\hotspot\src\share\vm\prims\jvm.cpp, line 1248]
Event: 4.110 Thread 0x0000000001f6d800 Exception <a 'java/security/PrivilegedActionException'> (0x00000000eacb8d08) thrown at [D:\re\workspace\8-2-build-windows-amd64-cygwin\jdk8u5\2488\hotspot\src\share\vm\prims\jvm.cpp, line 1248]
Event: 4.112 Thread 0x0000000001f6d800 Exception <a 'java/security/PrivilegedActionException'> (0x00000000eacbf4e0) thrown at [D:\re\workspace\8-2-build-windows-amd64-cygwin\jdk8u5\2488\hotspot\src\share\vm\prims\jvm.cpp, line 1248]
Event: 4.115 Thread 0x0000000001f6d800 Exception <a 'java/security/PrivilegedActionException'> (0x00000000eacc1dc0) thrown at [D:\re\workspace\8-2-build-windows-amd64-cygwin\jdk8u5\2488\hotspot\src\share\vm\prims\jvm.cpp, line 1248]
Event: 4.117 Thread 0x0000000001f6d800 Exception <a 'java/security/PrivilegedActionException'> (0x00000000eacc49c8) thrown at [D:\re\workspace\8-2-build-windows-amd64-cygwin\jdk8u5\2488\hotspot\src\share\vm\prims\jvm.cpp, line 1248]

Events (10 events):
Event: 4.110 loading class com/android/dex/Leb128
Event: 4.110 loading class com/android/dex/Leb128 done
Event: 4.112 loading class java/util/Collections$1
Event: 4.112 loading class java/util/Collections$1 done
Event: 4.112 loading class com/android/dx/dex/file/MixedItemSection$2
Event: 4.112 loading class com/android/dx/dex/file/MixedItemSection$2 done
Event: 4.115 loading class com/android/dx/dex/file/CodeItem$1
Event: 4.115 loading class com/android/dx/dex/file/CodeItem$1 done
Event: 4.117 loading class com/android/dx/dex/code/DalvInsnList
Event: 4.117 loading class com/android/dx/dex/code/DalvInsnList done


Dynamic libraries:
0x00007ff612f70000 - 0x00007ff612fa4000 	C:\Program Files\Java\jdk1.8.0_05\bin\java.exe
0x00007ff978eb0000 - 0x00007ff979071000 	C:\WINDOWS\SYSTEM32\ntdll.dll
0x00007ff9780e0000 - 0x00007ff97818d000 	C:\WINDOWS\system32\KERNEL32.DLL
0x00007ff9763a0000 - 0x00007ff97657d000 	C:\WINDOWS\system32\KERNELBASE.dll
0x00007ff9769b0000 - 0x00007ff976a56000 	C:\WINDOWS\system32\ADVAPI32.dll
0x00007ff976720000 - 0x00007ff9767bd000 	C:\WINDOWS\system32\msvcrt.dll
0x00007ff978190000 - 0x00007ff9781eb000 	C:\WINDOWS\system32\sechost.dll
0x00007ff978ad0000 - 0x00007ff978bf6000 	C:\WINDOWS\system32\RPCRT4.dll
0x00007ff978690000 - 0x00007ff9787de000 	C:\WINDOWS\system32\USER32.dll
0x00007ff976820000 - 0x00007ff9769a6000 	C:\WINDOWS\system32\GDI32.dll
0x00007ff96afc0000 - 0x00007ff96b234000 	C:\WINDOWS\WinSxS\amd64_microsoft.windows.common-controls_6595b64144ccf1df_6.0.10240.16384_none_f41f7b285750ef43\COMCTL32.dll
0x00007ff9766e0000 - 0x00007ff976716000 	C:\WINDOWS\system32\IMM32.DLL
0x00007ff976580000 - 0x00007ff9766dc000 	C:\WINDOWS\system32\MSCTF.dll
0x0000000060180000 - 0x0000000060252000 	C:\Program Files\Java\jdk1.8.0_05\jre\bin\msvcr100.dll
0x0000000060600000 - 0x0000000060e2a000 	C:\Program Files\Java\jdk1.8.0_05\jre\bin\server\jvm.dll
0x00007ff978260000 - 0x00007ff978268000 	C:\WINDOWS\system32\PSAPI.DLL
0x00007ff95a940000 - 0x00007ff95a949000 	C:\WINDOWS\SYSTEM32\WSOCK32.dll
0x00007ff978c70000 - 0x00007ff978cd9000 	C:\WINDOWS\system32\WS2_32.dll
0x00007ff9787e0000 - 0x00007ff9787e8000 	C:\WINDOWS\system32\NSI.dll
0x00007ff973ca0000 - 0x00007ff973cc3000 	C:\WINDOWS\SYSTEM32\WINMM.dll
0x00007ff973b10000 - 0x00007ff973b3c000 	C:\WINDOWS\SYSTEM32\WINMMBASE.dll
0x00007ff975c70000 - 0x00007ff975cb4000 	C:\WINDOWS\system32\cfgmgr32.dll
0x00007ff973ab0000 - 0x00007ff973ad7000 	C:\WINDOWS\SYSTEM32\DEVOBJ.dll
0x00000000605f0000 - 0x00000000605ff000 	C:\Program Files\Java\jdk1.8.0_05\jre\bin\verify.dll
0x00000000605c0000 - 0x00000000605e8000 	C:\Program Files\Java\jdk1.8.0_05\jre\bin\java.dll
0x00000000605a0000 - 0x00000000605b6000 	C:\Program Files\Java\jdk1.8.0_05\jre\bin\zip.dll
0x00007ff976a60000 - 0x00007ff977f82000 	C:\WINDOWS\system32\SHELL32.dll
0x00007ff975cc0000 - 0x00007ff9762e9000 	C:\WINDOWS\system32\windows.storage.dll
0x00007ff978850000 - 0x00007ff978acc000 	C:\WINDOWS\system32\combase.dll
0x00007ff978c10000 - 0x00007ff978c61000 	C:\WINDOWS\system32\shlwapi.dll
0x00007ff975900000 - 0x00007ff97590f000 	C:\WINDOWS\system32\kernel.appcore.dll
0x00007ff975bb0000 - 0x00007ff975c63000 	C:\WINDOWS\system32\shcore.dll
0x00007ff975930000 - 0x00007ff97597a000 	C:\WINDOWS\system32\powrprof.dll
0x00007ff9758e0000 - 0x00007ff9758f3000 	C:\WINDOWS\system32\profapi.dll

VM Arguments:
jvm_args: -Xmx1024M -Dfile.encoding=windows-1252 -Duser.country=BR -Duser.language=pt -Duser.variant 
java_command: com.android.dx.command.Main --dex --num-threads=4 --output E:\GitHub\FitCook\app\build\intermediates\pre-dexed\debug\classes-2fd28866c4c9e05eb5ce283ca2a70270898004eb.jar E:\GitHub\FitCook\app\build\intermediates\exploded-aar\com.android.support\cardview-v7\22.2.1\jars\classes.jar
java_class_path (initial): C:\Program Files (x86)\Android\android-sdk\build-tools\23.0.0-preview\lib\dx.jar
Launcher Type: SUN_STANDARD

Environment Variables:
JAVA_HOME=C:\Program Files\Java\jdk1.8.0_05
PATH=C:\Program Files (x86)\Intel\iCLS Client\;C:\Program Files\Intel\iCLS Client\;C:\WINDOWS\system32;C:\WINDOWS;C:\WINDOWS\System32\Wbem;C:\WINDOWS\System32\WindowsPowerShell\v1.0\;C:\Program Files (x86)\Windows Live\Shared;C:\Program Files (x86)\Intel\OpenCL SDK\2.0\bin\x86;C:\Program Files (x86)\Intel\OpenCL SDK\2.0\bin\x64;C:\Program Files\Intel\Intel(R) Management Engine Components\DAL;C:\Program Files\Intel\Intel(R) Management Engine Components\IPT;C:\Program Files (x86)\Intel\Intel(R) Management Engine Components\DAL;C:\Program Files (x86)\Intel\Intel(R) Management Engine Components\IPT;C:\Program Files\Java\jdk1.8.0_05/bin;C:\Program Files (x86)\Android\android-sdk\platform-tools;C:\Program Files (x86)\Git\cmd;C:\Program Files (x86)\Skype\Phone\;C:\Program Files (x86)\Windows Kits\8.1\Windows Performance Toolkit\;C:\Program Files\Microsoft SQL Server\110\Tools\Binn\;C:\Program Files (x86)\Microsoft SDKs\TypeScript\1.0\;C:\Program Files\Microsoft SQL Server\120\Tools\Binn\;C:\Program Files (x86)\nodejs\;C:\Ruby21\bin;C:\Users\Aires\AppData\Roaming\npm
USERNAME=Aires
OS=Windows_NT
PROCESSOR_IDENTIFIER=Intel64 Family 6 Model 58 Stepping 9, GenuineIntel



---------------  S Y S T E M  ---------------

OS: Windows 8.1 , 64 bit Build 9600 

CPU:total 4 (2 cores per cpu, 2 threads per core) family 6 model 58 stepping 9, cmov, cx8, fxsr, mmx, sse, sse2, sse3, ssse3, sse4.1, sse4.2, popcnt, avx, clmul, erms, ht, tsc, tscinvbit

Memory: 4k page, physical 8282396k(1504800k free), swap 8282396k(5184k free)

vm_info: Java HotSpot(TM) 64-Bit Server VM (25.5-b02) for windows-amd64 JRE (1.8.0_05-b13), built on Mar 18 2014 01:08:39 by "java_re" with MS VC++ 10.0 (VS2010)

time: Mon Aug 17 19:11:15 2015
elapsed time: 4 seconds

