#
# There is insufficient memory for the Java Runtime Environment to continue.
# Native memory allocation (malloc) failed to allocate 181616 bytes for Chunk::new
# Possible reasons:
#   The system is out of physical RAM or swap space
#   In 32 bit mode, the process size limit was hit
# Possible solutions:
#   Reduce memory load on the system
#   Increase physical memory or swap space
#   Check if swap backing store is full
#   Use 64 bit Java on a 64 bit OS
#   Decrease Java heap size (-Xmx/-Xms)
#   Decrease number of Java threads
#   Decrease Java thread stack sizes (-Xss)
#   Set larger code cache with -XX:ReservedCodeCacheSize=
# This output file may be truncated or incomplete.
#
#  Out of Memory Error (allocation.cpp:388), pid=6112, tid=5080
#
# JRE version: Java(TM) SE Runtime Environment (8.0_05-b13) (build 1.8.0_05-b13)
# Java VM: Java HotSpot(TM) 64-Bit Server VM (25.5-b02 mixed mode windows-amd64 compressed oops)
# Failed to write core dump. Minidumps are not enabled by default on client versions of Windows
#

---------------  T H R E A D  ---------------

Current thread (0x000000001513c000):  JavaThread "C2 CompilerThread0" daemon [_thread_in_native, id=5080, stack(0x00000000166a0000,0x00000000167a0000)]

Stack: [0x00000000166a0000,0x00000000167a0000]
Native frames: (J=compiled Java code, j=interpreted, Vv=VM code, C=native code)
V  [jvm.dll+0x308dea]


Current CompileTask:
C2:   6803 1595   !   4       com.android.dx.cf.code.RopperMachine::run (1550 bytes)


---------------  P R O C E S S  ---------------

Java Threads: ( => current thread )
  0x0000000016e21800 JavaThread "pool-1-thread-4" [_thread_blocked, id=8064, stack(0x00000000173a0000,0x00000000174a0000)]
  0x0000000016e1b000 JavaThread "pool-1-thread-3" [_thread_in_Java, id=2772, stack(0x00000000172a0000,0x00000000173a0000)]
  0x0000000016e16800 JavaThread "pool-1-thread-2" [_thread_blocked, id=7200, stack(0x00000000171a0000,0x00000000172a0000)]
  0x0000000016e12800 JavaThread "pool-2-thread-1" [_thread_blocked, id=8216, stack(0x00000000170a0000,0x00000000171a0000)]
  0x0000000016e0e800 JavaThread "pool-1-thread-1" [_thread_in_vm, id=8344, stack(0x0000000016fa0000,0x00000000170a0000)]
  0x0000000015193800 JavaThread "Service Thread" daemon [_thread_blocked, id=8664, stack(0x00000000169a0000,0x0000000016aa0000)]
  0x0000000015190000 JavaThread "C1 CompilerThread2" daemon [_thread_blocked, id=5752, stack(0x00000000168a0000,0x00000000169a0000)]
  0x000000001513f000 JavaThread "C2 CompilerThread1" daemon [_thread_in_native, id=4156, stack(0x00000000167a0000,0x00000000168a0000)]
=>0x000000001513c000 JavaThread "C2 CompilerThread0" daemon [_thread_in_native, id=5080, stack(0x00000000166a0000,0x00000000167a0000)]
  0x000000001513a800 JavaThread "Attach Listener" daemon [_thread_blocked, id=7648, stack(0x00000000165a0000,0x00000000166a0000)]
  0x0000000015139800 JavaThread "Signal Dispatcher" daemon [_thread_blocked, id=5980, stack(0x00000000164a0000,0x00000000165a0000)]
  0x0000000002a5f800 JavaThread "Finalizer" daemon [_thread_blocked, id=6484, stack(0x00000000163a0000,0x00000000164a0000)]
  0x0000000002a59000 JavaThread "Reference Handler" daemon [_thread_blocked, id=6040, stack(0x00000000162a0000,0x00000000163a0000)]
  0x000000000286d800 JavaThread "main" [_thread_blocked, id=2648, stack(0x0000000002870000,0x0000000002970000)]

Other Threads:
  0x0000000015105000 VMThread [stack: 0x00000000161a0000,0x00000000162a0000] [id=8196]
  0x0000000015196800 WatcherThread [stack: 0x0000000016aa0000,0x0000000016ba0000] [id=8212]

VM state:not at safepoint (normal execution)

VM Mutex/Monitor currently owned by a thread: None

Heap:
 PSYoungGen      total 24064K, used 14604K [0x00000000eab00000, 0x00000000ed300000, 0x0000000100000000)
  eden space 20480K, 54% used [0x00000000eab00000,0x00000000eb5e3148,0x00000000ebf00000)
  from space 3584K, 96% used [0x00000000ebf00000,0x00000000ec260010,0x00000000ec280000)
  to   space 4096K, 0% used [0x00000000ecf00000,0x00000000ecf00000,0x00000000ed300000)
 ParOldGen       total 129536K, used 9728K [0x00000000c0000000, 0x00000000c7e80000, 0x00000000eab00000)
  object space 129536K, 7% used [0x00000000c0000000,0x00000000c0980110,0x00000000c7e80000)
 Metaspace       used 5975K, capacity 6960K, committed 7040K, reserved 1056768K
  class space    used 592K, capacity 616K, committed 640K, reserved 1048576K

Card table byte_map: [0x0000000011e30000,0x0000000012040000] byte_map_base: 0x0000000011830000

Marking Bits: (ParMarkBitMap*) 0x0000000059e813b0
 Begin Bits: [0x00000000125a0000, 0x00000000135a0000)
 End Bits:   [0x00000000135a0000, 0x00000000145a0000)

Polling page: 0x0000000000f50000

CodeCache: size=245760Kb used=6733Kb max_used=6733Kb free=239026Kb
 bounds [0x0000000002a70000, 0x0000000003110000, 0x0000000011a70000]
 total_blobs=1980 nmethods=1709 adapters=184
 compilation: enabled

Compilation events (10 events):
Event: 6.780 Thread 0x0000000015190000 nmethod 1732 0x0000000003107e90 code [0x0000000003108000, 0x0000000003108230]
Event: 6.789 Thread 0x0000000015190000 1733       2       com.android.dx.dex.file.EncodedField::<init> (25 bytes)
Event: 6.790 Thread 0x0000000015190000 nmethod 1733 0x0000000003108390 code [0x0000000003108500, 0x0000000003108708]
Event: 6.791 Thread 0x0000000015190000 1734       2       com.android.dx.ssa.LiteralOpUpgrader::isConstIntZeroOrKnownNull (34 bytes)
Event: 6.791 Thread 0x0000000015190000 nmethod 1734 0x00000000031087d0 code [0x0000000003108940, 0x0000000003108b48]
Event: 6.796 Thread 0x0000000015190000 1735       2       com.android.dx.cf.direct.MemberListParser::getEndOffset (9 bytes)
Event: 6.797 Thread 0x0000000015190000 nmethod 1735 0x0000000003108c50 code [0x0000000003108dc0, 0x0000000003108f48]
Event: 6.797 Thread 0x0000000015190000 1738       2       com.android.dx.cf.direct.DirectClassFile::getMagic0 (9 bytes)
Event: 6.797 Thread 0x0000000015190000 nmethod 1738 0x0000000003109010 code [0x0000000003109180, 0x0000000003109308]
Event: 6.797 Thread 0x0000000015190000 1736       2       com.android.dx.cf.attrib.AttSignature::<init> (26 bytes)

GC Heap History (10 events):
Event: 4.154 GC heap before
{Heap before GC invocations=9 (full 0):
 PSYoungGen      total 10240K, used 10048K [0x00000000eab00000, 0x00000000eb700000, 0x0000000100000000)
  eden space 8192K, 100% used [0x00000000eab00000,0x00000000eb300000,0x00000000eb300000)
  from space 2048K, 90% used [0x00000000eb500000,0x00000000eb6d0018,0x00000000eb700000)
  to   space 2048K, 0% used [0x00000000eb300000,0x00000000eb300000,0x00000000eb500000)
 ParOldGen       total 129536K, used 1836K [0x00000000c0000000, 0x00000000c7e80000, 0x00000000eab00000)
  object space 129536K, 1% used [0x00000000c0000000,0x00000000c01cb388,0x00000000c7e80000)
 Metaspace       used 5744K, capacity 6768K, committed 7040K, reserved 1056768K
  class space    used 591K, capacity 616K, committed 640K, reserved 1048576K
Event: 4.234 GC heap after
Heap after GC invocations=9 (full 0):
 PSYoungGen      total 10240K, used 2032K [0x00000000eab00000, 0x00000000ebe00000, 0x0000000100000000)
  eden space 8192K, 0% used [0x00000000eab00000,0x00000000eab00000,0x00000000eb300000)
  from space 2048K, 99% used [0x00000000eb300000,0x00000000eb4fc028,0x00000000eb500000)
  to   space 3072K, 0% used [0x00000000ebb00000,0x00000000ebb00000,0x00000000ebe00000)
 ParOldGen       total 129536K, used 2830K [0x00000000c0000000, 0x00000000c7e80000, 0x00000000eab00000)
  object space 129536K, 2% used [0x00000000c0000000,0x00000000c02c3b38,0x00000000c7e80000)
 Metaspace       used 5744K, capacity 6768K, committed 7040K, reserved 1056768K
  class space    used 591K, capacity 616K, committed 640K, reserved 1048576K
}
Event: 4.531 GC heap before
{Heap before GC invocations=10 (full 0):
 PSYoungGen      total 10240K, used 10224K [0x00000000eab00000, 0x00000000ebe00000, 0x0000000100000000)
  eden space 8192K, 100% used [0x00000000eab00000,0x00000000eb300000,0x00000000eb300000)
  from space 2048K, 99% used [0x00000000eb300000,0x00000000eb4fc028,0x00000000eb500000)
  to   space 3072K, 0% used [0x00000000ebb00000,0x00000000ebb00000,0x00000000ebe00000)
 ParOldGen       total 129536K, used 2830K [0x00000000c0000000, 0x00000000c7e80000, 0x00000000eab00000)
  object space 129536K, 2% used [0x00000000c0000000,0x00000000c02c3b38,0x00000000c7e80000)
 Metaspace       used 5828K, capacity 6832K, committed 7040K, reserved 1056768K
  class space    used 592K, capacity 616K, committed 640K, reserved 1048576K
Event: 4.590 GC heap after
Heap after GC invocations=10 (full 0):
 PSYoungGen      total 15872K, used 2864K [0x00000000eab00000, 0x00000000ebf00000, 0x0000000100000000)
  eden space 12800K, 0% used [0x00000000eab00000,0x00000000eab00000,0x00000000eb780000)
  from space 3072K, 93% used [0x00000000ebb00000,0x00000000ebdcc010,0x00000000ebe00000)
  to   space 3584K, 0% used [0x00000000eb780000,0x00000000eb780000,0x00000000ebb00000)
 ParOldGen       total 129536K, used 4004K [0x00000000c0000000, 0x00000000c7e80000, 0x00000000eab00000)
  object space 129536K, 3% used [0x00000000c0000000,0x00000000c03e9138,0x00000000c7e80000)
 Metaspace       used 5828K, capacity 6832K, committed 7040K, reserved 1056768K
  class space    used 592K, capacity 616K, committed 640K, reserved 1048576K
}
Event: 4.927 GC heap before
{Heap before GC invocations=11 (full 0):
 PSYoungGen      total 15872K, used 15664K [0x00000000eab00000, 0x00000000ebf00000, 0x0000000100000000)
  eden space 12800K, 100% used [0x00000000eab00000,0x00000000eb780000,0x00000000eb780000)
  from space 3072K, 93% used [0x00000000ebb00000,0x00000000ebdcc010,0x00000000ebe00000)
  to   space 3584K, 0% used [0x00000000eb780000,0x00000000eb780000,0x00000000ebb00000)
 ParOldGen       total 129536K, used 4004K [0x00000000c0000000, 0x00000000c7e80000, 0x00000000eab00000)
  object space 129536K, 3% used [0x00000000c0000000,0x00000000c03e9138,0x00000000c7e80000)
 Metaspace       used 5872K, capacity 6896K, committed 7040K, reserved 1056768K
  class space    used 592K, capacity 616K, committed 640K, reserved 1048576K
Event: 4.935 GC heap after
Heap after GC invocations=11 (full 0):
 PSYoungGen      total 16384K, used 2336K [0x00000000eab00000, 0x00000000ec600000, 0x0000000100000000)
  eden space 12800K, 0% used [0x00000000eab00000,0x00000000eab00000,0x00000000eb780000)
  from space 3584K, 65% used [0x00000000eb780000,0x00000000eb9c8010,0x00000000ebb00000)
  to   space 3584K, 0% used [0x00000000ec280000,0x00000000ec280000,0x00000000ec600000)
 ParOldGen       total 129536K, used 5938K [0x00000000c0000000, 0x00000000c7e80000, 0x00000000eab00000)
  object space 129536K, 4% used [0x00000000c0000000,0x00000000c05cc9d8,0x00000000c7e80000)
 Metaspace       used 5872K, capacity 6896K, committed 7040K, reserved 1056768K
  class space    used 592K, capacity 616K, committed 640K, reserved 1048576K
}
Event: 5.376 GC heap before
{Heap before GC invocations=12 (full 0):
 PSYoungGen      total 16384K, used 15136K [0x00000000eab00000, 0x00000000ec600000, 0x0000000100000000)
  eden space 12800K, 100% used [0x00000000eab00000,0x00000000eb780000,0x00000000eb780000)
  from space 3584K, 65% used [0x00000000eb780000,0x00000000eb9c8010,0x00000000ebb00000)
  to   space 3584K, 0% used [0x00000000ec280000,0x00000000ec280000,0x00000000ec600000)
 ParOldGen       total 129536K, used 5938K [0x00000000c0000000, 0x00000000c7e80000, 0x00000000eab00000)
  object space 129536K, 4% used [0x00000000c0000000,0x00000000c05cc9d8,0x00000000c7e80000)
 Metaspace       used 5935K, capacity 6896K, committed 7040K, reserved 1056768K
  class space    used 592K, capacity 616K, committed 640K, reserved 1048576K
Event: 5.498 GC heap after
Heap after GC invocations=12 (full 0):
 PSYoungGen      total 24064K, used 1888K [0x00000000eab00000, 0x00000000ec600000, 0x0000000100000000)
  eden space 20480K, 0% used [0x00000000eab00000,0x00000000eab00000,0x00000000ebf00000)
  from space 3584K, 52% used [0x00000000ec280000,0x00000000ec458000,0x00000000ec600000)
  to   space 3584K, 0% used [0x00000000ebf00000,0x00000000ebf00000,0x00000000ec280000)
 ParOldGen       total 129536K, used 7982K [0x00000000c0000000, 0x00000000c7e80000, 0x00000000eab00000)
  object space 129536K, 6% used [0x00000000c0000000,0x00000000c07cb848,0x00000000c7e80000)
 Metaspace       used 5935K, capacity 6896K, committed 7040K, reserved 1056768K
  class space    used 592K, capacity 616K, committed 640K, reserved 1048576K
}
Event: 6.459 GC heap before
{Heap before GC invocations=13 (full 0):
 PSYoungGen      total 24064K, used 22368K [0x00000000eab00000, 0x00000000ec600000, 0x0000000100000000)
  eden space 20480K, 100% used [0x00000000eab00000,0x00000000ebf00000,0x00000000ebf00000)
  from space 3584K, 52% used [0x00000000ec280000,0x00000000ec458000,0x00000000ec600000)
  to   space 3584K, 0% used [0x00000000ebf00000,0x00000000ebf00000,0x00000000ec280000)
 ParOldGen       total 129536K, used 7982K [0x00000000c0000000, 0x00000000c7e80000, 0x00000000eab00000)
  object space 129536K, 6% used [0x00000000c0000000,0x00000000c07cb848,0x00000000c7e80000)
 Metaspace       used 5970K, capacity 6960K, committed 7040K, reserved 1056768K
  class space    used 592K, capacity 616K, committed 640K, reserved 1048576K
Event: 6.576 GC heap after
Heap after GC invocations=13 (full 0):
 PSYoungGen      total 24064K, used 3456K [0x00000000eab00000, 0x00000000ed300000, 0x0000000100000000)
  eden space 20480K, 0% used [0x00000000eab00000,0x00000000eab00000,0x00000000ebf00000)
  from space 3584K, 96% used [0x00000000ebf00000,0x00000000ec260010,0x00000000ec280000)
  to   space 4096K, 0% used [0x00000000ecf00000,0x00000000ecf00000,0x00000000ed300000)
 ParOldGen       total 129536K, used 9728K [0x00000000c0000000, 0x00000000c7e80000, 0x00000000eab00000)
  object space 129536K, 7% used [0x00000000c0000000,0x00000000c0980110,0x00000000c7e80000)
 Metaspace       used 5970K, capacity 6960K, committed 7040K, reserved 1056768K
  class space    used 592K, capacity 616K, committed 640K, reserved 1048576K
}

Deoptimization events (10 events):
Event: 3.682 Thread 0x0000000016e0e800 Uncommon trap: reason=class_check action=maybe_recompile pc=0x0000000002d73890 method=com.android.dx.ssa.NormalSsaInsn.accept(Lcom/android/dx/ssa/SsaInsn$Visitor;)V @ 9
Event: 3.682 Thread 0x0000000016e0e800 Uncommon trap: reason=class_check action=maybe_recompile pc=0x0000000002d73890 method=com.android.dx.ssa.NormalSsaInsn.accept(Lcom/android/dx/ssa/SsaInsn$Visitor;)V @ 9
Event: 4.018 Thread 0x0000000016e0e800 Uncommon trap: reason=class_check action=maybe_recompile pc=0x0000000002dd56b8 method=com.android.dx.ssa.NormalSsaInsn.accept(Lcom/android/dx/ssa/SsaInsn$Visitor;)V @ 9
Event: 4.391 Thread 0x0000000016e16800 Uncommon trap: reason=unreached action=reinterpret pc=0x0000000002e6f41c method=com.android.dx.ssa.SsaMethod.updateOneDefinition(Lcom/android/dx/ssa/SsaInsn;Lcom/android/dx/rop/code/RegisterSpec;)V @ 4
Event: 5.546 Thread 0x0000000016e0e800 Uncommon trap: reason=null_check action=make_not_entrant pc=0x0000000002db6ea0 method=com.android.dx.rop.type.Type.equals(Ljava/lang/Object;)Z @ 8
Event: 6.618 Thread 0x0000000016e0e800 Uncommon trap: reason=class_check action=maybe_recompile pc=0x000000000308e920 method=com.android.dx.ssa.SsaMethod.isRegALocal(Lcom/android/dx/rop/code/RegisterSpec;)Z @ 16
Event: 6.618 Thread 0x0000000016e0e800 Uncommon trap: reason=class_check action=maybe_recompile pc=0x000000000308e920 method=com.android.dx.ssa.SsaMethod.isRegALocal(Lcom/android/dx/rop/code/RegisterSpec;)Z @ 16
Event: 6.618 Thread 0x0000000016e0e800 Uncommon trap: reason=class_check action=maybe_recompile pc=0x000000000308e920 method=com.android.dx.ssa.SsaMethod.isRegALocal(Lcom/android/dx/rop/code/RegisterSpec;)Z @ 16
Event: 6.618 Thread 0x0000000016e0e800 Uncommon trap: reason=class_check action=maybe_recompile pc=0x000000000308e920 method=com.android.dx.ssa.SsaMethod.isRegALocal(Lcom/android/dx/rop/code/RegisterSpec;)Z @ 16
Event: 6.752 Thread 0x0000000016e21800 Uncommon trap: reason=bimorphic action=maybe_recompile pc=0x000000000306e740 method=com.android.dx.ssa.LiteralOpUpgrader.tryReplacingWithConstant(Lcom/android/dx/ssa/NormalSsaInsn;)Z @ 62

Internal exceptions (10 events):
Event: 3.099 Thread 0x0000000016e1b000 Exception <a 'java/security/PrivilegedActionException'> (0x00000000eac59670) thrown at [D:\re\workspace\8-2-build-windows-amd64-cygwin\jdk8u5\2488\hotspot\src\share\vm\prims\jvm.cpp, line 1248]
Event: 3.101 Thread 0x0000000016e0e800 Exception <a 'java/security/PrivilegedActionException'> (0x00000000eac63de8) thrown at [D:\re\workspace\8-2-build-windows-amd64-cygwin\jdk8u5\2488\hotspot\src\share\vm\prims\jvm.cpp, line 1248]
Event: 3.110 Thread 0x000000000286d800 Exception <a 'java/security/PrivilegedActionException'> (0x00000000eac4e290) thrown at [D:\re\workspace\8-2-build-windows-amd64-cygwin\jdk8u5\2488\hotspot\src\share\vm\prims\jvm.cpp, line 1248]
Event: 3.113 Thread 0x000000000286d800 Exception <a 'java/security/PrivilegedActionException'> (0x00000000eac92720) thrown at [D:\re\workspace\8-2-build-windows-amd64-cygwin\jdk8u5\2488\hotspot\src\share\vm\prims\jvm.cpp, line 1248]
Event: 3.585 Thread 0x0000000016e0e800 Exception <a 'java/security/PrivilegedActionException'> (0x00000000ead5a638) thrown at [D:\re\workspace\8-2-build-windows-amd64-cygwin\jdk8u5\2488\hotspot\src\share\vm\prims\jvm.cpp, line 1248]
Event: 3.697 Thread 0x000000000286d800 Exception <a 'java/security/PrivilegedActionException'> (0x00000000eaec9d50) thrown at [D:\re\workspace\8-2-build-windows-amd64-cygwin\jdk8u5\2488\hotspot\src\share\vm\prims\jvm.cpp, line 1248]
Event: 3.771 Thread 0x000000000286d800 Exception <a 'java/security/PrivilegedActionException'> (0x00000000eab33438) thrown at [D:\re\workspace\8-2-build-windows-amd64-cygwin\jdk8u5\2488\hotspot\src\share\vm\prims\jvm.cpp, line 1248]
Event: 4.364 Thread 0x000000000286d800 Exception <a 'java/security/PrivilegedActionException'> (0x00000000eac93cb0) thrown at [D:\re\workspace\8-2-build-windows-amd64-cygwin\jdk8u5\2488\hotspot\src\share\vm\prims\jvm.cpp, line 1248]
Event: 4.390 Thread 0x0000000016e16800 Exception <a 'java/security/PrivilegedActionException'> (0x00000000eadb1618) thrown at [D:\re\workspace\8-2-build-windows-amd64-cygwin\jdk8u5\2488\hotspot\src\share\vm\prims\jvm.cpp, line 1248]
Event: 5.546 Thread 0x0000000016e0e800 Implicit null exception at 0x0000000002db6da2 to 0x0000000002db6e92

Events (10 events):
Event: 6.618 Thread 0x0000000016e0e800 DEOPT UNPACKING pc=0x0000000002ab55af sp=0x000000001709e2d8 mode 2
Event: 6.618 Thread 0x0000000016e0e800 Uncommon trap: trap_request=0xffffffde fr.pc=0x000000000308e920
Event: 6.618 Thread 0x0000000016e0e800 DEOPT PACKING pc=0x000000000308e920 sp=0x000000001709e380
Event: 6.618 Thread 0x0000000016e0e800 DEOPT UNPACKING pc=0x0000000002ab55af sp=0x000000001709e2d8 mode 2
Event: 6.618 Thread 0x0000000016e0e800 Uncommon trap: trap_request=0xffffffde fr.pc=0x000000000308e920
Event: 6.618 Thread 0x0000000016e0e800 DEOPT PACKING pc=0x000000000308e920 sp=0x000000001709e380
Event: 6.618 Thread 0x0000000016e0e800 DEOPT UNPACKING pc=0x0000000002ab55af sp=0x000000001709e2d8 mode 2
Event: 6.752 Thread 0x0000000016e21800 Uncommon trap: trap_request=0xffffffc6 fr.pc=0x000000000306e740
Event: 6.752 Thread 0x0000000016e21800 DEOPT PACKING pc=0x000000000306e740 sp=0x000000001749e970
Event: 6.752 Thread 0x0000000016e21800 DEOPT UNPACKING pc=0x0000000002ab55af sp=0x000000001749e848 mode 2


Dynamic libraries:
0x00007ff7294c0000 - 0x00007ff7294f4000 	C:\Program Files\Java\jdk1.8.0_05\bin\java.exe
0x00007ffc067a0000 - 0x00007ffc06961000 	C:\WINDOWS\SYSTEM32\ntdll.dll
0x00007ffc066f0000 - 0x00007ffc0679d000 	C:\WINDOWS\system32\KERNEL32.DLL
0x00007ffc03270000 - 0x00007ffc0344d000 	C:\WINDOWS\system32\KERNELBASE.dll
0x00007ffc05de0000 - 0x00007ffc05e86000 	C:\WINDOWS\system32\ADVAPI32.dll
0x00007ffc03e70000 - 0x00007ffc03f0d000 	C:\WINDOWS\system32\msvcrt.dll
0x00007ffc05e90000 - 0x00007ffc05eeb000 	C:\WINDOWS\system32\sechost.dll
0x00007ffc065c0000 - 0x00007ffc066e6000 	C:\WINDOWS\system32\RPCRT4.dll
0x00007ffc06230000 - 0x00007ffc0637e000 	C:\WINDOWS\system32\USER32.dll
0x00007ffc05ef0000 - 0x00007ffc06076000 	C:\WINDOWS\system32\GDI32.dll
0x00007ffbf99d0000 - 0x00007ffbf9c44000 	C:\WINDOWS\WinSxS\amd64_microsoft.windows.common-controls_6595b64144ccf1df_6.0.10240.16384_none_f41f7b285750ef43\COMCTL32.dll
0x00007ffc05af0000 - 0x00007ffc05b26000 	C:\WINDOWS\system32\IMM32.DLL
0x00007ffc06460000 - 0x00007ffc065bc000 	C:\WINDOWS\system32\MSCTF.dll
0x0000000059250000 - 0x0000000059322000 	C:\Program Files\Java\jdk1.8.0_05\jre\bin\msvcr100.dll
0x00000000596d0000 - 0x0000000059efa000 	C:\Program Files\Java\jdk1.8.0_05\jre\bin\server\jvm.dll
0x00007ffc04190000 - 0x00007ffc04198000 	C:\WINDOWS\system32\PSAPI.DLL
0x00007ffc01470000 - 0x00007ffc01479000 	C:\WINDOWS\SYSTEM32\WSOCK32.dll
0x00007ffc04420000 - 0x00007ffc04489000 	C:\WINDOWS\system32\WS2_32.dll
0x00007ffc05dd0000 - 0x00007ffc05dd8000 	C:\WINDOWS\system32\NSI.dll
0x00007ffc01550000 - 0x00007ffc01573000 	C:\WINDOWS\SYSTEM32\WINMM.dll
0x00007ffc01520000 - 0x00007ffc0154c000 	C:\WINDOWS\SYSTEM32\WINMMBASE.dll
0x00007ffc03450000 - 0x00007ffc03494000 	C:\WINDOWS\system32\cfgmgr32.dll
0x00007ffc01490000 - 0x00007ffc014b7000 	C:\WINDOWS\SYSTEM32\DEVOBJ.dll
0x00000000596c0000 - 0x00000000596cf000 	C:\Program Files\Java\jdk1.8.0_05\jre\bin\verify.dll
0x0000000059690000 - 0x00000000596b8000 	C:\Program Files\Java\jdk1.8.0_05\jre\bin\java.dll
0x0000000059670000 - 0x0000000059686000 	C:\Program Files\Java\jdk1.8.0_05\jre\bin\zip.dll
0x00007ffc04560000 - 0x00007ffc05a81000 	C:\WINDOWS\system32\SHELL32.dll
0x00007ffc035b0000 - 0x00007ffc03bd9000 	C:\WINDOWS\system32\windows.storage.dll
0x00007ffc041a0000 - 0x00007ffc0441c000 	C:\WINDOWS\system32\combase.dll
0x00007ffc04500000 - 0x00007ffc04551000 	C:\WINDOWS\system32\shlwapi.dll
0x00007ffc03240000 - 0x00007ffc0324f000 	C:\WINDOWS\system32\kernel.appcore.dll
0x00007ffc03db0000 - 0x00007ffc03e63000 	C:\WINDOWS\system32\shcore.dll
0x00007ffc031d0000 - 0x00007ffc0321a000 	C:\WINDOWS\system32\powrprof.dll
0x00007ffc03250000 - 0x00007ffc03263000 	C:\WINDOWS\system32\profapi.dll
0x0000000059650000 - 0x000000005966a000 	C:\Program Files\Java\jdk1.8.0_05\jre\bin\net.dll
0x00007ffc02a40000 - 0x00007ffc02a9d000 	C:\WINDOWS\system32\mswsock.dll
0x00007ffbff6d0000 - 0x00007ffbff708000 	C:\WINDOWS\SYSTEM32\IPHLPAPI.DLL
0x00007ffc00160000 - 0x00007ffc0016b000 	C:\WINDOWS\SYSTEM32\WINNSI.DLL
0x00007ffbfe080000 - 0x00007ffbfe096000 	C:\WINDOWS\SYSTEM32\dhcpcsvc6.DLL
0x00007ffbfe140000 - 0x00007ffbfe15a000 	C:\WINDOWS\SYSTEM32\dhcpcsvc.DLL

VM Arguments:
jvm_args: -Xmx1024M -Dfile.encoding=windows-1252 -Duser.country=BR -Duser.language=pt -Duser.variant 
java_command: com.android.dx.command.Main --dex --num-threads=4 --output E:\GitHub\FitCook\app\build\intermediates\pre-dexed\debug\classes-cc176645e62c5796311514d30efbe0fdc88ebea4.jar E:\GitHub\FitCook\app\build\intermediates\exploded-aar\com.google.android.gms\play-services-drive\7.5.0\jars\classes.jar
java_class_path (initial): C:\Program Files (x86)\Android\android-sdk\build-tools\23.0.0_rc2\lib\dx.jar
Launcher Type: SUN_STANDARD

Environment Variables:
JAVA_HOME=C:\Program Files\Java\jdk1.8.0_05
PATH=C:\Program Files (x86)\Intel\iCLS Client\;C:\Program Files\Intel\iCLS Client\;C:\WINDOWS\system32;C:\WINDOWS;C:\WINDOWS\System32\Wbem;C:\WINDOWS\System32\WindowsPowerShell\v1.0\;C:\Program Files (x86)\Windows Live\Shared;C:\Program Files (x86)\Intel\OpenCL SDK\2.0\bin\x86;C:\Program Files (x86)\Intel\OpenCL SDK\2.0\bin\x64;C:\Program Files\Intel\Intel(R) Management Engine Components\DAL;C:\Program Files\Intel\Intel(R) Management Engine Components\IPT;C:\Program Files (x86)\Intel\Intel(R) Management Engine Components\DAL;C:\Program Files (x86)\Intel\Intel(R) Management Engine Components\IPT;C:\Program Files\Java\jdk1.8.0_05/bin;C:\Program Files (x86)\Android\android-sdk\platform-tools;C:\Program Files (x86)\Git\cmd;C:\Program Files (x86)\Skype\Phone\;C:\Program Files (x86)\Windows Kits\8.1\Windows Performance Toolkit\;C:\Program Files\Microsoft SQL Server\110\Tools\Binn\;C:\Program Files (x86)\Microsoft SDKs\TypeScript\1.0\;C:\Program Files\Microsoft SQL Server\120\Tools\Binn\;C:\Program Files (x86)\nodejs\;C:\Ruby21\bin;C:\Users\Aires\AppData\Roaming\npm
USERNAME=Aires
OS=Windows_NT
PROCESSOR_IDENTIFIER=Intel64 Family 6 Model 58 Stepping 9, GenuineIntel



---------------  S Y S T E M  ---------------

OS: Windows 8.1 , 64 bit Build 9600 

CPU:total 4 (2 cores per cpu, 2 threads per core) family 6 model 58 stepping 9, cmov, cx8, fxsr, mmx, sse, sse2, sse3, ssse3, sse4.1, sse4.2, popcnt, avx, clmul, erms, ht, tsc, tscinvbit

Memory: 4k page, physical 8282396k(1365236k free), swap 8282396k(5124k free)

vm_info: Java HotSpot(TM) 64-Bit Server VM (25.5-b02) for windows-amd64 JRE (1.8.0_05-b13), built on Mar 18 2014 01:08:39 by "java_re" with MS VC++ 10.0 (VS2010)

time: Mon Aug 10 22:08:52 2015
elapsed time: 6 seconds

