#
# There is insufficient memory for the Java Runtime Environment to continue.
# Native memory allocation (malloc) failed to allocate 32744 bytes for ChunkPool::allocate
# Possible reasons:
#   The system is out of physical RAM or swap space
#   In 32 bit mode, the process size limit was hit
# Possible solutions:
#   Reduce memory load on the system
#   Increase physical memory or swap space
#   Check if swap backing store is full
#   Use 64 bit Java on a 64 bit OS
#   Decrease Java heap size (-Xmx/-Xms)
#   Decrease number of Java threads
#   Decrease Java thread stack sizes (-Xss)
#   Set larger code cache with -XX:ReservedCodeCacheSize=
# This output file may be truncated or incomplete.
#
#  Out of Memory Error (allocation.cpp:271), pid=7236, tid=4328
#
# JRE version: Java(TM) SE Runtime Environment (8.0_05-b13) (build 1.8.0_05-b13)
# Java VM: Java HotSpot(TM) 64-Bit Server VM (25.5-b02 mixed mode windows-amd64 compressed oops)
# Failed to write core dump. Minidumps are not enabled by default on client versions of Windows
#

---------------  T H R E A D  ---------------

Current thread (0x00000000150ed800):  JavaThread "C2 CompilerThread1" daemon [_thread_in_native, id=4328, stack(0x0000000016700000,0x0000000016800000)]

Stack: [0x0000000016700000,0x0000000016800000]
Native frames: (J=compiled Java code, j=interpreted, Vv=VM code, C=native code)
V  [jvm.dll+0x308dea]


Current CompileTask:
C2:   4821 1352   !   4       com.android.dx.cf.cst.ConstantPoolParser::parse0 (731 bytes)


---------------  P R O C E S S  ---------------

Java Threads: ( => current thread )
  0x00000000150fc800 JavaThread "Service Thread" daemon [_thread_blocked, id=9008, stack(0x0000000016900000,0x0000000016a00000)]
  0x00000000150f3800 JavaThread "C1 CompilerThread2" daemon [_thread_blocked, id=6124, stack(0x0000000016800000,0x0000000016900000)]
=>0x00000000150ed800 JavaThread "C2 CompilerThread1" daemon [_thread_in_native, id=4328, stack(0x0000000016700000,0x0000000016800000)]
  0x000000001509c000 JavaThread "C2 CompilerThread0" daemon [_thread_in_native, id=8932, stack(0x0000000016600000,0x0000000016700000)]
  0x000000001509a800 JavaThread "Attach Listener" daemon [_thread_blocked, id=188, stack(0x0000000016500000,0x0000000016600000)]
  0x0000000015099800 JavaThread "Signal Dispatcher" daemon [_thread_blocked, id=8084, stack(0x0000000016400000,0x0000000016500000)]
  0x00000000029c5000 JavaThread "Finalizer" daemon [_thread_blocked, id=5496, stack(0x0000000016300000,0x0000000016400000)]
  0x00000000029b9000 JavaThread "Reference Handler" daemon [_thread_blocked, id=8392, stack(0x0000000016200000,0x0000000016300000)]
  0x00000000028cd800 JavaThread "main" [_thread_in_vm, id=7228, stack(0x0000000002720000,0x0000000002820000)]

Other Threads:
  0x0000000015065000 VMThread [stack: 0x0000000016100000,0x0000000016200000] [id=7860]
  0x0000000016a01800 WatcherThread [stack: 0x0000000016e00000,0x0000000016f00000] [id=7672]

VM state:not at safepoint (normal execution)

VM Mutex/Monitor currently owned by a thread: None

Heap:
 PSYoungGen      total 16384K, used 2052K [0x00000000eab00000, 0x00000000ebe00000, 0x0000000100000000)
  eden space 13312K, 1% used [0x00000000eab00000,0x00000000eab41358,0x00000000eb800000)
  from space 3072K, 58% used [0x00000000ebb00000,0x00000000ebcc0010,0x00000000ebe00000)
  to   space 3072K, 0% used [0x00000000eb800000,0x00000000eb800000,0x00000000ebb00000)
 ParOldGen       total 129536K, used 4409K [0x00000000c0000000, 0x00000000c7e80000, 0x00000000eab00000)
  object space 129536K, 3% used [0x00000000c0000000,0x00000000c044e650,0x00000000c7e80000)
 Metaspace       used 5491K, capacity 6832K, committed 7040K, reserved 1056768K
  class space    used 550K, capacity 616K, committed 640K, reserved 1048576K

Card table byte_map: [0x0000000011d90000,0x0000000011fa0000] byte_map_base: 0x0000000011790000

Marking Bits: (ParMarkBitMap*) 0x0000000062b913b0
 Begin Bits: [0x0000000012500000, 0x0000000013500000)
 End Bits:   [0x0000000013500000, 0x0000000014500000)

Polling page: 0x0000000000ee0000

CodeCache: size=245760Kb used=5426Kb max_used=5437Kb free=240333Kb
 bounds [0x00000000029d0000, 0x0000000002f30000, 0x00000000119d0000]
 total_blobs=1612 nmethods=1352 adapters=174
 compilation: enabled

Compilation events (10 events):
Event: 4.694 Thread 0x00000000150ed800 1349       4       com.android.dx.rop.code.Insn::getLocalAssignment (48 bytes)
Event: 4.696 Thread 0x00000000150f3800 1350       1       com.android.dx.rop.code.Insn$BaseVisitor::visitThrowingCstInsn (1 bytes)
Event: 4.696 Thread 0x00000000150f3800 nmethod 1350 0x0000000002f157d0 code [0x0000000002f15920, 0x0000000002f15a30]
Event: 4.696 Thread 0x000000001509c000 1351   !   4       com.android.dx.cf.code.BaseMachine::arg (36 bytes)
Event: 4.696 Thread 0x00000000150ed800 nmethod 1349 0x0000000002f22510 code [0x0000000002f22660, 0x0000000002f22728]
Event: 4.697 Thread 0x000000001509c000 nmethod 1351 0x0000000002f22250 code [0x0000000002f22380, 0x0000000002f22438]
Event: 4.699 Thread 0x00000000150ed800 1352   !   4       com.android.dx.cf.cst.ConstantPoolParser::parse0 (731 bytes)
Event: 4.708 Thread 0x000000001509c000 1353       4       com.android.dx.rop.type.Type::isCategory2 (36 bytes)
Event: 4.709 Thread 0x000000001509c000 nmethod 1353 0x0000000002e98b10 code [0x0000000002e98c40, 0x0000000002e98cb8]
Event: 4.710 Thread 0x000000001509c000 1354   !   4       com.android.dx.cf.code.BytecodeArray::parseInstruction (2764 bytes)

GC Heap History (10 events):
Event: 2.320 GC heap before
{Heap before GC invocations=6 (full 0):
 PSYoungGen      total 2560K, used 2386K [0x00000000eab00000, 0x00000000eb200000, 0x0000000100000000)
  eden space 2048K, 92% used [0x00000000eab00000,0x00000000eacd7d38,0x00000000ead00000)
  from space 512K, 97% used [0x00000000ead00000,0x00000000ead7ce30,0x00000000ead80000)
  to   space 1536K, 0% used [0x00000000eb080000,0x00000000eb080000,0x00000000eb200000)
 ParOldGen       total 129536K, used 1400K [0x00000000c0000000, 0x00000000c7e80000, 0x00000000eab00000)
  object space 129536K, 1% used [0x00000000c0000000,0x00000000c015e138,0x00000000c7e80000)
 Metaspace       used 4737K, capacity 6160K, committed 6272K, reserved 1056768K
  class space    used 526K, capacity 584K, committed 640K, reserved 1048576K
Event: 2.339 GC heap after
Heap after GC invocations=6 (full 0):
 PSYoungGen      total 5632K, used 1040K [0x00000000eab00000, 0x00000000eb200000, 0x0000000100000000)
  eden space 4096K, 0% used [0x00000000eab00000,0x00000000eab00000,0x00000000eaf00000)
  from space 1536K, 67% used [0x00000000eb080000,0x00000000eb184358,0x00000000eb200000)
  to   space 1536K, 0% used [0x00000000eaf00000,0x00000000eaf00000,0x00000000eb080000)
 ParOldGen       total 129536K, used 1408K [0x00000000c0000000, 0x00000000c7e80000, 0x00000000eab00000)
  object space 129536K, 1% used [0x00000000c0000000,0x00000000c0160138,0x00000000c7e80000)
 Metaspace       used 4737K, capacity 6160K, committed 6272K, reserved 1056768K
  class space    used 526K, capacity 584K, committed 640K, reserved 1048576K
}
Event: 2.856 GC heap before
{Heap before GC invocations=7 (full 0):
 PSYoungGen      total 5632K, used 5136K [0x00000000eab00000, 0x00000000eb200000, 0x0000000100000000)
  eden space 4096K, 100% used [0x00000000eab00000,0x00000000eaf00000,0x00000000eaf00000)
  from space 1536K, 67% used [0x00000000eb080000,0x00000000eb184358,0x00000000eb200000)
  to   space 1536K, 0% used [0x00000000eaf00000,0x00000000eaf00000,0x00000000eb080000)
 ParOldGen       total 129536K, used 1408K [0x00000000c0000000, 0x00000000c7e80000, 0x00000000eab00000)
  object space 129536K, 1% used [0x00000000c0000000,0x00000000c0160138,0x00000000c7e80000)
 Metaspace       used 5235K, capacity 6576K, committed 6784K, reserved 1056768K
  class space    used 548K, capacity 616K, committed 640K, reserved 1048576K
Event: 2.861 GC heap after
Heap after GC invocations=7 (full 0):
 PSYoungGen      total 5632K, used 1408K [0x00000000eab00000, 0x00000000eb700000, 0x0000000100000000)
  eden space 4096K, 0% used [0x00000000eab00000,0x00000000eab00000,0x00000000eaf00000)
  from space 1536K, 91% used [0x00000000eaf00000,0x00000000eb060018,0x00000000eb080000)
  to   space 2048K, 0% used [0x00000000eb500000,0x00000000eb500000,0x00000000eb700000)
 ParOldGen       total 129536K, used 1628K [0x00000000c0000000, 0x00000000c7e80000, 0x00000000eab00000)
  object space 129536K, 1% used [0x00000000c0000000,0x00000000c0197198,0x00000000c7e80000)
 Metaspace       used 5235K, capacity 6576K, committed 6784K, reserved 1056768K
  class space    used 548K, capacity 616K, committed 640K, reserved 1048576K
}
Event: 3.272 GC heap before
{Heap before GC invocations=8 (full 0):
 PSYoungGen      total 5632K, used 5504K [0x00000000eab00000, 0x00000000eb700000, 0x0000000100000000)
  eden space 4096K, 100% used [0x00000000eab00000,0x00000000eaf00000,0x00000000eaf00000)
  from space 1536K, 91% used [0x00000000eaf00000,0x00000000eb060018,0x00000000eb080000)
  to   space 2048K, 0% used [0x00000000eb500000,0x00000000eb500000,0x00000000eb700000)
 ParOldGen       total 129536K, used 1628K [0x00000000c0000000, 0x00000000c7e80000, 0x00000000eab00000)
  object space 129536K, 1% used [0x00000000c0000000,0x00000000c0197198,0x00000000c7e80000)
 Metaspace       used 5322K, capacity 6640K, committed 6784K, reserved 1056768K
  class space    used 549K, capacity 616K, committed 640K, reserved 1048576K
Event: 3.281 GC heap after
Heap after GC invocations=8 (full 0):
 PSYoungGen      total 10240K, used 1840K [0x00000000eab00000, 0x00000000eb700000, 0x0000000100000000)
  eden space 8192K, 0% used [0x00000000eab00000,0x00000000eab00000,0x00000000eb300000)
  from space 2048K, 89% used [0x00000000eb500000,0x00000000eb6cc028,0x00000000eb700000)
  to   space 2048K, 0% used [0x00000000eb300000,0x00000000eb300000,0x00000000eb500000)
 ParOldGen       total 129536K, used 1799K [0x00000000c0000000, 0x00000000c7e80000, 0x00000000eab00000)
  object space 129536K, 1% used [0x00000000c0000000,0x00000000c01c1fc8,0x00000000c7e80000)
 Metaspace       used 5322K, capacity 6640K, committed 6784K, reserved 1056768K
  class space    used 549K, capacity 616K, committed 640K, reserved 1048576K
}
Event: 3.903 GC heap before
{Heap before GC invocations=9 (full 0):
 PSYoungGen      total 10240K, used 10032K [0x00000000eab00000, 0x00000000eb700000, 0x0000000100000000)
  eden space 8192K, 100% used [0x00000000eab00000,0x00000000eb300000,0x00000000eb300000)
  from space 2048K, 89% used [0x00000000eb500000,0x00000000eb6cc028,0x00000000eb700000)
  to   space 2048K, 0% used [0x00000000eb300000,0x00000000eb300000,0x00000000eb500000)
 ParOldGen       total 129536K, used 1799K [0x00000000c0000000, 0x00000000c7e80000, 0x00000000eab00000)
  object space 129536K, 1% used [0x00000000c0000000,0x00000000c01c1fc8,0x00000000c7e80000)
 Metaspace       used 5446K, capacity 6768K, committed 7040K, reserved 1056768K
  class space    used 550K, capacity 616K, committed 640K, reserved 1048576K
Event: 3.986 GC heap after
Heap after GC invocations=9 (full 0):
 PSYoungGen      total 10240K, used 2032K [0x00000000eab00000, 0x00000000ebe00000, 0x0000000100000000)
  eden space 8192K, 0% used [0x00000000eab00000,0x00000000eab00000,0x00000000eb300000)
  from space 2048K, 99% used [0x00000000eb300000,0x00000000eb4fc028,0x00000000eb500000)
  to   space 3072K, 0% used [0x00000000ebb00000,0x00000000ebb00000,0x00000000ebe00000)
 ParOldGen       total 129536K, used 2866K [0x00000000c0000000, 0x00000000c7e80000, 0x00000000eab00000)
  object space 129536K, 2% used [0x00000000c0000000,0x00000000c02cc9b8,0x00000000c7e80000)
 Metaspace       used 5446K, capacity 6768K, committed 7040K, reserved 1056768K
  class space    used 550K, capacity 616K, committed 640K, reserved 1048576K
}
Event: 4.720 GC heap before
{Heap before GC invocations=10 (full 0):
 PSYoungGen      total 10240K, used 10224K [0x00000000eab00000, 0x00000000ebe00000, 0x0000000100000000)
  eden space 8192K, 100% used [0x00000000eab00000,0x00000000eb300000,0x00000000eb300000)
  from space 2048K, 99% used [0x00000000eb300000,0x00000000eb4fc028,0x00000000eb500000)
  to   space 3072K, 0% used [0x00000000ebb00000,0x00000000ebb00000,0x00000000ebe00000)
 ParOldGen       total 129536K, used 2866K [0x00000000c0000000, 0x00000000c7e80000, 0x00000000eab00000)
  object space 129536K, 2% used [0x00000000c0000000,0x00000000c02cc9b8,0x00000000c7e80000)
 Metaspace       used 5491K, capacity 6832K, committed 7040K, reserved 1056768K
  class space    used 550K, capacity 616K, committed 640K, reserved 1048576K
Event: 4.793 GC heap after
Heap after GC invocations=10 (full 0):
 PSYoungGen      total 16384K, used 1792K [0x00000000eab00000, 0x00000000ebe00000, 0x0000000100000000)
  eden space 13312K, 0% used [0x00000000eab00000,0x00000000eab00000,0x00000000eb800000)
  from space 3072K, 58% used [0x00000000ebb00000,0x00000000ebcc0010,0x00000000ebe00000)
  to   space 3072K, 0% used [0x00000000eb800000,0x00000000eb800000,0x00000000ebb00000)
 ParOldGen       total 129536K, used 4409K [0x00000000c0000000, 0x00000000c7e80000, 0x00000000eab00000)
  object space 129536K, 3% used [0x00000000c0000000,0x00000000c044e650,0x00000000c7e80000)
 Metaspace       used 5491K, capacity 6832K, committed 7040K, reserved 1056768K
  class space    used 550K, capacity 616K, committed 640K, reserved 1048576K
}

Deoptimization events (9 events):
Event: 2.787 Thread 0x00000000028cd800 Uncommon trap: reason=class_check action=maybe_recompile pc=0x0000000002cde954 method=com.android.dx.ssa.NormalSsaInsn.accept(Lcom/android/dx/ssa/SsaInsn$Visitor;)V @ 9
Event: 3.158 Thread 0x00000000028cd800 Uncommon trap: reason=class_check action=maybe_recompile pc=0x0000000002cde954 method=com.android.dx.ssa.NormalSsaInsn.accept(Lcom/android/dx/ssa/SsaInsn$Visitor;)V @ 9
Event: 3.158 Thread 0x00000000028cd800 Uncommon trap: reason=class_check action=maybe_recompile pc=0x0000000002ca1bb0 method=com.android.dx.ssa.NormalSsaInsn.accept(Lcom/android/dx/ssa/SsaInsn$Visitor;)V @ 9
Event: 3.158 Thread 0x00000000028cd800 Uncommon trap: reason=class_check action=maybe_recompile pc=0x0000000002ca1bb0 method=com.android.dx.ssa.NormalSsaInsn.accept(Lcom/android/dx/ssa/SsaInsn$Visitor;)V @ 9
Event: 3.233 Thread 0x00000000028cd800 Uncommon trap: reason=class_check action=maybe_recompile pc=0x0000000002cde954 method=com.android.dx.ssa.NormalSsaInsn.accept(Lcom/android/dx/ssa/SsaInsn$Visitor;)V @ 9
Event: 4.597 Thread 0x00000000028cd800 Uncommon trap: reason=class_check action=maybe_recompile pc=0x0000000002f080a4 method=com.android.dx.cf.iface.StdAttributeList.findFirst(Ljava/lang/String;)Lcom/android/dx/cf/iface/Attribute; @ 21
Event: 4.597 Thread 0x00000000028cd800 Uncommon trap: reason=class_check action=maybe_recompile pc=0x0000000002f080a4 method=com.android.dx.cf.iface.StdAttributeList.findFirst(Ljava/lang/String;)Lcom/android/dx/cf/iface/Attribute; @ 21
Event: 4.597 Thread 0x00000000028cd800 Uncommon trap: reason=class_check action=maybe_recompile pc=0x0000000002f080a4 method=com.android.dx.cf.iface.StdAttributeList.findFirst(Ljava/lang/String;)Lcom/android/dx/cf/iface/Attribute; @ 21
Event: 4.597 Thread 0x00000000028cd800 Uncommon trap: reason=class_check action=maybe_recompile pc=0x0000000002f080a4 method=com.android.dx.cf.iface.StdAttributeList.findFirst(Ljava/lang/String;)Lcom/android/dx/cf/iface/Attribute; @ 21

Internal exceptions (10 events):
Event: 2.509 Thread 0x00000000028cd800 Exception <a 'java/security/PrivilegedActionException'> (0x00000000eac6d970) thrown at [D:\re\workspace\8-2-build-windows-amd64-cygwin\jdk8u5\2488\hotspot\src\share\vm\prims\jvm.cpp, line 1248]
Event: 2.532 Thread 0x00000000028cd800 Exception <a 'java/security/PrivilegedActionException'> (0x00000000eac9c3c0) thrown at [D:\re\workspace\8-2-build-windows-amd64-cygwin\jdk8u5\2488\hotspot\src\share\vm\prims\jvm.cpp, line 1248]
Event: 2.543 Thread 0x00000000028cd800 Exception <a 'java/security/PrivilegedActionException'> (0x00000000eaca4690) thrown at [D:\re\workspace\8-2-build-windows-amd64-cygwin\jdk8u5\2488\hotspot\src\share\vm\prims\jvm.cpp, line 1248]
Event: 2.699 Thread 0x00000000028cd800 Exception <a 'java/security/PrivilegedActionException'> (0x00000000ead7eeb0) thrown at [D:\re\workspace\8-2-build-windows-amd64-cygwin\jdk8u5\2488\hotspot\src\share\vm\prims\jvm.cpp, line 1248]
Event: 2.701 Thread 0x00000000028cd800 Exception <a 'java/security/PrivilegedActionException'> (0x00000000ead831b8) thrown at [D:\re\workspace\8-2-build-windows-amd64-cygwin\jdk8u5\2488\hotspot\src\share\vm\prims\jvm.cpp, line 1248]
Event: 2.709 Thread 0x00000000028cd800 Exception <a 'java/security/PrivilegedActionException'> (0x00000000ead914f0) thrown at [D:\re\workspace\8-2-build-windows-amd64-cygwin\jdk8u5\2488\hotspot\src\share\vm\prims\jvm.cpp, line 1248]
Event: 2.710 Thread 0x00000000028cd800 Exception <a 'java/security/PrivilegedActionException'> (0x00000000ead93cb0) thrown at [D:\re\workspace\8-2-build-windows-amd64-cygwin\jdk8u5\2488\hotspot\src\share\vm\prims\jvm.cpp, line 1248]
Event: 2.721 Thread 0x00000000028cd800 Exception <a 'java/security/PrivilegedActionException'> (0x00000000eadb16c0) thrown at [D:\re\workspace\8-2-build-windows-amd64-cygwin\jdk8u5\2488\hotspot\src\share\vm\prims\jvm.cpp, line 1248]
Event: 2.816 Thread 0x00000000028cd800 Exception <a 'java/security/PrivilegedActionException'> (0x00000000eaea8d30) thrown at [D:\re\workspace\8-2-build-windows-amd64-cygwin\jdk8u5\2488\hotspot\src\share\vm\prims\jvm.cpp, line 1248]
Event: 3.287 Thread 0x00000000028cd800 Exception <a 'java/security/PrivilegedActionException'> (0x00000000eab1bf48) thrown at [D:\re\workspace\8-2-build-windows-amd64-cygwin\jdk8u5\2488\hotspot\src\share\vm\prims\jvm.cpp, line 1248]

Events (10 events):
Event: 4.597 Thread 0x00000000028cd800 DEOPT PACKING pc=0x0000000002f080a4 sp=0x000000000281edc0
Event: 4.597 Thread 0x00000000028cd800 DEOPT UNPACKING pc=0x0000000002a155af sp=0x000000000281ed60 mode 2
Event: 4.597 Thread 0x00000000028cd800 Uncommon trap: trap_request=0xffffffde fr.pc=0x0000000002f080a4
Event: 4.597 Thread 0x00000000028cd800 DEOPT PACKING pc=0x0000000002f080a4 sp=0x000000000281edc0
Event: 4.597 Thread 0x00000000028cd800 DEOPT UNPACKING pc=0x0000000002a155af sp=0x000000000281ed60 mode 2
Event: 4.597 Thread 0x00000000028cd800 Uncommon trap: trap_request=0xffffffde fr.pc=0x0000000002f080a4
Event: 4.597 Thread 0x00000000028cd800 DEOPT PACKING pc=0x0000000002f080a4 sp=0x000000000281edc0
Event: 4.597 Thread 0x00000000028cd800 DEOPT UNPACKING pc=0x0000000002a155af sp=0x000000000281ed60 mode 2
Event: 4.720 Executing VM operation: ParallelGCFailedAllocation
Event: 4.793 Executing VM operation: ParallelGCFailedAllocation done


Dynamic libraries:
0x00007ff7c80c0000 - 0x00007ff7c80f4000 	C:\Program Files\Java\jdk1.8.0_05\bin\java.exe
0x00007ffb2ad40000 - 0x00007ffb2af01000 	C:\WINDOWS\SYSTEM32\ntdll.dll
0x00007ffb2abe0000 - 0x00007ffb2ac8d000 	C:\WINDOWS\system32\KERNEL32.DLL
0x00007ffb28230000 - 0x00007ffb2840d000 	C:\WINDOWS\system32\KERNELBASE.dll
0x00007ffb2aaa0000 - 0x00007ffb2ab46000 	C:\WINDOWS\system32\ADVAPI32.dll
0x00007ffb28840000 - 0x00007ffb288dd000 	C:\WINDOWS\system32\msvcrt.dll
0x00007ffb2a970000 - 0x00007ffb2a9cb000 	C:\WINDOWS\system32\sechost.dll
0x00007ffb2a410000 - 0x00007ffb2a536000 	C:\WINDOWS\system32\RPCRT4.dll
0x00007ffb2a540000 - 0x00007ffb2a68e000 	C:\WINDOWS\system32\USER32.dll
0x00007ffb2a690000 - 0x00007ffb2a816000 	C:\WINDOWS\system32\GDI32.dll
0x00007ffb1dee0000 - 0x00007ffb1e154000 	C:\WINDOWS\WinSxS\amd64_microsoft.windows.common-controls_6595b64144ccf1df_6.0.10240.16384_none_f41f7b285750ef43\COMCTL32.dll
0x00007ffb2ad00000 - 0x00007ffb2ad36000 	C:\WINDOWS\system32\IMM32.DLL
0x00007ffb2a160000 - 0x00007ffb2a2bc000 	C:\WINDOWS\system32\MSCTF.dll
0x0000000061f60000 - 0x0000000062032000 	C:\Program Files\Java\jdk1.8.0_05\jre\bin\msvcr100.dll
0x00000000623e0000 - 0x0000000062c0a000 	C:\Program Files\Java\jdk1.8.0_05\jre\bin\server\jvm.dll
0x00007ffb2a400000 - 0x00007ffb2a408000 	C:\WINDOWS\system32\PSAPI.DLL
0x00007ffb25790000 - 0x00007ffb25799000 	C:\WINDOWS\SYSTEM32\WSOCK32.dll
0x00007ffb2ab50000 - 0x00007ffb2abb9000 	C:\WINDOWS\system32\WS2_32.dll
0x00007ffb2a9d0000 - 0x00007ffb2a9d8000 	C:\WINDOWS\system32\NSI.dll
0x00007ffb25860000 - 0x00007ffb25883000 	C:\WINDOWS\SYSTEM32\WINMM.dll
0x00007ffb25800000 - 0x00007ffb2582c000 	C:\WINDOWS\SYSTEM32\WINMMBASE.dll
0x00007ffb27af0000 - 0x00007ffb27b34000 	C:\WINDOWS\system32\cfgmgr32.dll
0x00007ffb260e0000 - 0x00007ffb26107000 	C:\WINDOWS\SYSTEM32\DEVOBJ.dll
0x00000000623d0000 - 0x00000000623df000 	C:\Program Files\Java\jdk1.8.0_05\jre\bin\verify.dll
0x00000000623a0000 - 0x00000000623c8000 	C:\Program Files\Java\jdk1.8.0_05\jre\bin\java.dll
0x0000000062380000 - 0x0000000062396000 	C:\Program Files\Java\jdk1.8.0_05\jre\bin\zip.dll
0x00007ffb28c30000 - 0x00007ffb2a152000 	C:\WINDOWS\system32\SHELL32.dll
0x00007ffb27c00000 - 0x00007ffb28229000 	C:\WINDOWS\system32\windows.storage.dll
0x00007ffb288e0000 - 0x00007ffb28b5c000 	C:\WINDOWS\system32\combase.dll
0x00007ffb2a3a0000 - 0x00007ffb2a3f1000 	C:\WINDOWS\system32\shlwapi.dll
0x00007ffb27770000 - 0x00007ffb2777f000 	C:\WINDOWS\system32\kernel.appcore.dll
0x00007ffb27b40000 - 0x00007ffb27bf3000 	C:\WINDOWS\system32\shcore.dll
0x00007ffb277c0000 - 0x00007ffb2780a000 	C:\WINDOWS\system32\powrprof.dll
0x00007ffb27780000 - 0x00007ffb27793000 	C:\WINDOWS\system32\profapi.dll
0x00007ffb07da0000 - 0x00007ffb07f2a000 	C:\WINDOWS\SYSTEM32\dbghelp.dll

VM Arguments:
jvm_args: -Xmx1024M -Dfile.encoding=windows-1252 -Duser.country=BR -Duser.language=pt -Duser.variant 
java_command: com.android.dx.command.Main --dex --output E:\GitHub\FitCook\app\build\intermediates\pre-dexed\release\classes-0fd31ded8cd5556cee9ab618df2a3d9af1090f7f.jar E:\GitHub\FitCook\app\build\intermediates\exploded-aar\com.google.android.gms\play-services-ads\7.5.0\jars\classes.jar
java_class_path (initial): C:\Program Files (x86)\Android\android-sdk\build-tools\22.0.1\lib\dx.jar
Launcher Type: SUN_STANDARD

Environment Variables:
JAVA_HOME=C:\Program Files\Java\jdk1.8.0_05
PATH=C:\Program Files (x86)\Intel\iCLS Client\;C:\Program Files\Intel\iCLS Client\;C:\WINDOWS\system32;C:\WINDOWS;C:\WINDOWS\System32\Wbem;C:\WINDOWS\System32\WindowsPowerShell\v1.0\;C:\Program Files (x86)\Windows Live\Shared;C:\Program Files (x86)\Intel\OpenCL SDK\2.0\bin\x86;C:\Program Files (x86)\Intel\OpenCL SDK\2.0\bin\x64;C:\Program Files\Intel\Intel(R) Management Engine Components\DAL;C:\Program Files\Intel\Intel(R) Management Engine Components\IPT;C:\Program Files (x86)\Intel\Intel(R) Management Engine Components\DAL;C:\Program Files (x86)\Intel\Intel(R) Management Engine Components\IPT;C:\Program Files\Java\jdk1.8.0_05/bin;C:\Program Files (x86)\Android\android-sdk\platform-tools;C:\Program Files (x86)\Git\cmd;C:\Program Files (x86)\Windows Kits\8.1\Windows Performance Toolkit\;C:\Program Files\Microsoft SQL Server\110\Tools\Binn\;C:\Program Files (x86)\Microsoft SDKs\TypeScript\1.0\;C:\Program Files\Microsoft SQL Server\120\Tools\Binn\;C:\Program Files (x86)\nodejs\;C:\Program Files\Google\Cloud SDK\google-cloud-sdk\bin;C:\Program Files (x86)\Skype\Phone\;C:\Ruby21\bin;C:\Users\Aires\AppData\Roaming\npm
USERNAME=Aires
OS=Windows_NT
PROCESSOR_IDENTIFIER=Intel64 Family 6 Model 58 Stepping 9, GenuineIntel



---------------  S Y S T E M  ---------------

OS: Windows 8.1 , 64 bit Build 9600 

CPU:total 4 (2 cores per cpu, 2 threads per core) family 6 model 58 stepping 9, cmov, cx8, fxsr, mmx, sse, sse2, sse3, ssse3, sse4.1, sse4.2, popcnt, avx, clmul, erms, ht, tsc, tscinvbit

Memory: 4k page, physical 8282396k(1202932k free), swap 8282396k(5144k free)

vm_info: Java HotSpot(TM) 64-Bit Server VM (25.5-b02) for windows-amd64 JRE (1.8.0_05-b13), built on Mar 18 2014 01:08:39 by "java_re" with MS VC++ 10.0 (VS2010)

time: Wed Aug 26 11:39:47 2015
elapsed time: 4 seconds

