#
# There is insufficient memory for the Java Runtime Environment to continue.
# Native memory allocation (malloc) failed to allocate 684656 bytes for Chunk::new
# Possible reasons:
#   The system is out of physical RAM or swap space
#   In 32 bit mode, the process size limit was hit
# Possible solutions:
#   Reduce memory load on the system
#   Increase physical memory or swap space
#   Check if swap backing store is full
#   Use 64 bit Java on a 64 bit OS
#   Decrease Java heap size (-Xmx/-Xms)
#   Decrease number of Java threads
#   Decrease Java thread stack sizes (-Xss)
#   Set larger code cache with -XX:ReservedCodeCacheSize=
# This output file may be truncated or incomplete.
#
#  Out of Memory Error (allocation.cpp:388), pid=7768, tid=9020
#
# JRE version: Java(TM) SE Runtime Environment (8.0_05-b13) (build 1.8.0_05-b13)
# Java VM: Java HotSpot(TM) 64-Bit Server VM (25.5-b02 mixed mode windows-amd64 compressed oops)
# Failed to write core dump. Minidumps are not enabled by default on client versions of Windows
#

---------------  T H R E A D  ---------------

Current thread (0x000000001495d000):  JavaThread "C2 CompilerThread0" daemon [_thread_in_native, id=9020, stack(0x0000000015eb0000,0x0000000015fb0000)]

Stack: [0x0000000015eb0000,0x0000000015fb0000]
Native frames: (J=compiled Java code, j=interpreted, Vv=VM code, C=native code)
V  [jvm.dll+0x308dea]


Current CompileTask:
C2:   9670 1593       4       com.android.dx.ssa.SsaConverter::placePhiFunctions (394 bytes)


---------------  P R O C E S S  ---------------

Java Threads: ( => current thread )
  0x00000000149bc800 JavaThread "Service Thread" daemon [_thread_blocked, id=4148, stack(0x00000000161b0000,0x00000000162b0000)]
  0x00000000149b4800 JavaThread "C1 CompilerThread2" daemon [_thread_blocked, id=7208, stack(0x00000000160b0000,0x00000000161b0000)]
  0x00000000149ae800 JavaThread "C2 CompilerThread1" daemon [_thread_in_native, id=620, stack(0x0000000015fb0000,0x00000000160b0000)]
=>0x000000001495d000 JavaThread "C2 CompilerThread0" daemon [_thread_in_native, id=9020, stack(0x0000000015eb0000,0x0000000015fb0000)]
  0x000000001495c000 JavaThread "Attach Listener" daemon [_thread_blocked, id=9144, stack(0x0000000015db0000,0x0000000015eb0000)]
  0x000000001495b000 JavaThread "Signal Dispatcher" daemon [_thread_blocked, id=8212, stack(0x0000000015cb0000,0x0000000015db0000)]
  0x00000000021f6000 JavaThread "Finalizer" daemon [_thread_blocked, id=5412, stack(0x0000000015bb0000,0x0000000015cb0000)]
  0x00000000021ea000 JavaThread "Reference Handler" daemon [_thread_blocked, id=4608, stack(0x0000000015ab0000,0x0000000015bb0000)]
  0x000000000228d800 JavaThread "main" [_thread_in_Java, id=8288, stack(0x0000000001fc0000,0x00000000020c0000)]

Other Threads:
  0x0000000014925000 VMThread [stack: 0x00000000159b0000,0x0000000015ab0000] [id=8200]
  0x00000000162b1800 WatcherThread [stack: 0x00000000166b0000,0x00000000167b0000] [id=2356]

VM state:not at safepoint (normal execution)

VM Mutex/Monitor currently owned by a thread: None

Heap:
 PSYoungGen      total 16384K, used 12380K [0x00000000eab00000, 0x00000000ec700000, 0x0000000100000000)
  eden space 13312K, 74% used [0x00000000eab00000,0x00000000eb4bf190,0x00000000eb800000)
  from space 3072K, 78% used [0x00000000eb800000,0x00000000eba58010,0x00000000ebb00000)
  to   space 3584K, 0% used [0x00000000ec380000,0x00000000ec380000,0x00000000ec700000)
 ParOldGen       total 129536K, used 6018K [0x00000000c0000000, 0x00000000c7e80000, 0x00000000eab00000)
  object space 129536K, 4% used [0x00000000c0000000,0x00000000c05e0a50,0x00000000c7e80000)
 Metaspace       used 5583K, capacity 6896K, committed 7040K, reserved 1056768K
  class space    used 550K, capacity 616K, committed 640K, reserved 1048576K

Card table byte_map: [0x0000000011650000,0x0000000011860000] byte_map_base: 0x0000000011050000

Marking Bits: (ParMarkBitMap*) 0x0000000062b913b0
 Begin Bits: [0x0000000011dc0000, 0x0000000012dc0000)
 End Bits:   [0x0000000012dc0000, 0x0000000013dc0000)

Polling page: 0x0000000000760000

CodeCache: size=245760Kb used=6766Kb max_used=6782Kb free=238993Kb
 bounds [0x0000000002290000, 0x0000000002940000, 0x0000000011290000]
 total_blobs=1851 nmethods=1591 adapters=174
 compilation: enabled

Compilation events (10 events):
Event: 9.234 Thread 0x00000000149b4800 nmethod 1589 0x0000000002928dd0 code [0x0000000002928f40, 0x00000000029292b0]
Event: 9.234 Thread 0x00000000149b4800 1590       3       java.util.TreeMap$EntrySet::iterator (19 bytes)
Event: 9.234 Thread 0x00000000149b4800 nmethod 1590 0x000000000292c0d0 code [0x000000000292c260, 0x000000000292c730]
Event: 9.237 Thread 0x000000001495d000 1591       4       com.android.dx.cf.code.ExecutionStack::copy (59 bytes)
Event: 9.248 Thread 0x000000001495d000 nmethod 1591 0x000000000292b890 code [0x000000000292ba00, 0x000000000292be38]
Event: 9.250 Thread 0x000000001495d000 1592 %     4       com.android.dx.ssa.SsaConverter::placePhiFunctions @ 264 (394 bytes)
Event: 9.330 Thread 0x000000001495d000 nmethod 1592% 0x0000000002934010 code [0x0000000002934280, 0x00000000029356c0]
Event: 9.333 Thread 0x000000001495d000 1593       4       com.android.dx.ssa.SsaConverter::placePhiFunctions (394 bytes)
Event: 9.616 Thread 0x00000000149b4800 1594       1       com.android.dx.rop.cst.CstType::getType (4 bytes)
Event: 9.616 Thread 0x00000000149b4800 nmethod 1594 0x000000000292b5d0 code [0x000000000292b720, 0x000000000292b830]

GC Heap History (10 events):
Event: 3.397 GC heap before
{Heap before GC invocations=7 (full 0):
 PSYoungGen      total 5632K, used 5434K [0x00000000eab00000, 0x00000000eb200000, 0x0000000100000000)
  eden space 4096K, 100% used [0x00000000eab00000,0x00000000eaf00000,0x00000000eaf00000)
  from space 1536K, 87% used [0x00000000eb080000,0x00000000eb1ceab8,0x00000000eb200000)
  to   space 1536K, 0% used [0x00000000eaf00000,0x00000000eaf00000,0x00000000eb080000)
 ParOldGen       total 129536K, used 1354K [0x00000000c0000000, 0x00000000c7e80000, 0x00000000eab00000)
  object space 129536K, 1% used [0x00000000c0000000,0x00000000c0152b88,0x00000000c7e80000)
 Metaspace       used 5251K, capacity 6640K, committed 6784K, reserved 1056768K
  class space    used 542K, capacity 616K, committed 640K, reserved 1048576K
Event: 3.417 GC heap after
Heap after GC invocations=7 (full 0):
 PSYoungGen      total 5632K, used 1415K [0x00000000eab00000, 0x00000000eb700000, 0x0000000100000000)
  eden space 4096K, 0% used [0x00000000eab00000,0x00000000eab00000,0x00000000eaf00000)
  from space 1536K, 92% used [0x00000000eaf00000,0x00000000eb061c68,0x00000000eb080000)
  to   space 2048K, 0% used [0x00000000eb500000,0x00000000eb500000,0x00000000eb700000)
 ParOldGen       total 129536K, used 1567K [0x00000000c0000000, 0x00000000c7e80000, 0x00000000eab00000)
  object space 129536K, 1% used [0x00000000c0000000,0x00000000c0187c10,0x00000000c7e80000)
 Metaspace       used 5251K, capacity 6640K, committed 6784K, reserved 1056768K
  class space    used 542K, capacity 616K, committed 640K, reserved 1048576K
}
Event: 3.886 GC heap before
{Heap before GC invocations=8 (full 0):
 PSYoungGen      total 5632K, used 5511K [0x00000000eab00000, 0x00000000eb700000, 0x0000000100000000)
  eden space 4096K, 100% used [0x00000000eab00000,0x00000000eaf00000,0x00000000eaf00000)
  from space 1536K, 92% used [0x00000000eaf00000,0x00000000eb061c68,0x00000000eb080000)
  to   space 2048K, 0% used [0x00000000eb500000,0x00000000eb500000,0x00000000eb700000)
 ParOldGen       total 129536K, used 1567K [0x00000000c0000000, 0x00000000c7e80000, 0x00000000eab00000)
  object space 129536K, 1% used [0x00000000c0000000,0x00000000c0187c10,0x00000000c7e80000)
 Metaspace       used 5351K, capacity 6704K, committed 6784K, reserved 1056768K
  class space    used 549K, capacity 616K, committed 640K, reserved 1048576K
Event: 3.968 GC heap after
Heap after GC invocations=8 (full 0):
 PSYoungGen      total 10240K, used 1856K [0x00000000eab00000, 0x00000000eb700000, 0x0000000100000000)
  eden space 8192K, 0% used [0x00000000eab00000,0x00000000eab00000,0x00000000eb300000)
  from space 2048K, 90% used [0x00000000eb500000,0x00000000eb6d0018,0x00000000eb700000)
  to   space 2048K, 0% used [0x00000000eb300000,0x00000000eb300000,0x00000000eb500000)
 ParOldGen       total 129536K, used 1761K [0x00000000c0000000, 0x00000000c7e80000, 0x00000000eab00000)
  object space 129536K, 1% used [0x00000000c0000000,0x00000000c01b8690,0x00000000c7e80000)
 Metaspace       used 5351K, capacity 6704K, committed 6784K, reserved 1056768K
  class space    used 549K, capacity 616K, committed 640K, reserved 1048576K
}
Event: 5.089 GC heap before
{Heap before GC invocations=9 (full 0):
 PSYoungGen      total 10240K, used 10048K [0x00000000eab00000, 0x00000000eb700000, 0x0000000100000000)
  eden space 8192K, 100% used [0x00000000eab00000,0x00000000eb300000,0x00000000eb300000)
  from space 2048K, 90% used [0x00000000eb500000,0x00000000eb6d0018,0x00000000eb700000)
  to   space 2048K, 0% used [0x00000000eb300000,0x00000000eb300000,0x00000000eb500000)
 ParOldGen       total 129536K, used 1761K [0x00000000c0000000, 0x00000000c7e80000, 0x00000000eab00000)
  object space 129536K, 1% used [0x00000000c0000000,0x00000000c01b8690,0x00000000c7e80000)
 Metaspace       used 5457K, capacity 6768K, committed 7040K, reserved 1056768K
  class space    used 549K, capacity 616K, committed 640K, reserved 1048576K
Event: 5.106 GC heap after
Heap after GC invocations=9 (full 0):
 PSYoungGen      total 10240K, used 2048K [0x00000000eab00000, 0x00000000ebe00000, 0x0000000100000000)
  eden space 8192K, 0% used [0x00000000eab00000,0x00000000eab00000,0x00000000eb300000)
  from space 2048K, 100% used [0x00000000eb300000,0x00000000eb500000,0x00000000eb500000)
  to   space 3072K, 0% used [0x00000000ebb00000,0x00000000ebb00000,0x00000000ebe00000)
 ParOldGen       total 129536K, used 2798K [0x00000000c0000000, 0x00000000c7e80000, 0x00000000eab00000)
  object space 129536K, 2% used [0x00000000c0000000,0x00000000c02bba40,0x00000000c7e80000)
 Metaspace       used 5457K, capacity 6768K, committed 7040K, reserved 1056768K
  class space    used 549K, capacity 616K, committed 640K, reserved 1048576K
}
Event: 6.147 GC heap before
{Heap before GC invocations=10 (full 0):
 PSYoungGen      total 10240K, used 10240K [0x00000000eab00000, 0x00000000ebe00000, 0x0000000100000000)
  eden space 8192K, 100% used [0x00000000eab00000,0x00000000eb300000,0x00000000eb300000)
  from space 2048K, 100% used [0x00000000eb300000,0x00000000eb500000,0x00000000eb500000)
  to   space 3072K, 0% used [0x00000000ebb00000,0x00000000ebb00000,0x00000000ebe00000)
 ParOldGen       total 129536K, used 2798K [0x00000000c0000000, 0x00000000c7e80000, 0x00000000eab00000)
  object space 129536K, 2% used [0x00000000c0000000,0x00000000c02bba40,0x00000000c7e80000)
 Metaspace       used 5545K, capacity 6896K, committed 7040K, reserved 1056768K
  class space    used 549K, capacity 616K, committed 640K, reserved 1048576K
Event: 6.207 GC heap after
Heap after GC invocations=10 (full 0):
 PSYoungGen      total 16384K, used 2480K [0x00000000eab00000, 0x00000000ebe00000, 0x0000000100000000)
  eden space 13312K, 0% used [0x00000000eab00000,0x00000000eab00000,0x00000000eb800000)
  from space 3072K, 80% used [0x00000000ebb00000,0x00000000ebd6c010,0x00000000ebe00000)
  to   space 3072K, 0% used [0x00000000eb800000,0x00000000eb800000,0x00000000ebb00000)
 ParOldGen       total 129536K, used 3642K [0x00000000c0000000, 0x00000000c7e80000, 0x00000000eab00000)
  object space 129536K, 2% used [0x00000000c0000000,0x00000000c038ea50,0x00000000c7e80000)
 Metaspace       used 5545K, capacity 6896K, committed 7040K, reserved 1056768K
  class space    used 549K, capacity 616K, committed 640K, reserved 1048576K
}
Event: 8.335 GC heap before
{Heap before GC invocations=11 (full 0):
 PSYoungGen      total 16384K, used 15792K [0x00000000eab00000, 0x00000000ebe00000, 0x0000000100000000)
  eden space 13312K, 100% used [0x00000000eab00000,0x00000000eb800000,0x00000000eb800000)
  from space 3072K, 80% used [0x00000000ebb00000,0x00000000ebd6c010,0x00000000ebe00000)
  to   space 3072K, 0% used [0x00000000eb800000,0x00000000eb800000,0x00000000ebb00000)
 ParOldGen       total 129536K, used 3642K [0x00000000c0000000, 0x00000000c7e80000, 0x00000000eab00000)
  object space 129536K, 2% used [0x00000000c0000000,0x00000000c038ea50,0x00000000c7e80000)
 Metaspace       used 5559K, capacity 6896K, committed 7040K, reserved 1056768K
  class space    used 550K, capacity 616K, committed 640K, reserved 1048576K
Event: 8.417 GC heap after
Heap after GC invocations=11 (full 0):
 PSYoungGen      total 16384K, used 2400K [0x00000000eab00000, 0x00000000ec700000, 0x0000000100000000)
  eden space 13312K, 0% used [0x00000000eab00000,0x00000000eab00000,0x00000000eb800000)
  from space 3072K, 78% used [0x00000000eb800000,0x00000000eba58010,0x00000000ebb00000)
  to   space 3584K, 0% used [0x00000000ec380000,0x00000000ec380000,0x00000000ec700000)
 ParOldGen       total 129536K, used 6018K [0x00000000c0000000, 0x00000000c7e80000, 0x00000000eab00000)
  object space 129536K, 4% used [0x00000000c0000000,0x00000000c05e0a50,0x00000000c7e80000)
 Metaspace       used 5559K, capacity 6896K, committed 7040K, reserved 1056768K
  class space    used 550K, capacity 616K, committed 640K, reserved 1048576K
}

Deoptimization events (10 events):
Event: 3.816 Thread 0x000000000228d800 Uncommon trap: reason=class_check action=maybe_recompile pc=0x0000000002602614 method=com.android.dx.ssa.NormalSsaInsn.accept(Lcom/android/dx/ssa/SsaInsn$Visitor;)V @ 9
Event: 3.816 Thread 0x000000000228d800 Uncommon trap: reason=class_check action=maybe_recompile pc=0x000000000258f0b0 method=com.android.dx.ssa.NormalSsaInsn.accept(Lcom/android/dx/ssa/SsaInsn$Visitor;)V @ 9
Event: 3.816 Thread 0x000000000228d800 Uncommon trap: reason=class_check action=maybe_recompile pc=0x000000000258f0b0 method=com.android.dx.ssa.NormalSsaInsn.accept(Lcom/android/dx/ssa/SsaInsn$Visitor;)V @ 9
Event: 3.816 Thread 0x000000000228d800 Uncommon trap: reason=class_check action=maybe_recompile pc=0x000000000258f0b0 method=com.android.dx.ssa.NormalSsaInsn.accept(Lcom/android/dx/ssa/SsaInsn$Visitor;)V @ 9
Event: 3.819 Thread 0x000000000228d800 Uncommon trap: reason=class_check action=maybe_recompile pc=0x0000000002602614 method=com.android.dx.ssa.NormalSsaInsn.accept(Lcom/android/dx/ssa/SsaInsn$Visitor;)V @ 9
Event: 6.647 Thread 0x000000000228d800 Uncommon trap: reason=bimorphic action=maybe_recompile pc=0x0000000002530250 method=java.util.HashMap.getNode(ILjava/lang/Object;)Ljava/util/HashMap$Node; @ 126
Event: 7.253 Thread 0x000000000228d800 Uncommon trap: reason=class_check action=maybe_recompile pc=0x0000000002871420 method=com.android.dx.cf.iface.StdAttributeList.findFirst(Ljava/lang/String;)Lcom/android/dx/cf/iface/Attribute; @ 21
Event: 7.253 Thread 0x000000000228d800 Uncommon trap: reason=class_check action=maybe_recompile pc=0x0000000002871420 method=com.android.dx.cf.iface.StdAttributeList.findFirst(Ljava/lang/String;)Lcom/android/dx/cf/iface/Attribute; @ 21
Event: 7.253 Thread 0x000000000228d800 Uncommon trap: reason=class_check action=maybe_recompile pc=0x0000000002871420 method=com.android.dx.cf.iface.StdAttributeList.findFirst(Ljava/lang/String;)Lcom/android/dx/cf/iface/Attribute; @ 21
Event: 7.253 Thread 0x000000000228d800 Uncommon trap: reason=class_check action=maybe_recompile pc=0x0000000002871420 method=com.android.dx.cf.iface.StdAttributeList.findFirst(Ljava/lang/String;)Lcom/android/dx/cf/iface/Attribute; @ 21

Internal exceptions (10 events):
Event: 3.280 Thread 0x000000000228d800 Exception <a 'java/security/PrivilegedActionException'> (0x00000000eae230f0) thrown at [D:\re\workspace\8-2-build-windows-amd64-cygwin\jdk8u5\2488\hotspot\src\share\vm\prims\jvm.cpp, line 1248]
Event: 3.280 Thread 0x000000000228d800 Exception <a 'java/security/PrivilegedActionException'> (0x00000000eae256c8) thrown at [D:\re\workspace\8-2-build-windows-amd64-cygwin\jdk8u5\2488\hotspot\src\share\vm\prims\jvm.cpp, line 1248]
Event: 3.540 Thread 0x000000000228d800 Exception <a 'java/security/PrivilegedActionException'> (0x00000000eabd5ed0) thrown at [D:\re\workspace\8-2-build-windows-amd64-cygwin\jdk8u5\2488\hotspot\src\share\vm\prims\jvm.cpp, line 1248]
Event: 3.551 Thread 0x000000000228d800 Exception <a 'java/security/PrivilegedActionException'> (0x00000000eabd9d98) thrown at [D:\re\workspace\8-2-build-windows-amd64-cygwin\jdk8u5\2488\hotspot\src\share\vm\prims\jvm.cpp, line 1248]
Event: 3.580 Thread 0x000000000228d800 Exception <a 'java/security/PrivilegedActionException'> (0x00000000eac02b88) thrown at [D:\re\workspace\8-2-build-windows-amd64-cygwin\jdk8u5\2488\hotspot\src\share\vm\prims\jvm.cpp, line 1248]
Event: 3.771 Thread 0x000000000228d800 Exception <a 'java/security/PrivilegedActionException'> (0x00000000ead978b8) thrown at [D:\re\workspace\8-2-build-windows-amd64-cygwin\jdk8u5\2488\hotspot\src\share\vm\prims\jvm.cpp, line 1248]
Event: 3.812 Thread 0x000000000228d800 Exception <a 'java/security/PrivilegedActionException'> (0x00000000eadf05b8) thrown at [D:\re\workspace\8-2-build-windows-amd64-cygwin\jdk8u5\2488\hotspot\src\share\vm\prims\jvm.cpp, line 1248]
Event: 3.836 Thread 0x000000000228d800 Exception <a 'java/security/PrivilegedActionException'> (0x00000000eae85890) thrown at [D:\re\workspace\8-2-build-windows-amd64-cygwin\jdk8u5\2488\hotspot\src\share\vm\prims\jvm.cpp, line 1248]
Event: 7.898 Thread 0x000000000228d800 Exception <a 'java/security/PrivilegedActionException'> (0x00000000eb47c870) thrown at [D:\re\workspace\8-2-build-windows-amd64-cygwin\jdk8u5\2488\hotspot\src\share\vm\prims\jvm.cpp, line 1248]
Event: 9.219 Thread 0x000000000228d800 Exception <a 'java/security/PrivilegedActionException'> (0x00000000eb35f5d0) thrown at [D:\re\workspace\8-2-build-windows-amd64-cygwin\jdk8u5\2488\hotspot\src\share\vm\prims\jvm.cpp, line 1248]

Events (10 events):
Event: 7.253 Thread 0x000000000228d800 DEOPT PACKING pc=0x0000000002871420 sp=0x00000000020bea10
Event: 7.253 Thread 0x000000000228d800 DEOPT UNPACKING pc=0x00000000022d55af sp=0x00000000020be9a0 mode 2
Event: 7.897 loading class com/android/dx/cf/attrib/AttConstantValue
Event: 7.897 loading class com/android/dx/cf/attrib/AttConstantValue done
Event: 8.334 Executing VM operation: ParallelGCFailedAllocation
Event: 8.417 Executing VM operation: ParallelGCFailedAllocation done
Event: 9.219 loading class com/android/dx/rop/code/RegisterSpec$1
Event: 9.219 loading class com/android/dx/rop/code/RegisterSpec$1 done
Event: 9.614 Thread 0x000000000228d800 DEOPT PACKING pc=0x000000000269ef11 sp=0x00000000020be730
Event: 9.615 Thread 0x000000000228d800 DEOPT UNPACKING pc=0x00000000022d7604 sp=0x00000000020be560 mode 0


Dynamic libraries:
0x00007ff7c80c0000 - 0x00007ff7c80f4000 	C:\Program Files\Java\jdk1.8.0_05\bin\java.exe
0x00007ffb2ad40000 - 0x00007ffb2af01000 	C:\WINDOWS\SYSTEM32\ntdll.dll
0x00007ffb2abe0000 - 0x00007ffb2ac8d000 	C:\WINDOWS\system32\KERNEL32.DLL
0x00007ffb28230000 - 0x00007ffb2840d000 	C:\WINDOWS\system32\KERNELBASE.dll
0x00007ffb2aaa0000 - 0x00007ffb2ab46000 	C:\WINDOWS\system32\ADVAPI32.dll
0x00007ffb28840000 - 0x00007ffb288dd000 	C:\WINDOWS\system32\msvcrt.dll
0x00007ffb2a970000 - 0x00007ffb2a9cb000 	C:\WINDOWS\system32\sechost.dll
0x00007ffb2a410000 - 0x00007ffb2a536000 	C:\WINDOWS\system32\RPCRT4.dll
0x00007ffb2a540000 - 0x00007ffb2a68e000 	C:\WINDOWS\system32\USER32.dll
0x00007ffb2a690000 - 0x00007ffb2a816000 	C:\WINDOWS\system32\GDI32.dll
0x00007ffb1dee0000 - 0x00007ffb1e154000 	C:\WINDOWS\WinSxS\amd64_microsoft.windows.common-controls_6595b64144ccf1df_6.0.10240.16384_none_f41f7b285750ef43\COMCTL32.dll
0x00007ffb2ad00000 - 0x00007ffb2ad36000 	C:\WINDOWS\system32\IMM32.DLL
0x00007ffb2a160000 - 0x00007ffb2a2bc000 	C:\WINDOWS\system32\MSCTF.dll
0x0000000061f60000 - 0x0000000062032000 	C:\Program Files\Java\jdk1.8.0_05\jre\bin\msvcr100.dll
0x00000000623e0000 - 0x0000000062c0a000 	C:\Program Files\Java\jdk1.8.0_05\jre\bin\server\jvm.dll
0x00007ffb2a400000 - 0x00007ffb2a408000 	C:\WINDOWS\system32\PSAPI.DLL
0x00007ffb25790000 - 0x00007ffb25799000 	C:\WINDOWS\SYSTEM32\WSOCK32.dll
0x00007ffb2ab50000 - 0x00007ffb2abb9000 	C:\WINDOWS\system32\WS2_32.dll
0x00007ffb2a9d0000 - 0x00007ffb2a9d8000 	C:\WINDOWS\system32\NSI.dll
0x00007ffb25860000 - 0x00007ffb25883000 	C:\WINDOWS\SYSTEM32\WINMM.dll
0x00007ffb25800000 - 0x00007ffb2582c000 	C:\WINDOWS\SYSTEM32\WINMMBASE.dll
0x00007ffb27af0000 - 0x00007ffb27b34000 	C:\WINDOWS\system32\cfgmgr32.dll
0x00007ffb260e0000 - 0x00007ffb26107000 	C:\WINDOWS\SYSTEM32\DEVOBJ.dll
0x00000000623d0000 - 0x00000000623df000 	C:\Program Files\Java\jdk1.8.0_05\jre\bin\verify.dll
0x00000000623a0000 - 0x00000000623c8000 	C:\Program Files\Java\jdk1.8.0_05\jre\bin\java.dll
0x0000000062380000 - 0x0000000062396000 	C:\Program Files\Java\jdk1.8.0_05\jre\bin\zip.dll
0x00007ffb28c30000 - 0x00007ffb2a152000 	C:\WINDOWS\system32\SHELL32.dll
0x00007ffb27c00000 - 0x00007ffb28229000 	C:\WINDOWS\system32\windows.storage.dll
0x00007ffb288e0000 - 0x00007ffb28b5c000 	C:\WINDOWS\system32\combase.dll
0x00007ffb2a3a0000 - 0x00007ffb2a3f1000 	C:\WINDOWS\system32\shlwapi.dll
0x00007ffb27770000 - 0x00007ffb2777f000 	C:\WINDOWS\system32\kernel.appcore.dll
0x00007ffb27b40000 - 0x00007ffb27bf3000 	C:\WINDOWS\system32\shcore.dll
0x00007ffb277c0000 - 0x00007ffb2780a000 	C:\WINDOWS\system32\powrprof.dll
0x00007ffb27780000 - 0x00007ffb27793000 	C:\WINDOWS\system32\profapi.dll
0x00007ffb07da0000 - 0x00007ffb07f2a000 	C:\WINDOWS\SYSTEM32\dbghelp.dll

VM Arguments:
jvm_args: -Xmx1024M -Dfile.encoding=windows-1252 -Duser.country=BR -Duser.language=pt -Duser.variant 
java_command: com.android.dx.command.Main --dex --output E:\GitHub\FitCook\app\build\intermediates\pre-dexed\release\classes-dccfc5b5638db7ec4ebcf72768ca06c7421c25cb.jar E:\GitHub\FitCook\app\build\intermediates\exploded-aar\com.google.android.gms\play-services-nearby\7.5.0\jars\classes.jar
java_class_path (initial): C:\Program Files (x86)\Android\android-sdk\build-tools\22.0.1\lib\dx.jar
Launcher Type: SUN_STANDARD

Environment Variables:
JAVA_HOME=C:\Program Files\Java\jdk1.8.0_05
PATH=C:\Program Files (x86)\Intel\iCLS Client\;C:\Program Files\Intel\iCLS Client\;C:\WINDOWS\system32;C:\WINDOWS;C:\WINDOWS\System32\Wbem;C:\WINDOWS\System32\WindowsPowerShell\v1.0\;C:\Program Files (x86)\Windows Live\Shared;C:\Program Files (x86)\Intel\OpenCL SDK\2.0\bin\x86;C:\Program Files (x86)\Intel\OpenCL SDK\2.0\bin\x64;C:\Program Files\Intel\Intel(R) Management Engine Components\DAL;C:\Program Files\Intel\Intel(R) Management Engine Components\IPT;C:\Program Files (x86)\Intel\Intel(R) Management Engine Components\DAL;C:\Program Files (x86)\Intel\Intel(R) Management Engine Components\IPT;C:\Program Files\Java\jdk1.8.0_05/bin;C:\Program Files (x86)\Android\android-sdk\platform-tools;C:\Program Files (x86)\Git\cmd;C:\Program Files (x86)\Windows Kits\8.1\Windows Performance Toolkit\;C:\Program Files\Microsoft SQL Server\110\Tools\Binn\;C:\Program Files (x86)\Microsoft SDKs\TypeScript\1.0\;C:\Program Files\Microsoft SQL Server\120\Tools\Binn\;C:\Program Files (x86)\nodejs\;C:\Program Files\Google\Cloud SDK\google-cloud-sdk\bin;C:\Program Files (x86)\Skype\Phone\;C:\Ruby21\bin;C:\Users\Aires\AppData\Roaming\npm
USERNAME=Aires
OS=Windows_NT
PROCESSOR_IDENTIFIER=Intel64 Family 6 Model 58 Stepping 9, GenuineIntel



---------------  S Y S T E M  ---------------

OS: Windows 8.1 , 64 bit Build 9600 

CPU:total 4 (2 cores per cpu, 2 threads per core) family 6 model 58 stepping 9, cmov, cx8, fxsr, mmx, sse, sse2, sse3, ssse3, sse4.1, sse4.2, popcnt, avx, clmul, erms, ht, tsc, tscinvbit

Memory: 4k page, physical 8282396k(1194144k free), swap 8282396k(3992k free)

vm_info: Java HotSpot(TM) 64-Bit Server VM (25.5-b02) for windows-amd64 JRE (1.8.0_05-b13), built on Mar 18 2014 01:08:39 by "java_re" with MS VC++ 10.0 (VS2010)

time: Wed Aug 26 11:40:05 2015
elapsed time: 9 seconds

