#
# There is insufficient memory for the Java Runtime Environment to continue.
# Native memory allocation (malloc) failed to allocate 59376 bytes for Chunk::new
# Possible reasons:
#   The system is out of physical RAM or swap space
#   In 32 bit mode, the process size limit was hit
# Possible solutions:
#   Reduce memory load on the system
#   Increase physical memory or swap space
#   Check if swap backing store is full
#   Use 64 bit Java on a 64 bit OS
#   Decrease Java heap size (-Xmx/-Xms)
#   Decrease number of Java threads
#   Decrease Java thread stack sizes (-Xss)
#   Set larger code cache with -XX:ReservedCodeCacheSize=
# This output file may be truncated or incomplete.
#
#  Out of Memory Error (allocation.cpp:388), pid=9064, tid=6352
#
# JRE version: Java(TM) SE Runtime Environment (8.0_05-b13) (build 1.8.0_05-b13)
# Java VM: Java HotSpot(TM) 64-Bit Server VM (25.5-b02 mixed mode windows-amd64 compressed oops)
# Failed to write core dump. Minidumps are not enabled by default on client versions of Windows
#

---------------  T H R E A D  ---------------

Current thread (0x000000001491b800):  JavaThread "C2 CompilerThread0" daemon [_thread_in_native, id=6352, stack(0x0000000015e70000,0x0000000015f70000)]

Stack: [0x0000000015e70000,0x0000000015f70000]
Native frames: (J=compiled Java code, j=interpreted, Vv=VM code, C=native code)
V  [jvm.dll+0x308dea]


Current CompileTask:
C2:  41742 2297       4       com.android.dx.ssa.SsaConverter::placePhiFunctions (394 bytes)


---------------  P R O C E S S  ---------------

Java Threads: ( => current thread )
  0x00000000164fe000 JavaThread "pool-1-thread-4" [_thread_blocked, id=8872, stack(0x0000000016b70000,0x0000000016c70000)]
  0x00000000164db800 JavaThread "pool-1-thread-3" [_thread_in_Java, id=8780, stack(0x0000000016a70000,0x0000000016b70000)]
  0x00000000164d8800 JavaThread "pool-1-thread-2" [_thread_in_Java, id=3540, stack(0x0000000016970000,0x0000000016a70000)]
  0x00000000164d0800 JavaThread "pool-2-thread-1" [_thread_blocked, id=3620, stack(0x0000000016870000,0x0000000016970000)]
  0x00000000164ce000 JavaThread "pool-1-thread-1" [_thread_blocked, id=7696, stack(0x0000000016770000,0x0000000016870000)]
  0x000000001497c000 JavaThread "Service Thread" daemon [_thread_blocked, id=4872, stack(0x0000000016170000,0x0000000016270000)]
  0x000000001496f000 JavaThread "C1 CompilerThread2" daemon [_thread_blocked, id=540, stack(0x0000000016070000,0x0000000016170000)]
  0x000000001496c000 JavaThread "C2 CompilerThread1" daemon [_thread_blocked, id=4840, stack(0x0000000015f70000,0x0000000016070000)]
=>0x000000001491b800 JavaThread "C2 CompilerThread0" daemon [_thread_in_native, id=6352, stack(0x0000000015e70000,0x0000000015f70000)]
  0x000000001491a000 JavaThread "Attach Listener" daemon [_thread_blocked, id=9076, stack(0x0000000015d70000,0x0000000015e70000)]
  0x0000000014919000 JavaThread "Signal Dispatcher" daemon [_thread_blocked, id=2916, stack(0x0000000015c70000,0x0000000015d70000)]
  0x0000000002245000 JavaThread "Finalizer" daemon [_thread_blocked, id=8412, stack(0x0000000015b70000,0x0000000015c70000)]
  0x0000000002239000 JavaThread "Reference Handler" daemon [_thread_blocked, id=3240, stack(0x0000000015a70000,0x0000000015b70000)]
  0x0000000001f9d800 JavaThread "main" [_thread_in_vm, id=4468, stack(0x0000000001e50000,0x0000000001f50000)]

Other Threads:
  0x00000000148e5000 VMThread [stack: 0x0000000015970000,0x0000000015a70000] [id=6040]
  0x0000000016270800 WatcherThread [stack: 0x0000000016670000,0x0000000016770000] [id=8600]

VM state:not at safepoint (normal execution)

VM Mutex/Monitor currently owned by a thread: None

Heap:
 PSYoungGen      total 145408K, used 128855K [0x00000000eab00000, 0x00000000f7880000, 0x0000000100000000)
  eden space 104960K, 84% used [0x00000000eab00000,0x00000000f01fb8f8,0x00000000f1180000)
  from space 40448K, 98% used [0x00000000f5100000,0x00000000f77da388,0x00000000f7880000)
  to   space 52736K, 0% used [0x00000000f1180000,0x00000000f1180000,0x00000000f4500000)
 ParOldGen       total 125952K, used 96526K [0x00000000c0000000, 0x00000000c7b00000, 0x00000000eab00000)
  object space 125952K, 76% used [0x00000000c0000000,0x00000000c5e43b40,0x00000000c7b00000)
 Metaspace       used 5992K, capacity 6962K, committed 7040K, reserved 1056768K
  class space    used 600K, capacity 618K, committed 640K, reserved 1048576K

Card table byte_map: [0x0000000011610000,0x0000000011820000] byte_map_base: 0x0000000011010000

Marking Bits: (ParMarkBitMap*) 0x0000000060db13b0
 Begin Bits: [0x0000000011d80000, 0x0000000012d80000)
 End Bits:   [0x0000000012d80000, 0x0000000013d80000)

Polling page: 0x0000000000670000

CodeCache: size=245760Kb used=10229Kb max_used=10245Kb free=235530Kb
 bounds [0x0000000002250000, 0x0000000002c70000, 0x0000000011250000]
 total_blobs=2356 nmethods=2091 adapters=178
 compilation: enabled

Compilation events (10 events):
Event: 38.248 Thread 0x000000001491b800 nmethod 2291 0x0000000002c495d0 code [0x0000000002c49920, 0x0000000002c4ca30]
Event: 40.565 Thread 0x000000001496c000 2293 %     4       com.android.dx.ssa.SsaConverter::placePhiFunctions @ 229 (394 bytes)
Event: 40.580 Thread 0x000000001491b800 2294       4       com.android.dx.ssa.SsaMethod::forEachBlockDepthFirstDom (128 bytes)
Event: 40.651 Thread 0x000000001491b800 nmethod 2294 0x0000000002c3c910 code [0x0000000002c3cb20, 0x0000000002c3d958]
Event: 40.727 Thread 0x000000001496c000 nmethod 2293% 0x0000000002c535d0 code [0x0000000002c53860, 0x0000000002c55458]
Event: 41.166 Thread 0x000000001491b800 2295       4       com.android.dx.ssa.SCCP::run (298 bytes)
Event: 41.427 Thread 0x000000001491b800 nmethod 2295 0x0000000002c5b610 code [0x0000000002c5ba60, 0x0000000002c5df68]
Event: 41.653 Thread 0x000000001496c000 2296       4       com.android.dx.ssa.SCCP::simulateMath (424 bytes)
Event: 41.669 Thread 0x000000001496c000 nmethod 2296 0x0000000002c26510 code [0x0000000002c26720, 0x0000000002c26d58]
Event: 41.692 Thread 0x000000001491b800 2297       4       com.android.dx.ssa.SsaConverter::placePhiFunctions (394 bytes)

GC Heap History (10 events):
Event: 21.755 GC heap before
{Heap before GC invocations=19 (full 0):
 PSYoungGen      total 73216K, used 73209K [0x00000000eab00000, 0x00000000f0800000, 0x0000000100000000)
  eden space 63488K, 100% used [0x00000000eab00000,0x00000000ee900000,0x00000000ee900000)
  from space 9728K, 99% used [0x00000000ef680000,0x00000000efffe630,0x00000000f0000000)
  to   space 13824K, 0% used [0x00000000ee900000,0x00000000ee900000,0x00000000ef680000)
 ParOldGen       total 129536K, used 31863K [0x00000000c0000000, 0x00000000c7e80000, 0x00000000eab00000)
  object space 129536K, 24% used [0x00000000c0000000,0x00000000c1f1de98,0x00000000c7e80000)
 Metaspace       used 5975K, capacity 6962K, committed 7040K, reserved 1056768K
  class space    used 599K, capacity 618K, committed 640K, reserved 1048576K
Event: 21.988 GC heap after
Heap after GC invocations=19 (full 0):
 PSYoungGen      total 77312K, used 13824K [0x00000000eab00000, 0x00000000f3800000, 0x0000000100000000)
  eden space 63488K, 0% used [0x00000000eab00000,0x00000000eab00000,0x00000000ee900000)
  from space 13824K, 100% used [0x00000000ee900000,0x00000000ef680000,0x00000000ef680000)
  to   space 27648K, 0% used [0x00000000f1d00000,0x00000000f1d00000,0x00000000f3800000)
 ParOldGen       total 129536K, used 61917K [0x00000000c0000000, 0x00000000c7e80000, 0x00000000eab00000)
  object space 129536K, 47% used [0x00000000c0000000,0x00000000c3c77658,0x00000000c7e80000)
 Metaspace       used 5975K, capacity 6962K, committed 7040K, reserved 1056768K
  class space    used 599K, capacity 618K, committed 640K, reserved 1048576K
}
Event: 26.609 GC heap before
{Heap before GC invocations=20 (full 0):
 PSYoungGen      total 77312K, used 77312K [0x00000000eab00000, 0x00000000f3800000, 0x0000000100000000)
  eden space 63488K, 100% used [0x00000000eab00000,0x00000000ee900000,0x00000000ee900000)
  from space 13824K, 100% used [0x00000000ee900000,0x00000000ef680000,0x00000000ef680000)
  to   space 27648K, 0% used [0x00000000f1d00000,0x00000000f1d00000,0x00000000f3800000)
 ParOldGen       total 129536K, used 61917K [0x00000000c0000000, 0x00000000c7e80000, 0x00000000eab00000)
  object space 129536K, 47% used [0x00000000c0000000,0x00000000c3c77658,0x00000000c7e80000)
 Metaspace       used 5989K, capacity 6962K, committed 7040K, reserved 1056768K
  class space    used 600K, capacity 618K, committed 640K, reserved 1048576K
Event: 26.779 GC heap after
Heap after GC invocations=20 (full 0):
 PSYoungGen      total 115712K, used 16596K [0x00000000eab00000, 0x00000000f3a00000, 0x0000000100000000)
  eden space 88064K, 0% used [0x00000000eab00000,0x00000000eab00000,0x00000000f0100000)
  from space 27648K, 60% used [0x00000000f1d00000,0x00000000f2d352b0,0x00000000f3800000)
  to   space 28672K, 0% used [0x00000000f0100000,0x00000000f0100000,0x00000000f1d00000)
 ParOldGen       total 129536K, used 76453K [0x00000000c0000000, 0x00000000c7e80000, 0x00000000eab00000)
  object space 129536K, 59% used [0x00000000c0000000,0x00000000c4aa9658,0x00000000c7e80000)
 Metaspace       used 5989K, capacity 6962K, committed 7040K, reserved 1056768K
  class space    used 600K, capacity 618K, committed 640K, reserved 1048576K
}
Event: 32.462 GC heap before
{Heap before GC invocations=21 (full 0):
 PSYoungGen      total 115712K, used 104660K [0x00000000eab00000, 0x00000000f3a00000, 0x0000000100000000)
  eden space 88064K, 100% used [0x00000000eab00000,0x00000000f0100000,0x00000000f0100000)
  from space 27648K, 60% used [0x00000000f1d00000,0x00000000f2d352b0,0x00000000f3800000)
  to   space 28672K, 0% used [0x00000000f0100000,0x00000000f0100000,0x00000000f1d00000)
 ParOldGen       total 129536K, used 76453K [0x00000000c0000000, 0x00000000c7e80000, 0x00000000eab00000)
  object space 129536K, 59% used [0x00000000c0000000,0x00000000c4aa9658,0x00000000c7e80000)
 Metaspace       used 5992K, capacity 6962K, committed 7040K, reserved 1056768K
  class space    used 600K, capacity 618K, committed 640K, reserved 1048576K
Event: 33.338 GC heap after
Heap after GC invocations=21 (full 0):
 PSYoungGen      total 116736K, used 28662K [0x00000000eab00000, 0x00000000f7e80000, 0x0000000100000000)
  eden space 88064K, 0% used [0x00000000eab00000,0x00000000eab00000,0x00000000f0100000)
  from space 28672K, 99% used [0x00000000f0100000,0x00000000f1cfda80,0x00000000f1d00000)
  to   space 46592K, 0% used [0x00000000f5100000,0x00000000f5100000,0x00000000f7e80000)
 ParOldGen       total 129536K, used 111033K [0x00000000c0000000, 0x00000000c7e80000, 0x00000000eab00000)
  object space 129536K, 85% used [0x00000000c0000000,0x00000000c6c6e658,0x00000000c7e80000)
 Metaspace       used 5992K, capacity 6962K, committed 7040K, reserved 1056768K
  class space    used 600K, capacity 618K, committed 640K, reserved 1048576K
}
Event: 33.338 GC heap before
{Heap before GC invocations=22 (full 1):
 PSYoungGen      total 116736K, used 28662K [0x00000000eab00000, 0x00000000f7e80000, 0x0000000100000000)
  eden space 88064K, 0% used [0x00000000eab00000,0x00000000eab00000,0x00000000f0100000)
  from space 28672K, 99% used [0x00000000f0100000,0x00000000f1cfda80,0x00000000f1d00000)
  to   space 46592K, 0% used [0x00000000f5100000,0x00000000f5100000,0x00000000f7e80000)
 ParOldGen       total 129536K, used 111033K [0x00000000c0000000, 0x00000000c7e80000, 0x00000000eab00000)
  object space 129536K, 85% used [0x00000000c0000000,0x00000000c6c6e658,0x00000000c7e80000)
 Metaspace       used 5992K, capacity 6962K, committed 7040K, reserved 1056768K
  class space    used 600K, capacity 618K, committed 640K, reserved 1048576K
Event: 37.927 GC heap after
Heap after GC invocations=22 (full 1):
 PSYoungGen      total 116736K, used 0K [0x00000000eab00000, 0x00000000f7e80000, 0x0000000100000000)
  eden space 88064K, 0% used [0x00000000eab00000,0x00000000eab00000,0x00000000f0100000)
  from space 28672K, 0% used [0x00000000f0100000,0x00000000f0100000,0x00000000f1d00000)
  to   space 46592K, 0% used [0x00000000f5100000,0x00000000f5100000,0x00000000f7e80000)
 ParOldGen       total 125952K, used 96526K [0x00000000c0000000, 0x00000000c7b00000, 0x00000000eab00000)
  object space 125952K, 76% used [0x00000000c0000000,0x00000000c5e43b40,0x00000000c7b00000)
 Metaspace       used 5992K, capacity 6962K, committed 7040K, reserved 1056768K
  class space    used 600K, capacity 618K, committed 640K, reserved 1048576K
}
Event: 39.435 GC heap before
{Heap before GC invocations=23 (full 1):
 PSYoungGen      total 116736K, used 88064K [0x00000000eab00000, 0x00000000f7e80000, 0x0000000100000000)
  eden space 88064K, 100% used [0x00000000eab00000,0x00000000f0100000,0x00000000f0100000)
  from space 28672K, 0% used [0x00000000f0100000,0x00000000f0100000,0x00000000f1d00000)
  to   space 46592K, 0% used [0x00000000f5100000,0x00000000f5100000,0x00000000f7e80000)
 ParOldGen       total 125952K, used 96526K [0x00000000c0000000, 0x00000000c7b00000, 0x00000000eab00000)
  object space 125952K, 76% used [0x00000000c0000000,0x00000000c5e43b40,0x00000000c7b00000)
 Metaspace       used 5992K, capacity 6962K, committed 7040K, reserved 1056768K
  class space    used 600K, capacity 618K, committed 640K, reserved 1048576K
Event: 40.521 GC heap after
Heap after GC invocations=23 (full 1):
 PSYoungGen      total 145408K, used 39784K [0x00000000eab00000, 0x00000000f7880000, 0x0000000100000000)
  eden space 104960K, 0% used [0x00000000eab00000,0x00000000eab00000,0x00000000f1180000)
  from space 40448K, 98% used [0x00000000f5100000,0x00000000f77da388,0x00000000f7880000)
  to   space 52736K, 0% used [0x00000000f1180000,0x00000000f1180000,0x00000000f4500000)
 ParOldGen       total 125952K, used 96526K [0x00000000c0000000, 0x00000000c7b00000, 0x00000000eab00000)
  object space 125952K, 76% used [0x00000000c0000000,0x00000000c5e43b40,0x00000000c7b00000)
 Metaspace       used 5992K, capacity 6962K, committed 7040K, reserved 1056768K
  class space    used 600K, capacity 618K, committed 640K, reserved 1048576K
}

Deoptimization events (10 events):
Event: 26.279 Thread 0x00000000164ce000 Uncommon trap: reason=unreached action=reinterpret pc=0x00000000026415ac method=java.util.HashMap.putVal(ILjava/lang/Object;Ljava/lang/Object;ZZ)Ljava/lang/Object; @ 109
Event: 26.353 Thread 0x00000000164fe000 Uncommon trap: reason=class_check action=maybe_recompile pc=0x0000000002a7f9fc method=com.android.dx.cf.code.Simulator$SimVisitor.visitConstant(IIILcom/android/dx/rop/cst/Constant;I)V @ 103
Event: 26.358 Thread 0x00000000164db800 Uncommon trap: reason=class_check action=maybe_recompile pc=0x0000000002a7f9fc method=com.android.dx.cf.code.Simulator$SimVisitor.visitConstant(IIILcom/android/dx/rop/cst/Constant;I)V @ 103
Event: 26.796 Thread 0x0000000001f9d800 Uncommon trap: reason=class_check action=maybe_recompile pc=0x0000000002a7f9fc method=com.android.dx.cf.code.Simulator$SimVisitor.visitConstant(IIILcom/android/dx/rop/cst/Constant;I)V @ 103
Event: 26.797 Thread 0x0000000001f9d800 Uncommon trap: reason=class_check action=maybe_recompile pc=0x0000000002a7f9fc method=com.android.dx.cf.code.Simulator$SimVisitor.visitConstant(IIILcom/android/dx/rop/cst/Constant;I)V @ 103
Event: 27.325 Thread 0x00000000164ce000 Uncommon trap: reason=class_check action=maybe_recompile pc=0x0000000002bd88f0 method=com.android.dx.cf.code.Simulator$SimVisitor.visitNoArgs(IIILcom/android/dx/rop/type/Type;)V @ 1483
Event: 27.325 Thread 0x00000000164ce000 Uncommon trap: reason=class_check action=maybe_recompile pc=0x0000000002bd88f0 method=com.android.dx.cf.code.Simulator$SimVisitor.visitNoArgs(IIILcom/android/dx/rop/type/Type;)V @ 1483
Event: 40.565 Thread 0x00000000164d8800 Uncommon trap: reason=class_check action=maybe_recompile pc=0x0000000002affe24 method=com.android.dx.ssa.SsaConverter.placePhiFunctions(Lcom/android/dx/ssa/SsaMethod;Lcom/android/dx/ssa/LocalVariableInfo;I)V @ 257
Event: 41.028 Thread 0x00000000164db800 Uncommon trap: reason=class_check action=maybe_recompile pc=0x0000000002affe24 method=com.android.dx.ssa.SsaConverter.placePhiFunctions(Lcom/android/dx/ssa/SsaMethod;Lcom/android/dx/ssa/LocalVariableInfo;I)V @ 257
Event: 41.690 Thread 0x0000000001f9d800 Uncommon trap: reason=class_check action=maybe_recompile pc=0x0000000002affe24 method=com.android.dx.ssa.SsaConverter.placePhiFunctions(Lcom/android/dx/ssa/SsaMethod;Lcom/android/dx/ssa/LocalVariableInfo;I)V @ 257

Internal exceptions (10 events):
Event: 7.752 Thread 0x0000000001f9d800 Exception <a 'java/security/PrivilegedActionException'> (0x00000000eadd2a88) thrown at [D:\re\workspace\8-2-build-windows-amd64-cygwin\jdk8u5\2488\hotspot\src\share\vm\prims\jvm.cpp, line 1248]
Event: 7.875 Thread 0x00000000164db800 Exception <a 'java/security/PrivilegedActionException'> (0x00000000eb367038) thrown at [D:\re\workspace\8-2-build-windows-amd64-cygwin\jdk8u5\2488\hotspot\src\share\vm\prims\jvm.cpp, line 1248]
Event: 8.700 Thread 0x00000000164ce000 Exception <a 'java/security/PrivilegedActionException'> (0x00000000eb95c728) thrown at [D:\re\workspace\8-2-build-windows-amd64-cygwin\jdk8u5\2488\hotspot\src\share\vm\prims\jvm.cpp, line 1248]
Event: 11.106 Thread 0x00000000164db800 Exception <a 'java/security/PrivilegedActionException'> (0x00000000eb5ba198) thrown at [D:\re\workspace\8-2-build-windows-amd64-cygwin\jdk8u5\2488\hotspot\src\share\vm\prims\jvm.cpp, line 1248]
Event: 11.345 Thread 0x00000000164db800 Exception <a 'java/lang/ArrayIndexOutOfBoundsException': 18> (0x00000000ec623470) thrown at [D:\re\workspace\8-2-build-windows-amd64-cygwin\jdk8u5\2488\hotspot\src\share\vm\interpreter\interpreterRuntime.cpp, line 337]
Event: 11.346 Thread 0x00000000164db800 Exception <a 'java/lang/ArrayIndexOutOfBoundsException': 145> (0x00000000ec624f08) thrown at [D:\re\workspace\8-2-build-windows-amd64-cygwin\jdk8u5\2488\hotspot\src\share\vm\interpreter\interpreterRuntime.cpp, line 337]
Event: 11.347 Thread 0x00000000164db800 Exception <a 'java/lang/ArrayIndexOutOfBoundsException'> (0x00000000ec626120) thrown at [D:\re\workspace\8-2-build-windows-amd64-cygwin\jdk8u5\2488\hotspot\src\share\vm\runtime\sharedRuntime.cpp, line 595]
Event: 13.252 Thread 0x00000000164d8800 Exception <a 'java/security/PrivilegedActionException'> (0x00000000ec729748) thrown at [D:\re\workspace\8-2-build-windows-amd64-cygwin\jdk8u5\2488\hotspot\src\share\vm\prims\jvm.cpp, line 1248]
Event: 22.559 Thread 0x0000000001f9d800 Exception <a 'java/security/PrivilegedActionException'> (0x00000000eaebbaa8) thrown at [D:\re\workspace\8-2-build-windows-amd64-cygwin\jdk8u5\2488\hotspot\src\share\vm\prims\jvm.cpp, line 1248]
Event: 22.774 Thread 0x0000000001f9d800 Exception <a 'java/security/PrivilegedActionException'> (0x00000000eafee8d8) thrown at [D:\re\workspace\8-2-build-windows-amd64-cygwin\jdk8u5\2488\hotspot\src\share\vm\prims\jvm.cpp, line 1248]

Events (10 events):
Event: 40.657 Thread 0x00000000164d8800 DEOPT PACKING pc=0x00000000026b95d7 sp=0x0000000016a6ef10
Event: 40.657 Thread 0x00000000164d8800 DEOPT UNPACKING pc=0x0000000002297604 sp=0x0000000016a6ecf0 mode 0
Event: 41.028 Thread 0x00000000164db800 Uncommon trap: trap_request=0xffffffde fr.pc=0x0000000002affe24
Event: 41.028 Thread 0x00000000164db800 DEOPT PACKING pc=0x0000000002affe24 sp=0x0000000016b6eaa0
Event: 41.028 Thread 0x00000000164db800 DEOPT UNPACKING pc=0x00000000022955af sp=0x0000000016b6ea98 mode 2
Event: 41.166 Thread 0x00000000164d8800 DEOPT PACKING pc=0x0000000002677c61 sp=0x0000000016a6ef30
Event: 41.166 Thread 0x00000000164d8800 DEOPT UNPACKING pc=0x0000000002297604 sp=0x0000000016a6ecc0 mode 0
Event: 41.690 Thread 0x0000000001f9d800 Uncommon trap: trap_request=0xffffffde fr.pc=0x0000000002affe24
Event: 41.690 Thread 0x0000000001f9d800 DEOPT PACKING pc=0x0000000002affe24 sp=0x0000000001f4e450
Event: 41.690 Thread 0x0000000001f9d800 DEOPT UNPACKING pc=0x00000000022955af sp=0x0000000001f4e448 mode 2


Dynamic libraries:
0x00007ff612f70000 - 0x00007ff612fa4000 	C:\Program Files\Java\jdk1.8.0_05\bin\java.exe
0x00007ff978eb0000 - 0x00007ff979071000 	C:\WINDOWS\SYSTEM32\ntdll.dll
0x00007ff9780e0000 - 0x00007ff97818d000 	C:\WINDOWS\system32\KERNEL32.DLL
0x00007ff9763a0000 - 0x00007ff97657d000 	C:\WINDOWS\system32\KERNELBASE.dll
0x00007ff9769b0000 - 0x00007ff976a56000 	C:\WINDOWS\system32\ADVAPI32.dll
0x00007ff976720000 - 0x00007ff9767bd000 	C:\WINDOWS\system32\msvcrt.dll
0x00007ff978190000 - 0x00007ff9781eb000 	C:\WINDOWS\system32\sechost.dll
0x00007ff978ad0000 - 0x00007ff978bf6000 	C:\WINDOWS\system32\RPCRT4.dll
0x00007ff978690000 - 0x00007ff9787de000 	C:\WINDOWS\system32\USER32.dll
0x00007ff976820000 - 0x00007ff9769a6000 	C:\WINDOWS\system32\GDI32.dll
0x00007ff96afc0000 - 0x00007ff96b234000 	C:\WINDOWS\WinSxS\amd64_microsoft.windows.common-controls_6595b64144ccf1df_6.0.10240.16384_none_f41f7b285750ef43\COMCTL32.dll
0x00007ff9766e0000 - 0x00007ff976716000 	C:\WINDOWS\system32\IMM32.DLL
0x00007ff976580000 - 0x00007ff9766dc000 	C:\WINDOWS\system32\MSCTF.dll
0x0000000060180000 - 0x0000000060252000 	C:\Program Files\Java\jdk1.8.0_05\jre\bin\msvcr100.dll
0x0000000060600000 - 0x0000000060e2a000 	C:\Program Files\Java\jdk1.8.0_05\jre\bin\server\jvm.dll
0x00007ff978260000 - 0x00007ff978268000 	C:\WINDOWS\system32\PSAPI.DLL
0x00007ff95a940000 - 0x00007ff95a949000 	C:\WINDOWS\SYSTEM32\WSOCK32.dll
0x00007ff978c70000 - 0x00007ff978cd9000 	C:\WINDOWS\system32\WS2_32.dll
0x00007ff9787e0000 - 0x00007ff9787e8000 	C:\WINDOWS\system32\NSI.dll
0x00007ff973ca0000 - 0x00007ff973cc3000 	C:\WINDOWS\SYSTEM32\WINMM.dll
0x00007ff973b10000 - 0x00007ff973b3c000 	C:\WINDOWS\SYSTEM32\WINMMBASE.dll
0x00007ff975c70000 - 0x00007ff975cb4000 	C:\WINDOWS\system32\cfgmgr32.dll
0x00007ff973ab0000 - 0x00007ff973ad7000 	C:\WINDOWS\SYSTEM32\DEVOBJ.dll
0x00000000605f0000 - 0x00000000605ff000 	C:\Program Files\Java\jdk1.8.0_05\jre\bin\verify.dll
0x00000000605c0000 - 0x00000000605e8000 	C:\Program Files\Java\jdk1.8.0_05\jre\bin\java.dll
0x00000000605a0000 - 0x00000000605b6000 	C:\Program Files\Java\jdk1.8.0_05\jre\bin\zip.dll
0x00007ff976a60000 - 0x00007ff977f82000 	C:\WINDOWS\system32\SHELL32.dll
0x00007ff975cc0000 - 0x00007ff9762e9000 	C:\WINDOWS\system32\windows.storage.dll
0x00007ff978850000 - 0x00007ff978acc000 	C:\WINDOWS\system32\combase.dll
0x00007ff978c10000 - 0x00007ff978c61000 	C:\WINDOWS\system32\shlwapi.dll
0x00007ff975900000 - 0x00007ff97590f000 	C:\WINDOWS\system32\kernel.appcore.dll
0x00007ff975bb0000 - 0x00007ff975c63000 	C:\WINDOWS\system32\shcore.dll
0x00007ff975930000 - 0x00007ff97597a000 	C:\WINDOWS\system32\powrprof.dll
0x00007ff9758e0000 - 0x00007ff9758f3000 	C:\WINDOWS\system32\profapi.dll

VM Arguments:
jvm_args: -Xmx1024M -Dfile.encoding=windows-1252 -Duser.country=BR -Duser.language=pt -Duser.variant 
java_command: com.android.dx.command.Main --dex --num-threads=4 --output E:\GitHub\FitCook\app\build\intermediates\pre-dexed\debug\classes-9032a26c93add31dab6fd669133c6242d7ad36f9.jar E:\GitHub\FitCook\app\build\intermediates\exploded-aar\com.google.android.gms\play-services-analytics\7.5.0\jars\classes.jar
java_class_path (initial): C:\Program Files (x86)\Android\android-sdk\build-tools\23.0.0-preview\lib\dx.jar
Launcher Type: SUN_STANDARD

Environment Variables:
JAVA_HOME=C:\Program Files\Java\jdk1.8.0_05
PATH=C:\Program Files (x86)\Intel\iCLS Client\;C:\Program Files\Intel\iCLS Client\;C:\WINDOWS\system32;C:\WINDOWS;C:\WINDOWS\System32\Wbem;C:\WINDOWS\System32\WindowsPowerShell\v1.0\;C:\Program Files (x86)\Windows Live\Shared;C:\Program Files (x86)\Intel\OpenCL SDK\2.0\bin\x86;C:\Program Files (x86)\Intel\OpenCL SDK\2.0\bin\x64;C:\Program Files\Intel\Intel(R) Management Engine Components\DAL;C:\Program Files\Intel\Intel(R) Management Engine Components\IPT;C:\Program Files (x86)\Intel\Intel(R) Management Engine Components\DAL;C:\Program Files (x86)\Intel\Intel(R) Management Engine Components\IPT;C:\Program Files\Java\jdk1.8.0_05/bin;C:\Program Files (x86)\Android\android-sdk\platform-tools;C:\Program Files (x86)\Git\cmd;C:\Program Files (x86)\Skype\Phone\;C:\Program Files (x86)\Windows Kits\8.1\Windows Performance Toolkit\;C:\Program Files\Microsoft SQL Server\110\Tools\Binn\;C:\Program Files (x86)\Microsoft SDKs\TypeScript\1.0\;C:\Program Files\Microsoft SQL Server\120\Tools\Binn\;C:\Program Files (x86)\nodejs\;C:\Ruby21\bin;C:\Users\Aires\AppData\Roaming\npm
USERNAME=Aires
OS=Windows_NT
PROCESSOR_IDENTIFIER=Intel64 Family 6 Model 58 Stepping 9, GenuineIntel



---------------  S Y S T E M  ---------------

OS: Windows 8.1 , 64 bit Build 9600 

CPU:total 4 (2 cores per cpu, 2 threads per core) family 6 model 58 stepping 9, cmov, cx8, fxsr, mmx, sse, sse2, sse3, ssse3, sse4.1, sse4.2, popcnt, avx, clmul, erms, ht, tsc, tscinvbit

Memory: 4k page, physical 8282396k(1292744k free), swap 8282396k(4112k free)

vm_info: Java HotSpot(TM) 64-Bit Server VM (25.5-b02) for windows-amd64 JRE (1.8.0_05-b13), built on Mar 18 2014 01:08:39 by "java_re" with MS VC++ 10.0 (VS2010)

time: Mon Aug 17 14:30:19 2015
elapsed time: 41 seconds

