#
# There is insufficient memory for the Java Runtime Environment to continue.
# Native memory allocation (malloc) failed to allocate 208976 bytes for Chunk::new
# Possible reasons:
#   The system is out of physical RAM or swap space
#   In 32 bit mode, the process size limit was hit
# Possible solutions:
#   Reduce memory load on the system
#   Increase physical memory or swap space
#   Check if swap backing store is full
#   Use 64 bit Java on a 64 bit OS
#   Decrease Java heap size (-Xmx/-Xms)
#   Decrease number of Java threads
#   Decrease Java thread stack sizes (-Xss)
#   Set larger code cache with -XX:ReservedCodeCacheSize=
# This output file may be truncated or incomplete.
#
#  Out of Memory Error (allocation.cpp:388), pid=3660, tid=6832
#
# JRE version: Java(TM) SE Runtime Environment (8.0_05-b13) (build 1.8.0_05-b13)
# Java VM: Java HotSpot(TM) 64-Bit Server VM (25.5-b02 mixed mode windows-amd64 compressed oops)
# Failed to write core dump. Minidumps are not enabled by default on client versions of Windows
#

---------------  T H R E A D  ---------------

Current thread (0x000000001499b800):  JavaThread "C2 CompilerThread0" daemon [_thread_in_native, id=6832, stack(0x0000000015f00000,0x0000000016000000)]

Stack: [0x0000000015f00000,0x0000000016000000]
Native frames: (J=compiled Java code, j=interpreted, Vv=VM code, C=native code)
V  [jvm.dll+0x308dea]


Current CompileTask:
C2: 101275 2968 %     4       sun.security.provider.SHA::implCompress @ 122 (491 bytes)


---------------  P R O C E S S  ---------------

Java Threads: ( => current thread )
  0x00000000149fd000 JavaThread "Service Thread" daemon [_thread_blocked, id=3596, stack(0x0000000016200000,0x0000000016300000)]
  0x00000000149f5000 JavaThread "C1 CompilerThread2" daemon [_thread_blocked, id=2196, stack(0x0000000016100000,0x0000000016200000)]
  0x00000000149ec800 JavaThread "C2 CompilerThread1" daemon [_thread_blocked, id=8768, stack(0x0000000016000000,0x0000000016100000)]
=>0x000000001499b800 JavaThread "C2 CompilerThread0" daemon [_thread_in_native, id=6832, stack(0x0000000015f00000,0x0000000016000000)]
  0x000000001499a000 JavaThread "Attach Listener" daemon [_thread_blocked, id=6504, stack(0x0000000015e00000,0x0000000015f00000)]
  0x0000000014999000 JavaThread "Signal Dispatcher" daemon [_thread_blocked, id=4164, stack(0x0000000015d00000,0x0000000015e00000)]
  0x00000000022c6000 JavaThread "Finalizer" daemon [_thread_blocked, id=5368, stack(0x0000000015c00000,0x0000000015d00000)]
  0x00000000022b9000 JavaThread "Reference Handler" daemon [_thread_blocked, id=6692, stack(0x0000000015b00000,0x0000000015c00000)]
  0x000000000073d800 JavaThread "main" [_thread_in_Java, id=4516, stack(0x0000000001fd0000,0x00000000020d0000)]

Other Threads:
  0x0000000014965000 VMThread [stack: 0x0000000015a00000,0x0000000015b00000] [id=8704]
  0x0000000016301800 WatcherThread [stack: 0x0000000016700000,0x0000000016800000] [id=1928]

VM state:not at safepoint (normal execution)

VM Mutex/Monitor currently owned by a thread: None

Heap:
 PSYoungGen      total 226816K, used 42607K [0x00000000eab00000, 0x0000000100000000, 0x0000000100000000)
  eden space 110592K, 20% used [0x00000000eab00000,0x00000000ec106958,0x00000000f1700000)
  from space 116224K, 17% used [0x00000000f1700000,0x00000000f2a954c8,0x00000000f8880000)
  to   space 116224K, 0% used [0x00000000f8e80000,0x00000000f8e80000,0x0000000100000000)
 ParOldGen       total 251392K, used 187467K [0x00000000c0000000, 0x00000000cf580000, 0x00000000eab00000)
  object space 251392K, 74% used [0x00000000c0000000,0x00000000cb712c68,0x00000000cf580000)
 Metaspace       used 6669K, capacity 7384K, committed 7680K, reserved 1056768K
  class space    used 653K, capacity 656K, committed 768K, reserved 1048576K

Card table byte_map: [0x0000000011690000,0x00000000118a0000] byte_map_base: 0x0000000011090000

Marking Bits: (ParMarkBitMap*) 0x0000000060db13b0
 Begin Bits: [0x0000000011e00000, 0x0000000012e00000)
 End Bits:   [0x0000000012e00000, 0x0000000013e00000)

Polling page: 0x0000000000720000

CodeCache: size=245760Kb used=10883Kb max_used=11944Kb free=234877Kb
 bounds [0x00000000022d0000, 0x0000000002e90000, 0x00000000112d0000]
 total_blobs=2689 nmethods=2416 adapters=186
 compilation: enabled

Compilation events (10 events):
Event: 101.122 Thread 0x00000000149f5000 2964       3       sun.security.provider.SHA::implCompress (491 bytes)
Event: 101.123 Thread 0x00000000149f5000 nmethod 2964 0x00000000027b3f90 code [0x00000000027b4180, 0x00000000027b4a28]
Event: 101.128 Thread 0x000000001499b800 nmethod 2958 0x00000000029a8250 code [0x00000000029a8400, 0x00000000029a8bd0]
Event: 101.176 Thread 0x00000000149f5000 2965       3       sun.security.provider.ByteArrayAccess::b2iBig64 (614 bytes)
Event: 101.178 Thread 0x00000000149f5000 nmethod 2965 0x00000000026ecb90 code [0x00000000026ecda0, 0x00000000026edae8]
Event: 101.179 Thread 0x00000000149ec800 2966 %     4       sun.security.provider.SHA::implCompress @ 12 (491 bytes)
Event: 101.199 Thread 0x000000001499b800 2967       4       sun.security.provider.ByteArrayAccess::b2iBig64 (614 bytes)
Event: 101.204 Thread 0x000000001499b800 nmethod 2967 0x00000000027b3b10 code [0x00000000027b3c40, 0x00000000027b3e58]
Event: 101.214 Thread 0x00000000149ec800 nmethod 2966% 0x00000000029a51d0 code [0x00000000029a5320, 0x00000000029a5d98]
Event: 101.214 Thread 0x000000001499b800 2968 %     4       sun.security.provider.SHA::implCompress @ 122 (491 bytes)

GC Heap History (10 events):
Event: 74.605 GC heap before
{Heap before GC invocations=35 (full 7):
 PSYoungGen      total 216064K, used 30211K [0x00000000eab00000, 0x00000000fdf80000, 0x0000000100000000)
  eden space 127488K, 0% used [0x00000000eab00000,0x00000000eab00000,0x00000000f2780000)
  from space 88576K, 34% used [0x00000000f8900000,0x00000000fa680e68,0x00000000fdf80000)
  to   space 94208K, 0% used [0x00000000f2780000,0x00000000f2780000,0x00000000f8380000)
 ParOldGen       total 273408K, used 251226K [0x00000000c0000000, 0x00000000d0b00000, 0x00000000eab00000)
  object space 273408K, 91% used [0x00000000c0000000,0x00000000cf556a00,0x00000000d0b00000)
 Metaspace       used 6026K, capacity 7026K, committed 7296K, reserved 1056768K
  class space    used 600K, capacity 618K, committed 640K, reserved 1048576K
Event: 85.537 GC heap after
Heap after GC invocations=35 (full 7):
 PSYoungGen      total 216064K, used 4389K [0x00000000eab00000, 0x00000000fdf80000, 0x0000000100000000)
  eden space 127488K, 0% used [0x00000000eab00000,0x00000000eab00000,0x00000000f2780000)
  from space 88576K, 4% used [0x00000000f8900000,0x00000000f8d49768,0x00000000fdf80000)
  to   space 94208K, 0% used [0x00000000f2780000,0x00000000f2780000,0x00000000f8380000)
 ParOldGen       total 332800K, used 273347K [0x00000000c0000000, 0x00000000d4500000, 0x00000000eab00000)
  object space 332800K, 82% used [0x00000000c0000000,0x00000000d0af0e00,0x00000000d4500000)
 Metaspace       used 6026K, capacity 7026K, committed 7296K, reserved 1056768K
  class space    used 600K, capacity 618K, committed 640K, reserved 1048576K
}
Event: 86.426 GC heap before
{Heap before GC invocations=36 (full 7):
 PSYoungGen      total 216064K, used 131877K [0x00000000eab00000, 0x00000000fdf80000, 0x0000000100000000)
  eden space 127488K, 100% used [0x00000000eab00000,0x00000000f2780000,0x00000000f2780000)
  from space 88576K, 4% used [0x00000000f8900000,0x00000000f8d49768,0x00000000fdf80000)
  to   space 94208K, 0% used [0x00000000f2780000,0x00000000f2780000,0x00000000f8380000)
 ParOldGen       total 332800K, used 273347K [0x00000000c0000000, 0x00000000d4500000, 0x00000000eab00000)
  object space 332800K, 82% used [0x00000000c0000000,0x00000000d0af0e00,0x00000000d4500000)
 Metaspace       used 6026K, capacity 7026K, committed 7296K, reserved 1056768K
  class space    used 600K, capacity 618K, committed 640K, reserved 1048576K
Event: 86.855 GC heap after
Heap after GC invocations=36 (full 7):
 PSYoungGen      total 221696K, used 48793K [0x00000000eab00000, 0x00000000fe400000, 0x0000000100000000)
  eden space 127488K, 0% used [0x00000000eab00000,0x00000000eab00000,0x00000000f2780000)
  from space 94208K, 51% used [0x00000000f2780000,0x00000000f57266b0,0x00000000f8380000)
  to   space 93696K, 0% used [0x00000000f8880000,0x00000000f8880000,0x00000000fe400000)
 ParOldGen       total 332800K, used 273347K [0x00000000c0000000, 0x00000000d4500000, 0x00000000eab00000)
  object space 332800K, 82% used [0x00000000c0000000,0x00000000d0af0e00,0x00000000d4500000)
 Metaspace       used 6026K, capacity 7026K, committed 7296K, reserved 1056768K
  class space    used 600K, capacity 618K, committed 640K, reserved 1048576K
}
Event: 88.197 GC heap before
{Heap before GC invocations=37 (full 7):
 PSYoungGen      total 221696K, used 176281K [0x00000000eab00000, 0x00000000fe400000, 0x0000000100000000)
  eden space 127488K, 100% used [0x00000000eab00000,0x00000000f2780000,0x00000000f2780000)
  from space 94208K, 51% used [0x00000000f2780000,0x00000000f57266b0,0x00000000f8380000)
  to   space 93696K, 0% used [0x00000000f8880000,0x00000000f8880000,0x00000000fe400000)
 ParOldGen       total 332800K, used 273347K [0x00000000c0000000, 0x00000000d4500000, 0x00000000eab00000)
  object space 332800K, 82% used [0x00000000c0000000,0x00000000d0af0e00,0x00000000d4500000)
 Metaspace       used 6033K, capacity 7028K, committed 7296K, reserved 1056768K
  class space    used 602K, capacity 620K, committed 640K, reserved 1048576K
Event: 88.419 GC heap after
Heap after GC invocations=37 (full 7):
 PSYoungGen      total 204288K, used 93693K [0x00000000eab00000, 0x0000000100000000, 0x0000000100000000)
  eden space 110592K, 0% used [0x00000000eab00000,0x00000000eab00000,0x00000000f1700000)
  from space 93696K, 99% used [0x00000000f8880000,0x00000000fe3ff738,0x00000000fe400000)
  to   space 116224K, 0% used [0x00000000f1700000,0x00000000f1700000,0x00000000f8880000)
 ParOldGen       total 332800K, used 303331K [0x00000000c0000000, 0x00000000d4500000, 0x00000000eab00000)
  object space 332800K, 91% used [0x00000000c0000000,0x00000000d2838e00,0x00000000d4500000)
 Metaspace       used 6033K, capacity 7028K, committed 7296K, reserved 1056768K
  class space    used 602K, capacity 620K, committed 640K, reserved 1048576K
}
Event: 88.420 GC heap before
{Heap before GC invocations=38 (full 8):
 PSYoungGen      total 204288K, used 93693K [0x00000000eab00000, 0x0000000100000000, 0x0000000100000000)
  eden space 110592K, 0% used [0x00000000eab00000,0x00000000eab00000,0x00000000f1700000)
  from space 93696K, 99% used [0x00000000f8880000,0x00000000fe3ff738,0x00000000fe400000)
  to   space 116224K, 0% used [0x00000000f1700000,0x00000000f1700000,0x00000000f8880000)
 ParOldGen       total 332800K, used 303331K [0x00000000c0000000, 0x00000000d4500000, 0x00000000eab00000)
  object space 332800K, 91% used [0x00000000c0000000,0x00000000d2838e00,0x00000000d4500000)
 Metaspace       used 6033K, capacity 7028K, committed 7296K, reserved 1056768K
  class space    used 602K, capacity 620K, committed 640K, reserved 1048576K
Event: 89.869 GC heap after
Heap after GC invocations=38 (full 8):
 PSYoungGen      total 204288K, used 0K [0x00000000eab00000, 0x0000000100000000, 0x0000000100000000)
  eden space 110592K, 0% used [0x00000000eab00000,0x00000000eab00000,0x00000000f1700000)
  from space 93696K, 0% used [0x00000000f8880000,0x00000000f8880000,0x00000000fe400000)
  to   space 116224K, 0% used [0x00000000f1700000,0x00000000f1700000,0x00000000f8880000)
 ParOldGen       total 251392K, used 187467K [0x00000000c0000000, 0x00000000cf580000, 0x00000000eab00000)
  object space 251392K, 74% used [0x00000000c0000000,0x00000000cb712c68,0x00000000cf580000)
 Metaspace       used 6033K, capacity 7028K, committed 7296K, reserved 1056768K
  class space    used 602K, capacity 620K, committed 640K, reserved 1048576K
}
Event: 93.276 GC heap before
{Heap before GC invocations=39 (full 8):
 PSYoungGen      total 204288K, used 110592K [0x00000000eab00000, 0x0000000100000000, 0x0000000100000000)
  eden space 110592K, 100% used [0x00000000eab00000,0x00000000f1700000,0x00000000f1700000)
  from space 93696K, 0% used [0x00000000f8880000,0x00000000f8880000,0x00000000fe400000)
  to   space 116224K, 0% used [0x00000000f1700000,0x00000000f1700000,0x00000000f8880000)
 ParOldGen       total 251392K, used 187467K [0x00000000c0000000, 0x00000000cf580000, 0x00000000eab00000)
  object space 251392K, 74% used [0x00000000c0000000,0x00000000cb712c68,0x00000000cf580000)
 Metaspace       used 6033K, capacity 7028K, committed 7296K, reserved 1056768K
  class space    used 602K, capacity 620K, committed 640K, reserved 1048576K
Event: 94.341 GC heap after
Heap after GC invocations=39 (full 8):
 PSYoungGen      total 226816K, used 20053K [0x00000000eab00000, 0x0000000100000000, 0x0000000100000000)
  eden space 110592K, 0% used [0x00000000eab00000,0x00000000eab00000,0x00000000f1700000)
  from space 116224K, 17% used [0x00000000f1700000,0x00000000f2a954c8,0x00000000f8880000)
  to   space 116224K, 0% used [0x00000000f8e80000,0x00000000f8e80000,0x0000000100000000)
 ParOldGen       total 251392K, used 187467K [0x00000000c0000000, 0x00000000cf580000, 0x00000000eab00000)
  object space 251392K, 74% used [0x00000000c0000000,0x00000000cb712c68,0x00000000cf580000)
 Metaspace       used 6033K, capacity 7028K, committed 7296K, reserved 1056768K
  class space    used 602K, capacity 620K, committed 640K, reserved 1048576K
}

Deoptimization events (10 events):
Event: 94.372 Thread 0x000000000073d800 Uncommon trap: reason=class_check action=maybe_recompile pc=0x000000000275ca80 method=java.util.Arrays.hashCode([Ljava/lang/Object;)I @ 43
Event: 98.991 Thread 0x000000000073d800 Uncommon trap: reason=unreached action=reinterpret pc=0x000000000244bf00 method=com.android.dx.dex.code.LocalList$MakeState.snapshot(ILcom/android/dx/rop/code/RegisterSpecSet;)V @ 51
Event: 99.947 Thread 0x000000000073d800 Uncommon trap: reason=unreached action=reinterpret pc=0x0000000002e50e94 method=com.android.dx.dex.code.OutputFinisher.findOpcodeForInsn(Lcom/android/dx/dex/code/DalvInsn;Lcom/android/dx/dex/code/Dop;)Lcom/android/dx/dex/code/Dop; @ 1
Event: 99.950 Thread 0x000000000073d800 Uncommon trap: reason=unreached action=reinterpret pc=0x00000000023e2db8 method=com.android.dx.dex.code.OutputFinisher.findOpcodeForInsn(Lcom/android/dx/dex/code/DalvInsn;Lcom/android/dx/dex/code/Dop;)Lcom/android/dx/dex/code/Dop; @ 1
Event: 99.985 Thread 0x000000000073d800 Uncommon trap: reason=null_check action=make_not_entrant pc=0x0000000002e5f468 method=com.android.dx.dex.code.LocalList$MakeState.finish()Lcom/android/dx/dex/code/LocalList; @ 81
Event: 101.090 Thread 0x000000000073d800 Uncommon trap: reason=unreached action=reinterpret pc=0x000000000264e6e8 method=java.util.Arrays.copyOf([Ljava/lang/Object;ILjava/lang/Class;)[Ljava/lang/Object; @ 3
Event: 101.093 Thread 0x000000000073d800 Uncommon trap: reason=class_check action=maybe_recompile pc=0x0000000002d93d58 method=java.util.HashMap.putVal(ILjava/lang/Object;Ljava/lang/Object;ZZ)Ljava/lang/Object; @ 56
Event: 101.094 Thread 0x000000000073d800 Uncommon trap: reason=class_check action=maybe_recompile pc=0x0000000002d93da4 method=java.util.HashMap.putVal(ILjava/lang/Object;Ljava/lang/Object;ZZ)Ljava/lang/Object; @ 152
Event: 101.094 Thread 0x000000000073d800 Uncommon trap: reason=class_check action=maybe_recompile pc=0x0000000002d93d58 method=java.util.HashMap.putVal(ILjava/lang/Object;Ljava/lang/Object;ZZ)Ljava/lang/Object; @ 56
Event: 101.094 Thread 0x000000000073d800 Uncommon trap: reason=class_check action=maybe_recompile pc=0x0000000002486a2c method=java.util.HashMap.putVal(ILjava/lang/Object;Ljava/lang/Object;ZZ)Ljava/lang/Object; @ 56

Internal exceptions (10 events):
Event: 99.948 Thread 0x000000000073d800 Exception <a 'java/security/PrivilegedActionException'> (0x00000000ebb1c228) thrown at [D:\re\workspace\8-2-build-windows-amd64-cygwin\jdk8u5\2488\hotspot\src\share\vm\prims\jvm.cpp, line 1248]
Event: 99.985 Thread 0x000000000073d800 Implicit null exception at 0x0000000002e5e8f8 to 0x0000000002e5f45d
Event: 100.229 Thread 0x000000000073d800 Exception <a 'java/security/PrivilegedActionException'> (0x00000000ebe2d870) thrown at [D:\re\workspace\8-2-build-windows-amd64-cygwin\jdk8u5\2488\hotspot\src\share\vm\prims\jvm.cpp, line 1248]
Event: 100.231 Thread 0x000000000073d800 Exception <a 'java/security/PrivilegedActionException'> (0x00000000ebe39790) thrown at [D:\re\workspace\8-2-build-windows-amd64-cygwin\jdk8u5\2488\hotspot\src\share\vm\prims\jvm.cpp, line 1248]
Event: 100.232 Thread 0x000000000073d800 Exception <a 'java/security/PrivilegedActionException'> (0x00000000ebe3c648) thrown at [D:\re\workspace\8-2-build-windows-amd64-cygwin\jdk8u5\2488\hotspot\src\share\vm\prims\jvm.cpp, line 1248]
Event: 100.258 Thread 0x000000000073d800 Exception <a 'java/security/PrivilegedActionException'> (0x00000000ebea5090) thrown at [D:\re\workspace\8-2-build-windows-amd64-cygwin\jdk8u5\2488\hotspot\src\share\vm\prims\jvm.cpp, line 1248]
Event: 100.341 Thread 0x000000000073d800 Exception <a 'java/security/PrivilegedActionException'> (0x00000000ebfc4cf0) thrown at [D:\re\workspace\8-2-build-windows-amd64-cygwin\jdk8u5\2488\hotspot\src\share\vm\prims\jvm.cpp, line 1248]
Event: 100.342 Thread 0x000000000073d800 Exception <a 'java/security/PrivilegedActionException'> (0x00000000ebfca4a0) thrown at [D:\re\workspace\8-2-build-windows-amd64-cygwin\jdk8u5\2488\hotspot\src\share\vm\prims\jvm.cpp, line 1248]
Event: 100.370 Thread 0x000000000073d800 Exception <a 'java/security/PrivilegedActionException'> (0x00000000ebfd0218) thrown at [D:\re\workspace\8-2-build-windows-amd64-cygwin\jdk8u5\2488\hotspot\src\share\vm\prims\jvm.cpp, line 1248]
Event: 101.039 Thread 0x000000000073d800 Exception <a 'java/security/PrivilegedActionException'> (0x00000000ebfdc920) thrown at [D:\re\workspace\8-2-build-windows-amd64-cygwin\jdk8u5\2488\hotspot\src\share\vm\prims\jvm.cpp, line 1248]

Events (10 events):
Event: 101.217 Thread 0x000000000073d800 DEOPT PACKING pc=0x00000000027b4810 sp=0x00000000020cf100
Event: 101.217 Thread 0x000000000073d800 DEOPT UNPACKING pc=0x0000000002317604 sp=0x00000000020cee18 mode 0
Event: 101.218 Thread 0x000000000073d800 DEOPT PACKING pc=0x00000000027b4810 sp=0x00000000020cf100
Event: 101.218 Thread 0x000000000073d800 DEOPT UNPACKING pc=0x0000000002317604 sp=0x00000000020cee18 mode 0
Event: 101.219 Thread 0x000000000073d800 DEOPT PACKING pc=0x00000000027b4810 sp=0x00000000020cf100
Event: 101.219 Thread 0x000000000073d800 DEOPT UNPACKING pc=0x0000000002317604 sp=0x00000000020cee18 mode 0
Event: 101.219 Thread 0x000000000073d800 DEOPT PACKING pc=0x00000000027b4810 sp=0x00000000020cf100
Event: 101.219 Thread 0x000000000073d800 DEOPT UNPACKING pc=0x0000000002317604 sp=0x00000000020cee18 mode 0
Event: 101.219 Thread 0x000000000073d800 DEOPT PACKING pc=0x00000000027b4810 sp=0x00000000020cf100
Event: 101.219 Thread 0x000000000073d800 DEOPT UNPACKING pc=0x0000000002317604 sp=0x00000000020cee18 mode 0


Dynamic libraries:
0x00007ff612f70000 - 0x00007ff612fa4000 	C:\Program Files\Java\jdk1.8.0_05\bin\java.exe
0x00007ff978eb0000 - 0x00007ff979071000 	C:\WINDOWS\SYSTEM32\ntdll.dll
0x00007ff9780e0000 - 0x00007ff97818d000 	C:\WINDOWS\system32\KERNEL32.DLL
0x00007ff9763a0000 - 0x00007ff97657d000 	C:\WINDOWS\system32\KERNELBASE.dll
0x00007ff9769b0000 - 0x00007ff976a56000 	C:\WINDOWS\system32\ADVAPI32.dll
0x00007ff976720000 - 0x00007ff9767bd000 	C:\WINDOWS\system32\msvcrt.dll
0x00007ff978190000 - 0x00007ff9781eb000 	C:\WINDOWS\system32\sechost.dll
0x00007ff978ad0000 - 0x00007ff978bf6000 	C:\WINDOWS\system32\RPCRT4.dll
0x00007ff978690000 - 0x00007ff9787de000 	C:\WINDOWS\system32\USER32.dll
0x00007ff976820000 - 0x00007ff9769a6000 	C:\WINDOWS\system32\GDI32.dll
0x00007ff96afc0000 - 0x00007ff96b234000 	C:\WINDOWS\WinSxS\amd64_microsoft.windows.common-controls_6595b64144ccf1df_6.0.10240.16384_none_f41f7b285750ef43\COMCTL32.dll
0x00007ff9766e0000 - 0x00007ff976716000 	C:\WINDOWS\system32\IMM32.DLL
0x00007ff976580000 - 0x00007ff9766dc000 	C:\WINDOWS\system32\MSCTF.dll
0x0000000060180000 - 0x0000000060252000 	C:\Program Files\Java\jdk1.8.0_05\jre\bin\msvcr100.dll
0x0000000060600000 - 0x0000000060e2a000 	C:\Program Files\Java\jdk1.8.0_05\jre\bin\server\jvm.dll
0x00007ff978260000 - 0x00007ff978268000 	C:\WINDOWS\system32\PSAPI.DLL
0x00007ff95a940000 - 0x00007ff95a949000 	C:\WINDOWS\SYSTEM32\WSOCK32.dll
0x00007ff978c70000 - 0x00007ff978cd9000 	C:\WINDOWS\system32\WS2_32.dll
0x00007ff9787e0000 - 0x00007ff9787e8000 	C:\WINDOWS\system32\NSI.dll
0x00007ff973ca0000 - 0x00007ff973cc3000 	C:\WINDOWS\SYSTEM32\WINMM.dll
0x00007ff973b10000 - 0x00007ff973b3c000 	C:\WINDOWS\SYSTEM32\WINMMBASE.dll
0x00007ff975c70000 - 0x00007ff975cb4000 	C:\WINDOWS\system32\cfgmgr32.dll
0x00007ff973ab0000 - 0x00007ff973ad7000 	C:\WINDOWS\SYSTEM32\DEVOBJ.dll
0x00000000605f0000 - 0x00000000605ff000 	C:\Program Files\Java\jdk1.8.0_05\jre\bin\verify.dll
0x00000000605c0000 - 0x00000000605e8000 	C:\Program Files\Java\jdk1.8.0_05\jre\bin\java.dll
0x00000000605a0000 - 0x00000000605b6000 	C:\Program Files\Java\jdk1.8.0_05\jre\bin\zip.dll
0x00007ff976a60000 - 0x00007ff977f82000 	C:\WINDOWS\system32\SHELL32.dll
0x00007ff975cc0000 - 0x00007ff9762e9000 	C:\WINDOWS\system32\windows.storage.dll
0x00007ff978850000 - 0x00007ff978acc000 	C:\WINDOWS\system32\combase.dll
0x00007ff978c10000 - 0x00007ff978c61000 	C:\WINDOWS\system32\shlwapi.dll
0x00007ff975900000 - 0x00007ff97590f000 	C:\WINDOWS\system32\kernel.appcore.dll
0x00007ff975bb0000 - 0x00007ff975c63000 	C:\WINDOWS\system32\shcore.dll
0x00007ff975930000 - 0x00007ff97597a000 	C:\WINDOWS\system32\powrprof.dll
0x00007ff9758e0000 - 0x00007ff9758f3000 	C:\WINDOWS\system32\profapi.dll

VM Arguments:
jvm_args: -Xmx1024M -Dfile.encoding=windows-1252 -Duser.country=BR -Duser.language=pt -Duser.variant 
java_command: com.android.dx.command.Main --dex --num-threads=4 --output E:\GitHub\FitCook\app\build\intermediates\pre-dexed\debug\classes-9032a26c93add31dab6fd669133c6242d7ad36f9.jar E:\GitHub\FitCook\app\build\intermediates\exploded-aar\com.google.android.gms\play-services-analytics\7.5.0\jars\classes.jar
java_class_path (initial): C:\Program Files (x86)\Android\android-sdk\build-tools\23.0.0-preview\lib\dx.jar
Launcher Type: SUN_STANDARD

Environment Variables:
JAVA_HOME=C:\Program Files\Java\jdk1.8.0_05
PATH=C:\Program Files (x86)\Intel\iCLS Client\;C:\Program Files\Intel\iCLS Client\;C:\WINDOWS\system32;C:\WINDOWS;C:\WINDOWS\System32\Wbem;C:\WINDOWS\System32\WindowsPowerShell\v1.0\;C:\Program Files (x86)\Windows Live\Shared;C:\Program Files (x86)\Intel\OpenCL SDK\2.0\bin\x86;C:\Program Files (x86)\Intel\OpenCL SDK\2.0\bin\x64;C:\Program Files\Intel\Intel(R) Management Engine Components\DAL;C:\Program Files\Intel\Intel(R) Management Engine Components\IPT;C:\Program Files (x86)\Intel\Intel(R) Management Engine Components\DAL;C:\Program Files (x86)\Intel\Intel(R) Management Engine Components\IPT;C:\Program Files\Java\jdk1.8.0_05/bin;C:\Program Files (x86)\Android\android-sdk\platform-tools;C:\Program Files (x86)\Git\cmd;C:\Program Files (x86)\Skype\Phone\;C:\Program Files (x86)\Windows Kits\8.1\Windows Performance Toolkit\;C:\Program Files\Microsoft SQL Server\110\Tools\Binn\;C:\Program Files (x86)\Microsoft SDKs\TypeScript\1.0\;C:\Program Files\Microsoft SQL Server\120\Tools\Binn\;C:\Program Files (x86)\nodejs\;C:\Ruby21\bin;C:\Users\Aires\AppData\Roaming\npm
USERNAME=Aires
OS=Windows_NT
PROCESSOR_IDENTIFIER=Intel64 Family 6 Model 58 Stepping 9, GenuineIntel



---------------  S Y S T E M  ---------------

OS: Windows 8.1 , 64 bit Build 9600 

CPU:total 4 (2 cores per cpu, 2 threads per core) family 6 model 58 stepping 9, cmov, cx8, fxsr, mmx, sse, sse2, sse3, ssse3, sse4.1, sse4.2, popcnt, avx, clmul, erms, ht, tsc, tscinvbit

Memory: 4k page, physical 8282396k(1265704k free), swap 8282396k(3288k free)

vm_info: Java HotSpot(TM) 64-Bit Server VM (25.5-b02) for windows-amd64 JRE (1.8.0_05-b13), built on Mar 18 2014 01:08:39 by "java_re" with MS VC++ 10.0 (VS2010)

time: Mon Aug 17 14:28:49 2015
elapsed time: 101 seconds

