#
# There is insufficient memory for the Java Runtime Environment to continue.
# Native memory allocation (malloc) failed to allocate 47856 bytes for Chunk::new
# Possible reasons:
#   The system is out of physical RAM or swap space
#   In 32 bit mode, the process size limit was hit
# Possible solutions:
#   Reduce memory load on the system
#   Increase physical memory or swap space
#   Check if swap backing store is full
#   Use 64 bit Java on a 64 bit OS
#   Decrease Java heap size (-Xmx/-Xms)
#   Decrease number of Java threads
#   Decrease Java thread stack sizes (-Xss)
#   Set larger code cache with -XX:ReservedCodeCacheSize=
# This output file may be truncated or incomplete.
#
#  Out of Memory Error (allocation.cpp:388), pid=6204, tid=2320
#
# JRE version: Java(TM) SE Runtime Environment (8.0_05-b13) (build 1.8.0_05-b13)
# Java VM: Java HotSpot(TM) 64-Bit Server VM (25.5-b02 mixed mode windows-amd64 compressed oops)
# Failed to write core dump. Minidumps are not enabled by default on client versions of Windows
#

---------------  T H R E A D  ---------------

Current thread (0x0000000014aad000):  JavaThread "C2 CompilerThread0" daemon [_thread_in_native, id=2320, stack(0x0000000016030000,0x0000000016130000)]

Stack: [0x0000000016030000,0x0000000016130000]
Native frames: (J=compiled Java code, j=interpreted, Vv=VM code, C=native code)
V  [jvm.dll+0x308dea]


Current CompileTask:
C2:   2067  932       4       com.android.dx.rop.code.RegisterSpecSet::mutableCopy (57 bytes)


---------------  P R O C E S S  ---------------

Java Threads: ( => current thread )
  0x0000000016697800 JavaThread "pool-1-thread-4" [_thread_blocked, id=8060, stack(0x0000000016d30000,0x0000000016e30000)]
  0x00000000166a7800 JavaThread "pool-1-thread-3" [_thread_blocked, id=6888, stack(0x0000000016c30000,0x0000000016d30000)]
  0x0000000016696800 JavaThread "pool-1-thread-2" [_thread_in_Java, id=7728, stack(0x0000000016b30000,0x0000000016c30000)]
  0x0000000016689000 JavaThread "pool-2-thread-1" [_thread_blocked, id=1124, stack(0x0000000016a30000,0x0000000016b30000)]
  0x0000000016686800 JavaThread "pool-1-thread-1" [_thread_blocked, id=3652, stack(0x0000000016930000,0x0000000016a30000)]
  0x0000000014b0c800 JavaThread "Service Thread" daemon [_thread_blocked, id=4368, stack(0x0000000016330000,0x0000000016430000)]
  0x0000000014b04800 JavaThread "C1 CompilerThread2" daemon [_thread_in_vm, id=5780, stack(0x0000000016230000,0x0000000016330000)]
  0x0000000014afe800 JavaThread "C2 CompilerThread1" daemon [_thread_blocked, id=6712, stack(0x0000000016130000,0x0000000016230000)]
=>0x0000000014aad000 JavaThread "C2 CompilerThread0" daemon [_thread_in_native, id=2320, stack(0x0000000016030000,0x0000000016130000)]
  0x0000000014aab800 JavaThread "Attach Listener" daemon [_thread_blocked, id=4340, stack(0x0000000015f30000,0x0000000016030000)]
  0x0000000014aaa800 JavaThread "Signal Dispatcher" daemon [_thread_blocked, id=6580, stack(0x0000000015e30000,0x0000000015f30000)]
  0x00000000023a5000 JavaThread "Finalizer" daemon [_thread_blocked, id=880, stack(0x0000000015d20000,0x0000000015e20000)]
  0x0000000002399000 JavaThread "Reference Handler" daemon [_thread_blocked, id=6096, stack(0x0000000015c20000,0x0000000015d20000)]
  0x000000000219d800 JavaThread "main" [_thread_in_Java, id=228, stack(0x00000000021a0000,0x00000000022a0000)]

Other Threads:
  0x0000000014a75000 VMThread [stack: 0x0000000015b20000,0x0000000015c20000] [id=6740]
  0x0000000014b0e800 WatcherThread [stack: 0x0000000016830000,0x0000000016930000] [id=2112]

VM state:not at safepoint (normal execution)

VM Mutex/Monitor currently owned by a thread: None

Heap:
 PSYoungGen      total 10240K, used 4321K [0x00000000eab00000, 0x00000000eb700000, 0x0000000100000000)
  eden space 8192K, 30% used [0x00000000eab00000,0x00000000ead70638,0x00000000eb300000)
  from space 2048K, 89% used [0x00000000eb500000,0x00000000eb6c8018,0x00000000eb700000)
  to   space 2048K, 0% used [0x00000000eb300000,0x00000000eb300000,0x00000000eb500000)
 ParOldGen       total 129536K, used 1871K [0x00000000c0000000, 0x00000000c7e80000, 0x00000000eab00000)
  object space 129536K, 1% used [0x00000000c0000000,0x00000000c01d3cd8,0x00000000c7e80000)
 Metaspace       used 5517K, capacity 6704K, committed 6784K, reserved 1056768K
  class space    used 578K, capacity 616K, committed 640K, reserved 1048576K

Card table byte_map: [0x0000000011780000,0x0000000011990000] byte_map_base: 0x0000000011180000

Marking Bits: (ParMarkBitMap*) 0x00000000765f13b0
 Begin Bits: [0x0000000011ef0000, 0x0000000012ef0000)
 End Bits:   [0x0000000012ef0000, 0x0000000013ef0000)

Polling page: 0x0000000002180000

CodeCache: size=245760Kb used=3534Kb max_used=3534Kb free=242225Kb
 bounds [0x00000000023c0000, 0x0000000002740000, 0x00000000113c0000]
 total_blobs=1183 nmethods=919 adapters=178
 compilation: enabled

Compilation events (10 events):
Event: 2.059 Thread 0x0000000014b04800 nmethod 938 0x0000000002731350 code [0x0000000002731520, 0x0000000002731ac8]
Event: 2.059 Thread 0x0000000014b04800  937       3       com.android.dx.rop.code.BasicBlock::getFirstInsn (9 bytes)
Event: 2.059 Thread 0x0000000014b04800 nmethod 937 0x0000000002731e90 code [0x0000000002732000, 0x00000000027323c8]
Event: 2.059 Thread 0x0000000014b04800  939       3       java.util.BitSet::checkRange (104 bytes)
Event: 2.061 Thread 0x0000000014b04800 nmethod 939 0x00000000027324d0 code [0x00000000027327c0, 0x0000000002733eb8]
Event: 2.061 Thread 0x0000000014b04800  941       3       com.android.dx.util.ByteArray::getByte0 (12 bytes)
Event: 2.061 Thread 0x0000000014b04800 nmethod 941 0x0000000002734910 code [0x0000000002734a60, 0x0000000002734bd0]
Event: 2.061 Thread 0x0000000014b04800  923       3       com.android.dx.rop.code.Rops::opMove (77 bytes)
Event: 2.063 Thread 0x0000000014b04800 nmethod 923 0x0000000002734cd0 code [0x0000000002734f00, 0x0000000002735a98]
Event: 2.063 Thread 0x0000000014b04800  944   !   3       com.android.dx.cf.code.Ropper::processBlock (1101 bytes)

GC Heap History (10 events):
Event: 0.752 GC heap before
{Heap before GC invocations=4 (full 0):
 PSYoungGen      total 1536K, used 1527K [0x00000000eab00000, 0x00000000eae00000, 0x0000000100000000)
  eden space 1024K, 100% used [0x00000000eab00000,0x00000000eac00000,0x00000000eac00000)
  from space 512K, 98% used [0x00000000eac00000,0x00000000eac7dc80,0x00000000eac80000)
  to   space 512K, 0% used [0x00000000ead80000,0x00000000ead80000,0x00000000eae00000)
 ParOldGen       total 129536K, used 456K [0x00000000c0000000, 0x00000000c7e80000, 0x00000000eab00000)
  object space 129536K, 0% used [0x00000000c0000000,0x00000000c00720e0,0x00000000c7e80000)
 Metaspace       used 3711K, capacity 5104K, committed 5376K, reserved 1056768K
  class space    used 421K, capacity 488K, committed 512K, reserved 1048576K
Event: 0.792 GC heap after
Heap after GC invocations=4 (full 0):
 PSYoungGen      total 2560K, used 483K [0x00000000eab00000, 0x00000000eae00000, 0x0000000100000000)
  eden space 2048K, 0% used [0x00000000eab00000,0x00000000eab00000,0x00000000ead00000)
  from space 512K, 94% used [0x00000000ead80000,0x00000000eadf8e40,0x00000000eae00000)
  to   space 512K, 0% used [0x00000000ead00000,0x00000000ead00000,0x00000000ead80000)
 ParOldGen       total 129536K, used 803K [0x00000000c0000000, 0x00000000c7e80000, 0x00000000eab00000)
  object space 129536K, 0% used [0x00000000c0000000,0x00000000c00c8c80,0x00000000c7e80000)
 Metaspace       used 3711K, capacity 5104K, committed 5376K, reserved 1056768K
  class space    used 421K, capacity 488K, committed 512K, reserved 1048576K
}
Event: 0.926 GC heap before
{Heap before GC invocations=5 (full 0):
 PSYoungGen      total 2560K, used 2526K [0x00000000eab00000, 0x00000000eae00000, 0x0000000100000000)
  eden space 2048K, 99% used [0x00000000eab00000,0x00000000eacfec58,0x00000000ead00000)
  from space 512K, 94% used [0x00000000ead80000,0x00000000eadf8e40,0x00000000eae00000)
  to   space 512K, 0% used [0x00000000ead00000,0x00000000ead00000,0x00000000ead80000)
 ParOldGen       total 129536K, used 803K [0x00000000c0000000, 0x00000000c7e80000, 0x00000000eab00000)
  object space 129536K, 0% used [0x00000000c0000000,0x00000000c00c8c80,0x00000000c7e80000)
 Metaspace       used 4261K, capacity 5584K, committed 5760K, reserved 1056768K
  class space    used 473K, capacity 520K, committed 640K, reserved 1048576K
Event: 0.952 GC heap after
Heap after GC invocations=5 (full 0):
 PSYoungGen      total 2560K, used 496K [0x00000000eab00000, 0x00000000eb200000, 0x0000000100000000)
  eden space 2048K, 0% used [0x00000000eab00000,0x00000000eab00000,0x00000000ead00000)
  from space 512K, 96% used [0x00000000ead00000,0x00000000ead7c010,0x00000000ead80000)
  to   space 1536K, 0% used [0x00000000eb080000,0x00000000eb080000,0x00000000eb200000)
 ParOldGen       total 129536K, used 1492K [0x00000000c0000000, 0x00000000c7e80000, 0x00000000eab00000)
  object space 129536K, 1% used [0x00000000c0000000,0x00000000c0175078,0x00000000c7e80000)
 Metaspace       used 4261K, capacity 5584K, committed 5760K, reserved 1056768K
  class space    used 473K, capacity 520K, committed 640K, reserved 1048576K
}
Event: 1.180 GC heap before
{Heap before GC invocations=6 (full 0):
 PSYoungGen      total 2560K, used 2541K [0x00000000eab00000, 0x00000000eb200000, 0x0000000100000000)
  eden space 2048K, 99% used [0x00000000eab00000,0x00000000eacff418,0x00000000ead00000)
  from space 512K, 96% used [0x00000000ead00000,0x00000000ead7c010,0x00000000ead80000)
  to   space 1536K, 0% used [0x00000000eb080000,0x00000000eb080000,0x00000000eb200000)
 ParOldGen       total 129536K, used 1492K [0x00000000c0000000, 0x00000000c7e80000, 0x00000000eab00000)
  object space 129536K, 1% used [0x00000000c0000000,0x00000000c0175078,0x00000000c7e80000)
 Metaspace       used 4890K, capacity 6160K, committed 6272K, reserved 1056768K
  class space    used 547K, capacity 584K, committed 640K, reserved 1048576K
Event: 1.242 GC heap after
Heap after GC invocations=6 (full 0):
 PSYoungGen      total 5632K, used 1088K [0x00000000eab00000, 0x00000000eb200000, 0x0000000100000000)
  eden space 4096K, 0% used [0x00000000eab00000,0x00000000eab00000,0x00000000eaf00000)
  from space 1536K, 70% used [0x00000000eb080000,0x00000000eb190348,0x00000000eb200000)
  to   space 1536K, 0% used [0x00000000eaf00000,0x00000000eaf00000,0x00000000eb080000)
 ParOldGen       total 129536K, used 1500K [0x00000000c0000000, 0x00000000c7e80000, 0x00000000eab00000)
  object space 129536K, 1% used [0x00000000c0000000,0x00000000c0177078,0x00000000c7e80000)
 Metaspace       used 4890K, capacity 6160K, committed 6272K, reserved 1056768K
  class space    used 547K, capacity 584K, committed 640K, reserved 1048576K
}
Event: 1.503 GC heap before
{Heap before GC invocations=7 (full 0):
 PSYoungGen      total 5632K, used 5184K [0x00000000eab00000, 0x00000000eb200000, 0x0000000100000000)
  eden space 4096K, 100% used [0x00000000eab00000,0x00000000eaf00000,0x00000000eaf00000)
  from space 1536K, 70% used [0x00000000eb080000,0x00000000eb190348,0x00000000eb200000)
  to   space 1536K, 0% used [0x00000000eaf00000,0x00000000eaf00000,0x00000000eb080000)
 ParOldGen       total 129536K, used 1500K [0x00000000c0000000, 0x00000000c7e80000, 0x00000000eab00000)
  object space 129536K, 1% used [0x00000000c0000000,0x00000000c0177078,0x00000000c7e80000)
 Metaspace       used 5382K, capacity 6576K, committed 6784K, reserved 1056768K
  class space    used 576K, capacity 616K, committed 640K, reserved 1048576K
Event: 1.506 GC heap after
Heap after GC invocations=7 (full 0):
 PSYoungGen      total 5632K, used 1504K [0x00000000eab00000, 0x00000000eb700000, 0x0000000100000000)
  eden space 4096K, 0% used [0x00000000eab00000,0x00000000eab00000,0x00000000eaf00000)
  from space 1536K, 97% used [0x00000000eaf00000,0x00000000eb078018,0x00000000eb080000)
  to   space 2048K, 0% used [0x00000000eb500000,0x00000000eb500000,0x00000000eb700000)
 ParOldGen       total 129536K, used 1719K [0x00000000c0000000, 0x00000000c7e80000, 0x00000000eab00000)
  object space 129536K, 1% used [0x00000000c0000000,0x00000000c01adcb8,0x00000000c7e80000)
 Metaspace       used 5382K, capacity 6576K, committed 6784K, reserved 1056768K
  class space    used 576K, capacity 616K, committed 640K, reserved 1048576K
}
Event: 2.023 GC heap before
{Heap before GC invocations=8 (full 0):
 PSYoungGen      total 5632K, used 5600K [0x00000000eab00000, 0x00000000eb700000, 0x0000000100000000)
  eden space 4096K, 100% used [0x00000000eab00000,0x00000000eaf00000,0x00000000eaf00000)
  from space 1536K, 97% used [0x00000000eaf00000,0x00000000eb078018,0x00000000eb080000)
  to   space 2048K, 0% used [0x00000000eb500000,0x00000000eb500000,0x00000000eb700000)
 ParOldGen       total 129536K, used 1719K [0x00000000c0000000, 0x00000000c7e80000, 0x00000000eab00000)
  object space 129536K, 1% used [0x00000000c0000000,0x00000000c01adcb8,0x00000000c7e80000)
 Metaspace       used 5499K, capacity 6640K, committed 6784K, reserved 1056768K
  class space    used 578K, capacity 616K, committed 640K, reserved 1048576K
Event: 2.027 GC heap after
Heap after GC invocations=8 (full 0):
 PSYoungGen      total 10240K, used 1824K [0x00000000eab00000, 0x00000000eb700000, 0x0000000100000000)
  eden space 8192K, 0% used [0x00000000eab00000,0x00000000eab00000,0x00000000eb300000)
  from space 2048K, 89% used [0x00000000eb500000,0x00000000eb6c8018,0x00000000eb700000)
  to   space 2048K, 0% used [0x00000000eb300000,0x00000000eb300000,0x00000000eb500000)
 ParOldGen       total 129536K, used 1871K [0x00000000c0000000, 0x00000000c7e80000, 0x00000000eab00000)
  object space 129536K, 1% used [0x00000000c0000000,0x00000000c01d3cd8,0x00000000c7e80000)
 Metaspace       used 5499K, capacity 6640K, committed 6784K, reserved 1056768K
  class space    used 578K, capacity 616K, committed 640K, reserved 1048576K
}

Deoptimization events (5 events):
Event: 2.016 Thread 0x0000000016686800 Uncommon trap: reason=class_check action=maybe_recompile pc=0x00000000026b594c method=com.android.dx.ssa.NormalSsaInsn.accept(Lcom/android/dx/ssa/SsaInsn$Visitor;)V @ 9
Event: 2.016 Thread 0x0000000016686800 Uncommon trap: reason=class_check action=maybe_recompile pc=0x00000000025f8870 method=com.android.dx.ssa.NormalSsaInsn.accept(Lcom/android/dx/ssa/SsaInsn$Visitor;)V @ 9
Event: 2.016 Thread 0x0000000016686800 Uncommon trap: reason=class_check action=maybe_recompile pc=0x00000000025f8870 method=com.android.dx.ssa.NormalSsaInsn.accept(Lcom/android/dx/ssa/SsaInsn$Visitor;)V @ 9
Event: 2.016 Thread 0x0000000016686800 Uncommon trap: reason=class_check action=maybe_recompile pc=0x00000000025f8870 method=com.android.dx.ssa.NormalSsaInsn.accept(Lcom/android/dx/ssa/SsaInsn$Visitor;)V @ 9
Event: 2.022 Thread 0x0000000016686800 Uncommon trap: reason=class_check action=maybe_recompile pc=0x00000000026b594c method=com.android.dx.ssa.NormalSsaInsn.accept(Lcom/android/dx/ssa/SsaInsn$Visitor;)V @ 9

Internal exceptions (10 events):
Event: 1.290 Thread 0x0000000016686800 Exception <a 'java/security/PrivilegedActionException'> (0x00000000eac0a2c0) thrown at [D:\re\workspace\8-2-build-windows-amd64-cygwin\jdk8u5\2488\hotspot\src\share\vm\prims\jvm.cpp, line 1248]
Event: 1.291 Thread 0x0000000016686800 Exception <a 'java/security/PrivilegedActionException'> (0x00000000eac0d378) thrown at [D:\re\workspace\8-2-build-windows-amd64-cygwin\jdk8u5\2488\hotspot\src\share\vm\prims\jvm.cpp, line 1248]
Event: 1.293 Thread 0x000000000219d800 Exception <a 'java/security/PrivilegedActionException'> (0x00000000eabe2c50) thrown at [D:\re\workspace\8-2-build-windows-amd64-cygwin\jdk8u5\2488\hotspot\src\share\vm\prims\jvm.cpp, line 1248]
Event: 1.294 Thread 0x0000000016696800 Exception <a 'java/security/PrivilegedActionException'> (0x00000000eac13408) thrown at [D:\re\workspace\8-2-build-windows-amd64-cygwin\jdk8u5\2488\hotspot\src\share\vm\prims\jvm.cpp, line 1248]
Event: 1.302 Thread 0x000000000219d800 Exception <a 'java/security/PrivilegedActionException'> (0x00000000eac4e388) thrown at [D:\re\workspace\8-2-build-windows-amd64-cygwin\jdk8u5\2488\hotspot\src\share\vm\prims\jvm.cpp, line 1248]
Event: 1.307 Thread 0x0000000016696800 Exception <a 'java/security/PrivilegedActionException'> (0x00000000eac82fc8) thrown at [D:\re\workspace\8-2-build-windows-amd64-cygwin\jdk8u5\2488\hotspot\src\share\vm\prims\jvm.cpp, line 1248]
Event: 1.318 Thread 0x000000000219d800 Exception <a 'java/security/PrivilegedActionException'> (0x00000000eacc42d8) thrown at [D:\re\workspace\8-2-build-windows-amd64-cygwin\jdk8u5\2488\hotspot\src\share\vm\prims\jvm.cpp, line 1248]
Event: 1.457 Thread 0x000000000219d800 Exception <a 'java/security/PrivilegedActionException'> (0x00000000eaeb3b30) thrown at [D:\re\workspace\8-2-build-windows-amd64-cygwin\jdk8u5\2488\hotspot\src\share\vm\prims\jvm.cpp, line 1248]
Event: 1.460 Thread 0x000000000219d800 Exception <a 'java/security/PrivilegedActionException'> (0x00000000eaec1fc8) thrown at [D:\re\workspace\8-2-build-windows-amd64-cygwin\jdk8u5\2488\hotspot\src\share\vm\prims\jvm.cpp, line 1248]
Event: 1.743 Thread 0x000000000219d800 Exception <a 'java/security/PrivilegedActionException'> (0x00000000ead59968) thrown at [D:\re\workspace\8-2-build-windows-amd64-cygwin\jdk8u5\2488\hotspot\src\share\vm\prims\jvm.cpp, line 1248]

Events (10 events):
Event: 2.016 Thread 0x0000000016686800 DEOPT PACKING pc=0x00000000025f8870 sp=0x0000000016a2ea20
Event: 2.016 Thread 0x0000000016686800 DEOPT UNPACKING pc=0x00000000024055af sp=0x0000000016a2e9c0 mode 2
Event: 2.016 Thread 0x0000000016686800 Uncommon trap: trap_request=0xffffffde fr.pc=0x00000000025f8870
Event: 2.016 Thread 0x0000000016686800 DEOPT PACKING pc=0x00000000025f8870 sp=0x0000000016a2ea20
Event: 2.016 Thread 0x0000000016686800 DEOPT UNPACKING pc=0x00000000024055af sp=0x0000000016a2e9c0 mode 2
Event: 2.022 Thread 0x0000000016686800 Uncommon trap: trap_request=0xffffffde fr.pc=0x00000000026b594c
Event: 2.022 Thread 0x0000000016686800 DEOPT PACKING pc=0x00000000026b594c sp=0x0000000016a2ea20
Event: 2.022 Thread 0x0000000016686800 DEOPT UNPACKING pc=0x00000000024055af sp=0x0000000016a2e9d0 mode 2
Event: 2.023 Executing VM operation: ParallelGCFailedAllocation
Event: 2.027 Executing VM operation: ParallelGCFailedAllocation done


Dynamic libraries:
0x00007ff793670000 - 0x00007ff7936a4000 	C:\Program Files\Java\jdk1.8.0_05\bin\java.exe
0x00007fff8a4a0000 - 0x00007fff8a661000 	C:\WINDOWS\SYSTEM32\ntdll.dll
0x00007fff87bd0000 - 0x00007fff87c7d000 	C:\WINDOWS\system32\KERNEL32.DLL
0x00007fff86f70000 - 0x00007fff8714d000 	C:\WINDOWS\system32\KERNELBASE.dll
0x00007fff894f0000 - 0x00007fff89596000 	C:\WINDOWS\system32\ADVAPI32.dll
0x00007fff8a310000 - 0x00007fff8a3ad000 	C:\WINDOWS\system32\msvcrt.dll
0x00007fff87b70000 - 0x00007fff87bcb000 	C:\WINDOWS\system32\sechost.dll
0x00007fff898b0000 - 0x00007fff899d6000 	C:\WINDOWS\system32\RPCRT4.dll
0x00007fff89b30000 - 0x00007fff89c7e000 	C:\WINDOWS\system32\USER32.dll
0x00007fff892a0000 - 0x00007fff89426000 	C:\WINDOWS\system32\GDI32.dll
0x00007fff7cbd0000 - 0x00007fff7ce44000 	C:\WINDOWS\WinSxS\amd64_microsoft.windows.common-controls_6595b64144ccf1df_6.0.10240.16384_none_f41f7b285750ef43\COMCTL32.dll
0x00007fff87c80000 - 0x00007fff87cb6000 	C:\WINDOWS\system32\IMM32.DLL
0x00007fff895a0000 - 0x00007fff896fc000 	C:\WINDOWS\system32\MSCTF.dll
0x00000000759c0000 - 0x0000000075a92000 	C:\Program Files\Java\jdk1.8.0_05\jre\bin\msvcr100.dll
0x0000000075e40000 - 0x000000007666a000 	C:\Program Files\Java\jdk1.8.0_05\jre\bin\server\jvm.dll
0x00007fff8a3b0000 - 0x00007fff8a3b8000 	C:\WINDOWS\system32\PSAPI.DLL
0x00007fff83e20000 - 0x00007fff83e29000 	C:\WINDOWS\SYSTEM32\WSOCK32.dll
0x00007fff89eb0000 - 0x00007fff89f19000 	C:\WINDOWS\system32\WS2_32.dll
0x00007fff8a3c0000 - 0x00007fff8a3c8000 	C:\WINDOWS\system32\NSI.dll
0x00007fff85250000 - 0x00007fff85273000 	C:\WINDOWS\SYSTEM32\WINMM.dll
0x00007fff85220000 - 0x00007fff8524c000 	C:\WINDOWS\SYSTEM32\WINMMBASE.dll
0x00007fff87150000 - 0x00007fff87194000 	C:\WINDOWS\system32\cfgmgr32.dll
0x00007fff851c0000 - 0x00007fff851e7000 	C:\WINDOWS\SYSTEM32\DEVOBJ.dll
0x0000000075e30000 - 0x0000000075e3f000 	C:\Program Files\Java\jdk1.8.0_05\jre\bin\verify.dll
0x0000000075e00000 - 0x0000000075e28000 	C:\Program Files\Java\jdk1.8.0_05\jre\bin\java.dll
0x0000000075de0000 - 0x0000000075df6000 	C:\Program Files\Java\jdk1.8.0_05\jre\bin\zip.dll
0x00007fff87d70000 - 0x00007fff89291000 	C:\WINDOWS\system32\SHELL32.dll
0x00007fff87420000 - 0x00007fff87a49000 	C:\WINDOWS\system32\windows.storage.dll
0x00007fff8a070000 - 0x00007fff8a2ec000 	C:\WINDOWS\system32\combase.dll
0x00007fff8a3e0000 - 0x00007fff8a431000 	C:\WINDOWS\system32\shlwapi.dll
0x00007fff86ed0000 - 0x00007fff86edf000 	C:\WINDOWS\system32\kernel.appcore.dll
0x00007fff87a50000 - 0x00007fff87b03000 	C:\WINDOWS\system32\shcore.dll
0x00007fff86f20000 - 0x00007fff86f6a000 	C:\WINDOWS\system32\powrprof.dll
0x00007fff86f00000 - 0x00007fff86f13000 	C:\WINDOWS\system32\profapi.dll

VM Arguments:
jvm_args: -Xmx1024M -Dfile.encoding=windows-1252 -Duser.country=BR -Duser.language=pt -Duser.variant 
java_command: com.android.dx.command.Main --dex --num-threads=4 --output E:\GitHub\FitCook\app\build\intermediates\pre-dexed\debug\classes-dccfc5b5638db7ec4ebcf72768ca06c7421c25cb.jar E:\GitHub\FitCook\app\build\intermediates\exploded-aar\com.google.android.gms\play-services-nearby\7.5.0\jars\classes.jar
java_class_path (initial): C:\Program Files (x86)\Android\android-sdk\build-tools\23.0.0_rc2\lib\dx.jar
Launcher Type: SUN_STANDARD

Environment Variables:
JAVA_HOME=C:\Program Files\Java\jdk1.8.0_05
PATH=C:\Program Files (x86)\Intel\iCLS Client\;C:\Program Files\Intel\iCLS Client\;C:\WINDOWS\system32;C:\WINDOWS;C:\WINDOWS\System32\Wbem;C:\WINDOWS\System32\WindowsPowerShell\v1.0\;C:\Program Files (x86)\Windows Live\Shared;C:\Program Files (x86)\Intel\OpenCL SDK\2.0\bin\x86;C:\Program Files (x86)\Intel\OpenCL SDK\2.0\bin\x64;C:\Program Files\Intel\Intel(R) Management Engine Components\DAL;C:\Program Files\Intel\Intel(R) Management Engine Components\IPT;C:\Program Files (x86)\Intel\Intel(R) Management Engine Components\DAL;C:\Program Files (x86)\Intel\Intel(R) Management Engine Components\IPT;C:\Program Files\Java\jdk1.8.0_05/bin;C:\Program Files (x86)\Android\android-sdk\platform-tools;C:\Program Files (x86)\Git\cmd;C:\Program Files (x86)\Skype\Phone\;C:\Program Files (x86)\Windows Kits\8.1\Windows Performance Toolkit\;C:\Program Files\Microsoft SQL Server\110\Tools\Binn\;C:\Program Files (x86)\Microsoft SDKs\TypeScript\1.0\;C:\Program Files\Microsoft SQL Server\120\Tools\Binn\;C:\Program Files (x86)\nodejs\;C:\Ruby21\bin;C:\Users\Aires\AppData\Roaming\npm
USERNAME=Aires
OS=Windows_NT
PROCESSOR_IDENTIFIER=Intel64 Family 6 Model 58 Stepping 9, GenuineIntel



---------------  S Y S T E M  ---------------

OS: Windows 8.1 , 64 bit Build 9600 

CPU:total 4 (2 cores per cpu, 2 threads per core) family 6 model 58 stepping 9, cmov, cx8, fxsr, mmx, sse, sse2, sse3, ssse3, sse4.1, sse4.2, popcnt, avx, clmul, erms, ht, tsc, tscinvbit

Memory: 4k page, physical 8282396k(1621616k free), swap 8282396k(3416k free)

vm_info: Java HotSpot(TM) 64-Bit Server VM (25.5-b02) for windows-amd64 JRE (1.8.0_05-b13), built on Mar 18 2014 01:08:39 by "java_re" with MS VC++ 10.0 (VS2010)

time: Tue Aug 11 18:25:29 2015
elapsed time: 2 seconds

