#
# There is insufficient memory for the Java Runtime Environment to continue.
# Native memory allocation (malloc) failed to allocate 416208 bytes for Chunk::new
# Possible reasons:
#   The system is out of physical RAM or swap space
#   In 32 bit mode, the process size limit was hit
# Possible solutions:
#   Reduce memory load on the system
#   Increase physical memory or swap space
#   Check if swap backing store is full
#   Use 64 bit Java on a 64 bit OS
#   Decrease Java heap size (-Xmx/-Xms)
#   Decrease number of Java threads
#   Decrease Java thread stack sizes (-Xss)
#   Set larger code cache with -XX:ReservedCodeCacheSize=
# This output file may be truncated or incomplete.
#
#  Out of Memory Error (allocation.cpp:388), pid=7364, tid=7116
#
# JRE version: Java(TM) SE Runtime Environment (8.0_05-b13) (build 1.8.0_05-b13)
# Java VM: Java HotSpot(TM) 64-Bit Server VM (25.5-b02 mixed mode windows-amd64 compressed oops)
# Failed to write core dump. Minidumps are not enabled by default on client versions of Windows
#

---------------  T H R E A D  ---------------

Current thread (0x00000000149bc000):  JavaThread "C2 CompilerThread0" daemon [_thread_in_native, id=7116, stack(0x0000000015f10000,0x0000000016010000)]

Stack: [0x0000000015f10000,0x0000000016010000]
Native frames: (J=compiled Java code, j=interpreted, Vv=VM code, C=native code)
V  [jvm.dll+0x308dea]
V  [jvm.dll+0x25def1]
V  [jvm.dll+0x25eb0f]
V  [jvm.dll+0x2564e5]
V  [jvm.dll+0xbcfc5]
V  [jvm.dll+0xbd45c]
V  [jvm.dll+0x468c07]
V  [jvm.dll+0x436550]
V  [jvm.dll+0x44111e]
V  [jvm.dll+0x4436a9]
V  [jvm.dll+0x427532]
V  [jvm.dll+0x96702]
V  [jvm.dll+0x96ef3]
V  [jvm.dll+0x2232c4]
V  [jvm.dll+0x27baca]
C  [msvcr100.dll+0x21d9f]
C  [msvcr100.dll+0x21e3b]
C  [KERNEL32.DLL+0x12d92]
C  [ntdll.dll+0x9f64]


Current CompileTask:
C2:  10571 1574       4       com.android.dx.ssa.SCCP::simulatePhi (169 bytes)


---------------  P R O C E S S  ---------------

Java Threads: ( => current thread )
  0x0000000014a1b800 JavaThread "Service Thread" daemon [_thread_blocked, id=7452, stack(0x0000000016210000,0x0000000016310000)]
  0x0000000014a13800 JavaThread "C1 CompilerThread2" daemon [_thread_blocked, id=9148, stack(0x0000000016110000,0x0000000016210000)]
  0x0000000014a0d800 JavaThread "C2 CompilerThread1" daemon [_thread_in_native, id=8216, stack(0x0000000016010000,0x0000000016110000)]
=>0x00000000149bc000 JavaThread "C2 CompilerThread0" daemon [_thread_in_native, id=7116, stack(0x0000000015f10000,0x0000000016010000)]
  0x00000000149ba800 JavaThread "Attach Listener" daemon [_thread_blocked, id=836, stack(0x0000000015e10000,0x0000000015f10000)]
  0x00000000149b9800 JavaThread "Signal Dispatcher" daemon [_thread_blocked, id=8248, stack(0x0000000015d10000,0x0000000015e10000)]
  0x00000000022e5000 JavaThread "Finalizer" daemon [_thread_blocked, id=3940, stack(0x0000000015c10000,0x0000000015d10000)]
  0x00000000022d9000 JavaThread "Reference Handler" daemon [_thread_blocked, id=6604, stack(0x0000000015b10000,0x0000000015c10000)]
  0x00000000021ed800 JavaThread "main" [_thread_in_vm, id=4952, stack(0x0000000002050000,0x0000000002150000)]

Other Threads:
  0x0000000014985000 VMThread [stack: 0x0000000015a10000,0x0000000015b10000] [id=9052]
  0x0000000016310800 WatcherThread [stack: 0x0000000016710000,0x0000000016810000] [id=8884]

VM state:not at safepoint (normal execution)

VM Mutex/Monitor currently owned by a thread: None

Heap:
 PSYoungGen      total 15872K, used 2812K [0x00000000eab00000, 0x00000000ebe00000, 0x0000000100000000)
  eden space 12800K, 5% used [0x00000000eab00000,0x00000000eabbeff0,0x00000000eb780000)
  from space 3072K, 66% used [0x00000000eb780000,0x00000000eb980010,0x00000000eba80000)
  to   space 2560K, 0% used [0x00000000eba80000,0x00000000eba80000,0x00000000ebd00000)
 ParOldGen       total 129536K, used 5706K [0x00000000c0000000, 0x00000000c7e80000, 0x00000000eab00000)
  object space 129536K, 4% used [0x00000000c0000000,0x00000000c0592bb0,0x00000000c7e80000)
 Metaspace       used 5575K, capacity 6896K, committed 7040K, reserved 1056768K
  class space    used 550K, capacity 616K, committed 640K, reserved 1048576K

Card table byte_map: [0x00000000116b0000,0x00000000118c0000] byte_map_base: 0x00000000110b0000

Marking Bits: (ParMarkBitMap*) 0x0000000062b913b0
 Begin Bits: [0x0000000011e20000, 0x0000000012e20000)
 End Bits:   [0x0000000012e20000, 0x0000000013e20000)

Polling page: 0x0000000001fc0000

CodeCache: size=245760Kb used=6879Kb max_used=6891Kb free=238880Kb
 bounds [0x00000000022f0000, 0x00000000029c0000, 0x00000000112f0000]
 total_blobs=1842 nmethods=1582 adapters=174
 compilation: enabled

Compilation events (10 events):
Event: 10.411 Thread 0x0000000014a13800 nmethod 1583 0x0000000002944490 code [0x0000000002944620, 0x0000000002944a48]
Event: 10.412 Thread 0x0000000014a13800 1584       3       com.android.dx.rop.cst.CstFloat::getType (4 bytes)
Event: 10.412 Thread 0x0000000014a13800 nmethod 1584 0x000000000293d450 code [0x000000000293d5a0, 0x000000000293d6f0]
Event: 10.413 Thread 0x0000000014a0d800 1585       4       java.util.HashMap::get (23 bytes)
Event: 10.419 Thread 0x0000000014a0d800 nmethod 1585 0x0000000002943ed0 code [0x0000000002944020, 0x0000000002944258]
Event: 10.419 Thread 0x0000000014a0d800 1586       4       java.util.HashMap::getNode (148 bytes)
Event: 10.419 Thread 0x0000000014a13800 1588       1       java.util.HashMap$Node::getValue (5 bytes)
Event: 10.420 Thread 0x0000000014a13800 nmethod 1588 0x000000000293d0d0 code [0x000000000293d220, 0x000000000293d330]
Event: 10.537 Thread 0x0000000014a0d800 nmethod 1586 0x0000000002943990 code [0x0000000002943ae0, 0x0000000002943cf8]
Event: 10.537 Thread 0x0000000014a0d800 1587       4       com.android.dx.cf.code.BasicBlocker::addWorkIfNecessary (32 bytes)

GC Heap History (10 events):
Event: 4.318 GC heap before
{Heap before GC invocations=7 (full 0):
 PSYoungGen      total 5632K, used 5399K [0x00000000eab00000, 0x00000000eb200000, 0x0000000100000000)
  eden space 4096K, 100% used [0x00000000eab00000,0x00000000eaf00000,0x00000000eaf00000)
  from space 1536K, 84% used [0x00000000eb080000,0x00000000eb1c5e68,0x00000000eb200000)
  to   space 1536K, 0% used [0x00000000eaf00000,0x00000000eaf00000,0x00000000eb080000)
 ParOldGen       total 129536K, used 1369K [0x00000000c0000000, 0x00000000c7e80000, 0x00000000eab00000)
  object space 129536K, 1% used [0x00000000c0000000,0x00000000c01566a8,0x00000000c7e80000)
 Metaspace       used 5282K, capacity 6640K, committed 6784K, reserved 1056768K
  class space    used 548K, capacity 616K, committed 640K, reserved 1048576K
Event: 4.446 GC heap after
Heap after GC invocations=7 (full 0):
 PSYoungGen      total 5632K, used 1344K [0x00000000eab00000, 0x00000000eb700000, 0x0000000100000000)
  eden space 4096K, 0% used [0x00000000eab00000,0x00000000eab00000,0x00000000eaf00000)
  from space 1536K, 87% used [0x00000000eaf00000,0x00000000eb050018,0x00000000eb080000)
  to   space 2048K, 0% used [0x00000000eb500000,0x00000000eb500000,0x00000000eb700000)
 ParOldGen       total 129536K, used 1589K [0x00000000c0000000, 0x00000000c7e80000, 0x00000000eab00000)
  object space 129536K, 1% used [0x00000000c0000000,0x00000000c018d730,0x00000000c7e80000)
 Metaspace       used 5282K, capacity 6640K, committed 6784K, reserved 1056768K
  class space    used 548K, capacity 616K, committed 640K, reserved 1048576K
}
Event: 5.281 GC heap before
{Heap before GC invocations=8 (full 0):
 PSYoungGen      total 5632K, used 5440K [0x00000000eab00000, 0x00000000eb700000, 0x0000000100000000)
  eden space 4096K, 100% used [0x00000000eab00000,0x00000000eaf00000,0x00000000eaf00000)
  from space 1536K, 87% used [0x00000000eaf00000,0x00000000eb050018,0x00000000eb080000)
  to   space 2048K, 0% used [0x00000000eb500000,0x00000000eb500000,0x00000000eb700000)
 ParOldGen       total 129536K, used 1589K [0x00000000c0000000, 0x00000000c7e80000, 0x00000000eab00000)
  object space 129536K, 1% used [0x00000000c0000000,0x00000000c018d730,0x00000000c7e80000)
 Metaspace       used 5338K, capacity 6640K, committed 6784K, reserved 1056768K
  class space    used 549K, capacity 616K, committed 640K, reserved 1048576K
Event: 5.355 GC heap after
Heap after GC invocations=8 (full 0):
 PSYoungGen      total 10240K, used 1713K [0x00000000eab00000, 0x00000000eb700000, 0x0000000100000000)
  eden space 8192K, 0% used [0x00000000eab00000,0x00000000eab00000,0x00000000eb300000)
  from space 2048K, 83% used [0x00000000eb500000,0x00000000eb6ac6c0,0x00000000eb700000)
  to   space 2048K, 0% used [0x00000000eb300000,0x00000000eb300000,0x00000000eb500000)
 ParOldGen       total 129536K, used 1769K [0x00000000c0000000, 0x00000000c7e80000, 0x00000000eab00000)
  object space 129536K, 1% used [0x00000000c0000000,0x00000000c01ba560,0x00000000c7e80000)
 Metaspace       used 5338K, capacity 6640K, committed 6784K, reserved 1056768K
  class space    used 549K, capacity 616K, committed 640K, reserved 1048576K
}
Event: 6.511 GC heap before
{Heap before GC invocations=9 (full 0):
 PSYoungGen      total 10240K, used 9905K [0x00000000eab00000, 0x00000000eb700000, 0x0000000100000000)
  eden space 8192K, 100% used [0x00000000eab00000,0x00000000eb300000,0x00000000eb300000)
  from space 2048K, 83% used [0x00000000eb500000,0x00000000eb6ac6c0,0x00000000eb700000)
  to   space 2048K, 0% used [0x00000000eb300000,0x00000000eb300000,0x00000000eb500000)
 ParOldGen       total 129536K, used 1769K [0x00000000c0000000, 0x00000000c7e80000, 0x00000000eab00000)
  object space 129536K, 1% used [0x00000000c0000000,0x00000000c01ba560,0x00000000c7e80000)
 Metaspace       used 5468K, capacity 6768K, committed 7040K, reserved 1056768K
  class space    used 549K, capacity 616K, committed 640K, reserved 1048576K
Event: 6.549 GC heap after
Heap after GC invocations=9 (full 0):
 PSYoungGen      total 10240K, used 2033K [0x00000000eab00000, 0x00000000ebd00000, 0x0000000100000000)
  eden space 8192K, 0% used [0x00000000eab00000,0x00000000eab00000,0x00000000eb300000)
  from space 2048K, 99% used [0x00000000eb300000,0x00000000eb4fc6a8,0x00000000eb500000)
  to   space 2560K, 0% used [0x00000000eba80000,0x00000000eba80000,0x00000000ebd00000)
 ParOldGen       total 129536K, used 2527K [0x00000000c0000000, 0x00000000c7e80000, 0x00000000eab00000)
  object space 129536K, 1% used [0x00000000c0000000,0x00000000c0277ec0,0x00000000c7e80000)
 Metaspace       used 5468K, capacity 6768K, committed 7040K, reserved 1056768K
  class space    used 549K, capacity 616K, committed 640K, reserved 1048576K
}
Event: 7.802 GC heap before
{Heap before GC invocations=10 (full 0):
 PSYoungGen      total 10240K, used 10225K [0x00000000eab00000, 0x00000000ebd00000, 0x0000000100000000)
  eden space 8192K, 100% used [0x00000000eab00000,0x00000000eb300000,0x00000000eb300000)
  from space 2048K, 99% used [0x00000000eb300000,0x00000000eb4fc6a8,0x00000000eb500000)
  to   space 2560K, 0% used [0x00000000eba80000,0x00000000eba80000,0x00000000ebd00000)
 ParOldGen       total 129536K, used 2527K [0x00000000c0000000, 0x00000000c7e80000, 0x00000000eab00000)
  object space 129536K, 1% used [0x00000000c0000000,0x00000000c0277ec0,0x00000000c7e80000)
 Metaspace       used 5538K, capacity 6832K, committed 7040K, reserved 1056768K
  class space    used 549K, capacity 616K, committed 640K, reserved 1048576K
Event: 7.862 GC heap after
Heap after GC invocations=10 (full 0):
 PSYoungGen      total 15360K, used 2304K [0x00000000eab00000, 0x00000000ebe00000, 0x0000000100000000)
  eden space 12800K, 0% used [0x00000000eab00000,0x00000000eab00000,0x00000000eb780000)
  from space 2560K, 90% used [0x00000000eba80000,0x00000000ebcc0000,0x00000000ebd00000)
  to   space 3072K, 0% used [0x00000000eb780000,0x00000000eb780000,0x00000000eba80000)
 ParOldGen       total 129536K, used 3545K [0x00000000c0000000, 0x00000000c7e80000, 0x00000000eab00000)
  object space 129536K, 2% used [0x00000000c0000000,0x00000000c0376770,0x00000000c7e80000)
 Metaspace       used 5538K, capacity 6832K, committed 7040K, reserved 1056768K
  class space    used 549K, capacity 616K, committed 640K, reserved 1048576K
}
Event: 10.420 GC heap before
{Heap before GC invocations=11 (full 0):
 PSYoungGen      total 15360K, used 15104K [0x00000000eab00000, 0x00000000ebe00000, 0x0000000100000000)
  eden space 12800K, 100% used [0x00000000eab00000,0x00000000eb780000,0x00000000eb780000)
  from space 2560K, 90% used [0x00000000eba80000,0x00000000ebcc0000,0x00000000ebd00000)
  to   space 3072K, 0% used [0x00000000eb780000,0x00000000eb780000,0x00000000eba80000)
 ParOldGen       total 129536K, used 3545K [0x00000000c0000000, 0x00000000c7e80000, 0x00000000eab00000)
  object space 129536K, 2% used [0x00000000c0000000,0x00000000c0376770,0x00000000c7e80000)
 Metaspace       used 5575K, capacity 6896K, committed 7040K, reserved 1056768K
  class space    used 550K, capacity 616K, committed 640K, reserved 1048576K
Event: 10.537 GC heap after
Heap after GC invocations=11 (full 0):
 PSYoungGen      total 15872K, used 2048K [0x00000000eab00000, 0x00000000ebe00000, 0x0000000100000000)
  eden space 12800K, 0% used [0x00000000eab00000,0x00000000eab00000,0x00000000eb780000)
  from space 3072K, 66% used [0x00000000eb780000,0x00000000eb980010,0x00000000eba80000)
  to   space 2560K, 0% used [0x00000000eba80000,0x00000000eba80000,0x00000000ebd00000)
 ParOldGen       total 129536K, used 5706K [0x00000000c0000000, 0x00000000c7e80000, 0x00000000eab00000)
  object space 129536K, 4% used [0x00000000c0000000,0x00000000c0592bb0,0x00000000c7e80000)
 Metaspace       used 5575K, capacity 6896K, committed 7040K, reserved 1056768K
  class space    used 550K, capacity 616K, committed 640K, reserved 1048576K
}

Deoptimization events (10 events):
Event: 10.103 Thread 0x00000000021ed800 Uncommon trap: reason=bimorphic action=maybe_recompile pc=0x00000000028911c0 method=com.android.dx.ssa.SCCP.simulatePhi(Lcom/android/dx/ssa/PhiInsn;)V @ 124
Event: 10.393 Thread 0x00000000021ed800 Uncommon trap: reason=unloaded action=reinterpret pc=0x0000000002919c10 method=com.android.dx.cf.cst.ConstantPoolParser.parse0(ILjava/util/BitSet;)Lcom/android/dx/rop/cst/Constant; @ 176
Event: 10.410 Thread 0x00000000021ed800 Uncommon trap: reason=bimorphic action=maybe_recompile pc=0x000000000251c090 method=java.util.HashMap.getNode(ILjava/lang/Object;)Ljava/util/HashMap$Node; @ 126
Event: 10.411 Thread 0x00000000021ed800 Uncommon trap: reason=class_check action=maybe_recompile pc=0x00000000027d1230 method=java.util.HashMap.putVal(ILjava/lang/Object;Ljava/lang/Object;ZZ)Ljava/lang/Object; @ 203
Event: 10.411 Thread 0x00000000021ed800 Uncommon trap: reason=bimorphic action=maybe_recompile pc=0x000000000251c090 method=java.util.HashMap.getNode(ILjava/lang/Object;)Ljava/util/HashMap$Node; @ 126
Event: 10.411 Thread 0x00000000021ed800 Uncommon trap: reason=class_check action=maybe_recompile pc=0x00000000027d1230 method=java.util.HashMap.putVal(ILjava/lang/Object;Ljava/lang/Object;ZZ)Ljava/lang/Object; @ 203
Event: 10.411 Thread 0x00000000021ed800 Uncommon trap: reason=bimorphic action=maybe_recompile pc=0x0000000002664250 method=java.util.HashMap.getNode(ILjava/lang/Object;)Ljava/util/HashMap$Node; @ 126
Event: 10.412 Thread 0x00000000021ed800 Uncommon trap: reason=bimorphic action=maybe_recompile pc=0x000000000251c090 method=java.util.HashMap.getNode(ILjava/lang/Object;)Ljava/util/HashMap$Node; @ 126
Event: 10.412 Thread 0x00000000021ed800 Uncommon trap: reason=unreached action=reinterpret pc=0x000000000274ca1c method=com.android.dx.rop.cst.Constant.compareTo(Lcom/android/dx/rop/cst/Constant;)I @ 12
Event: 10.419 Thread 0x00000000021ed800 Uncommon trap: reason=class_check action=maybe_recompile pc=0x00000000027d1230 method=java.util.HashMap.putVal(ILjava/lang/Object;Ljava/lang/Object;ZZ)Ljava/lang/Object; @ 203

Internal exceptions (10 events):
Event: 3.187 Thread 0x00000000021ed800 Exception <a 'java/security/PrivilegedActionException'> (0x00000000eabb5e90) thrown at [D:\re\workspace\8-2-build-windows-amd64-cygwin\jdk8u5\2488\hotspot\src\share\vm\prims\jvm.cpp, line 1248]
Event: 3.210 Thread 0x00000000021ed800 Exception <a 'java/security/PrivilegedActionException'> (0x00000000eabe3678) thrown at [D:\re\workspace\8-2-build-windows-amd64-cygwin\jdk8u5\2488\hotspot\src\share\vm\prims\jvm.cpp, line 1248]
Event: 3.522 Thread 0x00000000021ed800 Exception <a 'java/security/PrivilegedActionException'> (0x00000000eacb0080) thrown at [D:\re\workspace\8-2-build-windows-amd64-cygwin\jdk8u5\2488\hotspot\src\share\vm\prims\jvm.cpp, line 1248]
Event: 3.523 Thread 0x00000000021ed800 Exception <a 'java/security/PrivilegedActionException'> (0x00000000eacb5c90) thrown at [D:\re\workspace\8-2-build-windows-amd64-cygwin\jdk8u5\2488\hotspot\src\share\vm\prims\jvm.cpp, line 1248]
Event: 3.528 Thread 0x00000000021ed800 Exception <a 'java/security/PrivilegedActionException'> (0x00000000eacbfd38) thrown at [D:\re\workspace\8-2-build-windows-amd64-cygwin\jdk8u5\2488\hotspot\src\share\vm\prims\jvm.cpp, line 1248]
Event: 4.163 Thread 0x00000000021ed800 Exception <a 'java/security/PrivilegedActionException'> (0x00000000eae0f6c8) thrown at [D:\re\workspace\8-2-build-windows-amd64-cygwin\jdk8u5\2488\hotspot\src\share\vm\prims\jvm.cpp, line 1248]
Event: 4.850 Thread 0x00000000021ed800 Exception <a 'java/security/PrivilegedActionException'> (0x00000000eac04f50) thrown at [D:\re\workspace\8-2-build-windows-amd64-cygwin\jdk8u5\2488\hotspot\src\share\vm\prims\jvm.cpp, line 1248]
Event: 5.699 Thread 0x00000000021ed800 Exception <a 'java/security/PrivilegedActionException'> (0x00000000eae75fa8) thrown at [D:\re\workspace\8-2-build-windows-amd64-cygwin\jdk8u5\2488\hotspot\src\share\vm\prims\jvm.cpp, line 1248]
Event: 6.580 Thread 0x00000000021ed800 Implicit null exception at 0x00000000027d79cc to 0x00000000027d8d6d
Event: 9.595 Thread 0x00000000021ed800 Exception <a 'java/security/PrivilegedActionException'> (0x00000000eb5063e8) thrown at [D:\re\workspace\8-2-build-windows-amd64-cygwin\jdk8u5\2488\hotspot\src\share\vm\prims\jvm.cpp, line 1248]

Events (10 events):
Event: 10.412 Thread 0x00000000021ed800 DEOPT PACKING pc=0x000000000251c090 sp=0x000000000214e3e0
Event: 10.412 Thread 0x00000000021ed800 DEOPT UNPACKING pc=0x00000000023355af sp=0x000000000214e368 mode 2
Event: 10.412 Thread 0x00000000021ed800 Uncommon trap: trap_request=0xffffffad fr.pc=0x000000000274ca1c
Event: 10.412 Thread 0x00000000021ed800 DEOPT PACKING pc=0x000000000274ca1c sp=0x000000000214e450
Event: 10.412 Thread 0x00000000021ed800 DEOPT UNPACKING pc=0x00000000023355af sp=0x000000000214e3f0 mode 2
Event: 10.419 Thread 0x00000000021ed800 Uncommon trap: trap_request=0xffffffde fr.pc=0x00000000027d1230
Event: 10.419 Thread 0x00000000021ed800 DEOPT PACKING pc=0x00000000027d1230 sp=0x000000000214e710
Event: 10.419 Thread 0x00000000021ed800 DEOPT UNPACKING pc=0x00000000023355af sp=0x000000000214e688 mode 2
Event: 10.420 Executing VM operation: ParallelGCFailedAllocation
Event: 10.537 Executing VM operation: ParallelGCFailedAllocation done


Dynamic libraries:
0x00007ff7c80c0000 - 0x00007ff7c80f4000 	C:\Program Files\Java\jdk1.8.0_05\bin\java.exe
0x00007ffb2ad40000 - 0x00007ffb2af01000 	C:\WINDOWS\SYSTEM32\ntdll.dll
0x00007ffb2abe0000 - 0x00007ffb2ac8d000 	C:\WINDOWS\system32\KERNEL32.DLL
0x00007ffb28230000 - 0x00007ffb2840d000 	C:\WINDOWS\system32\KERNELBASE.dll
0x00007ffb2aaa0000 - 0x00007ffb2ab46000 	C:\WINDOWS\system32\ADVAPI32.dll
0x00007ffb28840000 - 0x00007ffb288dd000 	C:\WINDOWS\system32\msvcrt.dll
0x00007ffb2a970000 - 0x00007ffb2a9cb000 	C:\WINDOWS\system32\sechost.dll
0x00007ffb2a410000 - 0x00007ffb2a536000 	C:\WINDOWS\system32\RPCRT4.dll
0x00007ffb2a540000 - 0x00007ffb2a68e000 	C:\WINDOWS\system32\USER32.dll
0x00007ffb2a690000 - 0x00007ffb2a816000 	C:\WINDOWS\system32\GDI32.dll
0x00007ffb1dee0000 - 0x00007ffb1e154000 	C:\WINDOWS\WinSxS\amd64_microsoft.windows.common-controls_6595b64144ccf1df_6.0.10240.16384_none_f41f7b285750ef43\COMCTL32.dll
0x00007ffb2ad00000 - 0x00007ffb2ad36000 	C:\WINDOWS\system32\IMM32.DLL
0x00007ffb2a160000 - 0x00007ffb2a2bc000 	C:\WINDOWS\system32\MSCTF.dll
0x0000000061f60000 - 0x0000000062032000 	C:\Program Files\Java\jdk1.8.0_05\jre\bin\msvcr100.dll
0x00000000623e0000 - 0x0000000062c0a000 	C:\Program Files\Java\jdk1.8.0_05\jre\bin\server\jvm.dll
0x00007ffb2a400000 - 0x00007ffb2a408000 	C:\WINDOWS\system32\PSAPI.DLL
0x00007ffb25790000 - 0x00007ffb25799000 	C:\WINDOWS\SYSTEM32\WSOCK32.dll
0x00007ffb2ab50000 - 0x00007ffb2abb9000 	C:\WINDOWS\system32\WS2_32.dll
0x00007ffb2a9d0000 - 0x00007ffb2a9d8000 	C:\WINDOWS\system32\NSI.dll
0x00007ffb25860000 - 0x00007ffb25883000 	C:\WINDOWS\SYSTEM32\WINMM.dll
0x00007ffb25800000 - 0x00007ffb2582c000 	C:\WINDOWS\SYSTEM32\WINMMBASE.dll
0x00007ffb27af0000 - 0x00007ffb27b34000 	C:\WINDOWS\system32\cfgmgr32.dll
0x00007ffb260e0000 - 0x00007ffb26107000 	C:\WINDOWS\SYSTEM32\DEVOBJ.dll
0x00000000623d0000 - 0x00000000623df000 	C:\Program Files\Java\jdk1.8.0_05\jre\bin\verify.dll
0x00000000623a0000 - 0x00000000623c8000 	C:\Program Files\Java\jdk1.8.0_05\jre\bin\java.dll
0x0000000062380000 - 0x0000000062396000 	C:\Program Files\Java\jdk1.8.0_05\jre\bin\zip.dll
0x00007ffb28c30000 - 0x00007ffb2a152000 	C:\WINDOWS\system32\SHELL32.dll
0x00007ffb27c00000 - 0x00007ffb28229000 	C:\WINDOWS\system32\windows.storage.dll
0x00007ffb288e0000 - 0x00007ffb28b5c000 	C:\WINDOWS\system32\combase.dll
0x00007ffb2a3a0000 - 0x00007ffb2a3f1000 	C:\WINDOWS\system32\shlwapi.dll
0x00007ffb27770000 - 0x00007ffb2777f000 	C:\WINDOWS\system32\kernel.appcore.dll
0x00007ffb27b40000 - 0x00007ffb27bf3000 	C:\WINDOWS\system32\shcore.dll
0x00007ffb277c0000 - 0x00007ffb2780a000 	C:\WINDOWS\system32\powrprof.dll
0x00007ffb27780000 - 0x00007ffb27793000 	C:\WINDOWS\system32\profapi.dll
0x00007ffb07da0000 - 0x00007ffb07f2a000 	C:\WINDOWS\SYSTEM32\dbghelp.dll

VM Arguments:
jvm_args: -Xmx1024M -Dfile.encoding=windows-1252 -Duser.country=BR -Duser.language=pt -Duser.variant 
java_command: com.android.dx.command.Main --dex --output E:\GitHub\FitCook\app\build\intermediates\pre-dexed\release\classes-668b2eb4c14198de9033e2aa5aeac96637788261.jar E:\GitHub\FitCook\app\build\intermediates\exploded-aar\com.google.android.gms\play-services-maps\7.5.0\jars\classes.jar
java_class_path (initial): C:\Program Files (x86)\Android\android-sdk\build-tools\22.0.1\lib\dx.jar
Launcher Type: SUN_STANDARD

Environment Variables:
JAVA_HOME=C:\Program Files\Java\jdk1.8.0_05
PATH=C:\Program Files (x86)\Intel\iCLS Client\;C:\Program Files\Intel\iCLS Client\;C:\WINDOWS\system32;C:\WINDOWS;C:\WINDOWS\System32\Wbem;C:\WINDOWS\System32\WindowsPowerShell\v1.0\;C:\Program Files (x86)\Windows Live\Shared;C:\Program Files (x86)\Intel\OpenCL SDK\2.0\bin\x86;C:\Program Files (x86)\Intel\OpenCL SDK\2.0\bin\x64;C:\Program Files\Intel\Intel(R) Management Engine Components\DAL;C:\Program Files\Intel\Intel(R) Management Engine Components\IPT;C:\Program Files (x86)\Intel\Intel(R) Management Engine Components\DAL;C:\Program Files (x86)\Intel\Intel(R) Management Engine Components\IPT;C:\Program Files\Java\jdk1.8.0_05/bin;C:\Program Files (x86)\Android\android-sdk\platform-tools;C:\Program Files (x86)\Git\cmd;C:\Program Files (x86)\Windows Kits\8.1\Windows Performance Toolkit\;C:\Program Files\Microsoft SQL Server\110\Tools\Binn\;C:\Program Files (x86)\Microsoft SDKs\TypeScript\1.0\;C:\Program Files\Microsoft SQL Server\120\Tools\Binn\;C:\Program Files (x86)\nodejs\;C:\Program Files\Google\Cloud SDK\google-cloud-sdk\bin;C:\Program Files (x86)\Skype\Phone\;C:\Ruby21\bin;C:\Users\Aires\AppData\Roaming\npm
USERNAME=Aires
OS=Windows_NT
PROCESSOR_IDENTIFIER=Intel64 Family 6 Model 58 Stepping 9, GenuineIntel



---------------  S Y S T E M  ---------------

OS: Windows 8.1 , 64 bit Build 9600 

CPU:total 4 (2 cores per cpu, 2 threads per core) family 6 model 58 stepping 9, cmov, cx8, fxsr, mmx, sse, sse2, sse3, ssse3, sse4.1, sse4.2, popcnt, avx, clmul, erms, ht, tsc, tscinvbit

Memory: 4k page, physical 8282396k(1179356k free), swap 8282396k(5904k free)

vm_info: Java HotSpot(TM) 64-Bit Server VM (25.5-b02) for windows-amd64 JRE (1.8.0_05-b13), built on Mar 18 2014 01:08:39 by "java_re" with MS VC++ 10.0 (VS2010)

time: Wed Aug 26 11:40:18 2015
elapsed time: 10 seconds

