#
# There is insufficient memory for the Java Runtime Environment to continue.
# Native memory allocation (malloc) failed to allocate 872096 bytes for Chunk::new
# Possible reasons:
#   The system is out of physical RAM or swap space
#   In 32 bit mode, the process size limit was hit
# Possible solutions:
#   Reduce memory load on the system
#   Increase physical memory or swap space
#   Check if swap backing store is full
#   Use 64 bit Java on a 64 bit OS
#   Decrease Java heap size (-Xmx/-Xms)
#   Decrease number of Java threads
#   Decrease Java thread stack sizes (-Xss)
#   Set larger code cache with -XX:ReservedCodeCacheSize=
# This output file may be truncated or incomplete.
#
#  Out of Memory Error (allocation.cpp:388), pid=7308, tid=188
#
# JRE version: Java(TM) SE Runtime Environment (8.0_05-b13) (build 1.8.0_05-b13)
# Java VM: Java HotSpot(TM) 64-Bit Server VM (25.5-b02 mixed mode windows-amd64 compressed oops)
# Failed to write core dump. Minidumps are not enabled by default on client versions of Windows
#

---------------  T H R E A D  ---------------

Current thread (0x000000001502e800):  JavaThread "C2 CompilerThread1" daemon [_thread_in_native, id=188, stack(0x0000000016640000,0x0000000016740000)]

Stack: [0x0000000016640000,0x0000000016740000]
Native frames: (J=compiled Java code, j=interpreted, Vv=VM code, C=native code)
V  [jvm.dll+0x308dea]
V  [jvm.dll+0x25def1]
V  [jvm.dll+0x25eb0f]
V  [jvm.dll+0x2564e5]
V  [jvm.dll+0xbcfc5]
V  [jvm.dll+0xbd45c]
V  [jvm.dll+0x44d422]
V  [jvm.dll+0x48e13f]
V  [jvm.dll+0x44293e]
V  [jvm.dll+0x44366b]
V  [jvm.dll+0x427532]
V  [jvm.dll+0x96702]
V  [jvm.dll+0x96ef3]
V  [jvm.dll+0x2232c4]
V  [jvm.dll+0x27baca]
C  [msvcr100.dll+0x21d9f]
C  [msvcr100.dll+0x21e3b]
C  [KERNEL32.DLL+0x12d92]
C  [ntdll.dll+0x9f64]


Current CompileTask:
C2:  24358 2342 %     4       com.android.dx.ssa.SsaMethod::convertRopToSsaBlocks @ 27 (103 bytes)


---------------  P R O C E S S  ---------------

Java Threads: ( => current thread )
  0x0000000016bba000 JavaThread "pool-1-thread-4" [_thread_in_Java, id=7992, stack(0x0000000017240000,0x0000000017340000)]
  0x0000000016bb1000 JavaThread "pool-1-thread-3" [_thread_blocked, id=2468, stack(0x0000000017140000,0x0000000017240000)]
  0x0000000016ba7800 JavaThread "pool-1-thread-2" [_thread_in_vm, id=680, stack(0x0000000017040000,0x0000000017140000)]
  0x0000000016ba2800 JavaThread "pool-2-thread-1" [_thread_blocked, id=2864, stack(0x0000000016f40000,0x0000000017040000)]
  0x0000000016b9a800 JavaThread "pool-1-thread-1" [_thread_in_Java, id=5788, stack(0x0000000016e40000,0x0000000016f40000)]
  0x000000001503c800 JavaThread "Service Thread" daemon [_thread_blocked, id=1660, stack(0x0000000016840000,0x0000000016940000)]
  0x0000000015034800 JavaThread "C1 CompilerThread2" daemon [_thread_blocked, id=1576, stack(0x0000000016740000,0x0000000016840000)]
=>0x000000001502e800 JavaThread "C2 CompilerThread1" daemon [_thread_in_native, id=188, stack(0x0000000016640000,0x0000000016740000)]
  0x0000000014fdd000 JavaThread "C2 CompilerThread0" daemon [_thread_in_native, id=6656, stack(0x0000000016540000,0x0000000016640000)]
  0x0000000014fdb800 JavaThread "Attach Listener" daemon [_thread_blocked, id=6740, stack(0x0000000016440000,0x0000000016540000)]
  0x0000000014fda800 JavaThread "Signal Dispatcher" daemon [_thread_blocked, id=880, stack(0x0000000016340000,0x0000000016440000)]
  0x0000000002905000 JavaThread "Finalizer" daemon [_thread_blocked, id=6096, stack(0x0000000016240000,0x0000000016340000)]
  0x00000000028f9000 JavaThread "Reference Handler" daemon [_thread_blocked, id=5228, stack(0x0000000016140000,0x0000000016240000)]
  0x000000000265d800 JavaThread "main" [_thread_blocked, id=5616, stack(0x0000000002540000,0x0000000002640000)]

Other Threads:
  0x0000000014fa5000 VMThread [stack: 0x0000000016040000,0x0000000016140000] [id=3520]
  0x000000001503e800 WatcherThread [stack: 0x0000000016d40000,0x0000000016e40000] [id=3820]

VM state:synchronizing (normal execution)

VM Mutex/Monitor currently owned by a thread:  ([mutex/lock_event])
[0x000000000265c230] Safepoint_lock - owner thread: 0x0000000014fa5000
[0x000000000265cbb0] Threads_lock - owner thread: 0x0000000014fa5000
[0x000000000265c9b0] Heap_lock - owner thread: 0x0000000016ba7800

Heap:
 PSYoungGen      total 77824K, used 77812K [0x00000000eab00000, 0x00000000f0480000, 0x0000000100000000)
  eden space 66048K, 100% used [0x00000000eab00000,0x00000000eeb80000,0x00000000eeb80000)
  from space 11776K, 99% used [0x00000000eeb80000,0x00000000ef6fd0f0,0x00000000ef700000)
  to   space 9728K, 0% used [0x00000000ef700000,0x00000000ef700000,0x00000000f0080000)
 ParOldGen       total 129536K, used 62397K [0x00000000c0000000, 0x00000000c7e80000, 0x00000000eab00000)
  object space 129536K, 48% used [0x00000000c0000000,0x00000000c3cef5b0,0x00000000c7e80000)
 Metaspace       used 6001K, capacity 7026K, committed 7296K, reserved 1056768K
  class space    used 599K, capacity 618K, committed 640K, reserved 1048576K

Card table byte_map: [0x0000000011cd0000,0x0000000011ee0000] byte_map_base: 0x00000000116d0000

Marking Bits: (ParMarkBitMap*) 0x00000000765f13b0
 Begin Bits: [0x0000000012440000, 0x0000000013440000)
 End Bits:   [0x0000000013440000, 0x0000000014440000)

Polling page: 0x0000000000dd0000

CodeCache: size=245760Kb used=10573Kb max_used=10593Kb free=235186Kb
 bounds [0x0000000002910000, 0x0000000003380000, 0x0000000011910000]
 total_blobs=2343 nmethods=2078 adapters=178
 compilation: enabled

Compilation events (10 events):
Event: 23.069 Thread 0x000000001502e800 nmethod 2333 0x000000000334d790 code [0x000000000334d980, 0x000000000334e748]
Event: 23.069 Thread 0x000000001502e800 2327 %     4       com.android.dx.util.LabeledList::<init> @ 26 (57 bytes)
Event: 23.082 Thread 0x000000001502e800 nmethod 2327% 0x000000000334f310 code [0x000000000334f460, 0x000000000334f898]
Event: 23.111 Thread 0x0000000014fdd000 nmethod 2304 0x00000000033684d0 code [0x0000000003368aa0, 0x000000000336ced8]
Event: 23.458 Thread 0x000000001502e800 2339       4       com.android.dx.rop.code.Rops::pickBinaryOp (158 bytes)
Event: 23.466 Thread 0x000000001502e800 nmethod 2339 0x0000000003367d50 code [0x0000000003367ec0, 0x0000000003368108]
Event: 23.902 Thread 0x0000000014fdd000 2340 % !   4       com.android.dx.cf.code.Ropper::doit @ 21 (126 bytes)
Event: 23.925 Thread 0x000000001502e800 2341 %     4       com.android.dx.cf.code.Ropper::getRopMethod @ 19 (64 bytes)
Event: 24.211 Thread 0x000000001502e800 nmethod 2341% 0x0000000003364050 code [0x0000000003364200, 0x0000000003364c58]
Event: 24.211 Thread 0x000000001502e800 2342 %     4       com.android.dx.ssa.SsaMethod::convertRopToSsaBlocks @ 27 (103 bytes)

GC Heap History (10 events):
Event: 11.031 GC heap before
{Heap before GC invocations=15 (full 0):
 PSYoungGen      total 34816K, used 33728K [0x00000000eab00000, 0x00000000ed100000, 0x0000000100000000)
  eden space 30720K, 100% used [0x00000000eab00000,0x00000000ec900000,0x00000000ec900000)
  from space 4096K, 73% used [0x00000000ecd00000,0x00000000ecff0000,0x00000000ed100000)
  to   space 4096K, 0% used [0x00000000ec900000,0x00000000ec900000,0x00000000ecd00000)
 ParOldGen       total 129536K, used 12800K [0x00000000c0000000, 0x00000000c7e80000, 0x00000000eab00000)
  object space 129536K, 9% used [0x00000000c0000000,0x00000000c0c80058,0x00000000c7e80000)
 Metaspace       used 5835K, capacity 6960K, committed 7040K, reserved 1056768K
  class space    used 580K, capacity 616K, committed 640K, reserved 1048576K
Event: 11.396 GC heap after
Heap after GC invocations=15 (full 0):
 PSYoungGen      total 34816K, used 4085K [0x00000000eab00000, 0x00000000ee700000, 0x0000000100000000)
  eden space 30720K, 0% used [0x00000000eab00000,0x00000000eab00000,0x00000000ec900000)
  from space 4096K, 99% used [0x00000000ec900000,0x00000000eccfd6d8,0x00000000ecd00000)
  to   space 6144K, 0% used [0x00000000ee100000,0x00000000ee100000,0x00000000ee700000)
 ParOldGen       total 129536K, used 16777K [0x00000000c0000000, 0x00000000c7e80000, 0x00000000eab00000)
  object space 129536K, 12% used [0x00000000c0000000,0x00000000c1062458,0x00000000c7e80000)
 Metaspace       used 5835K, capacity 6960K, committed 7040K, reserved 1056768K
  class space    used 580K, capacity 616K, committed 640K, reserved 1048576K
}
Event: 13.109 GC heap before
{Heap before GC invocations=16 (full 0):
 PSYoungGen      total 34816K, used 34805K [0x00000000eab00000, 0x00000000ee700000, 0x0000000100000000)
  eden space 30720K, 100% used [0x00000000eab00000,0x00000000ec900000,0x00000000ec900000)
  from space 4096K, 99% used [0x00000000ec900000,0x00000000eccfd6d8,0x00000000ecd00000)
  to   space 6144K, 0% used [0x00000000ee100000,0x00000000ee100000,0x00000000ee700000)
 ParOldGen       total 129536K, used 16777K [0x00000000c0000000, 0x00000000c7e80000, 0x00000000eab00000)
  object space 129536K, 12% used [0x00000000c0000000,0x00000000c1062458,0x00000000c7e80000)
 Metaspace       used 5843K, capacity 6960K, committed 7040K, reserved 1056768K
  class space    used 580K, capacity 616K, committed 640K, reserved 1048576K
Event: 13.415 GC heap after
Heap after GC invocations=16 (full 0):
 PSYoungGen      total 54784K, used 4864K [0x00000000eab00000, 0x00000000ee800000, 0x0000000100000000)
  eden space 48640K, 0% used [0x00000000eab00000,0x00000000eab00000,0x00000000eda80000)
  from space 6144K, 79% used [0x00000000ee100000,0x00000000ee5c0000,0x00000000ee700000)
  to   space 6656K, 0% used [0x00000000eda80000,0x00000000eda80000,0x00000000ee100000)
 ParOldGen       total 129536K, used 20306K [0x00000000c0000000, 0x00000000c7e80000, 0x00000000eab00000)
  object space 129536K, 15% used [0x00000000c0000000,0x00000000c13d4858,0x00000000c7e80000)
 Metaspace       used 5843K, capacity 6960K, committed 7040K, reserved 1056768K
  class space    used 580K, capacity 616K, committed 640K, reserved 1048576K
}
Event: 15.659 GC heap before
{Heap before GC invocations=17 (full 0):
 PSYoungGen      total 54784K, used 53504K [0x00000000eab00000, 0x00000000ee800000, 0x0000000100000000)
  eden space 48640K, 100% used [0x00000000eab00000,0x00000000eda80000,0x00000000eda80000)
  from space 6144K, 79% used [0x00000000ee100000,0x00000000ee5c0000,0x00000000ee700000)
  to   space 6656K, 0% used [0x00000000eda80000,0x00000000eda80000,0x00000000ee100000)
 ParOldGen       total 129536K, used 20306K [0x00000000c0000000, 0x00000000c7e80000, 0x00000000eab00000)
  object space 129536K, 15% used [0x00000000c0000000,0x00000000c13d4858,0x00000000c7e80000)
 Metaspace       used 5982K, capacity 6962K, committed 7040K, reserved 1056768K
  class space    used 598K, capacity 618K, committed 640K, reserved 1048576K
Event: 15.745 GC heap after
Heap after GC invocations=17 (full 0):
 PSYoungGen      total 55296K, used 6656K [0x00000000eab00000, 0x00000000f0080000, 0x0000000100000000)
  eden space 48640K, 0% used [0x00000000eab00000,0x00000000eab00000,0x00000000eda80000)
  from space 6656K, 100% used [0x00000000eda80000,0x00000000ee100000,0x00000000ee100000)
  to   space 9728K, 0% used [0x00000000ef700000,0x00000000ef700000,0x00000000f0080000)
 ParOldGen       total 129536K, used 25961K [0x00000000c0000000, 0x00000000c7e80000, 0x00000000eab00000)
  object space 129536K, 20% used [0x00000000c0000000,0x00000000c195a710,0x00000000c7e80000)
 Metaspace       used 5982K, capacity 6962K, committed 7040K, reserved 1056768K
  class space    used 598K, capacity 618K, committed 640K, reserved 1048576K
}
Event: 18.392 GC heap before
{Heap before GC invocations=18 (full 0):
 PSYoungGen      total 55296K, used 55296K [0x00000000eab00000, 0x00000000f0080000, 0x0000000100000000)
  eden space 48640K, 100% used [0x00000000eab00000,0x00000000eda80000,0x00000000eda80000)
  from space 6656K, 100% used [0x00000000eda80000,0x00000000ee100000,0x00000000ee100000)
  to   space 9728K, 0% used [0x00000000ef700000,0x00000000ef700000,0x00000000f0080000)
 ParOldGen       total 129536K, used 25961K [0x00000000c0000000, 0x00000000c7e80000, 0x00000000eab00000)
  object space 129536K, 20% used [0x00000000c0000000,0x00000000c195a710,0x00000000c7e80000)
 Metaspace       used 5993K, capacity 7026K, committed 7296K, reserved 1056768K
  class space    used 599K, capacity 618K, committed 640K, reserved 1048576K
Event: 18.602 GC heap after
Heap after GC invocations=18 (full 0):
 PSYoungGen      total 75776K, used 9665K [0x00000000eab00000, 0x00000000f0480000, 0x0000000100000000)
  eden space 66048K, 0% used [0x00000000eab00000,0x00000000eab00000,0x00000000eeb80000)
  from space 9728K, 99% used [0x00000000ef700000,0x00000000f0070590,0x00000000f0080000)
  to   space 11776K, 0% used [0x00000000eeb80000,0x00000000eeb80000,0x00000000ef700000)
 ParOldGen       total 129536K, used 32638K [0x00000000c0000000, 0x00000000c7e80000, 0x00000000eab00000)
  object space 129536K, 25% used [0x00000000c0000000,0x00000000c1fdf8f8,0x00000000c7e80000)
 Metaspace       used 5993K, capacity 7026K, committed 7296K, reserved 1056768K
  class space    used 599K, capacity 618K, committed 640K, reserved 1048576K
}
Event: 23.950 GC heap before
{Heap before GC invocations=19 (full 0):
 PSYoungGen      total 75776K, used 75713K [0x00000000eab00000, 0x00000000f0480000, 0x0000000100000000)
  eden space 66048K, 100% used [0x00000000eab00000,0x00000000eeb80000,0x00000000eeb80000)
  from space 9728K, 99% used [0x00000000ef700000,0x00000000f0070590,0x00000000f0080000)
  to   space 11776K, 0% used [0x00000000eeb80000,0x00000000eeb80000,0x00000000ef700000)
 ParOldGen       total 129536K, used 32638K [0x00000000c0000000, 0x00000000c7e80000, 0x00000000eab00000)
  object space 129536K, 25% used [0x00000000c0000000,0x00000000c1fdf8f8,0x00000000c7e80000)
 Metaspace       used 6001K, capacity 7026K, committed 7296K, reserved 1056768K
  class space    used 599K, capacity 618K, committed 640K, reserved 1048576K
Event: 24.209 GC heap after
Heap after GC invocations=19 (full 0):
 PSYoungGen      total 77824K, used 11764K [0x00000000eab00000, 0x00000000f0480000, 0x0000000100000000)
  eden space 66048K, 0% used [0x00000000eab00000,0x00000000eab00000,0x00000000eeb80000)
  from space 11776K, 99% used [0x00000000eeb80000,0x00000000ef6fd0f0,0x00000000ef700000)
  to   space 9728K, 0% used [0x00000000ef700000,0x00000000ef700000,0x00000000f0080000)
 ParOldGen       total 129536K, used 62397K [0x00000000c0000000, 0x00000000c7e80000, 0x00000000eab00000)
  object space 129536K, 48% used [0x00000000c0000000,0x00000000c3cef5b0,0x00000000c7e80000)
 Metaspace       used 6001K, capacity 7026K, committed 7296K, reserved 1056768K
  class space    used 599K, capacity 618K, committed 640K, reserved 1048576K
}

Deoptimization events (10 events):
Event: 19.691 Thread 0x0000000016ba7800 Uncommon trap: reason=class_check action=maybe_recompile pc=0x0000000003294838 method=com.android.dx.cf.code.Simulator$SimVisitor.visitNoArgs(IIILcom/android/dx/rop/type/Type;)V @ 1168
Event: 19.692 Thread 0x0000000016ba7800 Uncommon trap: reason=class_check action=maybe_recompile pc=0x0000000003294838 method=com.android.dx.cf.code.Simulator$SimVisitor.visitNoArgs(IIILcom/android/dx/rop/type/Type;)V @ 1168
Event: 20.169 Thread 0x0000000016bb1000 Uncommon trap: reason=class_check action=maybe_recompile pc=0x00000000032ad95c method=com.android.dx.cf.code.Simulator$SimVisitor.visitLocal(IIIILcom/android/dx/rop/type/Type;I)V @ 246
Event: 20.172 Thread 0x0000000016bb1000 Uncommon trap: reason=class_check action=maybe_recompile pc=0x00000000032ad95c method=com.android.dx.cf.code.Simulator$SimVisitor.visitLocal(IIIILcom/android/dx/rop/type/Type;I)V @ 246
Event: 20.179 Thread 0x0000000016bb1000 Uncommon trap: reason=class_check action=maybe_recompile pc=0x00000000032ad95c method=com.android.dx.cf.code.Simulator$SimVisitor.visitLocal(IIIILcom/android/dx/rop/type/Type;I)V @ 246
Event: 20.240 Thread 0x0000000016bb1000 Uncommon trap: reason=class_check action=maybe_recompile pc=0x00000000032ad95c method=com.android.dx.cf.code.Simulator$SimVisitor.visitLocal(IIIILcom/android/dx/rop/type/Type;I)V @ 246
Event: 20.240 Thread 0x0000000016bb1000 Uncommon trap: reason=class_check action=maybe_recompile pc=0x00000000032c42dc method=com.android.dx.cf.code.Simulator$SimVisitor.visitNoArgs(IIILcom/android/dx/rop/type/Type;)V @ 1008
Event: 20.240 Thread 0x0000000016bb1000 Uncommon trap: reason=class_check action=maybe_recompile pc=0x00000000032c42dc method=com.android.dx.cf.code.Simulator$SimVisitor.visitNoArgs(IIILcom/android/dx/rop/type/Type;)V @ 1008
Event: 20.338 Thread 0x0000000016bb1000 Uncommon trap: reason=bimorphic action=maybe_recompile pc=0x0000000003283d60 method=com.android.dx.cf.code.BytecodeArray.parseInstruction(ILcom/android/dx/cf/code/BytecodeArray$Visitor;)I @ 2484
Event: 20.339 Thread 0x0000000016bb1000 Uncommon trap: reason=bimorphic action=maybe_recompile pc=0x0000000003283d60 method=com.android.dx.cf.code.BytecodeArray.parseInstruction(ILcom/android/dx/cf/code/BytecodeArray$Visitor;)I @ 2484

Internal exceptions (10 events):
Event: 3.504 Thread 0x000000000265d800 Implicit null exception at 0x0000000002c63622 to 0x0000000002c63712
Event: 4.361 Thread 0x000000000265d800 Exception <a 'java/security/PrivilegedActionException'> (0x00000000eaeee260) thrown at [D:\re\workspace\8-2-build-windows-amd64-cygwin\jdk8u5\2488\hotspot\src\share\vm\prims\jvm.cpp, line 1248]
Event: 5.047 Thread 0x000000000265d800 Exception <a 'java/security/PrivilegedActionException'> (0x00000000eaf3bbc8) thrown at [D:\re\workspace\8-2-build-windows-amd64-cygwin\jdk8u5\2488\hotspot\src\share\vm\prims\jvm.cpp, line 1248]
Event: 5.077 Thread 0x0000000016ba7800 Exception <a 'java/security/PrivilegedActionException'> (0x00000000eb161318) thrown at [D:\re\workspace\8-2-build-windows-amd64-cygwin\jdk8u5\2488\hotspot\src\share\vm\prims\jvm.cpp, line 1248]
Event: 6.445 Thread 0x0000000016bb1000 Exception <a 'java/security/PrivilegedActionException'> (0x00000000eb78e160) thrown at [D:\re\workspace\8-2-build-windows-amd64-cygwin\jdk8u5\2488\hotspot\src\share\vm\prims\jvm.cpp, line 1248]
Event: 7.211 Thread 0x0000000016bb1000 Exception <a 'java/security/PrivilegedActionException'> (0x00000000ebbce0e0) thrown at [D:\re\workspace\8-2-build-windows-amd64-cygwin\jdk8u5\2488\hotspot\src\share\vm\prims\jvm.cpp, line 1248]
Event: 14.389 Thread 0x0000000016bb1000 Exception <a 'java/lang/ArrayIndexOutOfBoundsException': 18> (0x00000000eb75ab00) thrown at [D:\re\workspace\8-2-build-windows-amd64-cygwin\jdk8u5\2488\hotspot\src\share\vm\interpreter\interpreterRuntime.cpp, line 337]
Event: 14.390 Thread 0x0000000016bb1000 Exception <a 'java/lang/ArrayIndexOutOfBoundsException'> (0x00000000eb75c598) thrown at [D:\re\workspace\8-2-build-windows-amd64-cygwin\jdk8u5\2488\hotspot\src\share\vm\runtime\sharedRuntime.cpp, line 595]
Event: 14.391 Thread 0x0000000016bb1000 Exception <a 'java/lang/ArrayIndexOutOfBoundsException'> (0x00000000eb75d7b0) thrown at [D:\re\workspace\8-2-build-windows-amd64-cygwin\jdk8u5\2488\hotspot\src\share\vm\runtime\sharedRuntime.cpp, line 595]
Event: 17.825 Thread 0x0000000016bb1000 Exception <a 'java/security/PrivilegedActionException'> (0x00000000ec8ade30) thrown at [D:\re\workspace\8-2-build-windows-amd64-cygwin\jdk8u5\2488\hotspot\src\share\vm\prims\jvm.cpp, line 1248]

Events (10 events):
Event: 21.834 Thread 0x0000000016bb1000 DEOPT PACKING pc=0x0000000002d7f208 sp=0x000000001723e4c0
Event: 21.834 Thread 0x0000000016bb1000 DEOPT UNPACKING pc=0x0000000002957604 sp=0x000000001723e2a0 mode 0
Event: 21.909 Thread 0x0000000016bb1000 DEOPT PACKING pc=0x0000000002f1eeeb sp=0x000000001723e710
Event: 21.910 Thread 0x0000000016bb1000 DEOPT UNPACKING pc=0x0000000002957604 sp=0x000000001723e460 mode 0
Event: 22.258 Thread 0x0000000016bb1000 DEOPT PACKING pc=0x0000000002db99a5 sp=0x000000001723e990
Event: 22.258 Thread 0x0000000016bb1000 DEOPT UNPACKING pc=0x0000000002957604 sp=0x000000001723e6c8 mode 0
Event: 23.944 Executing VM operation: ParallelGCFailedAllocation
Event: 24.209 Executing VM operation: ParallelGCFailedAllocation done
Event: 24.317 Thread 0x0000000016ba7800 DEOPT PACKING pc=0x0000000002dad14c sp=0x000000001713e8b0
Event: 24.317 Thread 0x0000000016ba7800 DEOPT UNPACKING pc=0x0000000002957604 sp=0x000000001713e640 mode 0


Dynamic libraries:
0x00007ff793670000 - 0x00007ff7936a4000 	C:\Program Files\Java\jdk1.8.0_05\bin\java.exe
0x00007fff8a4a0000 - 0x00007fff8a661000 	C:\WINDOWS\SYSTEM32\ntdll.dll
0x00007fff87bd0000 - 0x00007fff87c7d000 	C:\WINDOWS\system32\KERNEL32.DLL
0x00007fff86f70000 - 0x00007fff8714d000 	C:\WINDOWS\system32\KERNELBASE.dll
0x00007fff894f0000 - 0x00007fff89596000 	C:\WINDOWS\system32\ADVAPI32.dll
0x00007fff8a310000 - 0x00007fff8a3ad000 	C:\WINDOWS\system32\msvcrt.dll
0x00007fff87b70000 - 0x00007fff87bcb000 	C:\WINDOWS\system32\sechost.dll
0x00007fff898b0000 - 0x00007fff899d6000 	C:\WINDOWS\system32\RPCRT4.dll
0x00007fff89b30000 - 0x00007fff89c7e000 	C:\WINDOWS\system32\USER32.dll
0x00007fff892a0000 - 0x00007fff89426000 	C:\WINDOWS\system32\GDI32.dll
0x00007fff7cbd0000 - 0x00007fff7ce44000 	C:\WINDOWS\WinSxS\amd64_microsoft.windows.common-controls_6595b64144ccf1df_6.0.10240.16384_none_f41f7b285750ef43\COMCTL32.dll
0x00007fff87c80000 - 0x00007fff87cb6000 	C:\WINDOWS\system32\IMM32.DLL
0x00007fff895a0000 - 0x00007fff896fc000 	C:\WINDOWS\system32\MSCTF.dll
0x00000000759c0000 - 0x0000000075a92000 	C:\Program Files\Java\jdk1.8.0_05\jre\bin\msvcr100.dll
0x0000000075e40000 - 0x000000007666a000 	C:\Program Files\Java\jdk1.8.0_05\jre\bin\server\jvm.dll
0x00007fff8a3b0000 - 0x00007fff8a3b8000 	C:\WINDOWS\system32\PSAPI.DLL
0x00007fff83e20000 - 0x00007fff83e29000 	C:\WINDOWS\SYSTEM32\WSOCK32.dll
0x00007fff89eb0000 - 0x00007fff89f19000 	C:\WINDOWS\system32\WS2_32.dll
0x00007fff8a3c0000 - 0x00007fff8a3c8000 	C:\WINDOWS\system32\NSI.dll
0x00007fff85250000 - 0x00007fff85273000 	C:\WINDOWS\SYSTEM32\WINMM.dll
0x00007fff85220000 - 0x00007fff8524c000 	C:\WINDOWS\SYSTEM32\WINMMBASE.dll
0x00007fff87150000 - 0x00007fff87194000 	C:\WINDOWS\system32\cfgmgr32.dll
0x00007fff851c0000 - 0x00007fff851e7000 	C:\WINDOWS\SYSTEM32\DEVOBJ.dll
0x0000000075e30000 - 0x0000000075e3f000 	C:\Program Files\Java\jdk1.8.0_05\jre\bin\verify.dll
0x0000000075e00000 - 0x0000000075e28000 	C:\Program Files\Java\jdk1.8.0_05\jre\bin\java.dll
0x0000000075de0000 - 0x0000000075df6000 	C:\Program Files\Java\jdk1.8.0_05\jre\bin\zip.dll
0x00007fff87d70000 - 0x00007fff89291000 	C:\WINDOWS\system32\SHELL32.dll
0x00007fff87420000 - 0x00007fff87a49000 	C:\WINDOWS\system32\windows.storage.dll
0x00007fff8a070000 - 0x00007fff8a2ec000 	C:\WINDOWS\system32\combase.dll
0x00007fff8a3e0000 - 0x00007fff8a431000 	C:\WINDOWS\system32\shlwapi.dll
0x00007fff86ed0000 - 0x00007fff86edf000 	C:\WINDOWS\system32\kernel.appcore.dll
0x00007fff87a50000 - 0x00007fff87b03000 	C:\WINDOWS\system32\shcore.dll
0x00007fff86f20000 - 0x00007fff86f6a000 	C:\WINDOWS\system32\powrprof.dll
0x00007fff86f00000 - 0x00007fff86f13000 	C:\WINDOWS\system32\profapi.dll
0x00007fff76f50000 - 0x00007fff770da000 	C:\WINDOWS\SYSTEM32\dbghelp.dll

VM Arguments:
jvm_args: -Xmx1024M -Dfile.encoding=windows-1252 -Duser.country=BR -Duser.language=pt -Duser.variant 
java_command: com.android.dx.command.Main --dex --num-threads=4 --output E:\GitHub\FitCook\app\build\intermediates\pre-dexed\debug\classes-9032a26c93add31dab6fd669133c6242d7ad36f9.jar E:\GitHub\FitCook\app\build\intermediates\exploded-aar\com.google.android.gms\play-services-analytics\7.5.0\jars\classes.jar
java_class_path (initial): C:\Program Files (x86)\Android\android-sdk\build-tools\23.0.0_rc2\lib\dx.jar
Launcher Type: SUN_STANDARD

Environment Variables:
JAVA_HOME=C:\Program Files\Java\jdk1.8.0_05
PATH=C:\Program Files (x86)\Intel\iCLS Client\;C:\Program Files\Intel\iCLS Client\;C:\WINDOWS\system32;C:\WINDOWS;C:\WINDOWS\System32\Wbem;C:\WINDOWS\System32\WindowsPowerShell\v1.0\;C:\Program Files (x86)\Windows Live\Shared;C:\Program Files (x86)\Intel\OpenCL SDK\2.0\bin\x86;C:\Program Files (x86)\Intel\OpenCL SDK\2.0\bin\x64;C:\Program Files\Intel\Intel(R) Management Engine Components\DAL;C:\Program Files\Intel\Intel(R) Management Engine Components\IPT;C:\Program Files (x86)\Intel\Intel(R) Management Engine Components\DAL;C:\Program Files (x86)\Intel\Intel(R) Management Engine Components\IPT;C:\Program Files\Java\jdk1.8.0_05/bin;C:\Program Files (x86)\Android\android-sdk\platform-tools;C:\Program Files (x86)\Git\cmd;C:\Program Files (x86)\Skype\Phone\;C:\Program Files (x86)\Windows Kits\8.1\Windows Performance Toolkit\;C:\Program Files\Microsoft SQL Server\110\Tools\Binn\;C:\Program Files (x86)\Microsoft SDKs\TypeScript\1.0\;C:\Program Files\Microsoft SQL Server\120\Tools\Binn\;C:\Program Files (x86)\nodejs\;C:\Ruby21\bin;C:\Users\Aires\AppData\Roaming\npm
USERNAME=Aires
OS=Windows_NT
PROCESSOR_IDENTIFIER=Intel64 Family 6 Model 58 Stepping 9, GenuineIntel



---------------  S Y S T E M  ---------------

OS: Windows 8.1 , 64 bit Build 9600 

CPU:total 4 (2 cores per cpu, 2 threads per core) family 6 model 58 stepping 9, cmov, cx8, fxsr, mmx, sse, sse2, sse3, ssse3, sse4.1, sse4.2, popcnt, avx, clmul, erms, ht, tsc, tscinvbit

Memory: 4k page, physical 8282396k(1335236k free), swap 8282396k(5136k free)

vm_info: Java HotSpot(TM) 64-Bit Server VM (25.5-b02) for windows-amd64 JRE (1.8.0_05-b13), built on Mar 18 2014 01:08:39 by "java_re" with MS VC++ 10.0 (VS2010)

time: Tue Aug 11 18:25:03 2015
elapsed time: 24 seconds

