#
# There is insufficient memory for the Java Runtime Environment to continue.
# Native memory allocation (malloc) failed to allocate 32744 bytes for ChunkPool::allocate
# Possible reasons:
#   The system is out of physical RAM or swap space
#   In 32 bit mode, the process size limit was hit
# Possible solutions:
#   Reduce memory load on the system
#   Increase physical memory or swap space
#   Check if swap backing store is full
#   Use 64 bit Java on a 64 bit OS
#   Decrease Java heap size (-Xmx/-Xms)
#   Decrease number of Java threads
#   Decrease Java thread stack sizes (-Xss)
#   Set larger code cache with -XX:ReservedCodeCacheSize=
# This output file may be truncated or incomplete.
#
#  Out of Memory Error (allocation.cpp:271), pid=3632, tid=3692
#
# JRE version: Java(TM) SE Runtime Environment (8.0_05-b13) (build 1.8.0_05-b13)
# Java VM: Java HotSpot(TM) 64-Bit Server VM (25.5-b02 mixed mode windows-amd64 compressed oops)
# Failed to write core dump. Minidumps are not enabled by default on client versions of Windows
#

---------------  T H R E A D  ---------------

Current thread (0x000000001574c000):  JavaThread "C2 CompilerThread0" daemon [_thread_in_native, id=3692, stack(0x0000000016cc0000,0x0000000016dc0000)]

Stack: [0x0000000016cc0000,0x0000000016dc0000]
Native frames: (J=compiled Java code, j=interpreted, Vv=VM code, C=native code)
V  [jvm.dll+0x308dea]


Current CompileTask:
C2:   5886 1731   !   4       com.android.dx.cf.code.Ropper::processBlock (1101 bytes)


---------------  P R O C E S S  ---------------

Java Threads: ( => current thread )
  0x0000000017359000 JavaThread "pool-1-thread-4" [_thread_in_Java, id=7692, stack(0x00000000179c0000,0x0000000017ac0000)]
  0x000000001734e000 JavaThread "pool-1-thread-3" [_thread_in_Java, id=3164, stack(0x00000000178c0000,0x00000000179c0000)]
  0x0000000017324800 JavaThread "pool-2-thread-1" [_thread_blocked, id=3520, stack(0x00000000176c0000,0x00000000177c0000)]
  0x00000000157ab800 JavaThread "Service Thread" daemon [_thread_blocked, id=5536, stack(0x0000000016fc0000,0x00000000170c0000)]
  0x00000000157a0000 JavaThread "C1 CompilerThread2" daemon [_thread_blocked, id=652, stack(0x0000000016ec0000,0x0000000016fc0000)]
  0x000000001579d800 JavaThread "C2 CompilerThread1" daemon [_thread_in_native, id=6244, stack(0x0000000016dc0000,0x0000000016ec0000)]
=>0x000000001574c000 JavaThread "C2 CompilerThread0" daemon [_thread_in_native, id=3692, stack(0x0000000016cc0000,0x0000000016dc0000)]
  0x000000001574a800 JavaThread "Attach Listener" daemon [_thread_blocked, id=8020, stack(0x0000000016bc0000,0x0000000016cc0000)]
  0x0000000015749800 JavaThread "Signal Dispatcher" daemon [_thread_blocked, id=6600, stack(0x0000000016ac0000,0x0000000016bc0000)]
  0x0000000003075000 JavaThread "Finalizer" daemon [_thread_blocked, id=5216, stack(0x00000000169c0000,0x0000000016ac0000)]
  0x0000000003069000 JavaThread "Reference Handler" daemon [_thread_blocked, id=3568, stack(0x00000000168c0000,0x00000000169c0000)]
  0x0000000002cbd800 JavaThread "main" [_thread_blocked, id=4516, stack(0x0000000002d80000,0x0000000002e80000)]

Other Threads:
  0x0000000015715000 VMThread [stack: 0x00000000167c0000,0x00000000168c0000] [id=752]
  0x00000000157ae800 WatcherThread [stack: 0x00000000174c0000,0x00000000175c0000] [id=5324]

VM state:not at safepoint (normal execution)

VM Mutex/Monitor currently owned by a thread: None

Heap:
 PSYoungGen      total 35328K, used 13026K [0x00000000eab00000, 0x00000000ed280000, 0x0000000100000000)
  eden space 31744K, 29% used [0x00000000eab00000,0x00000000eb43b000,0x00000000eca00000)
  from space 3584K, 99% used [0x00000000ece00000,0x00000000ed17dab0,0x00000000ed180000)
  to   space 4096K, 0% used [0x00000000eca00000,0x00000000eca00000,0x00000000ece00000)
 ParOldGen       total 129536K, used 20848K [0x00000000c0000000, 0x00000000c7e80000, 0x00000000eab00000)
  object space 129536K, 16% used [0x00000000c0000000,0x00000000c145c238,0x00000000c7e80000)
 Metaspace       used 5870K, capacity 6960K, committed 7040K, reserved 1056768K
  class space    used 582K, capacity 616K, committed 640K, reserved 1048576K

Card table byte_map: [0x0000000012440000,0x0000000012650000] byte_map_base: 0x0000000011e40000

Marking Bits: (ParMarkBitMap*) 0x00000000765f13b0
 Begin Bits: [0x0000000012bb0000, 0x0000000013bb0000)
 End Bits:   [0x0000000013bb0000, 0x0000000014bb0000)

Polling page: 0x0000000002c20000

CodeCache: size=245760Kb used=7009Kb max_used=7009Kb free=238750Kb
 bounds [0x0000000003080000, 0x0000000003760000, 0x0000000012080000]
 total_blobs=2028 nmethods=1763 adapters=178
 compilation: enabled

Compilation events (10 events):
Event: 5.803 Thread 0x00000000157a0000 1797   !   2       java.util.concurrent.ArrayBlockingQueue::offer (55 bytes)
Event: 5.804 Thread 0x00000000157a0000 nmethod 1797 0x000000000375a250 code [0x000000000375a400, 0x000000000375a738]
Event: 5.804 Thread 0x00000000157a0000 1798       2       java.util.concurrent.ArrayBlockingQueue::checkNotNull (13 bytes)
Event: 5.804 Thread 0x00000000157a0000 nmethod 1798 0x000000000375aa50 code [0x000000000375abc0, 0x000000000375ad88]
Event: 5.805 Thread 0x00000000157a0000 1799       2       java.util.concurrent.locks.ReentrantLock$FairSync::lock (6 bytes)
Event: 5.805 Thread 0x00000000157a0000 nmethod 1799 0x000000000375ae50 code [0x000000000375afe0, 0x000000000375b1f8]
Event: 5.817 Thread 0x00000000157a0000 1800       2       java.util.concurrent.locks.AbstractQueuedSynchronizer::compareAndSetTail (13 bytes)
Event: 5.818 Thread 0x00000000157a0000 nmethod 1800 0x000000000375b350 code [0x000000000375b4a0, 0x000000000375b610]
Event: 5.819 Thread 0x00000000157a0000 1801       2       java.util.concurrent.locks.AbstractQueuedSynchronizer::setHead (16 bytes)
Event: 5.819 Thread 0x00000000157a0000 nmethod 1801 0x000000000375b690 code [0x000000000375b7e0, 0x000000000375b990]

GC Heap History (10 events):
Event: 4.074 GC heap before
{Heap before GC invocations=12 (full 0):
 PSYoungGen      total 15360K, used 14368K [0x00000000eab00000, 0x00000000ec480000, 0x0000000100000000)
  eden space 12288K, 100% used [0x00000000eab00000,0x00000000eb700000,0x00000000eb700000)
  from space 3072K, 67% used [0x00000000eb700000,0x00000000eb908010,0x00000000eba00000)
  to   space 3072K, 0% used [0x00000000ec180000,0x00000000ec180000,0x00000000ec480000)
 ParOldGen       total 129536K, used 5653K [0x00000000c0000000, 0x00000000c7e80000, 0x00000000eab00000)
  object space 129536K, 4% used [0x00000000c0000000,0x00000000c0585438,0x00000000c7e80000)
 Metaspace       used 5765K, capacity 6896K, committed 7040K, reserved 1056768K
  class space    used 580K, capacity 616K, committed 640K, reserved 1048576K
Event: 4.091 GC heap after
Heap after GC invocations=12 (full 0):
 PSYoungGen      total 23040K, used 2016K [0x00000000eab00000, 0x00000000ec480000, 0x0000000100000000)
  eden space 19968K, 0% used [0x00000000eab00000,0x00000000eab00000,0x00000000ebe80000)
  from space 3072K, 65% used [0x00000000ec180000,0x00000000ec378000,0x00000000ec480000)
  to   space 3072K, 0% used [0x00000000ebe80000,0x00000000ebe80000,0x00000000ec180000)
 ParOldGen       total 129536K, used 7369K [0x00000000c0000000, 0x00000000c7e80000, 0x00000000eab00000)
  object space 129536K, 5% used [0x00000000c0000000,0x00000000c07326e8,0x00000000c7e80000)
 Metaspace       used 5765K, capacity 6896K, committed 7040K, reserved 1056768K
  class space    used 580K, capacity 616K, committed 640K, reserved 1048576K
}
Event: 4.434 GC heap before
{Heap before GC invocations=13 (full 0):
 PSYoungGen      total 23040K, used 21984K [0x00000000eab00000, 0x00000000ec480000, 0x0000000100000000)
  eden space 19968K, 100% used [0x00000000eab00000,0x00000000ebe80000,0x00000000ebe80000)
  from space 3072K, 65% used [0x00000000ec180000,0x00000000ec378000,0x00000000ec480000)
  to   space 3072K, 0% used [0x00000000ebe80000,0x00000000ebe80000,0x00000000ec180000)
 ParOldGen       total 129536K, used 7369K [0x00000000c0000000, 0x00000000c7e80000, 0x00000000eab00000)
  object space 129536K, 5% used [0x00000000c0000000,0x00000000c07326e8,0x00000000c7e80000)
 Metaspace       used 5796K, capacity 6896K, committed 7040K, reserved 1056768K
  class space    used 580K, capacity 616K, committed 640K, reserved 1048576K
Event: 4.504 GC heap after
Heap after GC invocations=13 (full 0):
 PSYoungGen      total 23040K, used 3008K [0x00000000eab00000, 0x00000000ed180000, 0x0000000100000000)
  eden space 19968K, 0% used [0x00000000eab00000,0x00000000eab00000,0x00000000ebe80000)
  from space 3072K, 97% used [0x00000000ebe80000,0x00000000ec170010,0x00000000ec180000)
  to   space 3584K, 0% used [0x00000000ece00000,0x00000000ece00000,0x00000000ed180000)
 ParOldGen       total 129536K, used 9130K [0x00000000c0000000, 0x00000000c7e80000, 0x00000000eab00000)
  object space 129536K, 7% used [0x00000000c0000000,0x00000000c08ea9e0,0x00000000c7e80000)
 Metaspace       used 5796K, capacity 6896K, committed 7040K, reserved 1056768K
  class space    used 580K, capacity 616K, committed 640K, reserved 1048576K
}
Event: 4.735 GC heap before
{Heap before GC invocations=14 (full 0):
 PSYoungGen      total 23040K, used 22976K [0x00000000eab00000, 0x00000000ed180000, 0x0000000100000000)
  eden space 19968K, 100% used [0x00000000eab00000,0x00000000ebe80000,0x00000000ebe80000)
  from space 3072K, 97% used [0x00000000ebe80000,0x00000000ec170010,0x00000000ec180000)
  to   space 3584K, 0% used [0x00000000ece00000,0x00000000ece00000,0x00000000ed180000)
 ParOldGen       total 129536K, used 9130K [0x00000000c0000000, 0x00000000c7e80000, 0x00000000eab00000)
  object space 129536K, 7% used [0x00000000c0000000,0x00000000c08ea9e0,0x00000000c7e80000)
 Metaspace       used 5814K, capacity 6960K, committed 7040K, reserved 1056768K
  class space    used 580K, capacity 616K, committed 640K, reserved 1048576K
Event: 4.796 GC heap after
Heap after GC invocations=14 (full 0):
 PSYoungGen      total 35328K, used 2864K [0x00000000eab00000, 0x00000000ed280000, 0x0000000100000000)
  eden space 31744K, 0% used [0x00000000eab00000,0x00000000eab00000,0x00000000eca00000)
  from space 3584K, 79% used [0x00000000ece00000,0x00000000ed0cc010,0x00000000ed180000)
  to   space 4096K, 0% used [0x00000000eca00000,0x00000000eca00000,0x00000000ece00000)
 ParOldGen       total 129536K, used 11880K [0x00000000c0000000, 0x00000000c7e80000, 0x00000000eab00000)
  object space 129536K, 9% used [0x00000000c0000000,0x00000000c0b9a090,0x00000000c7e80000)
 Metaspace       used 5814K, capacity 6960K, committed 7040K, reserved 1056768K
  class space    used 580K, capacity 616K, committed 640K, reserved 1048576K
}
Event: 5.270 GC heap before
{Heap before GC invocations=15 (full 0):
 PSYoungGen      total 35328K, used 34608K [0x00000000eab00000, 0x00000000ed280000, 0x0000000100000000)
  eden space 31744K, 100% used [0x00000000eab00000,0x00000000eca00000,0x00000000eca00000)
  from space 3584K, 79% used [0x00000000ece00000,0x00000000ed0cc010,0x00000000ed180000)
  to   space 4096K, 0% used [0x00000000eca00000,0x00000000eca00000,0x00000000ece00000)
 ParOldGen       total 129536K, used 11880K [0x00000000c0000000, 0x00000000c7e80000, 0x00000000eab00000)
  object space 129536K, 9% used [0x00000000c0000000,0x00000000c0b9a090,0x00000000c7e80000)
 Metaspace       used 5837K, capacity 6960K, committed 7040K, reserved 1056768K
  class space    used 580K, capacity 616K, committed 640K, reserved 1048576K
Event: 5.321 GC heap after
Heap after GC invocations=15 (full 0):
 PSYoungGen      total 35840K, used 4096K [0x00000000eab00000, 0x00000000ed280000, 0x0000000100000000)
  eden space 31744K, 0% used [0x00000000eab00000,0x00000000eab00000,0x00000000eca00000)
  from space 4096K, 100% used [0x00000000eca00000,0x00000000ece00000,0x00000000ece00000)
  to   space 3584K, 0% used [0x00000000ece00000,0x00000000ece00000,0x00000000ed180000)
 ParOldGen       total 129536K, used 15722K [0x00000000c0000000, 0x00000000c7e80000, 0x00000000eab00000)
  object space 129536K, 12% used [0x00000000c0000000,0x00000000c0f5ab70,0x00000000c7e80000)
 Metaspace       used 5837K, capacity 6960K, committed 7040K, reserved 1056768K
  class space    used 580K, capacity 616K, committed 640K, reserved 1048576K
}
Event: 5.690 GC heap before
{Heap before GC invocations=16 (full 0):
 PSYoungGen      total 35840K, used 35840K [0x00000000eab00000, 0x00000000ed280000, 0x0000000100000000)
  eden space 31744K, 100% used [0x00000000eab00000,0x00000000eca00000,0x00000000eca00000)
  from space 4096K, 100% used [0x00000000eca00000,0x00000000ece00000,0x00000000ece00000)
  to   space 3584K, 0% used [0x00000000ece00000,0x00000000ece00000,0x00000000ed180000)
 ParOldGen       total 129536K, used 15722K [0x00000000c0000000, 0x00000000c7e80000, 0x00000000eab00000)
  object space 129536K, 12% used [0x00000000c0000000,0x00000000c0f5ab70,0x00000000c7e80000)
 Metaspace       used 5854K, capacity 6960K, committed 7040K, reserved 1056768K
  class space    used 580K, capacity 616K, committed 640K, reserved 1048576K
Event: 5.758 GC heap after
Heap after GC invocations=16 (full 0):
 PSYoungGen      total 35328K, used 3574K [0x00000000eab00000, 0x00000000ed280000, 0x0000000100000000)
  eden space 31744K, 0% used [0x00000000eab00000,0x00000000eab00000,0x00000000eca00000)
  from space 3584K, 99% used [0x00000000ece00000,0x00000000ed17dab0,0x00000000ed180000)
  to   space 4096K, 0% used [0x00000000eca00000,0x00000000eca00000,0x00000000ece00000)
 ParOldGen       total 129536K, used 20848K [0x00000000c0000000, 0x00000000c7e80000, 0x00000000eab00000)
  object space 129536K, 16% used [0x00000000c0000000,0x00000000c145c238,0x00000000c7e80000)
 Metaspace       used 5854K, capacity 6960K, committed 7040K, reserved 1056768K
  class space    used 580K, capacity 616K, committed 640K, reserved 1048576K
}

Deoptimization events (10 events):
Event: 3.886 Thread 0x000000001734e000 Uncommon trap: reason=bimorphic action=maybe_recompile pc=0x00000000035f4d48 method=java.util.HashMap.putVal(ILjava/lang/Object;Ljava/lang/Object;ZZ)Ljava/lang/Object; @ 203
Event: 3.886 Thread 0x000000001734e000 Uncommon trap: reason=bimorphic action=maybe_recompile pc=0x00000000032b0454 method=java.util.HashMap.getNode(ILjava/lang/Object;)Ljava/util/HashMap$Node; @ 126
Event: 3.886 Thread 0x000000001734e000 Uncommon trap: reason=bimorphic action=maybe_recompile pc=0x000000000329d0f4 method=java.util.HashMap.getNode(ILjava/lang/Object;)Ljava/util/HashMap$Node; @ 126
Event: 3.893 Thread 0x000000001734d000 Uncommon trap: reason=bimorphic action=maybe_recompile pc=0x00000000035f4d48 method=java.util.HashMap.putVal(ILjava/lang/Object;Ljava/lang/Object;ZZ)Ljava/lang/Object; @ 203
Event: 3.895 Thread 0x000000001734d000 Uncommon trap: reason=bimorphic action=maybe_recompile pc=0x00000000035f4d48 method=java.util.HashMap.putVal(ILjava/lang/Object;Ljava/lang/Object;ZZ)Ljava/lang/Object; @ 203
Event: 4.536 Thread 0x000000001734e000 Uncommon trap: reason=unreached action=reinterpret pc=0x0000000003636b20 method=com.android.dx.ssa.SCCP.simulateBranch(Lcom/android/dx/ssa/SsaInsn;)V @ 132
Event: 4.540 Thread 0x000000001734e000 Uncommon trap: reason=unreached action=reinterpret pc=0x00000000034452dc method=com.android.dx.ssa.SsaMethod.updateOneDefinition(Lcom/android/dx/ssa/SsaInsn;Lcom/android/dx/rop/code/RegisterSpec;)V @ 4
Event: 4.548 Thread 0x000000001734d000 Uncommon trap: reason=class_check action=maybe_recompile pc=0x00000000036044e0 method=com.android.dx.ssa.SCCP.setLatticeValueTo(IILcom/android/dx/rop/cst/Constant;)Z @ 43
Event: 4.548 Thread 0x000000001734d000 Uncommon trap: reason=class_check action=maybe_recompile pc=0x00000000036044e0 method=com.android.dx.ssa.SCCP.setLatticeValueTo(IILcom/android/dx/rop/cst/Constant;)Z @ 43
Event: 4.831 Thread 0x0000000017359000 Uncommon trap: reason=unreached action=reinterpret pc=0x00000000036bb8d4 method=com.android.dx.cf.code.ByteCatchList$Item.getExceptionClass()Lcom/android/dx/rop/cst/CstType; @ 4

Internal exceptions (10 events):
Event: 2.691 Thread 0x0000000002cbd800 Exception <a 'java/security/PrivilegedActionException'> (0x00000000eac96c68) thrown at [D:\re\workspace\8-2-build-windows-amd64-cygwin\jdk8u5\2488\hotspot\src\share\vm\prims\jvm.cpp, line 1248]
Event: 2.698 Thread 0x000000001734e000 Exception <a 'java/security/PrivilegedActionException'> (0x00000000eacda898) thrown at [D:\re\workspace\8-2-build-windows-amd64-cygwin\jdk8u5\2488\hotspot\src\share\vm\prims\jvm.cpp, line 1248]
Event: 2.705 Thread 0x0000000002cbd800 Exception <a 'java/security/PrivilegedActionException'> (0x00000000ead12420) thrown at [D:\re\workspace\8-2-build-windows-amd64-cygwin\jdk8u5\2488\hotspot\src\share\vm\prims\jvm.cpp, line 1248]
Event: 2.711 Thread 0x0000000002cbd800 Exception <a 'java/security/PrivilegedActionException'> (0x00000000ead2f0b8) thrown at [D:\re\workspace\8-2-build-windows-amd64-cygwin\jdk8u5\2488\hotspot\src\share\vm\prims\jvm.cpp, line 1248]
Event: 2.740 Thread 0x000000001734e000 Exception <a 'java/security/PrivilegedActionException'> (0x00000000eada2650) thrown at [D:\re\workspace\8-2-build-windows-amd64-cygwin\jdk8u5\2488\hotspot\src\share\vm\prims\jvm.cpp, line 1248]
Event: 3.033 Thread 0x0000000002cbd800 Exception <a 'java/security/PrivilegedActionException'> (0x00000000eae03ab8) thrown at [D:\re\workspace\8-2-build-windows-amd64-cygwin\jdk8u5\2488\hotspot\src\share\vm\prims\jvm.cpp, line 1248]
Event: 3.123 Thread 0x000000001731b800 Implicit null exception at 0x0000000003334f75 to 0x0000000003336a71
Event: 3.742 Thread 0x0000000002cbd800 Exception <a 'java/security/PrivilegedActionException'> (0x00000000eb264cc0) thrown at [D:\re\workspace\8-2-build-windows-amd64-cygwin\jdk8u5\2488\hotspot\src\share\vm\prims\jvm.cpp, line 1248]
Event: 3.881 Thread 0x0000000002cbd800 Exception <a 'java/security/PrivilegedActionException'> (0x00000000eacad8c8) thrown at [D:\re\workspace\8-2-build-windows-amd64-cygwin\jdk8u5\2488\hotspot\src\share\vm\prims\jvm.cpp, line 1248]
Event: 4.539 Thread 0x000000001734e000 Exception <a 'java/security/PrivilegedActionException'> (0x00000000eae468f0) thrown at [D:\re\workspace\8-2-build-windows-amd64-cygwin\jdk8u5\2488\hotspot\src\share\vm\prims\jvm.cpp, line 1248]

Events (10 events):
Event: 5.618 Executing VM operation: EnableBiasedLocking
Event: 5.637 Executing VM operation: EnableBiasedLocking done
Event: 5.690 Executing VM operation: ParallelGCFailedAllocation
Event: 5.758 Executing VM operation: ParallelGCFailedAllocation done
Event: 5.817 loading class java/util/HashMap$KeySet
Event: 5.817 loading class java/util/HashMap$KeySet done
Event: 5.817 loading class java/util/HashMap$KeyIterator
Event: 5.817 loading class java/util/HashMap$KeyIterator done
Event: 5.819 Thread 0x000000001734d000 Thread exited: 0x000000001734d000
Event: 5.848 Thread 0x000000001731b800 Thread exited: 0x000000001731b800


Dynamic libraries:
0x00007ff793670000 - 0x00007ff7936a4000 	C:\Program Files\Java\jdk1.8.0_05\bin\java.exe
0x00007fff8a4a0000 - 0x00007fff8a661000 	C:\WINDOWS\SYSTEM32\ntdll.dll
0x00007fff87bd0000 - 0x00007fff87c7d000 	C:\WINDOWS\system32\KERNEL32.DLL
0x00007fff86f70000 - 0x00007fff8714d000 	C:\WINDOWS\system32\KERNELBASE.dll
0x00007fff894f0000 - 0x00007fff89596000 	C:\WINDOWS\system32\ADVAPI32.dll
0x00007fff8a310000 - 0x00007fff8a3ad000 	C:\WINDOWS\system32\msvcrt.dll
0x00007fff87b70000 - 0x00007fff87bcb000 	C:\WINDOWS\system32\sechost.dll
0x00007fff898b0000 - 0x00007fff899d6000 	C:\WINDOWS\system32\RPCRT4.dll
0x00007fff89b30000 - 0x00007fff89c7e000 	C:\WINDOWS\system32\USER32.dll
0x00007fff892a0000 - 0x00007fff89426000 	C:\WINDOWS\system32\GDI32.dll
0x00007fff7cbd0000 - 0x00007fff7ce44000 	C:\WINDOWS\WinSxS\amd64_microsoft.windows.common-controls_6595b64144ccf1df_6.0.10240.16384_none_f41f7b285750ef43\COMCTL32.dll
0x00007fff87c80000 - 0x00007fff87cb6000 	C:\WINDOWS\system32\IMM32.DLL
0x00007fff895a0000 - 0x00007fff896fc000 	C:\WINDOWS\system32\MSCTF.dll
0x00000000759c0000 - 0x0000000075a92000 	C:\Program Files\Java\jdk1.8.0_05\jre\bin\msvcr100.dll
0x0000000075e40000 - 0x000000007666a000 	C:\Program Files\Java\jdk1.8.0_05\jre\bin\server\jvm.dll
0x00007fff8a3b0000 - 0x00007fff8a3b8000 	C:\WINDOWS\system32\PSAPI.DLL
0x00007fff83e20000 - 0x00007fff83e29000 	C:\WINDOWS\SYSTEM32\WSOCK32.dll
0x00007fff89eb0000 - 0x00007fff89f19000 	C:\WINDOWS\system32\WS2_32.dll
0x00007fff8a3c0000 - 0x00007fff8a3c8000 	C:\WINDOWS\system32\NSI.dll
0x00007fff85250000 - 0x00007fff85273000 	C:\WINDOWS\SYSTEM32\WINMM.dll
0x00007fff85220000 - 0x00007fff8524c000 	C:\WINDOWS\SYSTEM32\WINMMBASE.dll
0x00007fff87150000 - 0x00007fff87194000 	C:\WINDOWS\system32\cfgmgr32.dll
0x00007fff851c0000 - 0x00007fff851e7000 	C:\WINDOWS\SYSTEM32\DEVOBJ.dll
0x0000000075e30000 - 0x0000000075e3f000 	C:\Program Files\Java\jdk1.8.0_05\jre\bin\verify.dll
0x0000000075e00000 - 0x0000000075e28000 	C:\Program Files\Java\jdk1.8.0_05\jre\bin\java.dll
0x0000000075de0000 - 0x0000000075df6000 	C:\Program Files\Java\jdk1.8.0_05\jre\bin\zip.dll
0x00007fff87d70000 - 0x00007fff89291000 	C:\WINDOWS\system32\SHELL32.dll
0x00007fff87420000 - 0x00007fff87a49000 	C:\WINDOWS\system32\windows.storage.dll
0x00007fff8a070000 - 0x00007fff8a2ec000 	C:\WINDOWS\system32\combase.dll
0x00007fff8a3e0000 - 0x00007fff8a431000 	C:\WINDOWS\system32\shlwapi.dll
0x00007fff86ed0000 - 0x00007fff86edf000 	C:\WINDOWS\system32\kernel.appcore.dll
0x00007fff87a50000 - 0x00007fff87b03000 	C:\WINDOWS\system32\shcore.dll
0x00007fff86f20000 - 0x00007fff86f6a000 	C:\WINDOWS\system32\powrprof.dll
0x00007fff86f00000 - 0x00007fff86f13000 	C:\WINDOWS\system32\profapi.dll

VM Arguments:
jvm_args: -Xmx1024M -Dfile.encoding=windows-1252 -Duser.country=BR -Duser.language=pt -Duser.variant 
java_command: com.android.dx.command.Main --dex --num-threads=4 --output E:\GitHub\FitCook\app\build\intermediates\pre-dexed\debug\classes-668b2eb4c14198de9033e2aa5aeac96637788261.jar E:\GitHub\FitCook\app\build\intermediates\exploded-aar\com.google.android.gms\play-services-maps\7.5.0\jars\classes.jar
java_class_path (initial): C:\Program Files (x86)\Android\android-sdk\build-tools\23.0.0_rc2\lib\dx.jar
Launcher Type: SUN_STANDARD

Environment Variables:
JAVA_HOME=C:\Program Files\Java\jdk1.8.0_05
PATH=C:\Program Files (x86)\Intel\iCLS Client\;C:\Program Files\Intel\iCLS Client\;C:\WINDOWS\system32;C:\WINDOWS;C:\WINDOWS\System32\Wbem;C:\WINDOWS\System32\WindowsPowerShell\v1.0\;C:\Program Files (x86)\Windows Live\Shared;C:\Program Files (x86)\Intel\OpenCL SDK\2.0\bin\x86;C:\Program Files (x86)\Intel\OpenCL SDK\2.0\bin\x64;C:\Program Files\Intel\Intel(R) Management Engine Components\DAL;C:\Program Files\Intel\Intel(R) Management Engine Components\IPT;C:\Program Files (x86)\Intel\Intel(R) Management Engine Components\DAL;C:\Program Files (x86)\Intel\Intel(R) Management Engine Components\IPT;C:\Program Files\Java\jdk1.8.0_05/bin;C:\Program Files (x86)\Android\android-sdk\platform-tools;C:\Program Files (x86)\Git\cmd;C:\Program Files (x86)\Skype\Phone\;C:\Program Files (x86)\Windows Kits\8.1\Windows Performance Toolkit\;C:\Program Files\Microsoft SQL Server\110\Tools\Binn\;C:\Program Files (x86)\Microsoft SDKs\TypeScript\1.0\;C:\Program Files\Microsoft SQL Server\120\Tools\Binn\;C:\Program Files (x86)\nodejs\;C:\Ruby21\bin;C:\Users\Aires\AppData\Roaming\npm
USERNAME=Aires
OS=Windows_NT
PROCESSOR_IDENTIFIER=Intel64 Family 6 Model 58 Stepping 9, GenuineIntel



---------------  S Y S T E M  ---------------

OS: Windows 8.1 , 64 bit Build 9600 

CPU:total 4 (2 cores per cpu, 2 threads per core) family 6 model 58 stepping 9, cmov, cx8, fxsr, mmx, sse, sse2, sse3, ssse3, sse4.1, sse4.2, popcnt, avx, clmul, erms, ht, tsc, tscinvbit

Memory: 4k page, physical 8282396k(1552416k free), swap 8282396k(4084k free)

vm_info: Java HotSpot(TM) 64-Bit Server VM (25.5-b02) for windows-amd64 JRE (1.8.0_05-b13), built on Mar 18 2014 01:08:39 by "java_re" with MS VC++ 10.0 (VS2010)

time: Tue Aug 11 18:25:39 2015
elapsed time: 5 seconds

