#
# There is insufficient memory for the Java Runtime Environment to continue.
# Native memory allocation (malloc) failed to allocate 989776 bytes for Chunk::new
# Possible reasons:
#   The system is out of physical RAM or swap space
#   In 32 bit mode, the process size limit was hit
# Possible solutions:
#   Reduce memory load on the system
#   Increase physical memory or swap space
#   Check if swap backing store is full
#   Use 64 bit Java on a 64 bit OS
#   Decrease Java heap size (-Xmx/-Xms)
#   Decrease number of Java threads
#   Decrease Java thread stack sizes (-Xss)
#   Set larger code cache with -XX:ReservedCodeCacheSize=
# This output file may be truncated or incomplete.
#
#  Out of Memory Error (allocation.cpp:388), pid=1728, tid=5960
#
# JRE version: Java(TM) SE Runtime Environment (8.0_05-b13) (build 1.8.0_05-b13)
# Java VM: Java HotSpot(TM) 64-Bit Server VM (25.5-b02 mixed mode windows-amd64 compressed oops)
# Failed to write core dump. Minidumps are not enabled by default on client versions of Windows
#

---------------  T H R E A D  ---------------

Current thread (0x0000000014d6d800):  JavaThread "C2 CompilerThread1" daemon [_thread_in_native, id=5960, stack(0x0000000016380000,0x0000000016480000)]

Stack: [0x0000000016380000,0x0000000016480000]
Native frames: (J=compiled Java code, j=interpreted, Vv=VM code, C=native code)
V  [jvm.dll+0x308dea]
V  [jvm.dll+0x25def1]
V  [jvm.dll+0x25eb0f]
V  [jvm.dll+0x2564e5]
V  [jvm.dll+0xbcfc5]
V  [jvm.dll+0xbd45c]
V  [jvm.dll+0x468bac]
V  [jvm.dll+0x436550]
V  [jvm.dll+0x44111e]
V  [jvm.dll+0x4436a9]
V  [jvm.dll+0x427532]
V  [jvm.dll+0x96702]
V  [jvm.dll+0x96ef3]
V  [jvm.dll+0x2232c4]
V  [jvm.dll+0x27baca]
C  [msvcr100.dll+0x21d9f]
C  [msvcr100.dll+0x21e3b]
C  [KERNEL32.DLL+0x12d92]
C  [ntdll.dll+0x9f64]


Current CompileTask:
C2:  12462 1898       4       com.android.dx.cf.code.Simulator$SimVisitor::visitConstant (332 bytes)


---------------  P R O C E S S  ---------------

Java Threads: ( => current thread )
  0x0000000014d7b800 JavaThread "Service Thread" daemon [_thread_blocked, id=2168, stack(0x0000000016580000,0x0000000016680000)]
  0x0000000014d70800 JavaThread "C1 CompilerThread2" daemon [_thread_blocked, id=6796, stack(0x0000000016480000,0x0000000016580000)]
=>0x0000000014d6d800 JavaThread "C2 CompilerThread1" daemon [_thread_in_native, id=5960, stack(0x0000000016380000,0x0000000016480000)]
  0x0000000014d1c000 JavaThread "C2 CompilerThread0" daemon [_thread_in_native, id=5232, stack(0x0000000016280000,0x0000000016380000)]
  0x0000000014d1b000 JavaThread "Attach Listener" daemon [_thread_blocked, id=2300, stack(0x0000000016180000,0x0000000016280000)]
  0x0000000014d19800 JavaThread "Signal Dispatcher" daemon [_thread_blocked, id=1212, stack(0x0000000016080000,0x0000000016180000)]
  0x0000000002645000 JavaThread "Finalizer" daemon [_thread_blocked, id=4760, stack(0x0000000015f80000,0x0000000016080000)]
  0x0000000002639000 JavaThread "Reference Handler" daemon [_thread_blocked, id=8660, stack(0x0000000015e80000,0x0000000015f80000)]
  0x00000000023fd800 JavaThread "main" [_thread_in_Java, id=8196, stack(0x0000000002250000,0x0000000002350000)]

Other Threads:
  0x0000000014ce5000 VMThread [stack: 0x0000000015d80000,0x0000000015e80000] [id=8636]
  0x0000000014d7e800 WatcherThread [stack: 0x0000000016a80000,0x0000000016b80000] [id=5040]

VM state:synchronizing (normal execution)

VM Mutex/Monitor currently owned by a thread:  ([mutex/lock_event])
[0x00000000023fc7a0] Safepoint_lock - owner thread: 0x0000000014ce5000
[0x00000000023fc520] Threads_lock - owner thread: 0x0000000014ce5000

Heap:
 PSYoungGen      total 30720K, used 26805K [0x00000000eab00000, 0x00000000edb80000, 0x0000000100000000)
  eden space 26624K, 85% used [0x00000000eab00000,0x00000000ec135520,0x00000000ec500000)
  from space 4096K, 99% used [0x00000000ec500000,0x00000000ec8f8010,0x00000000ec900000)
  to   space 6144K, 0% used [0x00000000ed580000,0x00000000ed580000,0x00000000edb80000)
 ParOldGen       total 129536K, used 15511K [0x00000000c0000000, 0x00000000c7e80000, 0x00000000eab00000)
  object space 129536K, 11% used [0x00000000c0000000,0x00000000c0f25fe8,0x00000000c7e80000)
 Metaspace       used 5641K, capacity 6960K, committed 7040K, reserved 1056768K
  class space    used 550K, capacity 616K, committed 640K, reserved 1048576K

Card table byte_map: [0x0000000011a10000,0x0000000011c20000] byte_map_base: 0x0000000011410000

Marking Bits: (ParMarkBitMap*) 0x0000000062b913b0
 Begin Bits: [0x0000000012180000, 0x0000000013180000)
 End Bits:   [0x0000000013180000, 0x0000000014180000)

Polling page: 0x0000000000a80000

CodeCache: size=245760Kb used=9001Kb max_used=9014Kb free=236758Kb
 bounds [0x0000000002650000, 0x0000000002f30000, 0x0000000011650000]
 total_blobs=2136 nmethods=1876 adapters=174
 compilation: enabled

Compilation events (10 events):
Event: 12.259 Thread 0x0000000014d1c000 nmethod 1901 0x0000000002f21910 code [0x0000000002f21b20, 0x0000000002f23268]
Event: 12.260 Thread 0x0000000014d1c000 1900       4       com.android.dx.rop.code.RegisterSpec::getBasicFrameType (10 bytes)
Event: 12.260 Thread 0x0000000014d1c000 nmethod 1900 0x0000000002e24d10 code [0x0000000002e24e40, 0x0000000002e24eb8]
Event: 12.283 Thread 0x0000000014d1c000 1903 %     4       com.android.dx.cf.code.Ropper::addExceptionSetupBlocks @ 8 (203 bytes)
Event: 12.360 Thread 0x0000000014d1c000 nmethod 1903% 0x0000000002f247d0 code [0x0000000002f24a80, 0x0000000002f260f0]
Event: 12.361 Thread 0x0000000014d1c000 1906 %     4       java.util.BitSet::cardinality @ 4 (32 bytes)
Event: 12.365 Thread 0x0000000014d1c000 nmethod 1906% 0x0000000002ed3610 code [0x0000000002ed3760, 0x0000000002ed38d8]
Event: 12.365 Thread 0x0000000014d1c000 1904       4       com.android.dx.rop.cst.CstString::stringToUtf8Bytes (175 bytes)
Event: 12.382 Thread 0x0000000014d1c000 nmethod 1904 0x0000000002ee8590 code [0x0000000002ee86e0, 0x0000000002ee8dd8]
Event: 12.382 Thread 0x0000000014d1c000 1909       4       com.android.dx.dex.code.RopTranslator::pickOrder (400 bytes)

GC Heap History (10 events):
Event: 4.461 GC heap before
{Heap before GC invocations=13 (full 0):
 PSYoungGen      total 12800K, used 11904K [0x00000000eab00000, 0x00000000eb980000, 0x0000000100000000)
  eden space 10752K, 100% used [0x00000000eab00000,0x00000000eb580000,0x00000000eb580000)
  from space 2048K, 56% used [0x00000000eb780000,0x00000000eb8a0010,0x00000000eb980000)
  to   space 2048K, 0% used [0x00000000eb580000,0x00000000eb580000,0x00000000eb780000)
 ParOldGen       total 129536K, used 4025K [0x00000000c0000000, 0x00000000c7e80000, 0x00000000eab00000)
  object space 129536K, 3% used [0x00000000c0000000,0x00000000c03ee4f0,0x00000000c7e80000)
 Metaspace       used 5520K, capacity 6832K, committed 7040K, reserved 1056768K
  class space    used 550K, capacity 616K, committed 640K, reserved 1048576K
Event: 4.523 GC heap after
Heap after GC invocations=13 (full 0):
 PSYoungGen      total 12800K, used 1920K [0x00000000eab00000, 0x00000000ec000000, 0x0000000100000000)
  eden space 10752K, 0% used [0x00000000eab00000,0x00000000eab00000,0x00000000eb580000)
  from space 2048K, 93% used [0x00000000eb580000,0x00000000eb760000,0x00000000eb780000)
  to   space 2048K, 0% used [0x00000000ebe00000,0x00000000ebe00000,0x00000000ec000000)
 ParOldGen       total 129536K, used 5113K [0x00000000c0000000, 0x00000000c7e80000, 0x00000000eab00000)
  object space 129536K, 3% used [0x00000000c0000000,0x00000000c04fe500,0x00000000c7e80000)
 Metaspace       used 5520K, capacity 6832K, committed 7040K, reserved 1056768K
  class space    used 550K, capacity 616K, committed 640K, reserved 1048576K
}
Event: 5.562 GC heap before
{Heap before GC invocations=14 (full 0):
 PSYoungGen      total 12800K, used 12672K [0x00000000eab00000, 0x00000000ec000000, 0x0000000100000000)
  eden space 10752K, 100% used [0x00000000eab00000,0x00000000eb580000,0x00000000eb580000)
  from space 2048K, 93% used [0x00000000eb580000,0x00000000eb760000,0x00000000eb780000)
  to   space 2048K, 0% used [0x00000000ebe00000,0x00000000ebe00000,0x00000000ec000000)
 ParOldGen       total 129536K, used 5113K [0x00000000c0000000, 0x00000000c7e80000, 0x00000000eab00000)
  object space 129536K, 3% used [0x00000000c0000000,0x00000000c04fe500,0x00000000c7e80000)
 Metaspace       used 5562K, capacity 6896K, committed 7040K, reserved 1056768K
  class space    used 550K, capacity 616K, committed 640K, reserved 1048576K
Event: 5.646 GC heap after
Heap after GC invocations=14 (full 0):
 PSYoungGen      total 18944K, used 1856K [0x00000000eab00000, 0x00000000ec100000, 0x0000000100000000)
  eden space 16896K, 0% used [0x00000000eab00000,0x00000000eab00000,0x00000000ebb80000)
  from space 2048K, 90% used [0x00000000ebe00000,0x00000000ebfd0000,0x00000000ec000000)
  to   space 2560K, 0% used [0x00000000ebb80000,0x00000000ebb80000,0x00000000ebe00000)
 ParOldGen       total 129536K, used 6853K [0x00000000c0000000, 0x00000000c7e80000, 0x00000000eab00000)
  object space 129536K, 5% used [0x00000000c0000000,0x00000000c06b1520,0x00000000c7e80000)
 Metaspace       used 5562K, capacity 6896K, committed 7040K, reserved 1056768K
  class space    used 550K, capacity 616K, committed 640K, reserved 1048576K
}
Event: 7.274 GC heap before
{Heap before GC invocations=15 (full 0):
 PSYoungGen      total 18944K, used 18752K [0x00000000eab00000, 0x00000000ec100000, 0x0000000100000000)
  eden space 16896K, 100% used [0x00000000eab00000,0x00000000ebb80000,0x00000000ebb80000)
  from space 2048K, 90% used [0x00000000ebe00000,0x00000000ebfd0000,0x00000000ec000000)
  to   space 2560K, 0% used [0x00000000ebb80000,0x00000000ebb80000,0x00000000ebe00000)
 ParOldGen       total 129536K, used 6853K [0x00000000c0000000, 0x00000000c7e80000, 0x00000000eab00000)
  object space 129536K, 5% used [0x00000000c0000000,0x00000000c06b1520,0x00000000c7e80000)
 Metaspace       used 5589K, capacity 6896K, committed 7040K, reserved 1056768K
  class space    used 550K, capacity 616K, committed 640K, reserved 1048576K
Event: 7.332 GC heap after
Heap after GC invocations=15 (full 0):
 PSYoungGen      total 19456K, used 2560K [0x00000000eab00000, 0x00000000ecc80000, 0x0000000100000000)
  eden space 16896K, 0% used [0x00000000eab00000,0x00000000eab00000,0x00000000ebb80000)
  from space 2560K, 100% used [0x00000000ebb80000,0x00000000ebe00000,0x00000000ebe00000)
  to   space 3584K, 0% used [0x00000000ec900000,0x00000000ec900000,0x00000000ecc80000)
 ParOldGen       total 129536K, used 9312K [0x00000000c0000000, 0x00000000c7e80000, 0x00000000eab00000)
  object space 129536K, 7% used [0x00000000c0000000,0x00000000c0918100,0x00000000c7e80000)
 Metaspace       used 5589K, capacity 6896K, committed 7040K, reserved 1056768K
  class space    used 550K, capacity 616K, committed 640K, reserved 1048576K
}
Event: 8.405 GC heap before
{Heap before GC invocations=16 (full 0):
 PSYoungGen      total 19456K, used 19456K [0x00000000eab00000, 0x00000000ecc80000, 0x0000000100000000)
  eden space 16896K, 100% used [0x00000000eab00000,0x00000000ebb80000,0x00000000ebb80000)
  from space 2560K, 100% used [0x00000000ebb80000,0x00000000ebe00000,0x00000000ebe00000)
  to   space 3584K, 0% used [0x00000000ec900000,0x00000000ec900000,0x00000000ecc80000)
 ParOldGen       total 129536K, used 9312K [0x00000000c0000000, 0x00000000c7e80000, 0x00000000eab00000)
  object space 129536K, 7% used [0x00000000c0000000,0x00000000c0918100,0x00000000c7e80000)
 Metaspace       used 5614K, capacity 6896K, committed 7040K, reserved 1056768K
  class space    used 550K, capacity 616K, committed 640K, reserved 1048576K
Event: 8.596 GC heap after
Heap after GC invocations=16 (full 0):
 PSYoungGen      total 30208K, used 3376K [0x00000000eab00000, 0x00000000ecd80000, 0x0000000100000000)
  eden space 26624K, 0% used [0x00000000eab00000,0x00000000eab00000,0x00000000ec500000)
  from space 3584K, 94% used [0x00000000ec900000,0x00000000ecc4c010,0x00000000ecc80000)
  to   space 4096K, 0% used [0x00000000ec500000,0x00000000ec500000,0x00000000ec900000)
 ParOldGen       total 129536K, used 11899K [0x00000000c0000000, 0x00000000c7e80000, 0x00000000eab00000)
  object space 129536K, 9% used [0x00000000c0000000,0x00000000c0b9ece0,0x00000000c7e80000)
 Metaspace       used 5614K, capacity 6896K, committed 7040K, reserved 1056768K
  class space    used 550K, capacity 616K, committed 640K, reserved 1048576K
}
Event: 10.293 GC heap before
{Heap before GC invocations=17 (full 0):
 PSYoungGen      total 30208K, used 30000K [0x00000000eab00000, 0x00000000ecd80000, 0x0000000100000000)
  eden space 26624K, 100% used [0x00000000eab00000,0x00000000ec500000,0x00000000ec500000)
  from space 3584K, 94% used [0x00000000ec900000,0x00000000ecc4c010,0x00000000ecc80000)
  to   space 4096K, 0% used [0x00000000ec500000,0x00000000ec500000,0x00000000ec900000)
 ParOldGen       total 129536K, used 11899K [0x00000000c0000000, 0x00000000c7e80000, 0x00000000eab00000)
  object space 129536K, 9% used [0x00000000c0000000,0x00000000c0b9ece0,0x00000000c7e80000)
 Metaspace       used 5637K, capacity 6960K, committed 7040K, reserved 1056768K
  class space    used 550K, capacity 616K, committed 640K, reserved 1048576K
Event: 10.418 GC heap after
Heap after GC invocations=17 (full 0):
 PSYoungGen      total 30720K, used 4064K [0x00000000eab00000, 0x00000000edb80000, 0x0000000100000000)
  eden space 26624K, 0% used [0x00000000eab00000,0x00000000eab00000,0x00000000ec500000)
  from space 4096K, 99% used [0x00000000ec500000,0x00000000ec8f8010,0x00000000ec900000)
  to   space 6144K, 0% used [0x00000000ed580000,0x00000000ed580000,0x00000000edb80000)
 ParOldGen       total 129536K, used 15511K [0x00000000c0000000, 0x00000000c7e80000, 0x00000000eab00000)
  object space 129536K, 11% used [0x00000000c0000000,0x00000000c0f25fe8,0x00000000c7e80000)
 Metaspace       used 5637K, capacity 6960K, committed 7040K, reserved 1056768K
  class space    used 550K, capacity 616K, committed 640K, reserved 1048576K
}

Deoptimization events (10 events):
Event: 11.464 Thread 0x00000000023fd800 Uncommon trap: reason=class_check action=maybe_recompile pc=0x0000000002c0c27c method=java.util.HashMap.putVal(ILjava/lang/Object;Ljava/lang/Object;ZZ)Ljava/lang/Object; @ 203
Event: 11.464 Thread 0x00000000023fd800 Uncommon trap: reason=bimorphic action=maybe_recompile pc=0x00000000028ea710 method=java.util.HashMap.getNode(ILjava/lang/Object;)Ljava/util/HashMap$Node; @ 126
Event: 11.464 Thread 0x00000000023fd800 Uncommon trap: reason=bimorphic action=maybe_recompile pc=0x00000000028ea710 method=java.util.HashMap.getNode(ILjava/lang/Object;)Ljava/util/HashMap$Node; @ 126
Event: 11.483 Thread 0x00000000023fd800 Uncommon trap: reason=bimorphic action=maybe_recompile pc=0x0000000002e05eac method=com.android.dx.ssa.SCCP.setLatticeValueTo(IILcom/android/dx/rop/cst/Constant;)Z @ 43
Event: 11.483 Thread 0x00000000023fd800 Uncommon trap: reason=bimorphic action=maybe_recompile pc=0x0000000002e33fd0 method=com.android.dx.ssa.SCCP.setLatticeValueTo(IILcom/android/dx/rop/cst/Constant;)Z @ 43
Event: 11.483 Thread 0x00000000023fd800 Uncommon trap: reason=bimorphic action=maybe_recompile pc=0x0000000002e05eac method=com.android.dx.ssa.SCCP.setLatticeValueTo(IILcom/android/dx/rop/cst/Constant;)Z @ 43
Event: 11.991 Thread 0x00000000023fd800 Uncommon trap: reason=class_check action=maybe_recompile pc=0x0000000002f07d14 method=com.android.dx.cf.code.Simulator$SimVisitor.visitConstant(IIILcom/android/dx/rop/cst/Constant;I)V @ 289
Event: 11.991 Thread 0x00000000023fd800 Uncommon trap: reason=class_check action=maybe_recompile pc=0x0000000002f07e84 method=com.android.dx.cf.code.Simulator$SimVisitor.visitConstant(IIILcom/android/dx/rop/cst/Constant;I)V @ 131
Event: 11.991 Thread 0x00000000023fd800 Uncommon trap: reason=class_check action=maybe_recompile pc=0x0000000002f07d14 method=com.android.dx.cf.code.Simulator$SimVisitor.visitConstant(IIILcom/android/dx/rop/cst/Constant;I)V @ 289
Event: 11.991 Thread 0x00000000023fd800 Uncommon trap: reason=class_check action=maybe_recompile pc=0x0000000002f07e84 method=com.android.dx.cf.code.Simulator$SimVisitor.visitConstant(IIILcom/android/dx/rop/cst/Constant;I)V @ 131

Internal exceptions (10 events):
Event: 1.897 Thread 0x00000000023fd800 Exception <a 'java/security/PrivilegedActionException'> (0x00000000eadbb3c0) thrown at [D:\re\workspace\8-2-build-windows-amd64-cygwin\jdk8u5\2488\hotspot\src\share\vm\prims\jvm.cpp, line 1248]
Event: 1.981 Thread 0x00000000023fd800 Exception <a 'java/security/PrivilegedActionException'> (0x00000000eae02d28) thrown at [D:\re\workspace\8-2-build-windows-amd64-cygwin\jdk8u5\2488\hotspot\src\share\vm\prims\jvm.cpp, line 1248]
Event: 2.096 Thread 0x00000000023fd800 Exception <a 'java/security/PrivilegedActionException'> (0x00000000eab76e40) thrown at [D:\re\workspace\8-2-build-windows-amd64-cygwin\jdk8u5\2488\hotspot\src\share\vm\prims\jvm.cpp, line 1248]
Event: 2.694 Thread 0x00000000023fd800 Exception <a 'java/security/PrivilegedActionException'> (0x00000000eae3b080) thrown at [D:\re\workspace\8-2-build-windows-amd64-cygwin\jdk8u5\2488\hotspot\src\share\vm\prims\jvm.cpp, line 1248]
Event: 3.041 Thread 0x00000000023fd800 Exception <a 'java/security/PrivilegedActionException'> (0x00000000eb0ba378) thrown at [D:\re\workspace\8-2-build-windows-amd64-cygwin\jdk8u5\2488\hotspot\src\share\vm\prims\jvm.cpp, line 1248]
Event: 3.043 Thread 0x00000000023fd800 Exception <a 'java/security/PrivilegedActionException'> (0x00000000eb0c44e8) thrown at [D:\re\workspace\8-2-build-windows-amd64-cygwin\jdk8u5\2488\hotspot\src\share\vm\prims\jvm.cpp, line 1248]
Event: 3.044 Thread 0x00000000023fd800 Exception <a 'java/security/PrivilegedActionException'> (0x00000000eb0c6ac0) thrown at [D:\re\workspace\8-2-build-windows-amd64-cygwin\jdk8u5\2488\hotspot\src\share\vm\prims\jvm.cpp, line 1248]
Event: 6.436 Thread 0x00000000023fd800 Implicit null exception at 0x0000000002af1922 to 0x0000000002af1a12
Event: 8.399 Thread 0x00000000023fd800 Exception <a 'java/security/PrivilegedActionException'> (0x00000000ebb42fc0) thrown at [D:\re\workspace\8-2-build-windows-amd64-cygwin\jdk8u5\2488\hotspot\src\share\vm\prims\jvm.cpp, line 1248]
Event: 10.944 Thread 0x00000000023fd800 Implicit null exception at 0x0000000002bc5660 to 0x0000000002bc6b09

Events (10 events):
Event: 11.991 Thread 0x00000000023fd800 DEOPT UNPACKING pc=0x00000000026955af sp=0x000000000234e400 mode 2
Event: 11.991 Thread 0x00000000023fd800 Uncommon trap: trap_request=0xffffffde fr.pc=0x0000000002f07e84
Event: 11.991 Thread 0x00000000023fd800 DEOPT PACKING pc=0x0000000002f07e84 sp=0x000000000234e3d0
Event: 11.991 Thread 0x00000000023fd800 DEOPT UNPACKING pc=0x00000000026955af sp=0x000000000234e3f0 mode 2
Event: 11.991 Thread 0x00000000023fd800 Uncommon trap: trap_request=0xffffffde fr.pc=0x0000000002f07d14
Event: 11.991 Thread 0x00000000023fd800 DEOPT PACKING pc=0x0000000002f07d14 sp=0x000000000234e3d0
Event: 11.991 Thread 0x00000000023fd800 DEOPT UNPACKING pc=0x00000000026955af sp=0x000000000234e400 mode 2
Event: 11.991 Thread 0x00000000023fd800 Uncommon trap: trap_request=0xffffffde fr.pc=0x0000000002f07e84
Event: 11.991 Thread 0x00000000023fd800 DEOPT PACKING pc=0x0000000002f07e84 sp=0x000000000234e3d0
Event: 11.991 Thread 0x00000000023fd800 DEOPT UNPACKING pc=0x00000000026955af sp=0x000000000234e3f0 mode 2


Dynamic libraries:
0x00007ff7c80c0000 - 0x00007ff7c80f4000 	C:\Program Files\Java\jdk1.8.0_05\bin\java.exe
0x00007ffb2ad40000 - 0x00007ffb2af01000 	C:\WINDOWS\SYSTEM32\ntdll.dll
0x00007ffb2abe0000 - 0x00007ffb2ac8d000 	C:\WINDOWS\system32\KERNEL32.DLL
0x00007ffb28230000 - 0x00007ffb2840d000 	C:\WINDOWS\system32\KERNELBASE.dll
0x00007ffb2aaa0000 - 0x00007ffb2ab46000 	C:\WINDOWS\system32\ADVAPI32.dll
0x00007ffb28840000 - 0x00007ffb288dd000 	C:\WINDOWS\system32\msvcrt.dll
0x00007ffb2a970000 - 0x00007ffb2a9cb000 	C:\WINDOWS\system32\sechost.dll
0x00007ffb2a410000 - 0x00007ffb2a536000 	C:\WINDOWS\system32\RPCRT4.dll
0x00007ffb2a540000 - 0x00007ffb2a68e000 	C:\WINDOWS\system32\USER32.dll
0x00007ffb2a690000 - 0x00007ffb2a816000 	C:\WINDOWS\system32\GDI32.dll
0x00007ffb1dee0000 - 0x00007ffb1e154000 	C:\WINDOWS\WinSxS\amd64_microsoft.windows.common-controls_6595b64144ccf1df_6.0.10240.16384_none_f41f7b285750ef43\COMCTL32.dll
0x00007ffb2ad00000 - 0x00007ffb2ad36000 	C:\WINDOWS\system32\IMM32.DLL
0x00007ffb2a160000 - 0x00007ffb2a2bc000 	C:\WINDOWS\system32\MSCTF.dll
0x0000000061f60000 - 0x0000000062032000 	C:\Program Files\Java\jdk1.8.0_05\jre\bin\msvcr100.dll
0x00000000623e0000 - 0x0000000062c0a000 	C:\Program Files\Java\jdk1.8.0_05\jre\bin\server\jvm.dll
0x00007ffb2a400000 - 0x00007ffb2a408000 	C:\WINDOWS\system32\PSAPI.DLL
0x00007ffb25790000 - 0x00007ffb25799000 	C:\WINDOWS\SYSTEM32\WSOCK32.dll
0x00007ffb2ab50000 - 0x00007ffb2abb9000 	C:\WINDOWS\system32\WS2_32.dll
0x00007ffb2a9d0000 - 0x00007ffb2a9d8000 	C:\WINDOWS\system32\NSI.dll
0x00007ffb25860000 - 0x00007ffb25883000 	C:\WINDOWS\SYSTEM32\WINMM.dll
0x00007ffb25800000 - 0x00007ffb2582c000 	C:\WINDOWS\SYSTEM32\WINMMBASE.dll
0x00007ffb27af0000 - 0x00007ffb27b34000 	C:\WINDOWS\system32\cfgmgr32.dll
0x00007ffb260e0000 - 0x00007ffb26107000 	C:\WINDOWS\SYSTEM32\DEVOBJ.dll
0x00000000623d0000 - 0x00000000623df000 	C:\Program Files\Java\jdk1.8.0_05\jre\bin\verify.dll
0x00000000623a0000 - 0x00000000623c8000 	C:\Program Files\Java\jdk1.8.0_05\jre\bin\java.dll
0x0000000062380000 - 0x0000000062396000 	C:\Program Files\Java\jdk1.8.0_05\jre\bin\zip.dll
0x00007ffb28c30000 - 0x00007ffb2a152000 	C:\WINDOWS\system32\SHELL32.dll
0x00007ffb27c00000 - 0x00007ffb28229000 	C:\WINDOWS\system32\windows.storage.dll
0x00007ffb288e0000 - 0x00007ffb28b5c000 	C:\WINDOWS\system32\combase.dll
0x00007ffb2a3a0000 - 0x00007ffb2a3f1000 	C:\WINDOWS\system32\shlwapi.dll
0x00007ffb27770000 - 0x00007ffb2777f000 	C:\WINDOWS\system32\kernel.appcore.dll
0x00007ffb27b40000 - 0x00007ffb27bf3000 	C:\WINDOWS\system32\shcore.dll
0x00007ffb277c0000 - 0x00007ffb2780a000 	C:\WINDOWS\system32\powrprof.dll
0x00007ffb27780000 - 0x00007ffb27793000 	C:\WINDOWS\system32\profapi.dll
0x00007ffb07da0000 - 0x00007ffb07f2a000 	C:\WINDOWS\SYSTEM32\dbghelp.dll

VM Arguments:
jvm_args: -Xmx1024M -Dfile.encoding=windows-1252 -Duser.country=BR -Duser.language=pt -Duser.variant 
java_command: com.android.dx.command.Main --dex --output E:\GitHub\FitCook\app\build\intermediates\pre-dexed\release\classes-4442250621ca512860610a7b7426ddf4e3028e33.jar E:\GitHub\FitCook\app\build\intermediates\exploded-aar\com.google.android.gms\play-services-base\7.5.0\jars\classes.jar
java_class_path (initial): C:\Program Files (x86)\Android\android-sdk\build-tools\22.0.1\lib\dx.jar
Launcher Type: SUN_STANDARD

Environment Variables:
JAVA_HOME=C:\Program Files\Java\jdk1.8.0_05
PATH=C:\Program Files (x86)\Intel\iCLS Client\;C:\Program Files\Intel\iCLS Client\;C:\WINDOWS\system32;C:\WINDOWS;C:\WINDOWS\System32\Wbem;C:\WINDOWS\System32\WindowsPowerShell\v1.0\;C:\Program Files (x86)\Windows Live\Shared;C:\Program Files (x86)\Intel\OpenCL SDK\2.0\bin\x86;C:\Program Files (x86)\Intel\OpenCL SDK\2.0\bin\x64;C:\Program Files\Intel\Intel(R) Management Engine Components\DAL;C:\Program Files\Intel\Intel(R) Management Engine Components\IPT;C:\Program Files (x86)\Intel\Intel(R) Management Engine Components\DAL;C:\Program Files (x86)\Intel\Intel(R) Management Engine Components\IPT;C:\Program Files\Java\jdk1.8.0_05/bin;C:\Program Files (x86)\Android\android-sdk\platform-tools;C:\Program Files (x86)\Git\cmd;C:\Program Files (x86)\Windows Kits\8.1\Windows Performance Toolkit\;C:\Program Files\Microsoft SQL Server\110\Tools\Binn\;C:\Program Files (x86)\Microsoft SDKs\TypeScript\1.0\;C:\Program Files\Microsoft SQL Server\120\Tools\Binn\;C:\Program Files (x86)\nodejs\;C:\Program Files\Google\Cloud SDK\google-cloud-sdk\bin;C:\Program Files (x86)\Skype\Phone\;C:\Ruby21\bin;C:\Users\Aires\AppData\Roaming\npm
USERNAME=Aires
OS=Windows_NT
PROCESSOR_IDENTIFIER=Intel64 Family 6 Model 58 Stepping 9, GenuineIntel



---------------  S Y S T E M  ---------------

OS: Windows 8.1 , 64 bit Build 9600 

CPU:total 4 (2 cores per cpu, 2 threads per core) family 6 model 58 stepping 9, cmov, cx8, fxsr, mmx, sse, sse2, sse3, ssse3, sse4.1, sse4.2, popcnt, avx, clmul, erms, ht, tsc, tscinvbit

Memory: 4k page, physical 8282396k(1174964k free), swap 8282396k(4196k free)

vm_info: Java HotSpot(TM) 64-Bit Server VM (25.5-b02) for windows-amd64 JRE (1.8.0_05-b13), built on Mar 18 2014 01:08:39 by "java_re" with MS VC++ 10.0 (VS2010)

time: Wed Aug 26 11:40:18 2015
elapsed time: 12 seconds

