#
# There is insufficient memory for the Java Runtime Environment to continue.
# Native memory allocation (malloc) failed to allocate 529216 bytes for Chunk::new
# Possible reasons:
#   The system is out of physical RAM or swap space
#   In 32 bit mode, the process size limit was hit
# Possible solutions:
#   Reduce memory load on the system
#   Increase physical memory or swap space
#   Check if swap backing store is full
#   Use 64 bit Java on a 64 bit OS
#   Decrease Java heap size (-Xmx/-Xms)
#   Decrease number of Java threads
#   Decrease Java thread stack sizes (-Xss)
#   Set larger code cache with -XX:ReservedCodeCacheSize=
# This output file may be truncated or incomplete.
#
#  Out of Memory Error (allocation.cpp:388), pid=6036, tid=8144
#
# JRE version: Java(TM) SE Runtime Environment (8.0_05-b13) (build 1.8.0_05-b13)
# Java VM: Java HotSpot(TM) 64-Bit Server VM (25.5-b02 mixed mode windows-amd64 compressed oops)
# Failed to write core dump. Minidumps are not enabled by default on client versions of Windows
#

---------------  T H R E A D  ---------------

Current thread (0x000000001521d800):  JavaThread "C2 CompilerThread1" daemon [_thread_in_native, id=8144, stack(0x0000000016830000,0x0000000016930000)]

Stack: [0x0000000016830000,0x0000000016930000]
Native frames: (J=compiled Java code, j=interpreted, Vv=VM code, C=native code)
V  [jvm.dll+0x308dea]
V  [jvm.dll+0x25def1]
V  [jvm.dll+0x25eb0f]
V  [jvm.dll+0x2564e5]
V  [jvm.dll+0xbcfc5]
V  [jvm.dll+0xbd45c]
V  [jvm.dll+0x468c07]
V  [jvm.dll+0x4360a3]
V  [jvm.dll+0x44111e]
V  [jvm.dll+0x4436a9]
V  [jvm.dll+0x427532]
V  [jvm.dll+0x96702]
V  [jvm.dll+0x96ef3]
V  [jvm.dll+0x2232c4]
V  [jvm.dll+0x27baca]
C  [msvcr100.dll+0x21d9f]
C  [msvcr100.dll+0x21e3b]
C  [KERNEL32.DLL+0x12d92]
C  [ntdll.dll+0x9f64]


Current CompileTask:
C2:  14500 1779   !   4       com.android.dx.cf.code.BytecodeArray::parseInstruction (2764 bytes)


---------------  P R O C E S S  ---------------

Java Threads: ( => current thread )
  0x0000000016d95000 JavaThread "pool-1-thread-4" [_thread_in_Java, id=8716, stack(0x0000000017430000,0x0000000017530000)]
  0x0000000016d93800 JavaThread "pool-1-thread-3" [_thread_in_Java, id=5268, stack(0x0000000017330000,0x0000000017430000)]
  0x0000000016d8b000 JavaThread "pool-1-thread-2" [_thread_blocked, id=1344, stack(0x0000000017230000,0x0000000017330000)]
  0x0000000016d8a000 JavaThread "pool-2-thread-1" [_thread_blocked, id=8384, stack(0x0000000017130000,0x0000000017230000)]
  0x0000000016d87800 JavaThread "pool-1-thread-1" [_thread_in_Java, id=3616, stack(0x0000000017030000,0x0000000017130000)]
  0x000000001522b800 JavaThread "Service Thread" daemon [_thread_blocked, id=4308, stack(0x0000000016a30000,0x0000000016b30000)]
  0x0000000015223800 JavaThread "C1 CompilerThread2" daemon [_thread_blocked, id=9108, stack(0x0000000016930000,0x0000000016a30000)]
=>0x000000001521d800 JavaThread "C2 CompilerThread1" daemon [_thread_in_native, id=8144, stack(0x0000000016830000,0x0000000016930000)]
  0x00000000151cc000 JavaThread "C2 CompilerThread0" daemon [_thread_in_native, id=4080, stack(0x0000000016730000,0x0000000016830000)]
  0x00000000151ca800 JavaThread "Attach Listener" daemon [_thread_blocked, id=8796, stack(0x0000000016630000,0x0000000016730000)]
  0x00000000151c9800 JavaThread "Signal Dispatcher" daemon [_thread_blocked, id=8948, stack(0x0000000016530000,0x0000000016630000)]
  0x0000000002af5000 JavaThread "Finalizer" daemon [_thread_blocked, id=2160, stack(0x0000000016430000,0x0000000016530000)]
  0x0000000002ae9000 JavaThread "Reference Handler" daemon [_thread_blocked, id=8504, stack(0x0000000016330000,0x0000000016430000)]
  0x000000000279d800 JavaThread "main" [_thread_in_Java, id=8532, stack(0x0000000002800000,0x0000000002900000)]

Other Threads:
  0x0000000015195000 VMThread [stack: 0x0000000016230000,0x0000000016330000] [id=1820]
  0x000000001522e800 WatcherThread [stack: 0x0000000016f30000,0x0000000017030000] [id=1112]

VM state:not at safepoint (normal execution)

VM Mutex/Monitor currently owned by a thread: None

Heap:
 PSYoungGen      total 53760K, used 41625K [0x00000000eab00000, 0x00000000ee780000, 0x0000000100000000)
  eden space 47104K, 77% used [0x00000000eab00000,0x00000000ecea26e8,0x00000000ed900000)
  from space 6656K, 77% used [0x00000000ee000000,0x00000000ee504010,0x00000000ee680000)
  to   space 7168K, 0% used [0x00000000ed900000,0x00000000ed900000,0x00000000ee000000)
 ParOldGen       total 129536K, used 20126K [0x00000000c0000000, 0x00000000c7e80000, 0x00000000eab00000)
  object space 129536K, 15% used [0x00000000c0000000,0x00000000c13a7910,0x00000000c7e80000)
 Metaspace       used 5934K, capacity 6962K, committed 7040K, reserved 1056768K
  class space    used 600K, capacity 618K, committed 640K, reserved 1048576K

Card table byte_map: [0x0000000011ec0000,0x00000000120d0000] byte_map_base: 0x00000000118c0000

Marking Bits: (ParMarkBitMap*) 0x0000000059e813b0
 Begin Bits: [0x0000000012630000, 0x0000000013630000)
 End Bits:   [0x0000000013630000, 0x0000000014630000)

Polling page: 0x00000000026a0000

CodeCache: size=245760Kb used=7917Kb max_used=7917Kb free=237842Kb
 bounds [0x0000000002b00000, 0x00000000032d0000, 0x0000000011b00000]
 total_blobs=2081 nmethods=1815 adapters=178
 compilation: enabled

Compilation events (10 events):
Event: 14.332 Thread 0x0000000015223800 1853       1       com.android.dx.dex.code.RopTranslator::access$100 (5 bytes)
Event: 14.332 Thread 0x0000000015223800 nmethod 1853 0x000000000328cbd0 code [0x000000000328cd20, 0x000000000328ce10]
Event: 14.333 Thread 0x0000000015223800 1854       2       com.android.dx.rop.cst.CstLiteral32::fitsInInt (2 bytes)
Event: 14.333 Thread 0x0000000015223800 nmethod 1854 0x000000000328c890 code [0x000000000328c9e0, 0x000000000328cb30]
Event: 14.334 Thread 0x0000000015223800 1855       2       com.android.dx.cf.direct.DirectClassFile::getAccessFlags (9 bytes)
Event: 14.335 Thread 0x0000000015223800 nmethod 1855 0x00000000032b2cd0 code [0x00000000032b2e40, 0x00000000032b2fc8]
Event: 14.369 Thread 0x0000000015223800 1856       2       com.android.dx.ssa.PhiInsn::canThrow (2 bytes)
Event: 14.370 Thread 0x0000000015223800 nmethod 1856 0x000000000328c510 code [0x000000000328c660, 0x000000000328c7b0]
Event: 14.379 Thread 0x0000000015223800 1857       1       com.android.dx.cf.attrib.AttInnerClasses::getInnerClasses (5 bytes)
Event: 14.379 Thread 0x0000000015223800 nmethod 1857 0x00000000032b3090 code [0x00000000032b31e0, 0x00000000032b32f0]

GC Heap History (10 events):
Event: 10.540 GC heap before
{Heap before GC invocations=12 (full 0):
 PSYoungGen      total 15360K, used 14144K [0x00000000eab00000, 0x00000000ec500000, 0x0000000100000000)
  eden space 11264K, 100% used [0x00000000eab00000,0x00000000eb600000,0x00000000eb600000)
  from space 4096K, 70% used [0x00000000eb600000,0x00000000eb8d0010,0x00000000eba00000)
  to   space 4096K, 0% used [0x00000000ec100000,0x00000000ec100000,0x00000000ec500000)
 ParOldGen       total 129536K, used 6204K [0x00000000c0000000, 0x00000000c7e80000, 0x00000000eab00000)
  object space 129536K, 4% used [0x00000000c0000000,0x00000000c060f208,0x00000000c7e80000)
 Metaspace       used 5754K, capacity 6896K, committed 7040K, reserved 1056768K
  class space    used 580K, capacity 616K, committed 640K, reserved 1048576K
Event: 10.796 GC heap after
Heap after GC invocations=12 (full 0):
 PSYoungGen      total 22528K, used 2176K [0x00000000eab00000, 0x00000000ec500000, 0x0000000100000000)
  eden space 18432K, 0% used [0x00000000eab00000,0x00000000eab00000,0x00000000ebd00000)
  from space 4096K, 53% used [0x00000000ec100000,0x00000000ec320000,0x00000000ec500000)
  to   space 4096K, 0% used [0x00000000ebd00000,0x00000000ebd00000,0x00000000ec100000)
 ParOldGen       total 129536K, used 8554K [0x00000000c0000000, 0x00000000c7e80000, 0x00000000eab00000)
  object space 129536K, 6% used [0x00000000c0000000,0x00000000c085abc8,0x00000000c7e80000)
 Metaspace       used 5754K, capacity 6896K, committed 7040K, reserved 1056768K
  class space    used 580K, capacity 616K, committed 640K, reserved 1048576K
}
Event: 11.478 GC heap before
{Heap before GC invocations=13 (full 0):
 PSYoungGen      total 22528K, used 20608K [0x00000000eab00000, 0x00000000ec500000, 0x0000000100000000)
  eden space 18432K, 100% used [0x00000000eab00000,0x00000000ebd00000,0x00000000ebd00000)
  from space 4096K, 53% used [0x00000000ec100000,0x00000000ec320000,0x00000000ec500000)
  to   space 4096K, 0% used [0x00000000ebd00000,0x00000000ebd00000,0x00000000ec100000)
 ParOldGen       total 129536K, used 8554K [0x00000000c0000000, 0x00000000c7e80000, 0x00000000eab00000)
  object space 129536K, 6% used [0x00000000c0000000,0x00000000c085abc8,0x00000000c7e80000)
 Metaspace       used 5774K, capacity 6896K, committed 7040K, reserved 1056768K
  class space    used 582K, capacity 616K, committed 640K, reserved 1048576K
Event: 11.753 GC heap after
Heap after GC invocations=13 (full 0):
 PSYoungGen      total 22528K, used 2912K [0x00000000eab00000, 0x00000000ed100000, 0x0000000100000000)
  eden space 18432K, 0% used [0x00000000eab00000,0x00000000eab00000,0x00000000ebd00000)
  from space 4096K, 71% used [0x00000000ebd00000,0x00000000ebfd8000,0x00000000ec100000)
  to   space 4608K, 0% used [0x00000000ecc80000,0x00000000ecc80000,0x00000000ed100000)
 ParOldGen       total 129536K, used 10539K [0x00000000c0000000, 0x00000000c7e80000, 0x00000000eab00000)
  object space 129536K, 8% used [0x00000000c0000000,0x00000000c0a4ac18,0x00000000c7e80000)
 Metaspace       used 5774K, capacity 6896K, committed 7040K, reserved 1056768K
  class space    used 582K, capacity 616K, committed 640K, reserved 1048576K
}
Event: 12.251 GC heap before
{Heap before GC invocations=14 (full 0):
 PSYoungGen      total 22528K, used 21344K [0x00000000eab00000, 0x00000000ed100000, 0x0000000100000000)
  eden space 18432K, 100% used [0x00000000eab00000,0x00000000ebd00000,0x00000000ebd00000)
  from space 4096K, 71% used [0x00000000ebd00000,0x00000000ebfd8000,0x00000000ec100000)
  to   space 4608K, 0% used [0x00000000ecc80000,0x00000000ecc80000,0x00000000ed100000)
 ParOldGen       total 129536K, used 10539K [0x00000000c0000000, 0x00000000c7e80000, 0x00000000eab00000)
  object space 129536K, 8% used [0x00000000c0000000,0x00000000c0a4ac18,0x00000000c7e80000)
 Metaspace       used 5879K, capacity 6962K, committed 7040K, reserved 1056768K
  class space    used 600K, capacity 618K, committed 640K, reserved 1048576K
Event: 12.334 GC heap after
Heap after GC invocations=14 (full 0):
 PSYoungGen      total 34304K, used 3473K [0x00000000eab00000, 0x00000000ed100000, 0x0000000100000000)
  eden space 29696K, 0% used [0x00000000eab00000,0x00000000eab00000,0x00000000ec800000)
  from space 4608K, 75% used [0x00000000ecc80000,0x00000000ecfe4730,0x00000000ed100000)
  to   space 4608K, 0% used [0x00000000ec800000,0x00000000ec800000,0x00000000ecc80000)
 ParOldGen       total 129536K, used 13003K [0x00000000c0000000, 0x00000000c7e80000, 0x00000000eab00000)
  object space 129536K, 10% used [0x00000000c0000000,0x00000000c0cb2f18,0x00000000c7e80000)
 Metaspace       used 5879K, capacity 6962K, committed 7040K, reserved 1056768K
  class space    used 600K, capacity 618K, committed 640K, reserved 1048576K
}
Event: 12.815 GC heap before
{Heap before GC invocations=15 (full 0):
 PSYoungGen      total 34304K, used 33169K [0x00000000eab00000, 0x00000000ed100000, 0x0000000100000000)
  eden space 29696K, 100% used [0x00000000eab00000,0x00000000ec800000,0x00000000ec800000)
  from space 4608K, 75% used [0x00000000ecc80000,0x00000000ecfe4730,0x00000000ed100000)
  to   space 4608K, 0% used [0x00000000ec800000,0x00000000ec800000,0x00000000ecc80000)
 ParOldGen       total 129536K, used 13003K [0x00000000c0000000, 0x00000000c7e80000, 0x00000000eab00000)
  object space 129536K, 10% used [0x00000000c0000000,0x00000000c0cb2f18,0x00000000c7e80000)
 Metaspace       used 5898K, capacity 6962K, committed 7040K, reserved 1056768K
  class space    used 600K, capacity 618K, committed 640K, reserved 1048576K
Event: 12.832 GC heap after
Heap after GC invocations=15 (full 0):
 PSYoungGen      total 34304K, used 4608K [0x00000000eab00000, 0x00000000ee680000, 0x0000000100000000)
  eden space 29696K, 0% used [0x00000000eab00000,0x00000000eab00000,0x00000000ec800000)
  from space 4608K, 100% used [0x00000000ec800000,0x00000000ecc80000,0x00000000ecc80000)
  to   space 6656K, 0% used [0x00000000ee000000,0x00000000ee000000,0x00000000ee680000)
 ParOldGen       total 129536K, used 16158K [0x00000000c0000000, 0x00000000c7e80000, 0x00000000eab00000)
  object space 129536K, 12% used [0x00000000c0000000,0x00000000c0fc7a30,0x00000000c7e80000)
 Metaspace       used 5898K, capacity 6962K, committed 7040K, reserved 1056768K
  class space    used 600K, capacity 618K, committed 640K, reserved 1048576K
}
Event: 13.494 GC heap before
{Heap before GC invocations=16 (full 0):
 PSYoungGen      total 34304K, used 34304K [0x00000000eab00000, 0x00000000ee680000, 0x0000000100000000)
  eden space 29696K, 100% used [0x00000000eab00000,0x00000000ec800000,0x00000000ec800000)
  from space 4608K, 100% used [0x00000000ec800000,0x00000000ecc80000,0x00000000ecc80000)
  to   space 6656K, 0% used [0x00000000ee000000,0x00000000ee000000,0x00000000ee680000)
 ParOldGen       total 129536K, used 16158K [0x00000000c0000000, 0x00000000c7e80000, 0x00000000eab00000)
  object space 129536K, 12% used [0x00000000c0000000,0x00000000c0fc7a30,0x00000000c7e80000)
 Metaspace       used 5925K, capacity 6962K, committed 7040K, reserved 1056768K
  class space    used 600K, capacity 618K, committed 640K, reserved 1048576K
Event: 13.513 GC heap after
Heap after GC invocations=16 (full 0):
 PSYoungGen      total 53760K, used 5136K [0x00000000eab00000, 0x00000000ee780000, 0x0000000100000000)
  eden space 47104K, 0% used [0x00000000eab00000,0x00000000eab00000,0x00000000ed900000)
  from space 6656K, 77% used [0x00000000ee000000,0x00000000ee504010,0x00000000ee680000)
  to   space 7168K, 0% used [0x00000000ed900000,0x00000000ed900000,0x00000000ee000000)
 ParOldGen       total 129536K, used 20126K [0x00000000c0000000, 0x00000000c7e80000, 0x00000000eab00000)
  object space 129536K, 15% used [0x00000000c0000000,0x00000000c13a7910,0x00000000c7e80000)
 Metaspace       used 5925K, capacity 6962K, committed 7040K, reserved 1056768K
  class space    used 600K, capacity 618K, committed 640K, reserved 1048576K
}

Deoptimization events (10 events):
Event: 12.095 Thread 0x0000000016d95000 Uncommon trap: reason=class_check action=maybe_recompile pc=0x0000000002f6035c method=java.util.HashMap.putVal(ILjava/lang/Object;Ljava/lang/Object;ZZ)Ljava/lang/Object; @ 203
Event: 12.113 Thread 0x0000000016d95000 Uncommon trap: reason=class_check action=maybe_recompile pc=0x0000000002f6035c method=java.util.HashMap.putVal(ILjava/lang/Object;Ljava/lang/Object;ZZ)Ljava/lang/Object; @ 203
Event: 12.158 Thread 0x0000000016d87800 Uncommon trap: reason=unreached action=reinterpret pc=0x0000000002e6161c method=java.util.HashMap.getNode(ILjava/lang/Object;)Ljava/util/HashMap$Node; @ 84
Event: 12.368 Thread 0x0000000016d95000 Uncommon trap: reason=unreached action=reinterpret pc=0x0000000002f602dc method=java.util.HashMap.putVal(ILjava/lang/Object;Ljava/lang/Object;ZZ)Ljava/lang/Object; @ 109
Event: 12.435 Thread 0x0000000016d93800 Uncommon trap: reason=unreached action=reinterpret pc=0x0000000003187604 method=com.android.dx.rop.code.LocalVariableExtractor.processBlock(I)V @ 195
Event: 12.449 Thread 0x0000000016d93800 Uncommon trap: reason=bimorphic action=maybe_recompile pc=0x0000000002d353a8 method=java.util.HashMap.getNode(ILjava/lang/Object;)Ljava/util/HashMap$Node; @ 126
Event: 12.975 Thread 0x0000000016d95000 Uncommon trap: reason=bimorphic action=maybe_recompile pc=0x00000000032136dc method=com.android.dx.cf.code.BytecodeArray.parseInstruction(ILcom/android/dx/cf/code/BytecodeArray$Visitor;)I @ 923
Event: 12.975 Thread 0x0000000016d95000 Uncommon trap: reason=bimorphic action=maybe_recompile pc=0x000000000321365c method=com.android.dx.cf.code.BytecodeArray.parseInstruction(ILcom/android/dx/cf/code/BytecodeArray$Visitor;)I @ 907
Event: 12.975 Thread 0x0000000016d95000 Uncommon trap: reason=bimorphic action=maybe_recompile pc=0x00000000032136dc method=com.android.dx.cf.code.BytecodeArray.parseInstruction(ILcom/android/dx/cf/code/BytecodeArray$Visitor;)I @ 923
Event: 13.943 Thread 0x0000000016d87800 Uncommon trap: reason=unreached action=reinterpret pc=0x0000000003056260 method=java.util.HashMap.resize()[Ljava/util/HashMap$Node; @ 206

Internal exceptions (10 events):
Event: 6.524 Thread 0x000000000279d800 Exception <a 'java/security/PrivilegedActionException'> (0x00000000eabd47e8) thrown at [D:\re\workspace\8-2-build-windows-amd64-cygwin\jdk8u5\2488\hotspot\src\share\vm\prims\jvm.cpp, line 1248]
Event: 6.525 Thread 0x000000000279d800 Exception <a 'java/security/PrivilegedActionException'> (0x00000000eabf0b98) thrown at [D:\re\workspace\8-2-build-windows-amd64-cygwin\jdk8u5\2488\hotspot\src\share\vm\prims\jvm.cpp, line 1248]
Event: 9.229 Thread 0x0000000016d87800 Exception <a 'java/security/PrivilegedActionException'> (0x00000000eab65dc0) thrown at [D:\re\workspace\8-2-build-windows-amd64-cygwin\jdk8u5\2488\hotspot\src\share\vm\prims\jvm.cpp, line 1248]
Event: 9.628 Thread 0x0000000016d8b000 Implicit null exception at 0x000000000303bc26 to 0x000000000303d331
Event: 9.681 Thread 0x0000000016d8b000 Implicit null exception at 0x0000000002ec7f14 to 0x0000000002ec8071
Event: 11.103 Thread 0x0000000016d87800 Exception <a 'java/security/PrivilegedActionException'> (0x00000000eb1f6cd8) thrown at [D:\re\workspace\8-2-build-windows-amd64-cygwin\jdk8u5\2488\hotspot\src\share\vm\prims\jvm.cpp, line 1248]
Event: 11.152 Thread 0x0000000016d93800 Exception <a 'java/security/PrivilegedActionException'> (0x00000000eb6f3950) thrown at [D:\re\workspace\8-2-build-windows-amd64-cygwin\jdk8u5\2488\hotspot\src\share\vm\prims\jvm.cpp, line 1248]
Event: 12.155 Thread 0x0000000016d87800 Exception <a 'java/lang/ArrayIndexOutOfBoundsException': 18> (0x00000000ebca4848) thrown at [D:\re\workspace\8-2-build-windows-amd64-cygwin\jdk8u5\2488\hotspot\src\share\vm\interpreter\interpreterRuntime.cpp, line 337]
Event: 12.156 Thread 0x0000000016d87800 Exception <a 'java/lang/ArrayIndexOutOfBoundsException': 145> (0x00000000ebca62e0) thrown at [D:\re\workspace\8-2-build-windows-amd64-cygwin\jdk8u5\2488\hotspot\src\share\vm\interpreter\interpreterRuntime.cpp, line 337]
Event: 12.157 Thread 0x0000000016d87800 Exception <a 'java/lang/ArrayIndexOutOfBoundsException'> (0x00000000ebca74f8) thrown at [D:\re\workspace\8-2-build-windows-amd64-cygwin\jdk8u5\2488\hotspot\src\share\vm\runtime\sharedRuntime.cpp, line 595]

Events (10 events):
Event: 13.535 Thread 0x0000000016d93800 DEOPT UNPACKING pc=0x0000000002b47604 sp=0x000000001742e830 mode 0
Event: 13.596 Thread 0x0000000016d8b000 DEOPT PACKING pc=0x0000000002ddae24 sp=0x000000001732e9c0
Event: 13.596 Thread 0x0000000016d8b000 DEOPT UNPACKING pc=0x0000000002b47604 sp=0x000000001732e740 mode 0
Event: 13.867 Thread 0x0000000016d93800 DEOPT PACKING pc=0x0000000002ddae24 sp=0x000000001742eb50
Event: 13.867 Thread 0x0000000016d93800 DEOPT UNPACKING pc=0x0000000002b47604 sp=0x000000001742e8d0 mode 0
Event: 13.943 Thread 0x0000000016d87800 Uncommon trap: trap_request=0xffffffad fr.pc=0x0000000003056260
Event: 13.944 Thread 0x0000000016d87800 DEOPT PACKING pc=0x0000000003056260 sp=0x000000001712dae0
Event: 13.944 Thread 0x0000000016d87800 DEOPT UNPACKING pc=0x0000000002b455af sp=0x000000001712da48 mode 2
Event: 14.375 Thread 0x0000000016d8b000 DEOPT PACKING pc=0x0000000002f3aeb0 sp=0x000000001732e8f0
Event: 14.375 Thread 0x0000000016d8b000 DEOPT UNPACKING pc=0x0000000002b47604 sp=0x000000001732e720 mode 0


Dynamic libraries:
0x00007ff7294c0000 - 0x00007ff7294f4000 	C:\Program Files\Java\jdk1.8.0_05\bin\java.exe
0x00007ffc067a0000 - 0x00007ffc06961000 	C:\WINDOWS\SYSTEM32\ntdll.dll
0x00007ffc066f0000 - 0x00007ffc0679d000 	C:\WINDOWS\system32\KERNEL32.DLL
0x00007ffc03270000 - 0x00007ffc0344d000 	C:\WINDOWS\system32\KERNELBASE.dll
0x00007ffc05de0000 - 0x00007ffc05e86000 	C:\WINDOWS\system32\ADVAPI32.dll
0x00007ffc03e70000 - 0x00007ffc03f0d000 	C:\WINDOWS\system32\msvcrt.dll
0x00007ffc05e90000 - 0x00007ffc05eeb000 	C:\WINDOWS\system32\sechost.dll
0x00007ffc065c0000 - 0x00007ffc066e6000 	C:\WINDOWS\system32\RPCRT4.dll
0x00007ffc06230000 - 0x00007ffc0637e000 	C:\WINDOWS\system32\USER32.dll
0x00007ffc05ef0000 - 0x00007ffc06076000 	C:\WINDOWS\system32\GDI32.dll
0x00007ffbf99d0000 - 0x00007ffbf9c44000 	C:\WINDOWS\WinSxS\amd64_microsoft.windows.common-controls_6595b64144ccf1df_6.0.10240.16384_none_f41f7b285750ef43\COMCTL32.dll
0x00007ffc05af0000 - 0x00007ffc05b26000 	C:\WINDOWS\system32\IMM32.DLL
0x00007ffc06460000 - 0x00007ffc065bc000 	C:\WINDOWS\system32\MSCTF.dll
0x0000000059250000 - 0x0000000059322000 	C:\Program Files\Java\jdk1.8.0_05\jre\bin\msvcr100.dll
0x00000000596d0000 - 0x0000000059efa000 	C:\Program Files\Java\jdk1.8.0_05\jre\bin\server\jvm.dll
0x00007ffc04190000 - 0x00007ffc04198000 	C:\WINDOWS\system32\PSAPI.DLL
0x00007ffc01470000 - 0x00007ffc01479000 	C:\WINDOWS\SYSTEM32\WSOCK32.dll
0x00007ffc04420000 - 0x00007ffc04489000 	C:\WINDOWS\system32\WS2_32.dll
0x00007ffc05dd0000 - 0x00007ffc05dd8000 	C:\WINDOWS\system32\NSI.dll
0x00007ffc01550000 - 0x00007ffc01573000 	C:\WINDOWS\SYSTEM32\WINMM.dll
0x00007ffc01520000 - 0x00007ffc0154c000 	C:\WINDOWS\SYSTEM32\WINMMBASE.dll
0x00007ffc03450000 - 0x00007ffc03494000 	C:\WINDOWS\system32\cfgmgr32.dll
0x00007ffc01490000 - 0x00007ffc014b7000 	C:\WINDOWS\SYSTEM32\DEVOBJ.dll
0x00000000596c0000 - 0x00000000596cf000 	C:\Program Files\Java\jdk1.8.0_05\jre\bin\verify.dll
0x0000000059690000 - 0x00000000596b8000 	C:\Program Files\Java\jdk1.8.0_05\jre\bin\java.dll
0x0000000059670000 - 0x0000000059686000 	C:\Program Files\Java\jdk1.8.0_05\jre\bin\zip.dll
0x00007ffc04560000 - 0x00007ffc05a81000 	C:\WINDOWS\system32\SHELL32.dll
0x00007ffc035b0000 - 0x00007ffc03bd9000 	C:\WINDOWS\system32\windows.storage.dll
0x00007ffc041a0000 - 0x00007ffc0441c000 	C:\WINDOWS\system32\combase.dll
0x00007ffc04500000 - 0x00007ffc04551000 	C:\WINDOWS\system32\shlwapi.dll
0x00007ffc03240000 - 0x00007ffc0324f000 	C:\WINDOWS\system32\kernel.appcore.dll
0x00007ffc03db0000 - 0x00007ffc03e63000 	C:\WINDOWS\system32\shcore.dll
0x00007ffc031d0000 - 0x00007ffc0321a000 	C:\WINDOWS\system32\powrprof.dll
0x00007ffc03250000 - 0x00007ffc03263000 	C:\WINDOWS\system32\profapi.dll
0x00007ffbdede0000 - 0x00007ffbdef6a000 	C:\WINDOWS\SYSTEM32\dbghelp.dll

VM Arguments:
jvm_args: -Xmx1024M -Dfile.encoding=windows-1252 -Duser.country=BR -Duser.language=pt -Duser.variant 
java_command: com.android.dx.command.Main --dex --num-threads=4 --output E:\GitHub\FitCook\app\build\intermediates\pre-dexed\debug\okhttp-2.4.0-1086629997511be40468375187775cc7ed04c129.jar C:\Users\Aires\.gradle\caches\modules-2\files-2.1\com.squareup.okhttp\okhttp\2.4.0\40340c0748190fe897baf7bffbc1b282734294e5\okhttp-2.4.0.jar
java_class_path (initial): C:\Program Files (x86)\Android\android-sdk\build-tools\23.0.0_rc2\lib\dx.jar
Launcher Type: SUN_STANDARD

Environment Variables:
JAVA_HOME=C:\Program Files\Java\jdk1.8.0_05
PATH=C:\Program Files (x86)\Intel\iCLS Client\;C:\Program Files\Intel\iCLS Client\;C:\WINDOWS\system32;C:\WINDOWS;C:\WINDOWS\System32\Wbem;C:\WINDOWS\System32\WindowsPowerShell\v1.0\;C:\Program Files (x86)\Windows Live\Shared;C:\Program Files (x86)\Intel\OpenCL SDK\2.0\bin\x86;C:\Program Files (x86)\Intel\OpenCL SDK\2.0\bin\x64;C:\Program Files\Intel\Intel(R) Management Engine Components\DAL;C:\Program Files\Intel\Intel(R) Management Engine Components\IPT;C:\Program Files (x86)\Intel\Intel(R) Management Engine Components\DAL;C:\Program Files (x86)\Intel\Intel(R) Management Engine Components\IPT;C:\Program Files\Java\jdk1.8.0_05/bin;C:\Program Files (x86)\Android\android-sdk\platform-tools;C:\Program Files (x86)\Git\cmd;C:\Program Files (x86)\Skype\Phone\;C:\Program Files (x86)\Windows Kits\8.1\Windows Performance Toolkit\;C:\Program Files\Microsoft SQL Server\110\Tools\Binn\;C:\Program Files (x86)\Microsoft SDKs\TypeScript\1.0\;C:\Program Files\Microsoft SQL Server\120\Tools\Binn\;C:\Program Files (x86)\nodejs\;C:\Ruby21\bin;C:\Users\Aires\AppData\Roaming\npm
USERNAME=Aires
OS=Windows_NT
PROCESSOR_IDENTIFIER=Intel64 Family 6 Model 58 Stepping 9, GenuineIntel



---------------  S Y S T E M  ---------------

OS: Windows 8.1 , 64 bit Build 9600 

CPU:total 4 (2 cores per cpu, 2 threads per core) family 6 model 58 stepping 9, cmov, cx8, fxsr, mmx, sse, sse2, sse3, ssse3, sse4.1, sse4.2, popcnt, avx, clmul, erms, ht, tsc, tscinvbit

Memory: 4k page, physical 8282396k(1325664k free), swap 8282396k(24100k free)

vm_info: Java HotSpot(TM) 64-Bit Server VM (25.5-b02) for windows-amd64 JRE (1.8.0_05-b13), built on Mar 18 2014 01:08:39 by "java_re" with MS VC++ 10.0 (VS2010)

time: Mon Aug 10 22:08:37 2015
elapsed time: 14 seconds

