#
# There is insufficient memory for the Java Runtime Environment to continue.
# Native memory allocation (malloc) failed to allocate 906496 bytes for Chunk::new
# Possible reasons:
#   The system is out of physical RAM or swap space
#   In 32 bit mode, the process size limit was hit
# Possible solutions:
#   Reduce memory load on the system
#   Increase physical memory or swap space
#   Check if swap backing store is full
#   Use 64 bit Java on a 64 bit OS
#   Decrease Java heap size (-Xmx/-Xms)
#   Decrease number of Java threads
#   Decrease Java thread stack sizes (-Xss)
#   Set larger code cache with -XX:ReservedCodeCacheSize=
# This output file may be truncated or incomplete.
#
#  Out of Memory Error (allocation.cpp:388), pid=7728, tid=5504
#
# JRE version: Java(TM) SE Runtime Environment (8.0_05-b13) (build 1.8.0_05-b13)
# Java VM: Java HotSpot(TM) 64-Bit Server VM (25.5-b02 mixed mode windows-amd64 compressed oops)
# Failed to write core dump. Minidumps are not enabled by default on client versions of Windows
#

---------------  T H R E A D  ---------------

Current thread (0x00000000147dd800):  JavaThread "C2 CompilerThread1" daemon [_thread_in_native, id=5504, stack(0x0000000015de0000,0x0000000015ee0000)]

Stack: [0x0000000015de0000,0x0000000015ee0000]
Native frames: (J=compiled Java code, j=interpreted, Vv=VM code, C=native code)
V  [jvm.dll+0x308dea]


Current CompileTask:
C2:   3828 1107       4       com.android.dx.ssa.SCCP::simulatePhi (169 bytes)


---------------  P R O C E S S  ---------------

Java Threads: ( => current thread )
  0x0000000016249800 JavaThread "pool-1-thread-4" [_thread_blocked, id=3044, stack(0x00000000169e0000,0x0000000016ae0000)]
  0x0000000016245800 JavaThread "pool-1-thread-3" [_thread_blocked, id=4240, stack(0x00000000168e0000,0x00000000169e0000)]
  0x0000000016244800 JavaThread "pool-1-thread-2" [_thread_blocked, id=4176, stack(0x00000000167e0000,0x00000000168e0000)]
  0x0000000016243000 JavaThread "pool-2-thread-1" [_thread_blocked, id=5768, stack(0x00000000166e0000,0x00000000167e0000)]
  0x0000000016240000 JavaThread "pool-1-thread-1" [_thread_blocked, id=3432, stack(0x00000000165e0000,0x00000000166e0000)]
  0x00000000147ec800 JavaThread "Service Thread" daemon [_thread_blocked, id=752, stack(0x0000000015fe0000,0x00000000160e0000)]
  0x00000000147e3800 JavaThread "C1 CompilerThread2" daemon [_thread_blocked, id=1804, stack(0x0000000015ee0000,0x0000000015fe0000)]
=>0x00000000147dd800 JavaThread "C2 CompilerThread1" daemon [_thread_in_native, id=5504, stack(0x0000000015de0000,0x0000000015ee0000)]
  0x000000001478c000 JavaThread "C2 CompilerThread0" daemon [_thread_in_native, id=5896, stack(0x0000000015ce0000,0x0000000015de0000)]
  0x000000001478a800 JavaThread "Attach Listener" daemon [_thread_blocked, id=4732, stack(0x0000000015be0000,0x0000000015ce0000)]
  0x0000000014789800 JavaThread "Signal Dispatcher" daemon [_thread_blocked, id=7576, stack(0x0000000015ae0000,0x0000000015be0000)]
  0x00000000020b5000 JavaThread "Finalizer" daemon [_thread_blocked, id=6676, stack(0x00000000159e0000,0x0000000015ae0000)]
  0x00000000020a9000 JavaThread "Reference Handler" daemon [_thread_blocked, id=7428, stack(0x00000000158e0000,0x00000000159e0000)]
  0x00000000005fd800 JavaThread "main" [_thread_in_vm, id=3636, stack(0x0000000001dc0000,0x0000000001ec0000)]

Other Threads:
  0x0000000014755000 VMThread [stack: 0x00000000157e0000,0x00000000158e0000] [id=3660]
  0x00000000160e0800 WatcherThread [stack: 0x00000000164e0000,0x00000000165e0000] [id=6724]

VM state:not at safepoint (normal execution)

VM Mutex/Monitor currently owned by a thread: None

Heap:
 PSYoungGen      total 8192K, used 4136K [0x00000000eab00000, 0x00000000eb900000, 0x0000000100000000)
  eden space 6144K, 49% used [0x00000000eab00000,0x00000000eadf21a8,0x00000000eb100000)
  from space 2048K, 54% used [0x00000000eb100000,0x00000000eb218010,0x00000000eb300000)
  to   space 2048K, 0% used [0x00000000eb700000,0x00000000eb700000,0x00000000eb900000)
 ParOldGen       total 129536K, used 3311K [0x00000000c0000000, 0x00000000c7e80000, 0x00000000eab00000)
  object space 129536K, 2% used [0x00000000c0000000,0x00000000c033bc58,0x00000000c7e80000)
 Metaspace       used 5547K, capacity 6704K, committed 6784K, reserved 1056768K
  class space    used 582K, capacity 616K, committed 640K, reserved 1048576K

Card table byte_map: [0x0000000011480000,0x0000000011690000] byte_map_base: 0x0000000010e80000

Marking Bits: (ParMarkBitMap*) 0x00000000765f13b0
 Begin Bits: [0x0000000011bf0000, 0x0000000012bf0000)
 End Bits:   [0x0000000012bf0000, 0x0000000013bf0000)

Polling page: 0x0000000000600000

CodeCache: size=245760Kb used=4210Kb max_used=4228Kb free=241550Kb
 bounds [0x00000000020c0000, 0x00000000024f0000, 0x00000000110c0000]
 total_blobs=1375 nmethods=1111 adapters=178
 compilation: enabled

Compilation events (10 events):
Event: 3.666 Thread 0x00000000147e3800 1120       3       com.android.dx.rop.code.InsnList::contentEquals (54 bytes)
Event: 3.667 Thread 0x00000000147e3800 nmethod 1120 0x00000000024d9950 code [0x00000000024d9b20, 0x00000000024da5a8]
Event: 3.667 Thread 0x00000000147e3800 1123       3       com.android.dx.rop.code.Insn$BaseVisitor::visitThrowingCstInsn (1 bytes)
Event: 3.667 Thread 0x00000000147e3800 nmethod 1123 0x00000000024da910 code [0x00000000024daa60, 0x00000000024dabb0]
Event: 3.667 Thread 0x00000000147e3800 1121       3       com.android.dx.rop.type.Type::isUninitialized (13 bytes)
Event: 3.667 Thread 0x00000000147e3800 nmethod 1121 0x00000000024dac50 code [0x00000000024dada0, 0x00000000024daf50]
Event: 3.667 Thread 0x00000000147e3800 1122       3       com.android.dx.rop.code.RegisterSpec::withSimpleType (59 bytes)
Event: 3.669 Thread 0x00000000147e3800 nmethod 1122 0x00000000024dafd0 code [0x00000000024db180, 0x00000000024db8c8]
Event: 3.697 Thread 0x00000000147dd800 nmethod 1036 0x00000000024e0450 code [0x00000000024e06e0, 0x00000000024e2418]
Event: 3.698 Thread 0x00000000147dd800 1107       4       com.android.dx.ssa.SCCP::simulatePhi (169 bytes)

GC Heap History (10 events):
Event: 0.846 GC heap before
{Heap before GC invocations=7 (full 0):
 PSYoungGen      total 3072K, used 2969K [0x00000000eab00000, 0x00000000eaf00000, 0x0000000100000000)
  eden space 2048K, 99% used [0x00000000eab00000,0x00000000eacff8f8,0x00000000ead00000)
  from space 1024K, 90% used [0x00000000eae00000,0x00000000eaee6d98,0x00000000eaf00000)
  to   space 1024K, 0% used [0x00000000ead00000,0x00000000ead00000,0x00000000eae00000)
 ParOldGen       total 129536K, used 813K [0x00000000c0000000, 0x00000000c7e80000, 0x00000000eab00000)
  object space 129536K, 0% used [0x00000000c0000000,0x00000000c00cb5e0,0x00000000c7e80000)
 Metaspace       used 4566K, capacity 5872K, committed 6016K, reserved 1056768K
  class space    used 511K, capacity 552K, committed 640K, reserved 1048576K
Event: 0.850 GC heap after
Heap after GC invocations=7 (full 0):
 PSYoungGen      total 3072K, used 1008K [0x00000000eab00000, 0x00000000eb200000, 0x0000000100000000)
  eden space 2048K, 0% used [0x00000000eab00000,0x00000000eab00000,0x00000000ead00000)
  from space 1024K, 98% used [0x00000000ead00000,0x00000000eadfc010,0x00000000eae00000)
  to   space 1536K, 0% used [0x00000000eb080000,0x00000000eb080000,0x00000000eb200000)
 ParOldGen       total 129536K, used 1103K [0x00000000c0000000, 0x00000000c7e80000, 0x00000000eab00000)
  object space 129536K, 0% used [0x00000000c0000000,0x00000000c0113c58,0x00000000c7e80000)
 Metaspace       used 4566K, capacity 5872K, committed 6016K, reserved 1056768K
  class space    used 511K, capacity 552K, committed 640K, reserved 1048576K
}
Event: 1.096 GC heap before
{Heap before GC invocations=8 (full 0):
 PSYoungGen      total 3072K, used 3049K [0x00000000eab00000, 0x00000000eb200000, 0x0000000100000000)
  eden space 2048K, 99% used [0x00000000eab00000,0x00000000eacfe700,0x00000000ead00000)
  from space 1024K, 98% used [0x00000000ead00000,0x00000000eadfc010,0x00000000eae00000)
  to   space 1536K, 0% used [0x00000000eb080000,0x00000000eb080000,0x00000000eb200000)
 ParOldGen       total 129536K, used 1103K [0x00000000c0000000, 0x00000000c7e80000, 0x00000000eab00000)
  object space 129536K, 0% used [0x00000000c0000000,0x00000000c0113c58,0x00000000c7e80000)
 Metaspace       used 5089K, capacity 6320K, committed 6528K, reserved 1056768K
  class space    used 571K, capacity 616K, committed 640K, reserved 1048576K
Event: 1.120 GC heap after
Heap after GC invocations=8 (full 0):
 PSYoungGen      total 5632K, used 1156K [0x00000000eab00000, 0x00000000eb200000, 0x0000000100000000)
  eden space 4096K, 0% used [0x00000000eab00000,0x00000000eab00000,0x00000000eaf00000)
  from space 1536K, 75% used [0x00000000eb080000,0x00000000eb1a1038,0x00000000eb200000)
  to   space 1536K, 0% used [0x00000000eaf00000,0x00000000eaf00000,0x00000000eb080000)
 ParOldGen       total 129536K, used 1194K [0x00000000c0000000, 0x00000000c7e80000, 0x00000000eab00000)
  object space 129536K, 0% used [0x00000000c0000000,0x00000000c012aaa8,0x00000000c7e80000)
 Metaspace       used 5089K, capacity 6320K, committed 6528K, reserved 1056768K
  class space    used 571K, capacity 616K, committed 640K, reserved 1048576K
}
Event: 1.577 GC heap before
{Heap before GC invocations=9 (full 0):
 PSYoungGen      total 5632K, used 5252K [0x00000000eab00000, 0x00000000eb200000, 0x0000000100000000)
  eden space 4096K, 100% used [0x00000000eab00000,0x00000000eaf00000,0x00000000eaf00000)
  from space 1536K, 75% used [0x00000000eb080000,0x00000000eb1a1038,0x00000000eb200000)
  to   space 1536K, 0% used [0x00000000eaf00000,0x00000000eaf00000,0x00000000eb080000)
 ParOldGen       total 129536K, used 1194K [0x00000000c0000000, 0x00000000c7e80000, 0x00000000eab00000)
  object space 129536K, 0% used [0x00000000c0000000,0x00000000c012aaa8,0x00000000c7e80000)
 Metaspace       used 5387K, capacity 6576K, committed 6784K, reserved 1056768K
  class space    used 581K, capacity 616K, committed 640K, reserved 1048576K
Event: 1.581 GC heap after
Heap after GC invocations=9 (full 0):
 PSYoungGen      total 5632K, used 1376K [0x00000000eab00000, 0x00000000eb480000, 0x0000000100000000)
  eden space 4096K, 0% used [0x00000000eab00000,0x00000000eab00000,0x00000000eaf00000)
  from space 1536K, 89% used [0x00000000eaf00000,0x00000000eb058018,0x00000000eb080000)
  to   space 1536K, 0% used [0x00000000eb300000,0x00000000eb300000,0x00000000eb480000)
 ParOldGen       total 129536K, used 1402K [0x00000000c0000000, 0x00000000c7e80000, 0x00000000eab00000)
  object space 129536K, 1% used [0x00000000c0000000,0x00000000c015eaa8,0x00000000c7e80000)
 Metaspace       used 5387K, capacity 6576K, committed 6784K, reserved 1056768K
  class space    used 581K, capacity 616K, committed 640K, reserved 1048576K
}
Event: 2.191 GC heap before
{Heap before GC invocations=10 (full 0):
 PSYoungGen      total 5632K, used 5472K [0x00000000eab00000, 0x00000000eb480000, 0x0000000100000000)
  eden space 4096K, 100% used [0x00000000eab00000,0x00000000eaf00000,0x00000000eaf00000)
  from space 1536K, 89% used [0x00000000eaf00000,0x00000000eb058018,0x00000000eb080000)
  to   space 1536K, 0% used [0x00000000eb300000,0x00000000eb300000,0x00000000eb480000)
 ParOldGen       total 129536K, used 1402K [0x00000000c0000000, 0x00000000c7e80000, 0x00000000eab00000)
  object space 129536K, 1% used [0x00000000c0000000,0x00000000c015eaa8,0x00000000c7e80000)
 Metaspace       used 5498K, capacity 6704K, committed 6784K, reserved 1056768K
  class space    used 582K, capacity 616K, committed 640K, reserved 1048576K
Event: 2.535 GC heap after
Heap after GC invocations=10 (full 0):
 PSYoungGen      total 7680K, used 1536K [0x00000000eab00000, 0x00000000eb580000, 0x0000000100000000)
  eden space 6144K, 0% used [0x00000000eab00000,0x00000000eab00000,0x00000000eb100000)
  from space 1536K, 100% used [0x00000000eb300000,0x00000000eb480000,0x00000000eb480000)
  to   space 2048K, 0% used [0x00000000eb100000,0x00000000eb100000,0x00000000eb300000)
 ParOldGen       total 129536K, used 1912K [0x00000000c0000000, 0x00000000c7e80000, 0x00000000eab00000)
  object space 129536K, 1% used [0x00000000c0000000,0x00000000c01de190,0x00000000c7e80000)
 Metaspace       used 5498K, capacity 6704K, committed 6784K, reserved 1056768K
  class space    used 582K, capacity 616K, committed 640K, reserved 1048576K
}
Event: 3.139 GC heap before
{Heap before GC invocations=11 (full 0):
 PSYoungGen      total 7680K, used 7680K [0x00000000eab00000, 0x00000000eb580000, 0x0000000100000000)
  eden space 6144K, 100% used [0x00000000eab00000,0x00000000eb100000,0x00000000eb100000)
  from space 1536K, 100% used [0x00000000eb300000,0x00000000eb480000,0x00000000eb480000)
  to   space 2048K, 0% used [0x00000000eb100000,0x00000000eb100000,0x00000000eb300000)
 ParOldGen       total 129536K, used 1912K [0x00000000c0000000, 0x00000000c7e80000, 0x00000000eab00000)
  object space 129536K, 1% used [0x00000000c0000000,0x00000000c01de190,0x00000000c7e80000)
 Metaspace       used 5529K, capacity 6704K, committed 6784K, reserved 1056768K
  class space    used 582K, capacity 616K, committed 640K, reserved 1048576K
Event: 3.593 GC heap after
Heap after GC invocations=11 (full 0):
 PSYoungGen      total 8192K, used 1120K [0x00000000eab00000, 0x00000000eb900000, 0x0000000100000000)
  eden space 6144K, 0% used [0x00000000eab00000,0x00000000eab00000,0x00000000eb100000)
  from space 2048K, 54% used [0x00000000eb100000,0x00000000eb218010,0x00000000eb300000)
  to   space 2048K, 0% used [0x00000000eb700000,0x00000000eb700000,0x00000000eb900000)
 ParOldGen       total 129536K, used 3311K [0x00000000c0000000, 0x00000000c7e80000, 0x00000000eab00000)
  object space 129536K, 2% used [0x00000000c0000000,0x00000000c033bc58,0x00000000c7e80000)
 Metaspace       used 5529K, capacity 6704K, committed 6784K, reserved 1056768K
  class space    used 582K, capacity 616K, committed 640K, reserved 1048576K
}

Deoptimization events (1 events):
Event: 2.537 Thread 0x0000000016240000 Uncommon trap: reason=null_check action=make_not_entrant pc=0x00000000023d2d60 method=com.android.dx.ssa.SsaRenamer.getLocalForNewReg(I)Lcom/android/dx/rop/code/LocalItem; @ 19

Internal exceptions (10 events):
Event: 1.126 Thread 0x0000000016245800 Exception <a 'java/security/PrivilegedActionException'> (0x00000000eab029e0) thrown at [D:\re\workspace\8-2-build-windows-amd64-cygwin\jdk8u5\2488\hotspot\src\share\vm\prims\jvm.cpp, line 1248]
Event: 1.130 Thread 0x0000000016245800 Exception <a 'java/security/PrivilegedActionException'> (0x00000000eab1f0d0) thrown at [D:\re\workspace\8-2-build-windows-amd64-cygwin\jdk8u5\2488\hotspot\src\share\vm\prims\jvm.cpp, line 1248]
Event: 1.135 Thread 0x0000000016245800 Exception <a 'java/security/PrivilegedActionException'> (0x00000000eab25370) thrown at [D:\re\workspace\8-2-build-windows-amd64-cygwin\jdk8u5\2488\hotspot\src\share\vm\prims\jvm.cpp, line 1248]
Event: 1.139 Thread 0x0000000016249800 Exception <a 'java/security/PrivilegedActionException'> (0x00000000eab14aa0) thrown at [D:\re\workspace\8-2-build-windows-amd64-cygwin\jdk8u5\2488\hotspot\src\share\vm\prims\jvm.cpp, line 1248]
Event: 1.146 Thread 0x0000000016249800 Exception <a 'java/security/PrivilegedActionException'> (0x00000000eab5cfe8) thrown at [D:\re\workspace\8-2-build-windows-amd64-cygwin\jdk8u5\2488\hotspot\src\share\vm\prims\jvm.cpp, line 1248]
Event: 1.156 Thread 0x0000000016244800 Exception <a 'java/security/PrivilegedActionException'> (0x00000000eaba7af0) thrown at [D:\re\workspace\8-2-build-windows-amd64-cygwin\jdk8u5\2488\hotspot\src\share\vm\prims\jvm.cpp, line 1248]
Event: 1.383 Thread 0x0000000016249800 Exception <a 'java/security/PrivilegedActionException'> (0x00000000ead2ce40) thrown at [D:\re\workspace\8-2-build-windows-amd64-cygwin\jdk8u5\2488\hotspot\src\share\vm\prims\jvm.cpp, line 1248]
Event: 1.392 Thread 0x00000000005fd800 Exception <a 'java/security/PrivilegedActionException'> (0x00000000ead71df8) thrown at [D:\re\workspace\8-2-build-windows-amd64-cygwin\jdk8u5\2488\hotspot\src\share\vm\prims\jvm.cpp, line 1248]
Event: 1.393 Thread 0x00000000005fd800 Exception <a 'java/security/PrivilegedActionException'> (0x00000000ead74708) thrown at [D:\re\workspace\8-2-build-windows-amd64-cygwin\jdk8u5\2488\hotspot\src\share\vm\prims\jvm.cpp, line 1248]
Event: 2.537 Thread 0x0000000016240000 Implicit null exception at 0x00000000023d0976 to 0x00000000023d2d39

Events (10 events):
Event: 1.581 Executing VM operation: ParallelGCFailedAllocation done
Event: 1.597 loading class java/util/DualPivotQuicksort
Event: 1.597 loading class java/util/DualPivotQuicksort done
Event: 2.087 Executing VM operation: ParallelGCFailedAllocation
Event: 2.535 Executing VM operation: ParallelGCFailedAllocation done
Event: 2.537 Thread 0x0000000016240000 Uncommon trap: trap_request=0xfffffff4 fr.pc=0x00000000023d2d60
Event: 2.537 Thread 0x0000000016240000 DEOPT PACKING pc=0x00000000023d2d60 sp=0x00000000166de730
Event: 2.537 Thread 0x0000000016240000 DEOPT UNPACKING pc=0x00000000021055af sp=0x00000000166de568 mode 2
Event: 3.012 Executing VM operation: ParallelGCFailedAllocation
Event: 3.593 Executing VM operation: ParallelGCFailedAllocation done


Dynamic libraries:
0x00007ff793670000 - 0x00007ff7936a4000 	C:\Program Files\Java\jdk1.8.0_05\bin\java.exe
0x00007fff8a4a0000 - 0x00007fff8a661000 	C:\WINDOWS\SYSTEM32\ntdll.dll
0x00007fff87bd0000 - 0x00007fff87c7d000 	C:\WINDOWS\system32\KERNEL32.DLL
0x00007fff86f70000 - 0x00007fff8714d000 	C:\WINDOWS\system32\KERNELBASE.dll
0x00007fff894f0000 - 0x00007fff89596000 	C:\WINDOWS\system32\ADVAPI32.dll
0x00007fff8a310000 - 0x00007fff8a3ad000 	C:\WINDOWS\system32\msvcrt.dll
0x00007fff87b70000 - 0x00007fff87bcb000 	C:\WINDOWS\system32\sechost.dll
0x00007fff898b0000 - 0x00007fff899d6000 	C:\WINDOWS\system32\RPCRT4.dll
0x00007fff89b30000 - 0x00007fff89c7e000 	C:\WINDOWS\system32\USER32.dll
0x00007fff892a0000 - 0x00007fff89426000 	C:\WINDOWS\system32\GDI32.dll
0x00007fff7cbd0000 - 0x00007fff7ce44000 	C:\WINDOWS\WinSxS\amd64_microsoft.windows.common-controls_6595b64144ccf1df_6.0.10240.16384_none_f41f7b285750ef43\COMCTL32.dll
0x00007fff87c80000 - 0x00007fff87cb6000 	C:\WINDOWS\system32\IMM32.DLL
0x00007fff895a0000 - 0x00007fff896fc000 	C:\WINDOWS\system32\MSCTF.dll
0x00000000759c0000 - 0x0000000075a92000 	C:\Program Files\Java\jdk1.8.0_05\jre\bin\msvcr100.dll
0x0000000075e40000 - 0x000000007666a000 	C:\Program Files\Java\jdk1.8.0_05\jre\bin\server\jvm.dll
0x00007fff8a3b0000 - 0x00007fff8a3b8000 	C:\WINDOWS\system32\PSAPI.DLL
0x00007fff83e20000 - 0x00007fff83e29000 	C:\WINDOWS\SYSTEM32\WSOCK32.dll
0x00007fff89eb0000 - 0x00007fff89f19000 	C:\WINDOWS\system32\WS2_32.dll
0x00007fff8a3c0000 - 0x00007fff8a3c8000 	C:\WINDOWS\system32\NSI.dll
0x00007fff85250000 - 0x00007fff85273000 	C:\WINDOWS\SYSTEM32\WINMM.dll
0x00007fff85220000 - 0x00007fff8524c000 	C:\WINDOWS\SYSTEM32\WINMMBASE.dll
0x00007fff87150000 - 0x00007fff87194000 	C:\WINDOWS\system32\cfgmgr32.dll
0x00007fff851c0000 - 0x00007fff851e7000 	C:\WINDOWS\SYSTEM32\DEVOBJ.dll
0x0000000075e30000 - 0x0000000075e3f000 	C:\Program Files\Java\jdk1.8.0_05\jre\bin\verify.dll
0x0000000075e00000 - 0x0000000075e28000 	C:\Program Files\Java\jdk1.8.0_05\jre\bin\java.dll
0x0000000075de0000 - 0x0000000075df6000 	C:\Program Files\Java\jdk1.8.0_05\jre\bin\zip.dll
0x00007fff87d70000 - 0x00007fff89291000 	C:\WINDOWS\system32\SHELL32.dll
0x00007fff87420000 - 0x00007fff87a49000 	C:\WINDOWS\system32\windows.storage.dll
0x00007fff8a070000 - 0x00007fff8a2ec000 	C:\WINDOWS\system32\combase.dll
0x00007fff8a3e0000 - 0x00007fff8a431000 	C:\WINDOWS\system32\shlwapi.dll
0x00007fff86ed0000 - 0x00007fff86edf000 	C:\WINDOWS\system32\kernel.appcore.dll
0x00007fff87a50000 - 0x00007fff87b03000 	C:\WINDOWS\system32\shcore.dll
0x00007fff86f20000 - 0x00007fff86f6a000 	C:\WINDOWS\system32\powrprof.dll
0x00007fff86f00000 - 0x00007fff86f13000 	C:\WINDOWS\system32\profapi.dll
0x00007fff76f50000 - 0x00007fff770da000 	C:\WINDOWS\SYSTEM32\dbghelp.dll

VM Arguments:
jvm_args: -Xmx1024M -Dfile.encoding=windows-1252 -Duser.country=BR -Duser.language=pt -Duser.variant 
java_command: com.android.dx.command.Main --dex --num-threads=4 --output E:\GitHub\FitCook\app\build\intermediates\pre-dexed\debug\library-1.0.16-dd3b697db90ef83e6b7ca870ba507a2d94acc19d.jar C:\Users\Aires\.gradle\caches\modules-2\files-2.1\com.mcxiaoke.volley\library\1.0.16\d8f5b9114ebe0f76de7fbf55e950540959ce4ff8\library-1.0.16.jar
java_class_path (initial): C:\Program Files (x86)\Android\android-sdk\build-tools\23.0.0_rc2\lib\dx.jar
Launcher Type: SUN_STANDARD

Environment Variables:
JAVA_HOME=C:\Program Files\Java\jdk1.8.0_05
PATH=C:\Program Files (x86)\Intel\iCLS Client\;C:\Program Files\Intel\iCLS Client\;C:\WINDOWS\system32;C:\WINDOWS;C:\WINDOWS\System32\Wbem;C:\WINDOWS\System32\WindowsPowerShell\v1.0\;C:\Program Files (x86)\Windows Live\Shared;C:\Program Files (x86)\Intel\OpenCL SDK\2.0\bin\x86;C:\Program Files (x86)\Intel\OpenCL SDK\2.0\bin\x64;C:\Program Files\Intel\Intel(R) Management Engine Components\DAL;C:\Program Files\Intel\Intel(R) Management Engine Components\IPT;C:\Program Files (x86)\Intel\Intel(R) Management Engine Components\DAL;C:\Program Files (x86)\Intel\Intel(R) Management Engine Components\IPT;C:\Program Files\Java\jdk1.8.0_05/bin;C:\Program Files (x86)\Android\android-sdk\platform-tools;C:\Program Files (x86)\Git\cmd;C:\Program Files (x86)\Skype\Phone\;C:\Program Files (x86)\Windows Kits\8.1\Windows Performance Toolkit\;C:\Program Files\Microsoft SQL Server\110\Tools\Binn\;C:\Program Files (x86)\Microsoft SDKs\TypeScript\1.0\;C:\Program Files\Microsoft SQL Server\120\Tools\Binn\;C:\Program Files (x86)\nodejs\;C:\Ruby21\bin;C:\Users\Aires\AppData\Roaming\npm
USERNAME=Aires
OS=Windows_NT
PROCESSOR_IDENTIFIER=Intel64 Family 6 Model 58 Stepping 9, GenuineIntel



---------------  S Y S T E M  ---------------

OS: Windows 8.1 , 64 bit Build 9600 

CPU:total 4 (2 cores per cpu, 2 threads per core) family 6 model 58 stepping 9, cmov, cx8, fxsr, mmx, sse, sse2, sse3, ssse3, sse4.1, sse4.2, popcnt, avx, clmul, erms, ht, tsc, tscinvbit

Memory: 4k page, physical 8282396k(1537956k free), swap 8282396k(5144k free)

vm_info: Java HotSpot(TM) 64-Bit Server VM (25.5-b02) for windows-amd64 JRE (1.8.0_05-b13), built on Mar 18 2014 01:08:39 by "java_re" with MS VC++ 10.0 (VS2010)

time: Tue Aug 11 18:24:38 2015
elapsed time: 3 seconds

