#
# There is insufficient memory for the Java Runtime Environment to continue.
# Native memory allocation (malloc) failed to allocate 622096 bytes for Chunk::new
# Possible reasons:
#   The system is out of physical RAM or swap space
#   In 32 bit mode, the process size limit was hit
# Possible solutions:
#   Reduce memory load on the system
#   Increase physical memory or swap space
#   Check if swap backing store is full
#   Use 64 bit Java on a 64 bit OS
#   Decrease Java heap size (-Xmx/-Xms)
#   Decrease number of Java threads
#   Decrease Java thread stack sizes (-Xss)
#   Set larger code cache with -XX:ReservedCodeCacheSize=
# This output file may be truncated or incomplete.
#
#  Out of Memory Error (allocation.cpp:388), pid=6224, tid=6656
#
# JRE version: Java(TM) SE Runtime Environment (8.0_05-b13) (build 1.8.0_05-b13)
# Java VM: Java HotSpot(TM) 64-Bit Server VM (25.5-b02 mixed mode windows-amd64 compressed oops)
# Failed to write core dump. Minidumps are not enabled by default on client versions of Windows
#

---------------  T H R E A D  ---------------

Current thread (0x000000001486e000):  JavaThread "C2 CompilerThread0" daemon [_thread_in_native, id=6656, stack(0x0000000015dc0000,0x0000000015ec0000)]

Stack: [0x0000000015dc0000,0x0000000015ec0000]
Native frames: (J=compiled Java code, j=interpreted, Vv=VM code, C=native code)
V  [jvm.dll+0x308dea]
V  [jvm.dll+0x25def1]
V  [jvm.dll+0x25eb0f]
V  [jvm.dll+0x2564e5]
V  [jvm.dll+0xbcfc5]
V  [jvm.dll+0xbd45c]
V  [jvm.dll+0x44d422]
V  [jvm.dll+0x48e13f]
V  [jvm.dll+0x44293e]
V  [jvm.dll+0x44366b]
V  [jvm.dll+0x427532]
V  [jvm.dll+0x96702]
V  [jvm.dll+0x96ef3]
V  [jvm.dll+0x2232c4]
V  [jvm.dll+0x27baca]
C  [msvcr100.dll+0x21d9f]
C  [msvcr100.dll+0x21e3b]
C  [KERNEL32.DLL+0x12d92]
C  [ntdll.dll+0x9f64]


Current CompileTask:
C2:   4086 1041       4       com.android.dx.ssa.SCCP::simulatePhi (169 bytes)


---------------  P R O C E S S  ---------------

Java Threads: ( => current thread )
  0x00000000163ae000 JavaThread "pool-1-thread-4" [_thread_in_Java, id=8420, stack(0x0000000016ac0000,0x0000000016bc0000)]
  0x00000000163a9800 JavaThread "pool-1-thread-3" [_thread_in_Java, id=5524, stack(0x00000000169c0000,0x0000000016ac0000)]
  0x00000000163f7000 JavaThread "pool-1-thread-2" [_thread_in_Java, id=7604, stack(0x00000000168c0000,0x00000000169c0000)]
  0x0000000016385000 JavaThread "pool-2-thread-1" [_thread_blocked, id=6876, stack(0x00000000167c0000,0x00000000168c0000)]
  0x0000000016384000 JavaThread "pool-1-thread-1" [_thread_in_Java, id=7236, stack(0x00000000166c0000,0x00000000167c0000)]
  0x00000000148cd800 JavaThread "Service Thread" daemon [_thread_blocked, id=9052, stack(0x00000000164c0000,0x00000000165c0000)]
  0x00000000148c5800 JavaThread "C1 CompilerThread2" daemon [_thread_in_native, id=8228, stack(0x0000000015fc0000,0x00000000160c0000)]
  0x00000000148bf800 JavaThread "C2 CompilerThread1" daemon [_thread_in_native, id=3552, stack(0x0000000015ec0000,0x0000000015fc0000)]
=>0x000000001486e000 JavaThread "C2 CompilerThread0" daemon [_thread_in_native, id=6656, stack(0x0000000015dc0000,0x0000000015ec0000)]
  0x000000001486d000 JavaThread "Attach Listener" daemon [_thread_blocked, id=7628, stack(0x0000000015cc0000,0x0000000015dc0000)]
  0x000000001486b800 JavaThread "Signal Dispatcher" daemon [_thread_blocked, id=6908, stack(0x0000000015bc0000,0x0000000015cc0000)]
  0x0000000002195000 JavaThread "Finalizer" daemon [_thread_blocked, id=2924, stack(0x0000000015ac0000,0x0000000015bc0000)]
  0x0000000002189000 JavaThread "Reference Handler" daemon [_thread_blocked, id=2984, stack(0x00000000159c0000,0x0000000015ac0000)]
  0x00000000006fd800 JavaThread "main" [_thread_in_Java, id=9036, stack(0x0000000001eb0000,0x0000000001fb0000)]

Other Threads:
  0x0000000014835000 VMThread [stack: 0x00000000158c0000,0x00000000159c0000] [id=1316]
  0x00000000160c1800 WatcherThread [stack: 0x00000000165c0000,0x00000000166c0000] [id=2820]

VM state:not at safepoint (normal execution)

VM Mutex/Monitor currently owned by a thread: None

Heap:
 PSYoungGen      total 13312K, used 7693K [0x00000000eab00000, 0x00000000eba80000, 0x0000000100000000)
  eden space 10752K, 59% used [0x00000000eab00000,0x00000000eb13b618,0x00000000eb580000)
  from space 2560K, 51% used [0x00000000eb800000,0x00000000eb948000,0x00000000eba80000)
  to   space 2560K, 0% used [0x00000000eb580000,0x00000000eb580000,0x00000000eb800000)
 ParOldGen       total 129536K, used 7189K [0x00000000c0000000, 0x00000000c7e80000, 0x00000000eab00000)
  object space 129536K, 5% used [0x00000000c0000000,0x00000000c0705430,0x00000000c7e80000)
 Metaspace       used 5611K, capacity 6768K, committed 7040K, reserved 1056768K
  class space    used 577K, capacity 616K, committed 640K, reserved 1048576K

Card table byte_map: [0x0000000011560000,0x0000000011770000] byte_map_base: 0x0000000010f60000

Marking Bits: (ParMarkBitMap*) 0x0000000060db13b0
 Begin Bits: [0x0000000011cd0000, 0x0000000012cd0000)
 End Bits:   [0x0000000012cd0000, 0x0000000013cd0000)

Polling page: 0x0000000000640000

CodeCache: size=245760Kb used=4454Kb max_used=4454Kb free=241305Kb
 bounds [0x00000000021a0000, 0x0000000002600000, 0x00000000111a0000]
 total_blobs=1430 nmethods=1166 adapters=178
 compilation: enabled

Compilation events (10 events):
Event: 3.512 Thread 0x00000000148c5800 nmethod 1065 0x00000000025a4090 code [0x00000000025a42e0, 0x00000000025a50b8]
Event: 3.512 Thread 0x00000000148c5800 1066       3       com.android.dx.cf.code.BaseMachine::auxCstArg (20 bytes)
Event: 3.512 Thread 0x00000000148c5800 nmethod 1066 0x00000000025a58d0 code [0x00000000025a5a40, 0x00000000025a5c88]
Event: 3.512 Thread 0x00000000148c5800 1067       3       com.android.dx.cf.code.Simulator$SimVisitor::visitConstant (332 bytes)
Event: 3.515 Thread 0x00000000148c5800 nmethod 1067 0x00000000025a5d50 code [0x00000000025a6080, 0x00000000025a7af8]
Event: 3.530 Thread 0x00000000148c5800 1068       3       com.android.dx.ssa.PhiInsn::getOriginalRopInsn (2 bytes)
Event: 3.530 Thread 0x00000000148c5800 nmethod 1068 0x00000000025a8750 code [0x00000000025a88a0, 0x00000000025a89f0]
Event: 3.532 Thread 0x00000000148c5800 1069       3       com.android.dx.ssa.DeadCodeRemover::pruneDeadInstructions (246 bytes)
Event: 3.536 Thread 0x00000000148c5800 nmethod 1069 0x00000000025a8a90 code [0x00000000025a8e80, 0x00000000025ab4b8]
Event: 3.541 Thread 0x00000000148c5800 1070       3       com.android.dx.rop.code.BasicBlockList::forEachInsn (39 bytes)

GC Heap History (10 events):
Event: 1.839 GC heap before
{Heap before GC invocations=4 (full 0):
 PSYoungGen      total 1536K, used 1520K [0x00000000eab00000, 0x00000000eae00000, 0x0000000100000000)
  eden space 1024K, 100% used [0x00000000eab00000,0x00000000eac00000,0x00000000eac00000)
  from space 512K, 96% used [0x00000000eac00000,0x00000000eac7c030,0x00000000eac80000)
  to   space 512K, 0% used [0x00000000ead80000,0x00000000ead80000,0x00000000eae00000)
 ParOldGen       total 129536K, used 459K [0x00000000c0000000, 0x00000000c7e80000, 0x00000000eab00000)
  object space 129536K, 0% used [0x00000000c0000000,0x00000000c0072cd0,0x00000000c7e80000)
 Metaspace       used 3623K, capacity 5008K, committed 5120K, reserved 1056768K
  class space    used 407K, capacity 456K, committed 512K, reserved 1048576K
Event: 2.024 GC heap after
Heap after GC invocations=4 (full 0):
 PSYoungGen      total 2560K, used 503K [0x00000000eab00000, 0x00000000eae00000, 0x0000000100000000)
  eden space 2048K, 0% used [0x00000000eab00000,0x00000000eab00000,0x00000000ead00000)
  from space 512K, 98% used [0x00000000ead80000,0x00000000eadfdc60,0x00000000eae00000)
  to   space 512K, 0% used [0x00000000ead00000,0x00000000ead00000,0x00000000ead80000)
 ParOldGen       total 129536K, used 820K [0x00000000c0000000, 0x00000000c7e80000, 0x00000000eab00000)
  object space 129536K, 0% used [0x00000000c0000000,0x00000000c00cd3c8,0x00000000c7e80000)
 Metaspace       used 3623K, capacity 5008K, committed 5120K, reserved 1056768K
  class space    used 407K, capacity 456K, committed 512K, reserved 1048576K
}
Event: 2.352 GC heap before
{Heap before GC invocations=5 (full 0):
 PSYoungGen      total 2560K, used 2551K [0x00000000eab00000, 0x00000000eae00000, 0x0000000100000000)
  eden space 2048K, 100% used [0x00000000eab00000,0x00000000ead00000,0x00000000ead00000)
  from space 512K, 98% used [0x00000000ead80000,0x00000000eadfdc60,0x00000000eae00000)
  to   space 512K, 0% used [0x00000000ead00000,0x00000000ead00000,0x00000000ead80000)
 ParOldGen       total 129536K, used 820K [0x00000000c0000000, 0x00000000c7e80000, 0x00000000eab00000)
  object space 129536K, 0% used [0x00000000c0000000,0x00000000c00cd3c8,0x00000000c7e80000)
 Metaspace       used 4113K, capacity 5456K, committed 5760K, reserved 1056768K
  class space    used 462K, capacity 520K, committed 640K, reserved 1048576K
Event: 2.409 GC heap after
Heap after GC invocations=5 (full 0):
 PSYoungGen      total 2560K, used 512K [0x00000000eab00000, 0x00000000eb200000, 0x0000000100000000)
  eden space 2048K, 0% used [0x00000000eab00000,0x00000000eab00000,0x00000000ead00000)
  from space 512K, 100% used [0x00000000ead00000,0x00000000ead80000,0x00000000ead80000)
  to   space 1536K, 0% used [0x00000000eb080000,0x00000000eb080000,0x00000000eb200000)
 ParOldGen       total 129536K, used 1529K [0x00000000c0000000, 0x00000000c7e80000, 0x00000000eab00000)
  object space 129536K, 1% used [0x00000000c0000000,0x00000000c017e568,0x00000000c7e80000)
 Metaspace       used 4113K, capacity 5456K, committed 5760K, reserved 1056768K
  class space    used 462K, capacity 520K, committed 640K, reserved 1048576K
}
Event: 2.589 GC heap before
{Heap before GC invocations=6 (full 0):
 PSYoungGen      total 2560K, used 2555K [0x00000000eab00000, 0x00000000eb200000, 0x0000000100000000)
  eden space 2048K, 99% used [0x00000000eab00000,0x00000000eacfefc0,0x00000000ead00000)
  from space 512K, 100% used [0x00000000ead00000,0x00000000ead80000,0x00000000ead80000)
  to   space 1536K, 0% used [0x00000000eb080000,0x00000000eb080000,0x00000000eb200000)
 ParOldGen       total 129536K, used 1529K [0x00000000c0000000, 0x00000000c7e80000, 0x00000000eab00000)
  object space 129536K, 1% used [0x00000000c0000000,0x00000000c017e568,0x00000000c7e80000)
 Metaspace       used 4760K, capacity 6000K, committed 6272K, reserved 1056768K
  class space    used 527K, capacity 552K, committed 640K, reserved 1048576K
Event: 2.634 GC heap after
Heap after GC invocations=6 (full 0):
 PSYoungGen      total 5632K, used 1149K [0x00000000eab00000, 0x00000000eb200000, 0x0000000100000000)
  eden space 4096K, 0% used [0x00000000eab00000,0x00000000eab00000,0x00000000eaf00000)
  from space 1536K, 74% used [0x00000000eb080000,0x00000000eb19f618,0x00000000eb200000)
  to   space 1536K, 0% used [0x00000000eaf00000,0x00000000eaf00000,0x00000000eb080000)
 ParOldGen       total 129536K, used 1537K [0x00000000c0000000, 0x00000000c7e80000, 0x00000000eab00000)
  object space 129536K, 1% used [0x00000000c0000000,0x00000000c0180568,0x00000000c7e80000)
 Metaspace       used 4760K, capacity 6000K, committed 6272K, reserved 1056768K
  class space    used 527K, capacity 552K, committed 640K, reserved 1048576K
}
Event: 3.000 GC heap before
{Heap before GC invocations=7 (full 0):
 PSYoungGen      total 5632K, used 5245K [0x00000000eab00000, 0x00000000eb200000, 0x0000000100000000)
  eden space 4096K, 100% used [0x00000000eab00000,0x00000000eaf00000,0x00000000eaf00000)
  from space 1536K, 74% used [0x00000000eb080000,0x00000000eb19f618,0x00000000eb200000)
  to   space 1536K, 0% used [0x00000000eaf00000,0x00000000eaf00000,0x00000000eb080000)
 ParOldGen       total 129536K, used 1537K [0x00000000c0000000, 0x00000000c7e80000, 0x00000000eab00000)
  object space 129536K, 1% used [0x00000000c0000000,0x00000000c0180568,0x00000000c7e80000)
 Metaspace       used 5377K, capacity 6576K, committed 6784K, reserved 1056768K
  class space    used 576K, capacity 616K, committed 640K, reserved 1048576K
Event: 3.012 GC heap after
Heap after GC invocations=7 (full 0):
 PSYoungGen      total 5632K, used 1520K [0x00000000eab00000, 0x00000000eb200000, 0x0000000100000000)
  eden space 4096K, 0% used [0x00000000eab00000,0x00000000eab00000,0x00000000eaf00000)
  from space 1536K, 98% used [0x00000000eaf00000,0x00000000eb07c028,0x00000000eb080000)
  to   space 1536K, 0% used [0x00000000eb080000,0x00000000eb080000,0x00000000eb200000)
 ParOldGen       total 129536K, used 1976K [0x00000000c0000000, 0x00000000c7e80000, 0x00000000eab00000)
  object space 129536K, 1% used [0x00000000c0000000,0x00000000c01ee030,0x00000000c7e80000)
 Metaspace       used 5377K, capacity 6576K, committed 6784K, reserved 1056768K
  class space    used 576K, capacity 616K, committed 640K, reserved 1048576K
}
Event: 3.419 GC heap before
{Heap before GC invocations=8 (full 0):
 PSYoungGen      total 5632K, used 5616K [0x00000000eab00000, 0x00000000eb200000, 0x0000000100000000)
  eden space 4096K, 100% used [0x00000000eab00000,0x00000000eaf00000,0x00000000eaf00000)
  from space 1536K, 98% used [0x00000000eaf00000,0x00000000eb07c028,0x00000000eb080000)
  to   space 1536K, 0% used [0x00000000eb080000,0x00000000eb080000,0x00000000eb200000)
 ParOldGen       total 129536K, used 1976K [0x00000000c0000000, 0x00000000c7e80000, 0x00000000eab00000)
  object space 129536K, 1% used [0x00000000c0000000,0x00000000c01ee030,0x00000000c7e80000)
 Metaspace       used 5527K, capacity 6704K, committed 6784K, reserved 1056768K
  class space    used 576K, capacity 616K, committed 640K, reserved 1048576K
Event: 3.431 GC heap after
Heap after GC invocations=8 (full 0):
 PSYoungGen      total 5632K, used 1504K [0x00000000eab00000, 0x00000000eb200000, 0x0000000100000000)
  eden space 4096K, 0% used [0x00000000eab00000,0x00000000eab00000,0x00000000eaf00000)
  from space 1536K, 97% used [0x00000000eb080000,0x00000000eb1f8018,0x00000000eb200000)
  to   space 1536K, 0% used [0x00000000eaf00000,0x00000000eaf00000,0x00000000eb080000)
 ParOldGen       total 129536K, used 2216K [0x00000000c0000000, 0x00000000c7e80000, 0x00000000eab00000)
  object space 129536K, 1% used [0x00000000c0000000,0x00000000c022a050,0x00000000c7e80000)
 Metaspace       used 5527K, capacity 6704K, committed 6784K, reserved 1056768K
  class space    used 576K, capacity 616K, committed 640K, reserved 1048576K
}

Deoptimization events (2 events):
Event: 2.972 Thread 0x00000000163f7000 Uncommon trap: reason=bimorphic action=maybe_recompile pc=0x0000000002402f54 method=java.util.HashMap.getNode(ILjava/lang/Object;)Ljava/util/HashMap$Node; @ 126
Event: 2.972 Thread 0x00000000163f7000 Uncommon trap: reason=bimorphic action=maybe_recompile pc=0x0000000002402f54 method=java.util.HashMap.getNode(ILjava/lang/Object;)Ljava/util/HashMap$Node; @ 126

Internal exceptions (10 events):
Event: 2.759 Thread 0x00000000163a9800 Exception <a 'java/security/PrivilegedActionException'> (0x00000000eac90028) thrown at [D:\re\workspace\8-2-build-windows-amd64-cygwin\jdk8u5\2488\hotspot\src\share\vm\prims\jvm.cpp, line 1248]
Event: 2.760 Thread 0x00000000163a9800 Exception <a 'java/security/PrivilegedActionException'> (0x00000000eac92158) thrown at [D:\re\workspace\8-2-build-windows-amd64-cygwin\jdk8u5\2488\hotspot\src\share\vm\prims\jvm.cpp, line 1248]
Event: 2.761 Thread 0x00000000163a9800 Exception <a 'java/security/PrivilegedActionException'> (0x00000000eac99480) thrown at [D:\re\workspace\8-2-build-windows-amd64-cygwin\jdk8u5\2488\hotspot\src\share\vm\prims\jvm.cpp, line 1248]
Event: 2.762 Thread 0x00000000163a9800 Exception <a 'java/security/PrivilegedActionException'> (0x00000000eac9e6c0) thrown at [D:\re\workspace\8-2-build-windows-amd64-cygwin\jdk8u5\2488\hotspot\src\share\vm\prims\jvm.cpp, line 1248]
Event: 2.768 Thread 0x0000000016384000 Exception <a 'java/security/PrivilegedActionException'> (0x00000000eaba1dc8) thrown at [D:\re\workspace\8-2-build-windows-amd64-cygwin\jdk8u5\2488\hotspot\src\share\vm\prims\jvm.cpp, line 1248]
Event: 2.770 Thread 0x0000000016384000 Exception <a 'java/security/PrivilegedActionException'> (0x00000000eacafb70) thrown at [D:\re\workspace\8-2-build-windows-amd64-cygwin\jdk8u5\2488\hotspot\src\share\vm\prims\jvm.cpp, line 1248]
Event: 2.772 Thread 0x0000000016384000 Exception <a 'java/security/PrivilegedActionException'> (0x00000000eacb4588) thrown at [D:\re\workspace\8-2-build-windows-amd64-cygwin\jdk8u5\2488\hotspot\src\share\vm\prims\jvm.cpp, line 1248]
Event: 2.778 Thread 0x0000000016384000 Exception <a 'java/security/PrivilegedActionException'> (0x00000000eacd4ae0) thrown at [D:\re\workspace\8-2-build-windows-amd64-cygwin\jdk8u5\2488\hotspot\src\share\vm\prims\jvm.cpp, line 1248]
Event: 2.780 Thread 0x00000000163f7000 Exception <a 'java/security/PrivilegedActionException'> (0x00000000eacdab40) thrown at [D:\re\workspace\8-2-build-windows-amd64-cygwin\jdk8u5\2488\hotspot\src\share\vm\prims\jvm.cpp, line 1248]
Event: 2.789 Thread 0x00000000163f7000 Exception <a 'java/security/PrivilegedActionException'> (0x00000000eacfd110) thrown at [D:\re\workspace\8-2-build-windows-amd64-cygwin\jdk8u5\2488\hotspot\src\share\vm\prims\jvm.cpp, line 1248]

Events (10 events):
Event: 2.972 Thread 0x00000000163f7000 DEOPT UNPACKING pc=0x00000000021e55af sp=0x00000000169be928 mode 2
Event: 2.972 Thread 0x00000000163f7000 Uncommon trap: trap_request=0xffffffc6 fr.pc=0x0000000002402f54
Event: 2.972 Thread 0x00000000163f7000 DEOPT PACKING pc=0x0000000002402f54 sp=0x00000000169bea00
Event: 2.972 Thread 0x00000000163f7000 DEOPT UNPACKING pc=0x00000000021e55af sp=0x00000000169be928 mode 2
Event: 2.982 Executing VM operation: ParallelGCFailedAllocation
Event: 3.012 Executing VM operation: ParallelGCFailedAllocation done
Event: 3.147 loading class java/util/ArrayList$1
Event: 3.147 loading class java/util/ArrayList$1 done
Event: 3.419 Executing VM operation: ParallelGCFailedAllocation
Event: 3.431 Executing VM operation: ParallelGCFailedAllocation done


Dynamic libraries:
0x00007ff612f70000 - 0x00007ff612fa4000 	C:\Program Files\Java\jdk1.8.0_05\bin\java.exe
0x00007ff978eb0000 - 0x00007ff979071000 	C:\WINDOWS\SYSTEM32\ntdll.dll
0x00007ff9780e0000 - 0x00007ff97818d000 	C:\WINDOWS\system32\KERNEL32.DLL
0x00007ff9763a0000 - 0x00007ff97657d000 	C:\WINDOWS\system32\KERNELBASE.dll
0x00007ff9769b0000 - 0x00007ff976a56000 	C:\WINDOWS\system32\ADVAPI32.dll
0x00007ff976720000 - 0x00007ff9767bd000 	C:\WINDOWS\system32\msvcrt.dll
0x00007ff978190000 - 0x00007ff9781eb000 	C:\WINDOWS\system32\sechost.dll
0x00007ff978ad0000 - 0x00007ff978bf6000 	C:\WINDOWS\system32\RPCRT4.dll
0x00007ff978690000 - 0x00007ff9787de000 	C:\WINDOWS\system32\USER32.dll
0x00007ff976820000 - 0x00007ff9769a6000 	C:\WINDOWS\system32\GDI32.dll
0x00007ff96afc0000 - 0x00007ff96b234000 	C:\WINDOWS\WinSxS\amd64_microsoft.windows.common-controls_6595b64144ccf1df_6.0.10240.16384_none_f41f7b285750ef43\COMCTL32.dll
0x00007ff9766e0000 - 0x00007ff976716000 	C:\WINDOWS\system32\IMM32.DLL
0x00007ff976580000 - 0x00007ff9766dc000 	C:\WINDOWS\system32\MSCTF.dll
0x0000000060180000 - 0x0000000060252000 	C:\Program Files\Java\jdk1.8.0_05\jre\bin\msvcr100.dll
0x0000000060600000 - 0x0000000060e2a000 	C:\Program Files\Java\jdk1.8.0_05\jre\bin\server\jvm.dll
0x00007ff978260000 - 0x00007ff978268000 	C:\WINDOWS\system32\PSAPI.DLL
0x00007ff95a940000 - 0x00007ff95a949000 	C:\WINDOWS\SYSTEM32\WSOCK32.dll
0x00007ff978c70000 - 0x00007ff978cd9000 	C:\WINDOWS\system32\WS2_32.dll
0x00007ff9787e0000 - 0x00007ff9787e8000 	C:\WINDOWS\system32\NSI.dll
0x00007ff973ca0000 - 0x00007ff973cc3000 	C:\WINDOWS\SYSTEM32\WINMM.dll
0x00007ff973b10000 - 0x00007ff973b3c000 	C:\WINDOWS\SYSTEM32\WINMMBASE.dll
0x00007ff975c70000 - 0x00007ff975cb4000 	C:\WINDOWS\system32\cfgmgr32.dll
0x00007ff973ab0000 - 0x00007ff973ad7000 	C:\WINDOWS\SYSTEM32\DEVOBJ.dll
0x00000000605f0000 - 0x00000000605ff000 	C:\Program Files\Java\jdk1.8.0_05\jre\bin\verify.dll
0x00000000605c0000 - 0x00000000605e8000 	C:\Program Files\Java\jdk1.8.0_05\jre\bin\java.dll
0x00000000605a0000 - 0x00000000605b6000 	C:\Program Files\Java\jdk1.8.0_05\jre\bin\zip.dll
0x00007ff976a60000 - 0x00007ff977f82000 	C:\WINDOWS\system32\SHELL32.dll
0x00007ff975cc0000 - 0x00007ff9762e9000 	C:\WINDOWS\system32\windows.storage.dll
0x00007ff978850000 - 0x00007ff978acc000 	C:\WINDOWS\system32\combase.dll
0x00007ff978c10000 - 0x00007ff978c61000 	C:\WINDOWS\system32\shlwapi.dll
0x00007ff975900000 - 0x00007ff97590f000 	C:\WINDOWS\system32\kernel.appcore.dll
0x00007ff975bb0000 - 0x00007ff975c63000 	C:\WINDOWS\system32\shcore.dll
0x00007ff975930000 - 0x00007ff97597a000 	C:\WINDOWS\system32\powrprof.dll
0x00007ff9758e0000 - 0x00007ff9758f3000 	C:\WINDOWS\system32\profapi.dll
0x00007ff9723f0000 - 0x00007ff97257a000 	C:\WINDOWS\SYSTEM32\dbghelp.dll

VM Arguments:
jvm_args: -Xmx1024M -Dfile.encoding=windows-1252 -Duser.country=BR -Duser.language=pt -Duser.variant 
java_command: com.android.dx.command.Main --dex --num-threads=4 --output E:\GitHub\FitCook\app\build\intermediates\pre-dexed\debug\classes-38d8692b054aae3d473dea200eab77153b7b5d40.jar E:\GitHub\FitCook\app\build\intermediates\exploded-aar\com.google.android.gms\play-services-games\7.5.0\jars\classes.jar
java_class_path (initial): C:\Program Files (x86)\Android\android-sdk\build-tools\23.0.0-preview\lib\dx.jar
Launcher Type: SUN_STANDARD

Environment Variables:
JAVA_HOME=C:\Program Files\Java\jdk1.8.0_05
PATH=C:\Program Files (x86)\Intel\iCLS Client\;C:\Program Files\Intel\iCLS Client\;C:\WINDOWS\system32;C:\WINDOWS;C:\WINDOWS\System32\Wbem;C:\WINDOWS\System32\WindowsPowerShell\v1.0\;C:\Program Files (x86)\Windows Live\Shared;C:\Program Files (x86)\Intel\OpenCL SDK\2.0\bin\x86;C:\Program Files (x86)\Intel\OpenCL SDK\2.0\bin\x64;C:\Program Files\Intel\Intel(R) Management Engine Components\DAL;C:\Program Files\Intel\Intel(R) Management Engine Components\IPT;C:\Program Files (x86)\Intel\Intel(R) Management Engine Components\DAL;C:\Program Files (x86)\Intel\Intel(R) Management Engine Components\IPT;C:\Program Files\Java\jdk1.8.0_05/bin;C:\Program Files (x86)\Android\android-sdk\platform-tools;C:\Program Files (x86)\Git\cmd;C:\Program Files (x86)\Skype\Phone\;C:\Program Files (x86)\Windows Kits\8.1\Windows Performance Toolkit\;C:\Program Files\Microsoft SQL Server\110\Tools\Binn\;C:\Program Files (x86)\Microsoft SDKs\TypeScript\1.0\;C:\Program Files\Microsoft SQL Server\120\Tools\Binn\;C:\Program Files (x86)\nodejs\;C:\Ruby21\bin;C:\Users\Aires\AppData\Roaming\npm
USERNAME=Aires
OS=Windows_NT
PROCESSOR_IDENTIFIER=Intel64 Family 6 Model 58 Stepping 9, GenuineIntel



---------------  S Y S T E M  ---------------

OS: Windows 8.1 , 64 bit Build 9600 

CPU:total 4 (2 cores per cpu, 2 threads per core) family 6 model 58 stepping 9, cmov, cx8, fxsr, mmx, sse, sse2, sse3, ssse3, sse4.1, sse4.2, popcnt, avx, clmul, erms, ht, tsc, tscinvbit

Memory: 4k page, physical 8282396k(1291264k free), swap 8282396k(212548k free)

vm_info: Java HotSpot(TM) 64-Bit Server VM (25.5-b02) for windows-amd64 JRE (1.8.0_05-b13), built on Mar 18 2014 01:08:39 by "java_re" with MS VC++ 10.0 (VS2010)

time: Mon Aug 17 14:25:51 2015
elapsed time: 4 seconds

