#
# There is insufficient memory for the Java Runtime Environment to continue.
# Native memory allocation (malloc) failed to allocate 8388624 bytes for Chunk::new
# Possible reasons:
#   The system is out of physical RAM or swap space
#   In 32 bit mode, the process size limit was hit
# Possible solutions:
#   Reduce memory load on the system
#   Increase physical memory or swap space
#   Check if swap backing store is full
#   Use 64 bit Java on a 64 bit OS
#   Decrease Java heap size (-Xmx/-Xms)
#   Decrease number of Java threads
#   Decrease Java thread stack sizes (-Xss)
#   Set larger code cache with -XX:ReservedCodeCacheSize=
# This output file may be truncated or incomplete.
#
#  Out of Memory Error (allocation.cpp:388), pid=8324, tid=6868
#
# JRE version: Java(TM) SE Runtime Environment (8.0_05-b13) (build 1.8.0_05-b13)
# Java VM: Java HotSpot(TM) 64-Bit Server VM (25.5-b02 mixed mode windows-amd64 compressed oops)
# Failed to write core dump. Minidumps are not enabled by default on client versions of Windows
#

---------------  T H R E A D  ---------------

Current thread (0x000000001524e800):  JavaThread "C2 CompilerThread1" daemon [_thread_in_native, id=6868, stack(0x0000000016860000,0x0000000016960000)]

Stack: [0x0000000016860000,0x0000000016960000]
Native frames: (J=compiled Java code, j=interpreted, Vv=VM code, C=native code)
V  [jvm.dll+0x308dea]
V  [jvm.dll+0x25def1]
V  [jvm.dll+0x25eb0f]
V  [jvm.dll+0x2564e5]
V  [jvm.dll+0xbcfc5]
V  [jvm.dll+0xbd45c]
V  [jvm.dll+0x44e048]
V  [jvm.dll+0x44ef20]
V  [jvm.dll+0x44f1da]
V  [jvm.dll+0x4500bf]
V  [jvm.dll+0x452171]
V  [jvm.dll+0x4545a5]
V  [jvm.dll+0x454f2c]
V  [jvm.dll+0x455273]
V  [jvm.dll+0x4420c3]
V  [jvm.dll+0x44366b]
V  [jvm.dll+0x427532]
V  [jvm.dll+0x96702]
V  [jvm.dll+0x96ef3]
V  [jvm.dll+0x2232c4]
V  [jvm.dll+0x27baca]
C  [msvcr100.dll+0x21d9f]
C  [msvcr100.dll+0x21e3b]
C  [KERNEL32.DLL+0x12d92]
C  [ntdll.dll+0x9f64]


Current CompileTask:
C2:  11876 1851   !   4       com.android.dx.cf.code.Ropper::processBlock (1101 bytes)


---------------  P R O C E S S  ---------------

Java Threads: ( => current thread )
  0x000000001525c800 JavaThread "Service Thread" daemon [_thread_blocked, id=4244, stack(0x0000000016a60000,0x0000000016b60000)]
  0x0000000015251000 JavaThread "C1 CompilerThread2" daemon [_thread_blocked, id=4324, stack(0x0000000016960000,0x0000000016a60000)]
=>0x000000001524e800 JavaThread "C2 CompilerThread1" daemon [_thread_in_native, id=6868, stack(0x0000000016860000,0x0000000016960000)]
  0x00000000151fd000 JavaThread "C2 CompilerThread0" daemon [_thread_in_native, id=8152, stack(0x0000000016760000,0x0000000016860000)]
  0x00000000151fb800 JavaThread "Attach Listener" daemon [_thread_blocked, id=6476, stack(0x0000000016660000,0x0000000016760000)]
  0x00000000151fa800 JavaThread "Signal Dispatcher" daemon [_thread_blocked, id=8792, stack(0x0000000016560000,0x0000000016660000)]
  0x0000000002b25000 JavaThread "Finalizer" daemon [_thread_blocked, id=2548, stack(0x0000000016460000,0x0000000016560000)]
  0x0000000002b19000 JavaThread "Reference Handler" daemon [_thread_blocked, id=9448, stack(0x0000000016360000,0x0000000016460000)]
  0x000000000292d800 JavaThread "main" [_thread_in_vm, id=7508, stack(0x00000000027a0000,0x00000000028a0000)]

Other Threads:
  0x00000000151c5000 VMThread [stack: 0x0000000016260000,0x0000000016360000] [id=416]
  0x0000000016b60800 WatcherThread [stack: 0x0000000016f60000,0x0000000017060000] [id=9696]

VM state:synchronizing (normal execution)

VM Mutex/Monitor currently owned by a thread:  ([mutex/lock_event])
[0x000000000292d020] Threads_lock - owner thread: 0x00000000151c5000

Heap:
 PSYoungGen      total 54272K, used 33094K [0x00000000eab00000, 0x00000000ee780000, 0x0000000100000000)
  eden space 48128K, 59% used [0x00000000eab00000,0x00000000ec6c8c48,0x00000000eda00000)
  from space 6144K, 75% used [0x00000000ee080000,0x00000000ee508db0,0x00000000ee680000)
  to   space 6656K, 0% used [0x00000000eda00000,0x00000000eda00000,0x00000000ee080000)
 ParOldGen       total 129536K, used 20513K [0x00000000c0000000, 0x00000000c7e80000, 0x00000000eab00000)
  object space 129536K, 15% used [0x00000000c0000000,0x00000000c14086d0,0x00000000c7e80000)
 Metaspace       used 6008K, capacity 7024K, committed 7296K, reserved 1056768K
  class space    used 586K, capacity 616K, committed 640K, reserved 1048576K

Card table byte_map: [0x0000000011ef0000,0x0000000012100000] byte_map_base: 0x00000000118f0000

Marking Bits: (ParMarkBitMap*) 0x000000006e7f13b0
 Begin Bits: [0x0000000012660000, 0x0000000013660000)
 End Bits:   [0x0000000013660000, 0x0000000014660000)

Polling page: 0x0000000000f60000

CodeCache: size=245760Kb used=8086Kb max_used=8086Kb free=237673Kb
 bounds [0x0000000002b30000, 0x0000000003320000, 0x0000000011b30000]
 total_blobs=2251 nmethods=1986 adapters=178
 compilation: enabled

Compilation events (10 events):
Event: 10.996 Thread 0x00000000151fd000 nmethod 2015 0x00000000033085d0 code [0x0000000003308720, 0x00000000033087d8]
Event: 10.996 Thread 0x00000000151fd000 2031       4       com.android.dx.rop.code.BasicBlock::getLastInsn (8 bytes)
Event: 10.998 Thread 0x00000000151fd000 nmethod 2031 0x000000000330b2d0 code [0x000000000330b420, 0x000000000330b518]
Event: 10.998 Thread 0x00000000151fd000 1953       4       com.android.dx.ssa.SsaRenamer$BlockRenamer::<init> (72 bytes)
Event: 11.005 Thread 0x00000000151fd000 nmethod 1953 0x000000000330ab10 code [0x000000000330ac80, 0x000000000330b038]
Event: 11.005 Thread 0x00000000151fd000 1975       4       com.android.dx.rop.code.RegisterSpec::getType (10 bytes)
Event: 11.006 Thread 0x00000000151fd000 nmethod 1975 0x000000000303b790 code [0x000000000303b8c0, 0x000000000303b938]
Event: 11.524 Thread 0x0000000015251000 2047       3       com.android.dx.dex.code.OutputFinisher::addConstants (93 bytes)
Event: 11.525 Thread 0x0000000015251000 nmethod 2047 0x0000000003310850 code [0x0000000003310aa0, 0x0000000003311bb8]
Event: 11.526 Thread 0x00000000151fd000 2048       4       com.android.dx.dex.file.DexFile::internIfAppropriate (128 bytes)

GC Heap History (10 events):
Event: 5.722 GC heap before
{Heap before GC invocations=12 (full 0):
 PSYoungGen      total 15360K, used 13856K [0x00000000eab00000, 0x00000000ec480000, 0x0000000100000000)
  eden space 11776K, 100% used [0x00000000eab00000,0x00000000eb680000,0x00000000eb680000)
  from space 3584K, 58% used [0x00000000eb680000,0x00000000eb888010,0x00000000eba00000)
  to   space 3584K, 0% used [0x00000000ec100000,0x00000000ec100000,0x00000000ec480000)
 ParOldGen       total 129536K, used 5914K [0x00000000c0000000, 0x00000000c7e80000, 0x00000000eab00000)
  object space 129536K, 4% used [0x00000000c0000000,0x00000000c05c6be0,0x00000000c7e80000)
 Metaspace       used 5763K, capacity 6896K, committed 7040K, reserved 1056768K
  class space    used 579K, capacity 616K, committed 640K, reserved 1048576K
Event: 5.816 GC heap after
Heap after GC invocations=12 (full 0):
 PSYoungGen      total 22528K, used 1792K [0x00000000eab00000, 0x00000000ec480000, 0x0000000100000000)
  eden space 18944K, 0% used [0x00000000eab00000,0x00000000eab00000,0x00000000ebd80000)
  from space 3584K, 50% used [0x00000000ec100000,0x00000000ec2c0000,0x00000000ec480000)
  to   space 3584K, 0% used [0x00000000ebd80000,0x00000000ebd80000,0x00000000ec100000)
 ParOldGen       total 129536K, used 7750K [0x00000000c0000000, 0x00000000c7e80000, 0x00000000eab00000)
  object space 129536K, 5% used [0x00000000c0000000,0x00000000c0791a50,0x00000000c7e80000)
 Metaspace       used 5763K, capacity 6896K, committed 7040K, reserved 1056768K
  class space    used 579K, capacity 616K, committed 640K, reserved 1048576K
}
Event: 6.454 GC heap before
{Heap before GC invocations=13 (full 0):
 PSYoungGen      total 22528K, used 20736K [0x00000000eab00000, 0x00000000ec480000, 0x0000000100000000)
  eden space 18944K, 100% used [0x00000000eab00000,0x00000000ebd80000,0x00000000ebd80000)
  from space 3584K, 50% used [0x00000000ec100000,0x00000000ec2c0000,0x00000000ec480000)
  to   space 3584K, 0% used [0x00000000ebd80000,0x00000000ebd80000,0x00000000ec100000)
 ParOldGen       total 129536K, used 7750K [0x00000000c0000000, 0x00000000c7e80000, 0x00000000eab00000)
  object space 129536K, 5% used [0x00000000c0000000,0x00000000c0791a50,0x00000000c7e80000)
 Metaspace       used 5818K, capacity 6960K, committed 7040K, reserved 1056768K
  class space    used 579K, capacity 616K, committed 640K, reserved 1048576K
Event: 6.509 GC heap after
Heap after GC invocations=13 (full 0):
 PSYoungGen      total 22528K, used 3104K [0x00000000eab00000, 0x00000000ed000000, 0x0000000100000000)
  eden space 18944K, 0% used [0x00000000eab00000,0x00000000eab00000,0x00000000ebd80000)
  from space 3584K, 86% used [0x00000000ebd80000,0x00000000ec088010,0x00000000ec100000)
  to   space 3584K, 0% used [0x00000000ecc80000,0x00000000ecc80000,0x00000000ed000000)
 ParOldGen       total 129536K, used 9395K [0x00000000c0000000, 0x00000000c7e80000, 0x00000000eab00000)
  object space 129536K, 7% used [0x00000000c0000000,0x00000000c092cce8,0x00000000c7e80000)
 Metaspace       used 5818K, capacity 6960K, committed 7040K, reserved 1056768K
  class space    used 579K, capacity 616K, committed 640K, reserved 1048576K
}
Event: 7.077 GC heap before
{Heap before GC invocations=14 (full 0):
 PSYoungGen      total 22528K, used 22048K [0x00000000eab00000, 0x00000000ed000000, 0x0000000100000000)
  eden space 18944K, 100% used [0x00000000eab00000,0x00000000ebd80000,0x00000000ebd80000)
  from space 3584K, 86% used [0x00000000ebd80000,0x00000000ec088010,0x00000000ec100000)
  to   space 3584K, 0% used [0x00000000ecc80000,0x00000000ecc80000,0x00000000ed000000)
 ParOldGen       total 129536K, used 9395K [0x00000000c0000000, 0x00000000c7e80000, 0x00000000eab00000)
  object space 129536K, 7% used [0x00000000c0000000,0x00000000c092cce8,0x00000000c7e80000)
 Metaspace       used 5826K, capacity 6960K, committed 7040K, reserved 1056768K
  class space    used 579K, capacity 616K, committed 640K, reserved 1048576K
Event: 7.134 GC heap after
Heap after GC invocations=14 (full 0):
 PSYoungGen      total 33792K, used 3216K [0x00000000eab00000, 0x00000000ed100000, 0x0000000100000000)
  eden space 30208K, 0% used [0x00000000eab00000,0x00000000eab00000,0x00000000ec880000)
  from space 3584K, 89% used [0x00000000ecc80000,0x00000000ecfa4010,0x00000000ed000000)
  to   space 4096K, 0% used [0x00000000ec880000,0x00000000ec880000,0x00000000ecc80000)
 ParOldGen       total 129536K, used 12199K [0x00000000c0000000, 0x00000000c7e80000, 0x00000000eab00000)
  object space 129536K, 9% used [0x00000000c0000000,0x00000000c0be9e00,0x00000000c7e80000)
 Metaspace       used 5826K, capacity 6960K, committed 7040K, reserved 1056768K
  class space    used 579K, capacity 616K, committed 640K, reserved 1048576K
}
Event: 8.329 GC heap before
{Heap before GC invocations=15 (full 0):
 PSYoungGen      total 33792K, used 33424K [0x00000000eab00000, 0x00000000ed100000, 0x0000000100000000)
  eden space 30208K, 100% used [0x00000000eab00000,0x00000000ec880000,0x00000000ec880000)
  from space 3584K, 89% used [0x00000000ecc80000,0x00000000ecfa4010,0x00000000ed000000)
  to   space 4096K, 0% used [0x00000000ec880000,0x00000000ec880000,0x00000000ecc80000)
 ParOldGen       total 129536K, used 12199K [0x00000000c0000000, 0x00000000c7e80000, 0x00000000eab00000)
  object space 129536K, 9% used [0x00000000c0000000,0x00000000c0be9e00,0x00000000c7e80000)
 Metaspace       used 5887K, capacity 6960K, committed 7040K, reserved 1056768K
  class space    used 579K, capacity 616K, committed 640K, reserved 1048576K
Event: 8.379 GC heap after
Heap after GC invocations=15 (full 0):
 PSYoungGen      total 34304K, used 4096K [0x00000000eab00000, 0x00000000ee680000, 0x0000000100000000)
  eden space 30208K, 0% used [0x00000000eab00000,0x00000000eab00000,0x00000000ec880000)
  from space 4096K, 100% used [0x00000000ec880000,0x00000000ecc80000,0x00000000ecc80000)
  to   space 6144K, 0% used [0x00000000ee080000,0x00000000ee080000,0x00000000ee680000)
 ParOldGen       total 129536K, used 16412K [0x00000000c0000000, 0x00000000c7e80000, 0x00000000eab00000)
  object space 129536K, 12% used [0x00000000c0000000,0x00000000c1007338,0x00000000c7e80000)
 Metaspace       used 5887K, capacity 6960K, committed 7040K, reserved 1056768K
  class space    used 579K, capacity 616K, committed 640K, reserved 1048576K
}
Event: 9.388 GC heap before
{Heap before GC invocations=16 (full 0):
 PSYoungGen      total 34304K, used 34304K [0x00000000eab00000, 0x00000000ee680000, 0x0000000100000000)
  eden space 30208K, 100% used [0x00000000eab00000,0x00000000ec880000,0x00000000ec880000)
  from space 4096K, 100% used [0x00000000ec880000,0x00000000ecc80000,0x00000000ecc80000)
  to   space 6144K, 0% used [0x00000000ee080000,0x00000000ee080000,0x00000000ee680000)
 ParOldGen       total 129536K, used 16412K [0x00000000c0000000, 0x00000000c7e80000, 0x00000000eab00000)
  object space 129536K, 12% used [0x00000000c0000000,0x00000000c1007338,0x00000000c7e80000)
 Metaspace       used 5891K, capacity 6960K, committed 7040K, reserved 1056768K
  class space    used 579K, capacity 616K, committed 640K, reserved 1048576K
Event: 9.718 GC heap after
Heap after GC invocations=16 (full 0):
 PSYoungGen      total 54272K, used 4643K [0x00000000eab00000, 0x00000000ee780000, 0x0000000100000000)
  eden space 48128K, 0% used [0x00000000eab00000,0x00000000eab00000,0x00000000eda00000)
  from space 6144K, 75% used [0x00000000ee080000,0x00000000ee508db0,0x00000000ee680000)
  to   space 6656K, 0% used [0x00000000eda00000,0x00000000eda00000,0x00000000ee080000)
 ParOldGen       total 129536K, used 20513K [0x00000000c0000000, 0x00000000c7e80000, 0x00000000eab00000)
  object space 129536K, 15% used [0x00000000c0000000,0x00000000c14086d0,0x00000000c7e80000)
 Metaspace       used 5891K, capacity 6960K, committed 7040K, reserved 1056768K
  class space    used 579K, capacity 616K, committed 640K, reserved 1048576K
}

Deoptimization events (10 events):
Event: 10.491 Thread 0x000000000292d800 Uncommon trap: reason=class_check action=maybe_recompile pc=0x0000000002f8c760 method=java.util.Arrays.hashCode([Ljava/lang/Object;)I @ 43
Event: 10.491 Thread 0x000000000292d800 Uncommon trap: reason=class_check action=maybe_recompile pc=0x0000000002f88800 method=java.util.Arrays.hashCode([Ljava/lang/Object;)I @ 43
Event: 10.494 Thread 0x000000000292d800 Uncommon trap: reason=bimorphic action=maybe_recompile pc=0x0000000002d87e50 method=java.util.HashMap.getNode(ILjava/lang/Object;)Ljava/util/HashMap$Node; @ 126
Event: 10.502 Thread 0x000000000292d800 Uncommon trap: reason=bimorphic action=maybe_recompile pc=0x0000000002d87e50 method=java.util.HashMap.getNode(ILjava/lang/Object;)Ljava/util/HashMap$Node; @ 126
Event: 10.502 Thread 0x000000000292d800 Uncommon trap: reason=class_check action=maybe_recompile pc=0x00000000030b5e34 method=java.util.HashMap.putVal(ILjava/lang/Object;Ljava/lang/Object;ZZ)Ljava/lang/Object; @ 203
Event: 10.508 Thread 0x000000000292d800 Uncommon trap: reason=bimorphic action=maybe_recompile pc=0x0000000002d87e50 method=java.util.HashMap.getNode(ILjava/lang/Object;)Ljava/util/HashMap$Node; @ 126
Event: 10.511 Thread 0x000000000292d800 Uncommon trap: reason=bimorphic action=maybe_recompile pc=0x0000000002d461d0 method=java.util.HashMap.getNode(ILjava/lang/Object;)Ljava/util/HashMap$Node; @ 126
Event: 10.872 Thread 0x000000000292d800 Uncommon trap: reason=class_check action=maybe_recompile pc=0x0000000003045d08 method=java.util.HashMap.putVal(ILjava/lang/Object;Ljava/lang/Object;ZZ)Ljava/lang/Object; @ 203
Event: 10.872 Thread 0x000000000292d800 Uncommon trap: reason=class_check action=maybe_recompile pc=0x0000000003045d08 method=java.util.HashMap.putVal(ILjava/lang/Object;Ljava/lang/Object;ZZ)Ljava/lang/Object; @ 203
Event: 10.873 Thread 0x000000000292d800 Uncommon trap: reason=class_check action=maybe_recompile pc=0x0000000003045d08 method=java.util.HashMap.putVal(ILjava/lang/Object;Ljava/lang/Object;ZZ)Ljava/lang/Object; @ 203

Internal exceptions (10 events):
Event: 3.339 Thread 0x0000000016ddf000 Exception <a 'java/security/PrivilegedActionException'> (0x00000000eac9c550) thrown at [D:\re\workspace\8-2-build-windows-amd64-cygwin\jdk8u5\2488\hotspot\src\share\vm\prims\jvm.cpp, line 1248]
Event: 3.705 Thread 0x0000000016de0000 Exception <a 'java/security/PrivilegedActionException'> (0x00000000eabd1230) thrown at [D:\re\workspace\8-2-build-windows-amd64-cygwin\jdk8u5\2488\hotspot\src\share\vm\prims\jvm.cpp, line 1248]
Event: 3.808 Thread 0x000000000292d800 Exception <a 'java/security/PrivilegedActionException'> (0x00000000eae117b8) thrown at [D:\re\workspace\8-2-build-windows-amd64-cygwin\jdk8u5\2488\hotspot\src\share\vm\prims\jvm.cpp, line 1248]
Event: 3.811 Thread 0x000000000292d800 Exception <a 'java/security/PrivilegedActionException'> (0x00000000eae24580) thrown at [D:\re\workspace\8-2-build-windows-amd64-cygwin\jdk8u5\2488\hotspot\src\share\vm\prims\jvm.cpp, line 1248]
Event: 4.315 Thread 0x000000000292d800 Exception <a 'java/security/PrivilegedActionException'> (0x00000000ead09730) thrown at [D:\re\workspace\8-2-build-windows-amd64-cygwin\jdk8u5\2488\hotspot\src\share\vm\prims\jvm.cpp, line 1248]
Event: 4.377 Thread 0x0000000016de0000 Exception <a 'java/security/PrivilegedActionException'> (0x00000000eae2a8d8) thrown at [D:\re\workspace\8-2-build-windows-amd64-cygwin\jdk8u5\2488\hotspot\src\share\vm\prims\jvm.cpp, line 1248]
Event: 6.026 Thread 0x0000000016ddf000 Implicit null exception at 0x0000000002e85ce2 to 0x0000000002e85dd2
Event: 10.458 Thread 0x0000000016de0000 Exception <a 'java/security/PrivilegedActionException'> (0x00000000ec290700) thrown at [D:\re\workspace\8-2-build-windows-amd64-cygwin\jdk8u5\2488\hotspot\src\share\vm\prims\jvm.cpp, line 1248]
Event: 10.492 Thread 0x000000000292d800 Exception <a 'java/security/PrivilegedActionException'> (0x00000000ec4a2080) thrown at [D:\re\workspace\8-2-build-windows-amd64-cygwin\jdk8u5\2488\hotspot\src\share\vm\prims\jvm.cpp, line 1248]
Event: 10.902 Thread 0x000000000292d800 Exception <a 'java/security/PrivilegedActionException'> (0x00000000ec51e3d0) thrown at [D:\re\workspace\8-2-build-windows-amd64-cygwin\jdk8u5\2488\hotspot\src\share\vm\prims\jvm.cpp, line 1248]

Events (10 events):
Event: 10.872 Thread 0x000000000292d800 Uncommon trap: trap_request=0xffffffde fr.pc=0x0000000003045d08
Event: 10.872 Thread 0x000000000292d800 DEOPT PACKING pc=0x0000000003045d08 sp=0x000000000289ed90
Event: 10.872 Thread 0x000000000292d800 DEOPT UNPACKING pc=0x0000000002b755af sp=0x000000000289ed08 mode 2
Event: 10.873 Thread 0x000000000292d800 Uncommon trap: trap_request=0xffffffde fr.pc=0x0000000003045d08
Event: 10.873 Thread 0x000000000292d800 DEOPT PACKING pc=0x0000000003045d08 sp=0x000000000289ed90
Event: 10.873 Thread 0x000000000292d800 DEOPT UNPACKING pc=0x0000000002b755af sp=0x000000000289ed08 mode 2
Event: 10.902 loading class com/android/dx/dex/file/CatchStructs
Event: 10.902 loading class com/android/dx/dex/file/CatchStructs done
Event: 10.922 Thread 0x000000000292d800 DEOPT PACKING pc=0x0000000003302214 sp=0x000000000289edd0
Event: 10.922 Thread 0x000000000292d800 DEOPT UNPACKING pc=0x0000000002b77604 sp=0x000000000289eb60 mode 0


Dynamic libraries:
0x00007ff700aa0000 - 0x00007ff700ad4000 	C:\Program Files\Java\jdk1.8.0_05\bin\java.exe
0x00007ff882750000 - 0x00007ff882911000 	C:\WINDOWS\SYSTEM32\ntdll.dll
0x00007ff881580000 - 0x00007ff88162d000 	C:\WINDOWS\system32\KERNEL32.DLL
0x00007ff87f220000 - 0x00007ff87f3fd000 	C:\WINDOWS\system32\KERNELBASE.dll
0x00007ff881a00000 - 0x00007ff881aa6000 	C:\WINDOWS\system32\ADVAPI32.dll
0x00007ff881b30000 - 0x00007ff881bcd000 	C:\WINDOWS\system32\msvcrt.dll
0x00007ff881ad0000 - 0x00007ff881b2b000 	C:\WINDOWS\system32\sechost.dll
0x00007ff881d40000 - 0x00007ff881e66000 	C:\WINDOWS\system32\RPCRT4.dll
0x00007ff882060000 - 0x00007ff8821ae000 	C:\WINDOWS\system32\USER32.dll
0x00007ff881ed0000 - 0x00007ff882056000 	C:\WINDOWS\system32\GDI32.dll
0x00007ff873ab0000 - 0x00007ff873d24000 	C:\WINDOWS\WinSxS\amd64_microsoft.windows.common-controls_6595b64144ccf1df_6.0.10240.16384_none_f41f7b285750ef43\COMCTL32.dll
0x00007ff882700000 - 0x00007ff882736000 	C:\WINDOWS\system32\IMM32.DLL
0x00007ff881be0000 - 0x00007ff881d3c000 	C:\WINDOWS\system32\MSCTF.dll
0x000000006dbc0000 - 0x000000006dc92000 	C:\Program Files\Java\jdk1.8.0_05\jre\bin\msvcr100.dll
0x000000006e040000 - 0x000000006e86a000 	C:\Program Files\Java\jdk1.8.0_05\jre\bin\server\jvm.dll
0x00007ff882740000 - 0x00007ff882748000 	C:\WINDOWS\system32\PSAPI.DLL
0x00007ff87d720000 - 0x00007ff87d729000 	C:\WINDOWS\SYSTEM32\WSOCK32.dll
0x00007ff882370000 - 0x00007ff8823d9000 	C:\WINDOWS\system32\WS2_32.dll
0x00007ff882360000 - 0x00007ff882368000 	C:\WINDOWS\system32\NSI.dll
0x00007ff87d5e0000 - 0x00007ff87d603000 	C:\WINDOWS\SYSTEM32\WINMM.dll
0x00007ff87d5b0000 - 0x00007ff87d5dc000 	C:\WINDOWS\SYSTEM32\WINMMBASE.dll
0x00007ff87fdd0000 - 0x00007ff87fe14000 	C:\WINDOWS\system32\cfgmgr32.dll
0x00007ff87daf0000 - 0x00007ff87db17000 	C:\WINDOWS\SYSTEM32\DEVOBJ.dll
0x000000006e030000 - 0x000000006e03f000 	C:\Program Files\Java\jdk1.8.0_05\jre\bin\verify.dll
0x000000006e000000 - 0x000000006e028000 	C:\Program Files\Java\jdk1.8.0_05\jre\bin\java.dll
0x000000006dfe0000 - 0x000000006dff6000 	C:\Program Files\Java\jdk1.8.0_05\jre\bin\zip.dll
0x00007ff87fe20000 - 0x00007ff881342000 	C:\WINDOWS\system32\SHELL32.dll
0x00007ff87f7a0000 - 0x00007ff87fdc9000 	C:\WINDOWS\system32\windows.storage.dll
0x00007ff881630000 - 0x00007ff8818ac000 	C:\WINDOWS\system32\combase.dll
0x00007ff881410000 - 0x00007ff881461000 	C:\WINDOWS\system32\shlwapi.dll
0x00007ff87f210000 - 0x00007ff87f21f000 	C:\WINDOWS\system32\kernel.appcore.dll
0x00007ff87f400000 - 0x00007ff87f4b3000 	C:\WINDOWS\system32\shcore.dll
0x00007ff87f1a0000 - 0x00007ff87f1ea000 	C:\WINDOWS\system32\powrprof.dll
0x00007ff87f1f0000 - 0x00007ff87f203000 	C:\WINDOWS\system32\profapi.dll
0x00007ff879cc0000 - 0x00007ff879e4a000 	C:\WINDOWS\SYSTEM32\dbghelp.dll

VM Arguments:
jvm_args: -Xmx1024M -Dfile.encoding=windows-1252 -Duser.country=BR -Duser.language=pt -Duser.variant 
java_command: com.android.dx.command.Main --dex --num-threads=4 --output E:\GitHub\FitCook\app\build\intermediates\pre-dexed\release\classes-cc176645e62c5796311514d30efbe0fdc88ebea4.jar E:\GitHub\FitCook\app\build\intermediates\exploded-aar\com.google.android.gms\play-services-drive\7.5.0\jars\classes.jar
java_class_path (initial): C:\Program Files (x86)\Android\android-sdk\build-tools\23.0.0-preview\lib\dx.jar
Launcher Type: SUN_STANDARD

Environment Variables:
JAVA_HOME=C:\Program Files\Java\jdk1.8.0_05
PATH=C:\Program Files (x86)\Intel\iCLS Client\;C:\Program Files\Intel\iCLS Client\;C:\WINDOWS\system32;C:\WINDOWS;C:\WINDOWS\System32\Wbem;C:\WINDOWS\System32\WindowsPowerShell\v1.0\;C:\Program Files (x86)\Windows Live\Shared;C:\Program Files (x86)\Intel\OpenCL SDK\2.0\bin\x86;C:\Program Files (x86)\Intel\OpenCL SDK\2.0\bin\x64;C:\Program Files\Intel\Intel(R) Management Engine Components\DAL;C:\Program Files\Intel\Intel(R) Management Engine Components\IPT;C:\Program Files (x86)\Intel\Intel(R) Management Engine Components\DAL;C:\Program Files (x86)\Intel\Intel(R) Management Engine Components\IPT;C:\Program Files\Java\jdk1.8.0_05/bin;C:\Program Files (x86)\Android\android-sdk\platform-tools;C:\Program Files (x86)\Git\cmd;C:\Program Files (x86)\Skype\Phone\;C:\Program Files (x86)\Windows Kits\8.1\Windows Performance Toolkit\;C:\Program Files\Microsoft SQL Server\110\Tools\Binn\;C:\Program Files (x86)\Microsoft SDKs\TypeScript\1.0\;C:\Program Files\Microsoft SQL Server\120\Tools\Binn\;C:\Program Files (x86)\nodejs\;C:\Ruby21\bin;C:\Users\Aires\AppData\Roaming\npm
USERNAME=Aires
OS=Windows_NT
PROCESSOR_IDENTIFIER=Intel64 Family 6 Model 58 Stepping 9, GenuineIntel



---------------  S Y S T E M  ---------------

OS: Windows 8.1 , 64 bit Build 9600 

CPU:total 4 (2 cores per cpu, 2 threads per core) family 6 model 58 stepping 9, cmov, cx8, fxsr, mmx, sse, sse2, sse3, ssse3, sse4.1, sse4.2, popcnt, avx, clmul, erms, ht, tsc, tscinvbit

Memory: 4k page, physical 8282396k(1339500k free), swap 8282396k(9240k free)

vm_info: Java HotSpot(TM) 64-Bit Server VM (25.5-b02) for windows-amd64 JRE (1.8.0_05-b13), built on Mar 18 2014 01:08:39 by "java_re" with MS VC++ 10.0 (VS2010)

time: Thu Aug 20 11:20:38 2015
elapsed time: 11 seconds

