#
# There is insufficient memory for the Java Runtime Environment to continue.
# Native memory allocation (malloc) failed to allocate 583536 bytes for Chunk::new
# Possible reasons:
#   The system is out of physical RAM or swap space
#   In 32 bit mode, the process size limit was hit
# Possible solutions:
#   Reduce memory load on the system
#   Increase physical memory or swap space
#   Check if swap backing store is full
#   Use 64 bit Java on a 64 bit OS
#   Decrease Java heap size (-Xmx/-Xms)
#   Decrease number of Java threads
#   Decrease Java thread stack sizes (-Xss)
#   Set larger code cache with -XX:ReservedCodeCacheSize=
# This output file may be truncated or incomplete.
#
#  Out of Memory Error (allocation.cpp:388), pid=9008, tid=2828
#
# JRE version: Java(TM) SE Runtime Environment (8.0_05-b13) (build 1.8.0_05-b13)
# Java VM: Java HotSpot(TM) 64-Bit Server VM (25.5-b02 mixed mode windows-amd64 compressed oops)
# Failed to write core dump. Minidumps are not enabled by default on client versions of Windows
#

---------------  T H R E A D  ---------------

Current thread (0x0000000014d7c000):  JavaThread "C2 CompilerThread0" daemon [_thread_in_native, id=2828, stack(0x0000000016310000,0x0000000016410000)]

Stack: [0x0000000016310000,0x0000000016410000]
Native frames: (J=compiled Java code, j=interpreted, Vv=VM code, C=native code)
V  [jvm.dll+0x308dea]
V  [jvm.dll+0x25def1]
V  [jvm.dll+0x25eb0f]
V  [jvm.dll+0x2564e5]
V  [jvm.dll+0xbcfc5]
V  [jvm.dll+0xbd45c]
V  [jvm.dll+0x468bac]
V  [jvm.dll+0x4360a3]
V  [jvm.dll+0x44111e]
V  [jvm.dll+0x4436a9]
V  [jvm.dll+0x427532]
V  [jvm.dll+0x96702]
V  [jvm.dll+0x96ef3]
V  [jvm.dll+0x2232c4]
V  [jvm.dll+0x27baca]
C  [msvcr100.dll+0x21d9f]
C  [msvcr100.dll+0x21e3b]
C  [KERNEL32.DLL+0x12d92]
C  [ntdll.dll+0x9f64]


Current CompileTask:
C2:   9690 1664   !   4       com.android.dx.cf.code.BytecodeArray::parseInstruction (2764 bytes)


---------------  P R O C E S S  ---------------

Java Threads: ( => current thread )
  0x0000000014ddb800 JavaThread "Service Thread" daemon [_thread_blocked, id=8860, stack(0x0000000016610000,0x0000000016710000)]
  0x0000000014dd3800 JavaThread "C1 CompilerThread2" daemon [_thread_blocked, id=892, stack(0x0000000016510000,0x0000000016610000)]
  0x0000000014dcd000 JavaThread "C2 CompilerThread1" daemon [_thread_blocked, id=6984, stack(0x0000000016410000,0x0000000016510000)]
=>0x0000000014d7c000 JavaThread "C2 CompilerThread0" daemon [_thread_in_native, id=2828, stack(0x0000000016310000,0x0000000016410000)]
  0x0000000014d7a800 JavaThread "Attach Listener" daemon [_thread_blocked, id=1480, stack(0x0000000016210000,0x0000000016310000)]
  0x0000000014d79800 JavaThread "Signal Dispatcher" daemon [_thread_blocked, id=3868, stack(0x0000000016110000,0x0000000016210000)]
  0x00000000026a5000 JavaThread "Finalizer" daemon [_thread_blocked, id=6872, stack(0x0000000016010000,0x0000000016110000)]
  0x0000000002699000 JavaThread "Reference Handler" daemon [_thread_blocked, id=9072, stack(0x0000000015f10000,0x0000000016010000)]
  0x0000000000abd800 JavaThread "main" [_thread_in_Java, id=3948, stack(0x00000000024b0000,0x00000000025b0000)]

Other Threads:
  0x0000000014d45000 VMThread [stack: 0x0000000015e10000,0x0000000015f10000] [id=9092]
  0x0000000014dde800 WatcherThread [stack: 0x0000000016710000,0x0000000016810000] [id=2252]

VM state:not at safepoint (normal execution)

VM Mutex/Monitor currently owned by a thread: None

Heap:
 PSYoungGen      total 24064K, used 14760K [0x00000000eab00000, 0x00000000ec680000, 0x0000000100000000)
  eden space 19968K, 62% used [0x00000000eab00000,0x00000000eb732020,0x00000000ebe80000)
  from space 4096K, 55% used [0x00000000ec280000,0x00000000ec4b8000,0x00000000ec680000)
  to   space 4096K, 0% used [0x00000000ebe80000,0x00000000ebe80000,0x00000000ec280000)
 ParOldGen       total 129536K, used 8243K [0x00000000c0000000, 0x00000000c7e80000, 0x00000000eab00000)
  object space 129536K, 6% used [0x00000000c0000000,0x00000000c080cde8,0x00000000c7e80000)
 Metaspace       used 5581K, capacity 6896K, committed 7040K, reserved 1056768K
  class space    used 553K, capacity 616K, committed 640K, reserved 1048576K

Card table byte_map: [0x0000000011a70000,0x0000000011c80000] byte_map_base: 0x0000000011470000

Marking Bits: (ParMarkBitMap*) 0x0000000062b913b0
 Begin Bits: [0x00000000121e0000, 0x00000000131e0000)
 End Bits:   [0x00000000131e0000, 0x00000000141e0000)

Polling page: 0x0000000000b40000

CodeCache: size=245760Kb used=7350Kb max_used=7366Kb free=238409Kb
 bounds [0x00000000026b0000, 0x0000000002df0000, 0x00000000116b0000]
 total_blobs=1930 nmethods=1670 adapters=174
 compilation: enabled

Compilation events (10 events):
Event: 9.172 Thread 0x0000000014dd3800 nmethod 1674 0x0000000002dcf150 code [0x0000000002dcf300, 0x0000000002dcf978]
Event: 9.191 Thread 0x0000000014dd3800 1675       1       com.android.dx.rop.cst.CstType::getType (4 bytes)
Event: 9.191 Thread 0x0000000014dd3800 nmethod 1675 0x0000000002d69d90 code [0x0000000002d69ee0, 0x0000000002d69ff0]
Event: 9.498 Thread 0x0000000014dcd000 nmethod 1615 0x0000000002ddad10 code [0x0000000002ddb120, 0x0000000002ddfff0]
Event: 9.499 Thread 0x0000000014dcd000 1655       4       com.android.dx.rop.code.BasicBlockList::preferredSuccessorOf (77 bytes)
Event: 9.506 Thread 0x0000000014dcd000 nmethod 1655 0x0000000002dcd090 code [0x0000000002dcd220, 0x0000000002dcd538]
Event: 9.506 Thread 0x0000000014dcd000 1656       4       com.android.dx.dex.code.RopTranslator::outputBlock (202 bytes)
Event: 9.610 Thread 0x0000000014dcd000 nmethod 1656 0x0000000002de6150 code [0x0000000002de63e0, 0x0000000002de7f40]
Event: 9.610 Thread 0x0000000014dcd000 1630       4       com.android.dx.cf.code.ExecutionStack::copy (59 bytes)
Event: 9.622 Thread 0x0000000014dcd000 nmethod 1630 0x0000000002dd8990 code [0x0000000002dd8b00, 0x0000000002dd8f38]

GC Heap History (10 events):
Event: 3.525 GC heap before
{Heap before GC invocations=8 (full 0):
 PSYoungGen      total 5632K, used 5619K [0x00000000eab00000, 0x00000000eb700000, 0x0000000100000000)
  eden space 4096K, 100% used [0x00000000eab00000,0x00000000eaf00000,0x00000000eaf00000)
  from space 1536K, 99% used [0x00000000eaf00000,0x00000000eb07ce48,0x00000000eb080000)
  to   space 2048K, 0% used [0x00000000eb500000,0x00000000eb500000,0x00000000eb700000)
 ParOldGen       total 129536K, used 1710K [0x00000000c0000000, 0x00000000c7e80000, 0x00000000eab00000)
  object space 129536K, 1% used [0x00000000c0000000,0x00000000c01abb58,0x00000000c7e80000)
 Metaspace       used 5329K, capacity 6640K, committed 6784K, reserved 1056768K
  class space    used 549K, capacity 616K, committed 640K, reserved 1048576K
Event: 3.530 GC heap after
Heap after GC invocations=8 (full 0):
 PSYoungGen      total 10240K, used 1808K [0x00000000eab00000, 0x00000000eb700000, 0x0000000100000000)
  eden space 8192K, 0% used [0x00000000eab00000,0x00000000eab00000,0x00000000eb300000)
  from space 2048K, 88% used [0x00000000eb500000,0x00000000eb6c4028,0x00000000eb700000)
  to   space 2048K, 0% used [0x00000000eb300000,0x00000000eb300000,0x00000000eb500000)
 ParOldGen       total 129536K, used 1842K [0x00000000c0000000, 0x00000000c7e80000, 0x00000000eab00000)
  object space 129536K, 1% used [0x00000000c0000000,0x00000000c01cc988,0x00000000c7e80000)
 Metaspace       used 5329K, capacity 6640K, committed 6784K, reserved 1056768K
  class space    used 549K, capacity 616K, committed 640K, reserved 1048576K
}
Event: 4.315 GC heap before
{Heap before GC invocations=9 (full 0):
 PSYoungGen      total 10240K, used 10000K [0x00000000eab00000, 0x00000000eb700000, 0x0000000100000000)
  eden space 8192K, 100% used [0x00000000eab00000,0x00000000eb300000,0x00000000eb300000)
  from space 2048K, 88% used [0x00000000eb500000,0x00000000eb6c4028,0x00000000eb700000)
  to   space 2048K, 0% used [0x00000000eb300000,0x00000000eb300000,0x00000000eb500000)
 ParOldGen       total 129536K, used 1842K [0x00000000c0000000, 0x00000000c7e80000, 0x00000000eab00000)
  object space 129536K, 1% used [0x00000000c0000000,0x00000000c01cc988,0x00000000c7e80000)
 Metaspace       used 5429K, capacity 6768K, committed 7040K, reserved 1056768K
  class space    used 549K, capacity 616K, committed 640K, reserved 1048576K
Event: 4.343 GC heap after
Heap after GC invocations=9 (full 0):
 PSYoungGen      total 10240K, used 2016K [0x00000000eab00000, 0x00000000ebe00000, 0x0000000100000000)
  eden space 8192K, 0% used [0x00000000eab00000,0x00000000eab00000,0x00000000eb300000)
  from space 2048K, 98% used [0x00000000eb300000,0x00000000eb4f8028,0x00000000eb500000)
  to   space 3072K, 0% used [0x00000000ebb00000,0x00000000ebb00000,0x00000000ebe00000)
 ParOldGen       total 129536K, used 2655K [0x00000000c0000000, 0x00000000c7e80000, 0x00000000eab00000)
  object space 129536K, 2% used [0x00000000c0000000,0x00000000c0297e78,0x00000000c7e80000)
 Metaspace       used 5429K, capacity 6768K, committed 7040K, reserved 1056768K
  class space    used 549K, capacity 616K, committed 640K, reserved 1048576K
}
Event: 5.182 GC heap before
{Heap before GC invocations=10 (full 0):
 PSYoungGen      total 10240K, used 10208K [0x00000000eab00000, 0x00000000ebe00000, 0x0000000100000000)
  eden space 8192K, 100% used [0x00000000eab00000,0x00000000eb300000,0x00000000eb300000)
  from space 2048K, 98% used [0x00000000eb300000,0x00000000eb4f8028,0x00000000eb500000)
  to   space 3072K, 0% used [0x00000000ebb00000,0x00000000ebb00000,0x00000000ebe00000)
 ParOldGen       total 129536K, used 2655K [0x00000000c0000000, 0x00000000c7e80000, 0x00000000eab00000)
  object space 129536K, 2% used [0x00000000c0000000,0x00000000c0297e78,0x00000000c7e80000)
 Metaspace       used 5455K, capacity 6768K, committed 7040K, reserved 1056768K
  class space    used 549K, capacity 616K, committed 640K, reserved 1048576K
Event: 5.211 GC heap after
Heap after GC invocations=10 (full 0):
 PSYoungGen      total 15360K, used 3040K [0x00000000eab00000, 0x00000000ec000000, 0x0000000100000000)
  eden space 12288K, 0% used [0x00000000eab00000,0x00000000eab00000,0x00000000eb700000)
  from space 3072K, 98% used [0x00000000ebb00000,0x00000000ebdf8010,0x00000000ebe00000)
  to   space 4096K, 0% used [0x00000000eb700000,0x00000000eb700000,0x00000000ebb00000)
 ParOldGen       total 129536K, used 4323K [0x00000000c0000000, 0x00000000c7e80000, 0x00000000eab00000)
  object space 129536K, 3% used [0x00000000c0000000,0x00000000c0438c08,0x00000000c7e80000)
 Metaspace       used 5455K, capacity 6768K, committed 7040K, reserved 1056768K
  class space    used 549K, capacity 616K, committed 640K, reserved 1048576K
}
Event: 6.634 GC heap before
{Heap before GC invocations=11 (full 0):
 PSYoungGen      total 15360K, used 15328K [0x00000000eab00000, 0x00000000ec000000, 0x0000000100000000)
  eden space 12288K, 100% used [0x00000000eab00000,0x00000000eb700000,0x00000000eb700000)
  from space 3072K, 98% used [0x00000000ebb00000,0x00000000ebdf8010,0x00000000ebe00000)
  to   space 4096K, 0% used [0x00000000eb700000,0x00000000eb700000,0x00000000ebb00000)
 ParOldGen       total 129536K, used 4323K [0x00000000c0000000, 0x00000000c7e80000, 0x00000000eab00000)
  object space 129536K, 3% used [0x00000000c0000000,0x00000000c0438c08,0x00000000c7e80000)
 Metaspace       used 5494K, capacity 6832K, committed 7040K, reserved 1056768K
  class space    used 551K, capacity 616K, committed 640K, reserved 1048576K
Event: 6.727 GC heap after
Heap after GC invocations=11 (full 0):
 PSYoungGen      total 16384K, used 1848K [0x00000000eab00000, 0x00000000ec680000, 0x0000000100000000)
  eden space 12288K, 0% used [0x00000000eab00000,0x00000000eab00000,0x00000000eb700000)
  from space 4096K, 45% used [0x00000000eb700000,0x00000000eb8ce200,0x00000000ebb00000)
  to   space 4096K, 0% used [0x00000000ec280000,0x00000000ec280000,0x00000000ec680000)
 ParOldGen       total 129536K, used 6496K [0x00000000c0000000, 0x00000000c7e80000, 0x00000000eab00000)
  object space 129536K, 5% used [0x00000000c0000000,0x00000000c06582d0,0x00000000c7e80000)
 Metaspace       used 5494K, capacity 6832K, committed 7040K, reserved 1056768K
  class space    used 551K, capacity 616K, committed 640K, reserved 1048576K
}
Event: 8.098 GC heap before
{Heap before GC invocations=12 (full 0):
 PSYoungGen      total 16384K, used 14136K [0x00000000eab00000, 0x00000000ec680000, 0x0000000100000000)
  eden space 12288K, 100% used [0x00000000eab00000,0x00000000eb700000,0x00000000eb700000)
  from space 4096K, 45% used [0x00000000eb700000,0x00000000eb8ce200,0x00000000ebb00000)
  to   space 4096K, 0% used [0x00000000ec280000,0x00000000ec280000,0x00000000ec680000)
 ParOldGen       total 129536K, used 6496K [0x00000000c0000000, 0x00000000c7e80000, 0x00000000eab00000)
  object space 129536K, 5% used [0x00000000c0000000,0x00000000c06582d0,0x00000000c7e80000)
 Metaspace       used 5547K, capacity 6896K, committed 7040K, reserved 1056768K
  class space    used 552K, capacity 616K, committed 640K, reserved 1048576K
Event: 8.159 GC heap after
Heap after GC invocations=12 (full 0):
 PSYoungGen      total 24064K, used 2272K [0x00000000eab00000, 0x00000000ec680000, 0x0000000100000000)
  eden space 19968K, 0% used [0x00000000eab00000,0x00000000eab00000,0x00000000ebe80000)
  from space 4096K, 55% used [0x00000000ec280000,0x00000000ec4b8000,0x00000000ec680000)
  to   space 4096K, 0% used [0x00000000ebe80000,0x00000000ebe80000,0x00000000ec280000)
 ParOldGen       total 129536K, used 8243K [0x00000000c0000000, 0x00000000c7e80000, 0x00000000eab00000)
  object space 129536K, 6% used [0x00000000c0000000,0x00000000c080cde8,0x00000000c7e80000)
 Metaspace       used 5547K, capacity 6896K, committed 7040K, reserved 1056768K
  class space    used 552K, capacity 616K, committed 640K, reserved 1048576K
}

Deoptimization events (10 events):
Event: 8.427 Thread 0x0000000000abd800 Uncommon trap: reason=unreached action=reinterpret pc=0x0000000002c58d20 method=com.android.dx.rop.code.LocalVariableExtractor.processBlock(I)V @ 195
Event: 8.460 Thread 0x0000000000abd800 Uncommon trap: reason=bimorphic action=maybe_recompile pc=0x000000000291eb90 method=java.util.HashMap.getNode(ILjava/lang/Object;)Ljava/util/HashMap$Node; @ 126
Event: 8.794 Thread 0x0000000000abd800 Uncommon trap: reason=class_check action=maybe_recompile pc=0x0000000002d6aae0 method=com.android.dx.cf.iface.StdAttributeList.findFirst(Ljava/lang/String;)Lcom/android/dx/cf/iface/Attribute; @ 21
Event: 8.800 Thread 0x0000000000abd800 Uncommon trap: reason=class_check action=maybe_recompile pc=0x0000000002d6aae0 method=com.android.dx.cf.iface.StdAttributeList.findFirst(Ljava/lang/String;)Lcom/android/dx/cf/iface/Attribute; @ 21
Event: 8.800 Thread 0x0000000000abd800 Uncommon trap: reason=class_check action=maybe_recompile pc=0x0000000002d6aae0 method=com.android.dx.cf.iface.StdAttributeList.findFirst(Ljava/lang/String;)Lcom/android/dx/cf/iface/Attribute; @ 21
Event: 8.800 Thread 0x0000000000abd800 Uncommon trap: reason=class_check action=maybe_recompile pc=0x0000000002d6aae0 method=com.android.dx.cf.iface.StdAttributeList.findFirst(Ljava/lang/String;)Lcom/android/dx/cf/iface/Attribute; @ 21
Event: 9.013 Thread 0x0000000000abd800 Uncommon trap: reason=bimorphic action=maybe_recompile pc=0x0000000002bfa198 method=com.android.dx.cf.code.BytecodeArray.parseInstruction(ILcom/android/dx/cf/code/BytecodeArray$Visitor;)I @ 1130
Event: 9.013 Thread 0x0000000000abd800 Uncommon trap: reason=bimorphic action=maybe_recompile pc=0x0000000002bf9d94 method=com.android.dx.cf.code.BytecodeArray.parseInstruction(ILcom/android/dx/cf/code/BytecodeArray$Visitor;)I @ 907
Event: 9.014 Thread 0x0000000000abd800 Uncommon trap: reason=bimorphic action=maybe_recompile pc=0x0000000002bfa198 method=com.android.dx.cf.code.BytecodeArray.parseInstruction(ILcom/android/dx/cf/code/BytecodeArray$Visitor;)I @ 1130
Event: 9.018 Thread 0x0000000000abd800 Uncommon trap: reason=unreached action=reinterpret pc=0x0000000002d7086c method=com.android.dx.cf.code.RopperMachine.run(Lcom/android/dx/cf/code/Frame;II)V @ 1500

Internal exceptions (10 events):
Event: 3.231 Thread 0x0000000000abd800 Exception <a 'java/security/PrivilegedActionException'> (0x00000000ead08868) thrown at [D:\re\workspace\8-2-build-windows-amd64-cygwin\jdk8u5\2488\hotspot\src\share\vm\prims\jvm.cpp, line 1248]
Event: 4.348 Thread 0x0000000000abd800 Exception <a 'java/security/PrivilegedActionException'> (0x00000000eab21258) thrown at [D:\re\workspace\8-2-build-windows-amd64-cygwin\jdk8u5\2488\hotspot\src\share\vm\prims\jvm.cpp, line 1248]
Event: 6.057 Thread 0x0000000000abd800 Exception <a 'java/security/PrivilegedActionException'> (0x00000000eb2fc870) thrown at [D:\re\workspace\8-2-build-windows-amd64-cygwin\jdk8u5\2488\hotspot\src\share\vm\prims\jvm.cpp, line 1248]
Event: 6.059 Thread 0x0000000000abd800 Exception <a 'java/security/PrivilegedActionException'> (0x00000000eb3080b0) thrown at [D:\re\workspace\8-2-build-windows-amd64-cygwin\jdk8u5\2488\hotspot\src\share\vm\prims\jvm.cpp, line 1248]
Event: 6.060 Thread 0x0000000000abd800 Exception <a 'java/security/PrivilegedActionException'> (0x00000000eb30a688) thrown at [D:\re\workspace\8-2-build-windows-amd64-cygwin\jdk8u5\2488\hotspot\src\share\vm\prims\jvm.cpp, line 1248]
Event: 6.201 Thread 0x0000000000abd800 Exception <a 'java/security/PrivilegedActionException'> (0x00000000eb4fe250) thrown at [D:\re\workspace\8-2-build-windows-amd64-cygwin\jdk8u5\2488\hotspot\src\share\vm\prims\jvm.cpp, line 1248]
Event: 6.204 Thread 0x0000000000abd800 Implicit null exception at 0x0000000002bea1f0 to 0x0000000002beb535
Event: 6.204 Thread 0x0000000000abd800 Implicit null exception at 0x0000000002befea7 to 0x0000000002bf16e5
Event: 8.069 Thread 0x0000000000abd800 Exception <a 'java/security/PrivilegedActionException'> (0x00000000eb6a85f0) thrown at [D:\re\workspace\8-2-build-windows-amd64-cygwin\jdk8u5\2488\hotspot\src\share\vm\prims\jvm.cpp, line 1248]
Event: 8.408 Thread 0x0000000000abd800 Exception <a 'java/security/PrivilegedActionException'> (0x00000000eae28250) thrown at [D:\re\workspace\8-2-build-windows-amd64-cygwin\jdk8u5\2488\hotspot\src\share\vm\prims\jvm.cpp, line 1248]

Events (10 events):
Event: 9.013 Thread 0x0000000000abd800 DEOPT UNPACKING pc=0x00000000026f55af sp=0x00000000025ae9b8 mode 2
Event: 9.013 Thread 0x0000000000abd800 Uncommon trap: trap_request=0xffffffc6 fr.pc=0x0000000002bf9d94
Event: 9.013 Thread 0x0000000000abd800 DEOPT PACKING pc=0x0000000002bf9d94 sp=0x00000000025ae9f0
Event: 9.013 Thread 0x0000000000abd800 DEOPT UNPACKING pc=0x00000000026f55af sp=0x00000000025ae9b8 mode 2
Event: 9.014 Thread 0x0000000000abd800 Uncommon trap: trap_request=0xffffffc6 fr.pc=0x0000000002bfa198
Event: 9.014 Thread 0x0000000000abd800 DEOPT PACKING pc=0x0000000002bfa198 sp=0x00000000025ae9f0
Event: 9.014 Thread 0x0000000000abd800 DEOPT UNPACKING pc=0x00000000026f55af sp=0x00000000025ae9b8 mode 2
Event: 9.018 Thread 0x0000000000abd800 Uncommon trap: trap_request=0xffffffad fr.pc=0x0000000002d7086c
Event: 9.018 Thread 0x0000000000abd800 DEOPT PACKING pc=0x0000000002d7086c sp=0x00000000025ae7b0
Event: 9.018 Thread 0x0000000000abd800 DEOPT UNPACKING pc=0x00000000026f55af sp=0x00000000025ae768 mode 2


Dynamic libraries:
0x00007ff7c80c0000 - 0x00007ff7c80f4000 	C:\Program Files\Java\jdk1.8.0_05\bin\java.exe
0x00007ffb2ad40000 - 0x00007ffb2af01000 	C:\WINDOWS\SYSTEM32\ntdll.dll
0x00007ffb2abe0000 - 0x00007ffb2ac8d000 	C:\WINDOWS\system32\KERNEL32.DLL
0x00007ffb28230000 - 0x00007ffb2840d000 	C:\WINDOWS\system32\KERNELBASE.dll
0x00007ffb2aaa0000 - 0x00007ffb2ab46000 	C:\WINDOWS\system32\ADVAPI32.dll
0x00007ffb28840000 - 0x00007ffb288dd000 	C:\WINDOWS\system32\msvcrt.dll
0x00007ffb2a970000 - 0x00007ffb2a9cb000 	C:\WINDOWS\system32\sechost.dll
0x00007ffb2a410000 - 0x00007ffb2a536000 	C:\WINDOWS\system32\RPCRT4.dll
0x00007ffb2a540000 - 0x00007ffb2a68e000 	C:\WINDOWS\system32\USER32.dll
0x00007ffb2a690000 - 0x00007ffb2a816000 	C:\WINDOWS\system32\GDI32.dll
0x00007ffb1dee0000 - 0x00007ffb1e154000 	C:\WINDOWS\WinSxS\amd64_microsoft.windows.common-controls_6595b64144ccf1df_6.0.10240.16384_none_f41f7b285750ef43\COMCTL32.dll
0x00007ffb2ad00000 - 0x00007ffb2ad36000 	C:\WINDOWS\system32\IMM32.DLL
0x00007ffb2a160000 - 0x00007ffb2a2bc000 	C:\WINDOWS\system32\MSCTF.dll
0x0000000061f60000 - 0x0000000062032000 	C:\Program Files\Java\jdk1.8.0_05\jre\bin\msvcr100.dll
0x00000000623e0000 - 0x0000000062c0a000 	C:\Program Files\Java\jdk1.8.0_05\jre\bin\server\jvm.dll
0x00007ffb2a400000 - 0x00007ffb2a408000 	C:\WINDOWS\system32\PSAPI.DLL
0x00007ffb25790000 - 0x00007ffb25799000 	C:\WINDOWS\SYSTEM32\WSOCK32.dll
0x00007ffb2ab50000 - 0x00007ffb2abb9000 	C:\WINDOWS\system32\WS2_32.dll
0x00007ffb2a9d0000 - 0x00007ffb2a9d8000 	C:\WINDOWS\system32\NSI.dll
0x00007ffb25860000 - 0x00007ffb25883000 	C:\WINDOWS\SYSTEM32\WINMM.dll
0x00007ffb25800000 - 0x00007ffb2582c000 	C:\WINDOWS\SYSTEM32\WINMMBASE.dll
0x00007ffb27af0000 - 0x00007ffb27b34000 	C:\WINDOWS\system32\cfgmgr32.dll
0x00007ffb260e0000 - 0x00007ffb26107000 	C:\WINDOWS\SYSTEM32\DEVOBJ.dll
0x00000000623d0000 - 0x00000000623df000 	C:\Program Files\Java\jdk1.8.0_05\jre\bin\verify.dll
0x00000000623a0000 - 0x00000000623c8000 	C:\Program Files\Java\jdk1.8.0_05\jre\bin\java.dll
0x0000000062380000 - 0x0000000062396000 	C:\Program Files\Java\jdk1.8.0_05\jre\bin\zip.dll
0x00007ffb28c30000 - 0x00007ffb2a152000 	C:\WINDOWS\system32\SHELL32.dll
0x00007ffb27c00000 - 0x00007ffb28229000 	C:\WINDOWS\system32\windows.storage.dll
0x00007ffb288e0000 - 0x00007ffb28b5c000 	C:\WINDOWS\system32\combase.dll
0x00007ffb2a3a0000 - 0x00007ffb2a3f1000 	C:\WINDOWS\system32\shlwapi.dll
0x00007ffb27770000 - 0x00007ffb2777f000 	C:\WINDOWS\system32\kernel.appcore.dll
0x00007ffb27b40000 - 0x00007ffb27bf3000 	C:\WINDOWS\system32\shcore.dll
0x00007ffb277c0000 - 0x00007ffb2780a000 	C:\WINDOWS\system32\powrprof.dll
0x00007ffb27780000 - 0x00007ffb27793000 	C:\WINDOWS\system32\profapi.dll
0x00007ffb07da0000 - 0x00007ffb07f2a000 	C:\WINDOWS\SYSTEM32\dbghelp.dll

VM Arguments:
jvm_args: -Xmx1024M -Dfile.encoding=windows-1252 -Duser.country=BR -Duser.language=pt -Duser.variant 
java_command: com.android.dx.command.Main --dex --output E:\GitHub\FitCook\app\build\intermediates\pre-dexed\release\okhttp-2.4.0-1086629997511be40468375187775cc7ed04c129.jar C:\Users\Aires\.gradle\caches\modules-2\files-2.1\com.squareup.okhttp\okhttp\2.4.0\40340c0748190fe897baf7bffbc1b282734294e5\okhttp-2.4.0.jar
java_class_path (initial): C:\Program Files (x86)\Android\android-sdk\build-tools\22.0.1\lib\dx.jar
Launcher Type: SUN_STANDARD

Environment Variables:
JAVA_HOME=C:\Program Files\Java\jdk1.8.0_05
PATH=C:\Program Files (x86)\Intel\iCLS Client\;C:\Program Files\Intel\iCLS Client\;C:\WINDOWS\system32;C:\WINDOWS;C:\WINDOWS\System32\Wbem;C:\WINDOWS\System32\WindowsPowerShell\v1.0\;C:\Program Files (x86)\Windows Live\Shared;C:\Program Files (x86)\Intel\OpenCL SDK\2.0\bin\x86;C:\Program Files (x86)\Intel\OpenCL SDK\2.0\bin\x64;C:\Program Files\Intel\Intel(R) Management Engine Components\DAL;C:\Program Files\Intel\Intel(R) Management Engine Components\IPT;C:\Program Files (x86)\Intel\Intel(R) Management Engine Components\DAL;C:\Program Files (x86)\Intel\Intel(R) Management Engine Components\IPT;C:\Program Files\Java\jdk1.8.0_05/bin;C:\Program Files (x86)\Android\android-sdk\platform-tools;C:\Program Files (x86)\Git\cmd;C:\Program Files (x86)\Windows Kits\8.1\Windows Performance Toolkit\;C:\Program Files\Microsoft SQL Server\110\Tools\Binn\;C:\Program Files (x86)\Microsoft SDKs\TypeScript\1.0\;C:\Program Files\Microsoft SQL Server\120\Tools\Binn\;C:\Program Files (x86)\nodejs\;C:\Program Files\Google\Cloud SDK\google-cloud-sdk\bin;C:\Program Files (x86)\Skype\Phone\;C:\Ruby21\bin;C:\Users\Aires\AppData\Roaming\npm
USERNAME=Aires
OS=Windows_NT
PROCESSOR_IDENTIFIER=Intel64 Family 6 Model 58 Stepping 9, GenuineIntel



---------------  S Y S T E M  ---------------

OS: Windows 8.1 , 64 bit Build 9600 

CPU:total 4 (2 cores per cpu, 2 threads per core) family 6 model 58 stepping 9, cmov, cx8, fxsr, mmx, sse, sse2, sse3, ssse3, sse4.1, sse4.2, popcnt, avx, clmul, erms, ht, tsc, tscinvbit

Memory: 4k page, physical 8282396k(1194128k free), swap 8282396k(3992k free)

vm_info: Java HotSpot(TM) 64-Bit Server VM (25.5-b02) for windows-amd64 JRE (1.8.0_05-b13), built on Mar 18 2014 01:08:39 by "java_re" with MS VC++ 10.0 (VS2010)

time: Wed Aug 26 11:40:05 2015
elapsed time: 9 seconds

