#
# There is insufficient memory for the Java Runtime Environment to continue.
# Native memory allocation (malloc) failed to allocate 81536 bytes for Chunk::new
# Possible reasons:
#   The system is out of physical RAM or swap space
#   In 32 bit mode, the process size limit was hit
# Possible solutions:
#   Reduce memory load on the system
#   Increase physical memory or swap space
#   Check if swap backing store is full
#   Use 64 bit Java on a 64 bit OS
#   Decrease Java heap size (-Xmx/-Xms)
#   Decrease number of Java threads
#   Decrease Java thread stack sizes (-Xss)
#   Set larger code cache with -XX:ReservedCodeCacheSize=
# This output file may be truncated or incomplete.
#
#  Out of Memory Error (allocation.cpp:388), pid=1192, tid=4704
#
# JRE version: Java(TM) SE Runtime Environment (8.0_05-b13) (build 1.8.0_05-b13)
# Java VM: Java HotSpot(TM) 64-Bit Server VM (25.5-b02 mixed mode windows-amd64 compressed oops)
# Failed to write core dump. Minidumps are not enabled by default on client versions of Windows
#

---------------  T H R E A D  ---------------

Current thread (0x000000001541e800):  JavaThread "C2 CompilerThread1" daemon [_thread_in_native, id=4704, stack(0x0000000016a30000,0x0000000016b30000)]

Stack: [0x0000000016a30000,0x0000000016b30000]
Native frames: (J=compiled Java code, j=interpreted, Vv=VM code, C=native code)
V  [jvm.dll+0x308dea]


Current CompileTask:
C2:   3069 1040       4       com.android.dx.rop.cst.CstString::utf8BytesToString (391 bytes)


---------------  P R O C E S S  ---------------

Java Threads: ( => current thread )
  0x000000001542c800 JavaThread "Service Thread" daemon [_thread_blocked, id=2752, stack(0x0000000016c30000,0x0000000016d30000)]
  0x0000000015424800 JavaThread "C1 CompilerThread2" daemon [_thread_in_native, id=6264, stack(0x0000000016b30000,0x0000000016c30000)]
=>0x000000001541e800 JavaThread "C2 CompilerThread1" daemon [_thread_in_native, id=4704, stack(0x0000000016a30000,0x0000000016b30000)]
  0x00000000153cd800 JavaThread "C2 CompilerThread0" daemon [_thread_in_native, id=8228, stack(0x0000000016930000,0x0000000016a30000)]
  0x00000000153cc800 JavaThread "Attach Listener" daemon [_thread_blocked, id=7960, stack(0x0000000016830000,0x0000000016930000)]
  0x00000000153cb800 JavaThread "Signal Dispatcher" daemon [_thread_blocked, id=8196, stack(0x0000000016730000,0x0000000016830000)]
  0x0000000002cf5000 JavaThread "Finalizer" daemon [_thread_blocked, id=2772, stack(0x0000000016630000,0x0000000016730000)]
  0x0000000002ce9000 JavaThread "Reference Handler" daemon [_thread_blocked, id=1196, stack(0x0000000016530000,0x0000000016630000)]
  0x0000000002aed800 JavaThread "main" [_thread_in_Java, id=8340, stack(0x0000000002b00000,0x0000000002c00000)]

Other Threads:
  0x0000000015395000 VMThread [stack: 0x0000000016430000,0x0000000016530000] [id=5416]
  0x0000000016d30800 WatcherThread [stack: 0x0000000017130000,0x0000000017230000] [id=8936]

VM state:not at safepoint (normal execution)

VM Mutex/Monitor currently owned by a thread: None

Heap:
 PSYoungGen      total 5632K, used 5409K [0x00000000eab00000, 0x00000000eb700000, 0x0000000100000000)
  eden space 4096K, 99% used [0x00000000eab00000,0x00000000eaef84b0,0x00000000eaf00000)
  from space 1536K, 87% used [0x00000000eaf00000,0x00000000eb050018,0x00000000eb080000)
  to   space 2048K, 0% used [0x00000000eb500000,0x00000000eb500000,0x00000000eb700000)
 ParOldGen       total 129536K, used 1637K [0x00000000c0000000, 0x00000000c7e80000, 0x00000000eab00000)
  object space 129536K, 1% used [0x00000000c0000000,0x00000000c01995c0,0x00000000c7e80000)
 Metaspace       used 5303K, capacity 6704K, committed 6784K, reserved 1056768K
  class space    used 547K, capacity 616K, committed 640K, reserved 1048576K

Card table byte_map: [0x00000000120c0000,0x00000000122d0000] byte_map_base: 0x0000000011ac0000

Marking Bits: (ParMarkBitMap*) 0x0000000062b913b0
 Begin Bits: [0x0000000012830000, 0x0000000013830000)
 End Bits:   [0x0000000013830000, 0x0000000014830000)

Polling page: 0x0000000002a20000

CodeCache: size=245760Kb used=4054Kb max_used=4054Kb free=241705Kb
 bounds [0x0000000002d00000, 0x0000000003100000, 0x0000000011d00000]
 total_blobs=1298 nmethods=1038 adapters=174
 compilation: enabled

Compilation events (10 events):
Event: 3.062 Thread 0x0000000015424800 1036       3       com.android.dx.cf.code.Ropper::getSpecialLabel (20 bytes)
Event: 3.062 Thread 0x0000000015424800 nmethod 1036 0x00000000030ef7d0 code [0x00000000030ef940, 0x00000000030efcf0]
Event: 3.063 Thread 0x0000000015424800 1031       3       com.android.dx.cf.attrib.BaseAttribute::<init> (24 bytes)
Event: 3.063 Thread 0x0000000015424800 nmethod 1031 0x00000000030ef2d0 code [0x00000000030ef440, 0x00000000030ef6e8]
Event: 3.063 Thread 0x0000000015424800 1032       1       com.android.dx.dex.file.DexFile::getTypeIds (5 bytes)
Event: 3.063 Thread 0x0000000015424800 nmethod 1032 0x00000000030ef010 code [0x00000000030ef160, 0x00000000030ef270]
Event: 3.063 Thread 0x0000000015424800 1033       1       com.android.dx.dex.file.DexFile::getFieldIds (5 bytes)
Event: 3.063 Thread 0x0000000015424800 nmethod 1033 0x00000000030eed50 code [0x00000000030eeea0, 0x00000000030eefb0]
Event: 3.063 Thread 0x0000000015424800 1039       1       java.util.HashMap::size (5 bytes)
Event: 3.063 Thread 0x0000000015424800 nmethod 1039 0x00000000030eea90 code [0x00000000030eebe0, 0x00000000030eecf0]

GC Heap History (10 events):
Event: 0.484 GC heap before
{Heap before GC invocations=3 (full 0):
 PSYoungGen      total 1536K, used 1510K [0x00000000eab00000, 0x00000000ead00000, 0x0000000100000000)
  eden space 1024K, 99% used [0x00000000eab00000,0x00000000eabfd8d0,0x00000000eac00000)
  from space 512K, 96% used [0x00000000eac80000,0x00000000eacfc010,0x00000000ead00000)
  to   space 512K, 0% used [0x00000000eac00000,0x00000000eac00000,0x00000000eac80000)
 ParOldGen       total 129536K, used 127K [0x00000000c0000000, 0x00000000c7e80000, 0x00000000eab00000)
  object space 129536K, 0% used [0x00000000c0000000,0x00000000c001fcc0,0x00000000c7e80000)
 Metaspace       used 3244K, capacity 4880K, committed 5120K, reserved 1056768K
  class space    used 362K, capacity 456K, committed 512K, reserved 1048576K
Event: 0.494 GC heap after
Heap after GC invocations=3 (full 0):
 PSYoungGen      total 1536K, used 512K [0x00000000eab00000, 0x00000000eae00000, 0x0000000100000000)
  eden space 1024K, 0% used [0x00000000eab00000,0x00000000eab00000,0x00000000eac00000)
  from space 512K, 100% used [0x00000000eac00000,0x00000000eac80000,0x00000000eac80000)
  to   space 512K, 0% used [0x00000000ead80000,0x00000000ead80000,0x00000000eae00000)
 ParOldGen       total 129536K, used 416K [0x00000000c0000000, 0x00000000c7e80000, 0x00000000eab00000)
  object space 129536K, 0% used [0x00000000c0000000,0x00000000c00682b8,0x00000000c7e80000)
 Metaspace       used 3244K, capacity 4880K, committed 5120K, reserved 1056768K
  class space    used 362K, capacity 456K, committed 512K, reserved 1048576K
}
Event: 0.596 GC heap before
{Heap before GC invocations=4 (full 0):
 PSYoungGen      total 1536K, used 1532K [0x00000000eab00000, 0x00000000eae00000, 0x0000000100000000)
  eden space 1024K, 99% used [0x00000000eab00000,0x00000000eabff178,0x00000000eac00000)
  from space 512K, 100% used [0x00000000eac00000,0x00000000eac80000,0x00000000eac80000)
  to   space 512K, 0% used [0x00000000ead80000,0x00000000ead80000,0x00000000eae00000)
 ParOldGen       total 129536K, used 416K [0x00000000c0000000, 0x00000000c7e80000, 0x00000000eab00000)
  object space 129536K, 0% used [0x00000000c0000000,0x00000000c00682b8,0x00000000c7e80000)
 Metaspace       used 3578K, capacity 5168K, committed 5376K, reserved 1056768K
  class space    used 404K, capacity 488K, committed 512K, reserved 1048576K
Event: 0.618 GC heap after
Heap after GC invocations=4 (full 0):
 PSYoungGen      total 2560K, used 496K [0x00000000eab00000, 0x00000000eae00000, 0x0000000100000000)
  eden space 2048K, 0% used [0x00000000eab00000,0x00000000eab00000,0x00000000ead00000)
  from space 512K, 96% used [0x00000000ead80000,0x00000000eadfc010,0x00000000eae00000)
  to   space 512K, 0% used [0x00000000ead00000,0x00000000ead00000,0x00000000ead80000)
 ParOldGen       total 129536K, used 707K [0x00000000c0000000, 0x00000000c7e80000, 0x00000000eab00000)
  object space 129536K, 0% used [0x00000000c0000000,0x00000000c00b0fd0,0x00000000c7e80000)
 Metaspace       used 3578K, capacity 5168K, committed 5376K, reserved 1056768K
  class space    used 404K, capacity 488K, committed 512K, reserved 1048576K
}
Event: 0.878 GC heap before
{Heap before GC invocations=5 (full 0):
 PSYoungGen      total 2560K, used 2544K [0x00000000eab00000, 0x00000000eae00000, 0x0000000100000000)
  eden space 2048K, 100% used [0x00000000eab00000,0x00000000ead00000,0x00000000ead00000)
  from space 512K, 96% used [0x00000000ead80000,0x00000000eadfc010,0x00000000eae00000)
  to   space 512K, 0% used [0x00000000ead00000,0x00000000ead00000,0x00000000ead80000)
 ParOldGen       total 129536K, used 707K [0x00000000c0000000, 0x00000000c7e80000, 0x00000000eab00000)
  object space 129536K, 0% used [0x00000000c0000000,0x00000000c00b0fd0,0x00000000c7e80000)
 Metaspace       used 4221K, capacity 5744K, committed 6016K, reserved 1056768K
  class space    used 470K, capacity 552K, committed 640K, reserved 1048576K
Event: 0.912 GC heap after
Heap after GC invocations=5 (full 0):
 PSYoungGen      total 2560K, used 496K [0x00000000eab00000, 0x00000000eb200000, 0x0000000100000000)
  eden space 2048K, 0% used [0x00000000eab00000,0x00000000eab00000,0x00000000ead00000)
  from space 512K, 96% used [0x00000000ead00000,0x00000000ead7c010,0x00000000ead80000)
  to   space 1536K, 0% used [0x00000000eb080000,0x00000000eb080000,0x00000000eb200000)
 ParOldGen       total 129536K, used 1385K [0x00000000c0000000, 0x00000000c7e80000, 0x00000000eab00000)
  object space 129536K, 1% used [0x00000000c0000000,0x00000000c015a528,0x00000000c7e80000)
 Metaspace       used 4221K, capacity 5744K, committed 6016K, reserved 1056768K
  class space    used 470K, capacity 552K, committed 640K, reserved 1048576K
}
Event: 1.179 GC heap before
{Heap before GC invocations=6 (full 0):
 PSYoungGen      total 2560K, used 2544K [0x00000000eab00000, 0x00000000eb200000, 0x0000000100000000)
  eden space 2048K, 100% used [0x00000000eab00000,0x00000000ead00000,0x00000000ead00000)
  from space 512K, 96% used [0x00000000ead00000,0x00000000ead7c010,0x00000000ead80000)
  to   space 1536K, 0% used [0x00000000eb080000,0x00000000eb080000,0x00000000eb200000)
 ParOldGen       total 129536K, used 1385K [0x00000000c0000000, 0x00000000c7e80000, 0x00000000eab00000)
  object space 129536K, 1% used [0x00000000c0000000,0x00000000c015a528,0x00000000c7e80000)
 Metaspace       used 4804K, capacity 6224K, committed 6528K, reserved 1056768K
  class space    used 533K, capacity 584K, committed 640K, reserved 1048576K
Event: 1.207 GC heap after
Heap after GC invocations=6 (full 0):
 PSYoungGen      total 5632K, used 1332K [0x00000000eab00000, 0x00000000eb200000, 0x0000000100000000)
  eden space 4096K, 0% used [0x00000000eab00000,0x00000000eab00000,0x00000000eaf00000)
  from space 1536K, 86% used [0x00000000eb080000,0x00000000eb1cd048,0x00000000eb200000)
  to   space 1536K, 0% used [0x00000000eaf00000,0x00000000eaf00000,0x00000000eb080000)
 ParOldGen       total 129536K, used 1393K [0x00000000c0000000, 0x00000000c7e80000, 0x00000000eab00000)
  object space 129536K, 1% used [0x00000000c0000000,0x00000000c015c528,0x00000000c7e80000)
 Metaspace       used 4804K, capacity 6224K, committed 6528K, reserved 1056768K
  class space    used 533K, capacity 584K, committed 640K, reserved 1048576K
}
Event: 2.099 GC heap before
{Heap before GC invocations=7 (full 0):
 PSYoungGen      total 5632K, used 5428K [0x00000000eab00000, 0x00000000eb200000, 0x0000000100000000)
  eden space 4096K, 100% used [0x00000000eab00000,0x00000000eaf00000,0x00000000eaf00000)
  from space 1536K, 86% used [0x00000000eb080000,0x00000000eb1cd048,0x00000000eb200000)
  to   space 1536K, 0% used [0x00000000eaf00000,0x00000000eaf00000,0x00000000eb080000)
 ParOldGen       total 129536K, used 1393K [0x00000000c0000000, 0x00000000c7e80000, 0x00000000eab00000)
  object space 129536K, 1% used [0x00000000c0000000,0x00000000c015c528,0x00000000c7e80000)
 Metaspace       used 5188K, capacity 6576K, committed 6784K, reserved 1056768K
  class space    used 546K, capacity 616K, committed 640K, reserved 1048576K
Event: 2.203 GC heap after
Heap after GC invocations=7 (full 0):
 PSYoungGen      total 5632K, used 1344K [0x00000000eab00000, 0x00000000eb700000, 0x0000000100000000)
  eden space 4096K, 0% used [0x00000000eab00000,0x00000000eab00000,0x00000000eaf00000)
  from space 1536K, 87% used [0x00000000eaf00000,0x00000000eb050018,0x00000000eb080000)
  to   space 2048K, 0% used [0x00000000eb500000,0x00000000eb500000,0x00000000eb700000)
 ParOldGen       total 129536K, used 1637K [0x00000000c0000000, 0x00000000c7e80000, 0x00000000eab00000)
  object space 129536K, 1% used [0x00000000c0000000,0x00000000c01995c0,0x00000000c7e80000)
 Metaspace       used 5188K, capacity 6576K, committed 6784K, reserved 1056768K
  class space    used 546K, capacity 616K, committed 640K, reserved 1048576K
}

Deoptimization events (0 events):
No events

Internal exceptions (10 events):
Event: 1.392 Thread 0x0000000002aed800 Exception <a 'java/security/PrivilegedActionException'> (0x00000000eabd3e00) thrown at [D:\re\workspace\8-2-build-windows-amd64-cygwin\jdk8u5\2488\hotspot\src\share\vm\prims\jvm.cpp, line 1248]
Event: 1.394 Thread 0x0000000002aed800 Exception <a 'java/security/PrivilegedActionException'> (0x00000000eabd9050) thrown at [D:\re\workspace\8-2-build-windows-amd64-cygwin\jdk8u5\2488\hotspot\src\share\vm\prims\jvm.cpp, line 1248]
Event: 1.395 Thread 0x0000000002aed800 Exception <a 'java/security/PrivilegedActionException'> (0x00000000eabde820) thrown at [D:\re\workspace\8-2-build-windows-amd64-cygwin\jdk8u5\2488\hotspot\src\share\vm\prims\jvm.cpp, line 1248]
Event: 1.439 Thread 0x0000000002aed800 Exception <a 'java/security/PrivilegedActionException'> (0x00000000eac1eb60) thrown at [D:\re\workspace\8-2-build-windows-amd64-cygwin\jdk8u5\2488\hotspot\src\share\vm\prims\jvm.cpp, line 1248]
Event: 1.482 Thread 0x0000000002aed800 Exception <a 'java/security/PrivilegedActionException'> (0x00000000eac50870) thrown at [D:\re\workspace\8-2-build-windows-amd64-cygwin\jdk8u5\2488\hotspot\src\share\vm\prims\jvm.cpp, line 1248]
Event: 1.805 Thread 0x0000000002aed800 Exception <a 'java/security/PrivilegedActionException'> (0x00000000eadc4878) thrown at [D:\re\workspace\8-2-build-windows-amd64-cygwin\jdk8u5\2488\hotspot\src\share\vm\prims\jvm.cpp, line 1248]
Event: 1.807 Thread 0x0000000002aed800 Exception <a 'java/security/PrivilegedActionException'> (0x00000000eadce888) thrown at [D:\re\workspace\8-2-build-windows-amd64-cygwin\jdk8u5\2488\hotspot\src\share\vm\prims\jvm.cpp, line 1248]
Event: 1.807 Thread 0x0000000002aed800 Exception <a 'java/security/PrivilegedActionException'> (0x00000000eadd0e60) thrown at [D:\re\workspace\8-2-build-windows-amd64-cygwin\jdk8u5\2488\hotspot\src\share\vm\prims\jvm.cpp, line 1248]
Event: 2.759 Thread 0x0000000002aed800 Exception <a 'java/security/PrivilegedActionException'> (0x00000000ead425f8) thrown at [D:\re\workspace\8-2-build-windows-amd64-cygwin\jdk8u5\2488\hotspot\src\share\vm\prims\jvm.cpp, line 1248]
Event: 3.035 Thread 0x0000000002aed800 Exception <a 'java/security/PrivilegedActionException'> (0x00000000eae50d90) thrown at [D:\re\workspace\8-2-build-windows-amd64-cygwin\jdk8u5\2488\hotspot\src\share\vm\prims\jvm.cpp, line 1248]

Events (10 events):
Event: 2.066 loading class java/util/ArrayList$1
Event: 2.066 loading class java/util/ArrayList$1 done
Event: 2.091 Executing VM operation: ForceSafepoint
Event: 2.091 Executing VM operation: ForceSafepoint done
Event: 2.098 Executing VM operation: ParallelGCFailedAllocation
Event: 2.203 Executing VM operation: ParallelGCFailedAllocation done
Event: 2.758 loading class com/android/dx/cf/code/BytecodeArray$ConstantParserVisitor
Event: 2.758 loading class com/android/dx/cf/code/BytecodeArray$ConstantParserVisitor done
Event: 3.035 loading class com/android/dx/cf/attrib/AttLocalVariableTypeTable
Event: 3.035 loading class com/android/dx/cf/attrib/AttLocalVariableTypeTable done


Dynamic libraries:
0x00007ff7c80c0000 - 0x00007ff7c80f4000 	C:\Program Files\Java\jdk1.8.0_05\bin\java.exe
0x00007ffb2ad40000 - 0x00007ffb2af01000 	C:\WINDOWS\SYSTEM32\ntdll.dll
0x00007ffb2abe0000 - 0x00007ffb2ac8d000 	C:\WINDOWS\system32\KERNEL32.DLL
0x00007ffb28230000 - 0x00007ffb2840d000 	C:\WINDOWS\system32\KERNELBASE.dll
0x00007ffb2aaa0000 - 0x00007ffb2ab46000 	C:\WINDOWS\system32\ADVAPI32.dll
0x00007ffb28840000 - 0x00007ffb288dd000 	C:\WINDOWS\system32\msvcrt.dll
0x00007ffb2a970000 - 0x00007ffb2a9cb000 	C:\WINDOWS\system32\sechost.dll
0x00007ffb2a410000 - 0x00007ffb2a536000 	C:\WINDOWS\system32\RPCRT4.dll
0x00007ffb2a540000 - 0x00007ffb2a68e000 	C:\WINDOWS\system32\USER32.dll
0x00007ffb2a690000 - 0x00007ffb2a816000 	C:\WINDOWS\system32\GDI32.dll
0x00007ffb1dee0000 - 0x00007ffb1e154000 	C:\WINDOWS\WinSxS\amd64_microsoft.windows.common-controls_6595b64144ccf1df_6.0.10240.16384_none_f41f7b285750ef43\COMCTL32.dll
0x00007ffb2ad00000 - 0x00007ffb2ad36000 	C:\WINDOWS\system32\IMM32.DLL
0x00007ffb2a160000 - 0x00007ffb2a2bc000 	C:\WINDOWS\system32\MSCTF.dll
0x0000000061f60000 - 0x0000000062032000 	C:\Program Files\Java\jdk1.8.0_05\jre\bin\msvcr100.dll
0x00000000623e0000 - 0x0000000062c0a000 	C:\Program Files\Java\jdk1.8.0_05\jre\bin\server\jvm.dll
0x00007ffb2a400000 - 0x00007ffb2a408000 	C:\WINDOWS\system32\PSAPI.DLL
0x00007ffb25790000 - 0x00007ffb25799000 	C:\WINDOWS\SYSTEM32\WSOCK32.dll
0x00007ffb2ab50000 - 0x00007ffb2abb9000 	C:\WINDOWS\system32\WS2_32.dll
0x00007ffb2a9d0000 - 0x00007ffb2a9d8000 	C:\WINDOWS\system32\NSI.dll
0x00007ffb25860000 - 0x00007ffb25883000 	C:\WINDOWS\SYSTEM32\WINMM.dll
0x00007ffb25800000 - 0x00007ffb2582c000 	C:\WINDOWS\SYSTEM32\WINMMBASE.dll
0x00007ffb27af0000 - 0x00007ffb27b34000 	C:\WINDOWS\system32\cfgmgr32.dll
0x00007ffb260e0000 - 0x00007ffb26107000 	C:\WINDOWS\SYSTEM32\DEVOBJ.dll
0x00000000623d0000 - 0x00000000623df000 	C:\Program Files\Java\jdk1.8.0_05\jre\bin\verify.dll
0x00000000623a0000 - 0x00000000623c8000 	C:\Program Files\Java\jdk1.8.0_05\jre\bin\java.dll
0x0000000062380000 - 0x0000000062396000 	C:\Program Files\Java\jdk1.8.0_05\jre\bin\zip.dll
0x00007ffb28c30000 - 0x00007ffb2a152000 	C:\WINDOWS\system32\SHELL32.dll
0x00007ffb27c00000 - 0x00007ffb28229000 	C:\WINDOWS\system32\windows.storage.dll
0x00007ffb288e0000 - 0x00007ffb28b5c000 	C:\WINDOWS\system32\combase.dll
0x00007ffb2a3a0000 - 0x00007ffb2a3f1000 	C:\WINDOWS\system32\shlwapi.dll
0x00007ffb27770000 - 0x00007ffb2777f000 	C:\WINDOWS\system32\kernel.appcore.dll
0x00007ffb27b40000 - 0x00007ffb27bf3000 	C:\WINDOWS\system32\shcore.dll
0x00007ffb277c0000 - 0x00007ffb2780a000 	C:\WINDOWS\system32\powrprof.dll
0x00007ffb27780000 - 0x00007ffb27793000 	C:\WINDOWS\system32\profapi.dll

VM Arguments:
jvm_args: -Xmx1024M -Dfile.encoding=windows-1252 -Duser.country=BR -Duser.language=pt -Duser.variant 
java_command: com.android.dx.command.Main --dex --output E:\GitHub\FitCook\app\build\intermediates\pre-dexed\release\classes-a07341712aae20bb947e9fb24ee734f3e8dcef89.jar E:\GitHub\FitCook\app\build\intermediates\exploded-aar\com.google.android.gms\play-services-appindexing\7.5.0\jars\classes.jar
java_class_path (initial): C:\Program Files (x86)\Android\android-sdk\build-tools\22.0.1\lib\dx.jar
Launcher Type: SUN_STANDARD

Environment Variables:
JAVA_HOME=C:\Program Files\Java\jdk1.8.0_05
PATH=C:\Program Files (x86)\Intel\iCLS Client\;C:\Program Files\Intel\iCLS Client\;C:\WINDOWS\system32;C:\WINDOWS;C:\WINDOWS\System32\Wbem;C:\WINDOWS\System32\WindowsPowerShell\v1.0\;C:\Program Files (x86)\Windows Live\Shared;C:\Program Files (x86)\Intel\OpenCL SDK\2.0\bin\x86;C:\Program Files (x86)\Intel\OpenCL SDK\2.0\bin\x64;C:\Program Files\Intel\Intel(R) Management Engine Components\DAL;C:\Program Files\Intel\Intel(R) Management Engine Components\IPT;C:\Program Files (x86)\Intel\Intel(R) Management Engine Components\DAL;C:\Program Files (x86)\Intel\Intel(R) Management Engine Components\IPT;C:\Program Files\Java\jdk1.8.0_05/bin;C:\Program Files (x86)\Android\android-sdk\platform-tools;C:\Program Files (x86)\Git\cmd;C:\Program Files (x86)\Windows Kits\8.1\Windows Performance Toolkit\;C:\Program Files\Microsoft SQL Server\110\Tools\Binn\;C:\Program Files (x86)\Microsoft SDKs\TypeScript\1.0\;C:\Program Files\Microsoft SQL Server\120\Tools\Binn\;C:\Program Files (x86)\nodejs\;C:\Program Files\Google\Cloud SDK\google-cloud-sdk\bin;C:\Program Files (x86)\Skype\Phone\;C:\Ruby21\bin;C:\Users\Aires\AppData\Roaming\npm
USERNAME=Aires
OS=Windows_NT
PROCESSOR_IDENTIFIER=Intel64 Family 6 Model 58 Stepping 9, GenuineIntel



---------------  S Y S T E M  ---------------

OS: Windows 8.1 , 64 bit Build 9600 

CPU:total 4 (2 cores per cpu, 2 threads per core) family 6 model 58 stepping 9, cmov, cx8, fxsr, mmx, sse, sse2, sse3, ssse3, sse4.1, sse4.2, popcnt, avx, clmul, erms, ht, tsc, tscinvbit

Memory: 4k page, physical 8282396k(1205592k free), swap 8282396k(4176k free)

vm_info: Java HotSpot(TM) 64-Bit Server VM (25.5-b02) for windows-amd64 JRE (1.8.0_05-b13), built on Mar 18 2014 01:08:39 by "java_re" with MS VC++ 10.0 (VS2010)

time: Wed Aug 26 11:39:42 2015
elapsed time: 3 seconds

