#
# There is insufficient memory for the Java Runtime Environment to continue.
# Native memory allocation (malloc) failed to allocate 449136 bytes for Chunk::new
# Possible reasons:
#   The system is out of physical RAM or swap space
#   In 32 bit mode, the process size limit was hit
# Possible solutions:
#   Reduce memory load on the system
#   Increase physical memory or swap space
#   Check if swap backing store is full
#   Use 64 bit Java on a 64 bit OS
#   Decrease Java heap size (-Xmx/-Xms)
#   Decrease number of Java threads
#   Decrease Java thread stack sizes (-Xss)
#   Set larger code cache with -XX:ReservedCodeCacheSize=
# This output file may be truncated or incomplete.
#
#  Out of Memory Error (allocation.cpp:388), pid=7208, tid=8664
#
# JRE version: Java(TM) SE Runtime Environment (8.0_05-b13) (build 1.8.0_05-b13)
# Java VM: Java HotSpot(TM) 64-Bit Server VM (25.5-b02 mixed mode windows-amd64 compressed oops)
# Failed to write core dump. Minidumps are not enabled by default on client versions of Windows
#

---------------  T H R E A D  ---------------

Current thread (0x0000000014a4d000):  JavaThread "C2 CompilerThread0" daemon [_thread_in_native, id=8664, stack(0x0000000015fa0000,0x00000000160a0000)]

Stack: [0x0000000015fa0000,0x00000000160a0000]
Native frames: (J=compiled Java code, j=interpreted, Vv=VM code, C=native code)
V  [jvm.dll+0x308dea]
V  [jvm.dll+0x25def1]
V  [jvm.dll+0x25eb0f]
V  [jvm.dll+0x2564e5]
V  [jvm.dll+0xbcfc5]
V  [jvm.dll+0xbd45c]
V  [jvm.dll+0x44d422]
V  [jvm.dll+0x48e13f]
V  [jvm.dll+0x442464]
V  [jvm.dll+0x44366b]
V  [jvm.dll+0x427532]
V  [jvm.dll+0x96702]
V  [jvm.dll+0x96ef3]
V  [jvm.dll+0x2232c4]
V  [jvm.dll+0x27baca]
C  [msvcr100.dll+0x21d9f]
C  [msvcr100.dll+0x21e3b]
C  [KERNEL32.DLL+0x12d92]
C  [ntdll.dll+0x9f64]


Current CompileTask:
C2:   7201 1443       4       com.android.dx.ssa.DeadCodeRemover::isCircularNoSideEffect (140 bytes)


---------------  P R O C E S S  ---------------

Java Threads: ( => current thread )
  0x0000000014aac800 JavaThread "Service Thread" daemon [_thread_blocked, id=9200, stack(0x00000000162a0000,0x00000000163a0000)]
  0x0000000014aa5000 JavaThread "C1 CompilerThread2" daemon [_thread_blocked, id=1144, stack(0x00000000161a0000,0x00000000162a0000)]
  0x0000000014a9e800 JavaThread "C2 CompilerThread1" daemon [_thread_in_native, id=2616, stack(0x00000000160a0000,0x00000000161a0000)]
=>0x0000000014a4d000 JavaThread "C2 CompilerThread0" daemon [_thread_in_native, id=8664, stack(0x0000000015fa0000,0x00000000160a0000)]
  0x0000000014a4c000 JavaThread "Attach Listener" daemon [_thread_blocked, id=2652, stack(0x0000000015ea0000,0x0000000015fa0000)]
  0x0000000014a4a800 JavaThread "Signal Dispatcher" daemon [_thread_blocked, id=9096, stack(0x0000000015da0000,0x0000000015ea0000)]
  0x0000000002275000 JavaThread "Finalizer" daemon [_thread_blocked, id=8696, stack(0x0000000015ca0000,0x0000000015da0000)]
  0x0000000002269000 JavaThread "Reference Handler" daemon [_thread_blocked, id=8724, stack(0x0000000015ba0000,0x0000000015ca0000)]
  0x000000000237d800 JavaThread "main" [_thread_in_vm, id=6984, stack(0x0000000002020000,0x0000000002120000)]

Other Threads:
  0x0000000014a15000 VMThread [stack: 0x0000000015aa0000,0x0000000015ba0000] [id=8964]
  0x00000000163a1800 WatcherThread [stack: 0x00000000167a0000,0x00000000168a0000] [id=472]

VM state:not at safepoint (normal execution)

VM Mutex/Monitor currently owned by a thread: None

Heap:
 PSYoungGen      total 16384K, used 8647K [0x00000000eab00000, 0x00000000ebe00000, 0x0000000100000000)
  eden space 13312K, 47% used [0x00000000eab00000,0x00000000eb125b48,0x00000000eb800000)
  from space 3072K, 76% used [0x00000000ebb00000,0x00000000ebd4c208,0x00000000ebe00000)
  to   space 3072K, 0% used [0x00000000eb800000,0x00000000eb800000,0x00000000ebb00000)
 ParOldGen       total 129536K, used 3891K [0x00000000c0000000, 0x00000000c7e80000, 0x00000000eab00000)
  object space 129536K, 3% used [0x00000000c0000000,0x00000000c03ccda8,0x00000000c7e80000)
 Metaspace       used 5526K, capacity 6896K, committed 7040K, reserved 1056768K
  class space    used 552K, capacity 616K, committed 640K, reserved 1048576K

Card table byte_map: [0x0000000011740000,0x0000000011950000] byte_map_base: 0x0000000011140000

Marking Bits: (ParMarkBitMap*) 0x0000000062b913b0
 Begin Bits: [0x0000000011eb0000, 0x0000000012eb0000)
 End Bits:   [0x0000000012eb0000, 0x0000000013eb0000)

Polling page: 0x00000000008b0000

CodeCache: size=245760Kb used=5818Kb max_used=5838Kb free=239941Kb
 bounds [0x0000000002380000, 0x0000000002940000, 0x0000000011380000]
 total_blobs=1703 nmethods=1443 adapters=174
 compilation: enabled

Compilation events (10 events):
Event: 7.033 Thread 0x0000000014a4d000 nmethod 1437 0x000000000292e990 code [0x000000000292eb20, 0x000000000292ed20]
Event: 7.033 Thread 0x0000000014a4d000 1440       4       com.android.dx.ssa.SsaMethod::indexListFromLabelList (47 bytes)
Event: 7.051 Thread 0x0000000014a4d000 nmethod 1440 0x000000000291e390 code [0x000000000291e500, 0x000000000291ec58]
Event: 7.053 Thread 0x0000000014a4d000 1441       4       com.android.dx.ssa.DeadCodeRemover::pruneDeadInstructions (246 bytes)
Event: 7.084 Thread 0x0000000014a4d000 nmethod 1441 0x000000000292f550 code [0x000000000292f760, 0x000000000292ffa0]
Event: 7.090 Thread 0x0000000014aa5000 1442   !   3       com.android.dx.rop.code.RegisterSpecSet::remove (30 bytes)
Event: 7.091 Thread 0x0000000014aa5000 nmethod 1442 0x000000000291db90 code [0x000000000291dd20, 0x000000000291e148]
Event: 7.091 Thread 0x0000000014a4d000 1443       4       com.android.dx.ssa.DeadCodeRemover::isCircularNoSideEffect (140 bytes)
Event: 7.117 Thread 0x0000000014aa5000 1446       3       com.android.dx.cf.code.OneLocalsArray::set (10 bytes)
Event: 7.117 Thread 0x0000000014aa5000 nmethod 1446 0x000000000292f010 code [0x000000000292f180, 0x000000000292f3c8]

GC Heap History (10 events):
Event: 1.521 GC heap before
{Heap before GC invocations=6 (full 0):
 PSYoungGen      total 2560K, used 2547K [0x00000000eab00000, 0x00000000eb200000, 0x0000000100000000)
  eden space 2048K, 100% used [0x00000000eab00000,0x00000000ead00000,0x00000000ead00000)
  from space 512K, 97% used [0x00000000ead00000,0x00000000ead7ce30,0x00000000ead80000)
  to   space 1536K, 0% used [0x00000000eb080000,0x00000000eb080000,0x00000000eb200000)
 ParOldGen       total 129536K, used 1371K [0x00000000c0000000, 0x00000000c7e80000, 0x00000000eab00000)
  object space 129536K, 1% used [0x00000000c0000000,0x00000000c0156fc8,0x00000000c7e80000)
 Metaspace       used 4820K, capacity 6224K, committed 6528K, reserved 1056768K
  class space    used 533K, capacity 584K, committed 640K, reserved 1048576K
Event: 1.530 GC heap after
Heap after GC invocations=6 (full 0):
 PSYoungGen      total 5632K, used 1328K [0x00000000eab00000, 0x00000000eb200000, 0x0000000100000000)
  eden space 4096K, 0% used [0x00000000eab00000,0x00000000eab00000,0x00000000eaf00000)
  from space 1536K, 86% used [0x00000000eb080000,0x00000000eb1cc350,0x00000000eb200000)
  to   space 1536K, 0% used [0x00000000eaf00000,0x00000000eaf00000,0x00000000eb080000)
 ParOldGen       total 129536K, used 1379K [0x00000000c0000000, 0x00000000c7e80000, 0x00000000eab00000)
  object space 129536K, 1% used [0x00000000c0000000,0x00000000c0158fc8,0x00000000c7e80000)
 Metaspace       used 4820K, capacity 6224K, committed 6528K, reserved 1056768K
  class space    used 533K, capacity 584K, committed 640K, reserved 1048576K
}
Event: 2.507 GC heap before
{Heap before GC invocations=7 (full 0):
 PSYoungGen      total 5632K, used 5424K [0x00000000eab00000, 0x00000000eb200000, 0x0000000100000000)
  eden space 4096K, 100% used [0x00000000eab00000,0x00000000eaf00000,0x00000000eaf00000)
  from space 1536K, 86% used [0x00000000eb080000,0x00000000eb1cc350,0x00000000eb200000)
  to   space 1536K, 0% used [0x00000000eaf00000,0x00000000eaf00000,0x00000000eb080000)
 ParOldGen       total 129536K, used 1379K [0x00000000c0000000, 0x00000000c7e80000, 0x00000000eab00000)
  object space 129536K, 1% used [0x00000000c0000000,0x00000000c0158fc8,0x00000000c7e80000)
 Metaspace       used 5200K, capacity 6576K, committed 6784K, reserved 1056768K
  class space    used 547K, capacity 616K, committed 640K, reserved 1048576K
Event: 2.593 GC heap after
Heap after GC invocations=7 (full 0):
 PSYoungGen      total 5632K, used 1395K [0x00000000eab00000, 0x00000000eb700000, 0x0000000100000000)
  eden space 4096K, 0% used [0x00000000eab00000,0x00000000eab00000,0x00000000eaf00000)
  from space 1536K, 90% used [0x00000000eaf00000,0x00000000eb05ce48,0x00000000eb080000)
  to   space 2048K, 0% used [0x00000000eb500000,0x00000000eb500000,0x00000000eb700000)
 ParOldGen       total 129536K, used 1640K [0x00000000c0000000, 0x00000000c7e80000, 0x00000000eab00000)
  object space 129536K, 1% used [0x00000000c0000000,0x00000000c019a060,0x00000000c7e80000)
 Metaspace       used 5200K, capacity 6576K, committed 6784K, reserved 1056768K
  class space    used 547K, capacity 616K, committed 640K, reserved 1048576K
}
Event: 3.195 GC heap before
{Heap before GC invocations=8 (full 0):
 PSYoungGen      total 5632K, used 5491K [0x00000000eab00000, 0x00000000eb700000, 0x0000000100000000)
  eden space 4096K, 100% used [0x00000000eab00000,0x00000000eaf00000,0x00000000eaf00000)
  from space 1536K, 90% used [0x00000000eaf00000,0x00000000eb05ce48,0x00000000eb080000)
  to   space 2048K, 0% used [0x00000000eb500000,0x00000000eb500000,0x00000000eb700000)
 ParOldGen       total 129536K, used 1640K [0x00000000c0000000, 0x00000000c7e80000, 0x00000000eab00000)
  object space 129536K, 1% used [0x00000000c0000000,0x00000000c019a060,0x00000000c7e80000)
 Metaspace       used 5304K, capacity 6640K, committed 6784K, reserved 1056768K
  class space    used 548K, capacity 616K, committed 640K, reserved 1048576K
Event: 3.283 GC heap after
Heap after GC invocations=8 (full 0):
 PSYoungGen      total 10240K, used 1824K [0x00000000eab00000, 0x00000000eb700000, 0x0000000100000000)
  eden space 8192K, 0% used [0x00000000eab00000,0x00000000eab00000,0x00000000eb300000)
  from space 2048K, 89% used [0x00000000eb500000,0x00000000eb6c8018,0x00000000eb700000)
  to   space 2048K, 0% used [0x00000000eb300000,0x00000000eb300000,0x00000000eb500000)
 ParOldGen       total 129536K, used 1747K [0x00000000c0000000, 0x00000000c7e80000, 0x00000000eab00000)
  object space 129536K, 1% used [0x00000000c0000000,0x00000000c01b4e90,0x00000000c7e80000)
 Metaspace       used 5304K, capacity 6640K, committed 6784K, reserved 1056768K
  class space    used 548K, capacity 616K, committed 640K, reserved 1048576K
}
Event: 4.401 GC heap before
{Heap before GC invocations=9 (full 0):
 PSYoungGen      total 10240K, used 10016K [0x00000000eab00000, 0x00000000eb700000, 0x0000000100000000)
  eden space 8192K, 100% used [0x00000000eab00000,0x00000000eb300000,0x00000000eb300000)
  from space 2048K, 89% used [0x00000000eb500000,0x00000000eb6c8018,0x00000000eb700000)
  to   space 2048K, 0% used [0x00000000eb300000,0x00000000eb300000,0x00000000eb500000)
 ParOldGen       total 129536K, used 1747K [0x00000000c0000000, 0x00000000c7e80000, 0x00000000eab00000)
  object space 129536K, 1% used [0x00000000c0000000,0x00000000c01b4e90,0x00000000c7e80000)
 Metaspace       used 5377K, capacity 6704K, committed 6784K, reserved 1056768K
  class space    used 548K, capacity 616K, committed 640K, reserved 1048576K
Event: 4.508 GC heap after
Heap after GC invocations=9 (full 0):
 PSYoungGen      total 10240K, used 2040K [0x00000000eab00000, 0x00000000ebe00000, 0x0000000100000000)
  eden space 8192K, 0% used [0x00000000eab00000,0x00000000eab00000,0x00000000eb300000)
  from space 2048K, 99% used [0x00000000eb300000,0x00000000eb4fe0f8,0x00000000eb500000)
  to   space 3072K, 0% used [0x00000000ebb00000,0x00000000ebb00000,0x00000000ebe00000)
 ParOldGen       total 129536K, used 2725K [0x00000000c0000000, 0x00000000c7e80000, 0x00000000eab00000)
  object space 129536K, 2% used [0x00000000c0000000,0x00000000c02a97e8,0x00000000c7e80000)
 Metaspace       used 5377K, capacity 6704K, committed 6784K, reserved 1056768K
  class space    used 548K, capacity 616K, committed 640K, reserved 1048576K
}
Event: 6.125 GC heap before
{Heap before GC invocations=10 (full 0):
 PSYoungGen      total 10240K, used 10232K [0x00000000eab00000, 0x00000000ebe00000, 0x0000000100000000)
  eden space 8192K, 100% used [0x00000000eab00000,0x00000000eb300000,0x00000000eb300000)
  from space 2048K, 99% used [0x00000000eb300000,0x00000000eb4fe0f8,0x00000000eb500000)
  to   space 3072K, 0% used [0x00000000ebb00000,0x00000000ebb00000,0x00000000ebe00000)
 ParOldGen       total 129536K, used 2725K [0x00000000c0000000, 0x00000000c7e80000, 0x00000000eab00000)
  object space 129536K, 2% used [0x00000000c0000000,0x00000000c02a97e8,0x00000000c7e80000)
 Metaspace       used 5454K, capacity 6832K, committed 7040K, reserved 1056768K
  class space    used 552K, capacity 616K, committed 640K, reserved 1048576K
Event: 6.271 GC heap after
Heap after GC invocations=10 (full 0):
 PSYoungGen      total 16384K, used 2352K [0x00000000eab00000, 0x00000000ebe00000, 0x0000000100000000)
  eden space 13312K, 0% used [0x00000000eab00000,0x00000000eab00000,0x00000000eb800000)
  from space 3072K, 76% used [0x00000000ebb00000,0x00000000ebd4c208,0x00000000ebe00000)
  to   space 3072K, 0% used [0x00000000eb800000,0x00000000eb800000,0x00000000ebb00000)
 ParOldGen       total 129536K, used 3891K [0x00000000c0000000, 0x00000000c7e80000, 0x00000000eab00000)
  object space 129536K, 3% used [0x00000000c0000000,0x00000000c03ccda8,0x00000000c7e80000)
 Metaspace       used 5454K, capacity 6832K, committed 7040K, reserved 1056768K
  class space    used 552K, capacity 616K, committed 640K, reserved 1048576K
}

Deoptimization events (3 events):
Event: 3.595 Thread 0x000000000237d800 Uncommon trap: reason=null_check action=make_not_entrant pc=0x00000000026d2ce0 method=com.android.dx.rop.type.Type.equals(Ljava/lang/Object;)Z @ 8
Event: 4.024 Thread 0x000000000237d800 Uncommon trap: reason=unreached action=reinterpret pc=0x00000000026fe89c method=com.android.dx.rop.cst.Constant.compareTo(Lcom/android/dx/rop/cst/Constant;)I @ 12
Event: 4.631 Thread 0x000000000237d800 Uncommon trap: reason=null_check action=make_not_entrant pc=0x00000000026dc82c method=com.android.dx.ssa.SsaRenamer.getLocalForNewReg(I)Lcom/android/dx/rop/code/LocalItem; @ 19

Internal exceptions (10 events):
Event: 3.180 Thread 0x000000000237d800 Exception <a 'java/security/PrivilegedActionException'> (0x00000000eaea1e68) thrown at [D:\re\workspace\8-2-build-windows-amd64-cygwin\jdk8u5\2488\hotspot\src\share\vm\prims\jvm.cpp, line 1248]
Event: 3.595 Thread 0x000000000237d800 Implicit null exception at 0x00000000026d2be2 to 0x00000000026d2cd2
Event: 4.631 Thread 0x000000000237d800 Implicit null exception at 0x00000000026da477 to 0x00000000026dc805
Event: 5.674 Thread 0x000000000237d800 Exception <a 'java/security/PrivilegedActionException'> (0x00000000eb02ef48) thrown at [D:\re\workspace\8-2-build-windows-amd64-cygwin\jdk8u5\2488\hotspot\src\share\vm\prims\jvm.cpp, line 1248]
Event: 5.677 Thread 0x000000000237d800 Exception <a 'java/security/PrivilegedActionException'> (0x00000000eb036840) thrown at [D:\re\workspace\8-2-build-windows-amd64-cygwin\jdk8u5\2488\hotspot\src\share\vm\prims\jvm.cpp, line 1248]
Event: 5.677 Thread 0x000000000237d800 Exception <a 'java/security/PrivilegedActionException'> (0x00000000eb03b9e0) thrown at [D:\re\workspace\8-2-build-windows-amd64-cygwin\jdk8u5\2488\hotspot\src\share\vm\prims\jvm.cpp, line 1248]
Event: 5.834 Thread 0x000000000237d800 Exception <a 'java/security/PrivilegedActionException'> (0x00000000eb134e88) thrown at [D:\re\workspace\8-2-build-windows-amd64-cygwin\jdk8u5\2488\hotspot\src\share\vm\prims\jvm.cpp, line 1248]
Event: 5.835 Thread 0x000000000237d800 Exception <a 'java/security/PrivilegedActionException'> (0x00000000eb13a950) thrown at [D:\re\workspace\8-2-build-windows-amd64-cygwin\jdk8u5\2488\hotspot\src\share\vm\prims\jvm.cpp, line 1248]
Event: 5.836 Thread 0x000000000237d800 Exception <a 'java/security/PrivilegedActionException'> (0x00000000eb1401d0) thrown at [D:\re\workspace\8-2-build-windows-amd64-cygwin\jdk8u5\2488\hotspot\src\share\vm\prims\jvm.cpp, line 1248]
Event: 6.353 Thread 0x000000000237d800 Exception <a 'java/security/PrivilegedActionException'> (0x00000000eacc1120) thrown at [D:\re\workspace\8-2-build-windows-amd64-cygwin\jdk8u5\2488\hotspot\src\share\vm\prims\jvm.cpp, line 1248]

Events (10 events):
Event: 5.835 loading class com/android/dx/dex/file/UniformListItem
Event: 5.835 loading class com/android/dx/dex/file/UniformListItem done
Event: 5.836 loading class com/android/dx/dex/file/AnnotationSetRefItem
Event: 5.836 loading class com/android/dx/dex/file/AnnotationSetRefItem done
Event: 6.125 Executing VM operation: ParallelGCFailedAllocation
Event: 6.271 Executing VM operation: ParallelGCFailedAllocation done
Event: 6.317 Thread 0x000000000237d800 DEOPT PACKING pc=0x000000000270b50b sp=0x000000000211e660
Event: 6.317 Thread 0x000000000237d800 DEOPT UNPACKING pc=0x00000000023c7604 sp=0x000000000211e428 mode 0
Event: 6.353 loading class com/android/dx/cf/code/SwitchList
Event: 6.353 loading class com/android/dx/cf/code/SwitchList done


Dynamic libraries:
0x00007ff7c80c0000 - 0x00007ff7c80f4000 	C:\Program Files\Java\jdk1.8.0_05\bin\java.exe
0x00007ffb2ad40000 - 0x00007ffb2af01000 	C:\WINDOWS\SYSTEM32\ntdll.dll
0x00007ffb2abe0000 - 0x00007ffb2ac8d000 	C:\WINDOWS\system32\KERNEL32.DLL
0x00007ffb28230000 - 0x00007ffb2840d000 	C:\WINDOWS\system32\KERNELBASE.dll
0x00007ffb2aaa0000 - 0x00007ffb2ab46000 	C:\WINDOWS\system32\ADVAPI32.dll
0x00007ffb28840000 - 0x00007ffb288dd000 	C:\WINDOWS\system32\msvcrt.dll
0x00007ffb2a970000 - 0x00007ffb2a9cb000 	C:\WINDOWS\system32\sechost.dll
0x00007ffb2a410000 - 0x00007ffb2a536000 	C:\WINDOWS\system32\RPCRT4.dll
0x00007ffb2a540000 - 0x00007ffb2a68e000 	C:\WINDOWS\system32\USER32.dll
0x00007ffb2a690000 - 0x00007ffb2a816000 	C:\WINDOWS\system32\GDI32.dll
0x00007ffb1dee0000 - 0x00007ffb1e154000 	C:\WINDOWS\WinSxS\amd64_microsoft.windows.common-controls_6595b64144ccf1df_6.0.10240.16384_none_f41f7b285750ef43\COMCTL32.dll
0x00007ffb2ad00000 - 0x00007ffb2ad36000 	C:\WINDOWS\system32\IMM32.DLL
0x00007ffb2a160000 - 0x00007ffb2a2bc000 	C:\WINDOWS\system32\MSCTF.dll
0x0000000061f60000 - 0x0000000062032000 	C:\Program Files\Java\jdk1.8.0_05\jre\bin\msvcr100.dll
0x00000000623e0000 - 0x0000000062c0a000 	C:\Program Files\Java\jdk1.8.0_05\jre\bin\server\jvm.dll
0x00007ffb2a400000 - 0x00007ffb2a408000 	C:\WINDOWS\system32\PSAPI.DLL
0x00007ffb25790000 - 0x00007ffb25799000 	C:\WINDOWS\SYSTEM32\WSOCK32.dll
0x00007ffb2ab50000 - 0x00007ffb2abb9000 	C:\WINDOWS\system32\WS2_32.dll
0x00007ffb2a9d0000 - 0x00007ffb2a9d8000 	C:\WINDOWS\system32\NSI.dll
0x00007ffb25860000 - 0x00007ffb25883000 	C:\WINDOWS\SYSTEM32\WINMM.dll
0x00007ffb25800000 - 0x00007ffb2582c000 	C:\WINDOWS\SYSTEM32\WINMMBASE.dll
0x00007ffb27af0000 - 0x00007ffb27b34000 	C:\WINDOWS\system32\cfgmgr32.dll
0x00007ffb260e0000 - 0x00007ffb26107000 	C:\WINDOWS\SYSTEM32\DEVOBJ.dll
0x00000000623d0000 - 0x00000000623df000 	C:\Program Files\Java\jdk1.8.0_05\jre\bin\verify.dll
0x00000000623a0000 - 0x00000000623c8000 	C:\Program Files\Java\jdk1.8.0_05\jre\bin\java.dll
0x0000000062380000 - 0x0000000062396000 	C:\Program Files\Java\jdk1.8.0_05\jre\bin\zip.dll
0x00007ffb28c30000 - 0x00007ffb2a152000 	C:\WINDOWS\system32\SHELL32.dll
0x00007ffb27c00000 - 0x00007ffb28229000 	C:\WINDOWS\system32\windows.storage.dll
0x00007ffb288e0000 - 0x00007ffb28b5c000 	C:\WINDOWS\system32\combase.dll
0x00007ffb2a3a0000 - 0x00007ffb2a3f1000 	C:\WINDOWS\system32\shlwapi.dll
0x00007ffb27770000 - 0x00007ffb2777f000 	C:\WINDOWS\system32\kernel.appcore.dll
0x00007ffb27b40000 - 0x00007ffb27bf3000 	C:\WINDOWS\system32\shcore.dll
0x00007ffb277c0000 - 0x00007ffb2780a000 	C:\WINDOWS\system32\powrprof.dll
0x00007ffb27780000 - 0x00007ffb27793000 	C:\WINDOWS\system32\profapi.dll
0x00007ffb07da0000 - 0x00007ffb07f2a000 	C:\WINDOWS\SYSTEM32\dbghelp.dll

VM Arguments:
jvm_args: -Xmx1024M -Dfile.encoding=windows-1252 -Duser.country=BR -Duser.language=pt -Duser.variant 
java_command: com.android.dx.command.Main --dex --output E:\GitHub\FitCook\app\build\intermediates\pre-dexed\release\classes-05f2ef4752114c7e1612dcc0ebacf7d4b26112b8.jar E:\GitHub\FitCook\app\build\intermediates\exploded-aar\com.android.support\mediarouter-v7\22.0.0\jars\classes.jar
java_class_path (initial): C:\Program Files (x86)\Android\android-sdk\build-tools\22.0.1\lib\dx.jar
Launcher Type: SUN_STANDARD

Environment Variables:
JAVA_HOME=C:\Program Files\Java\jdk1.8.0_05
PATH=C:\Program Files (x86)\Intel\iCLS Client\;C:\Program Files\Intel\iCLS Client\;C:\WINDOWS\system32;C:\WINDOWS;C:\WINDOWS\System32\Wbem;C:\WINDOWS\System32\WindowsPowerShell\v1.0\;C:\Program Files (x86)\Windows Live\Shared;C:\Program Files (x86)\Intel\OpenCL SDK\2.0\bin\x86;C:\Program Files (x86)\Intel\OpenCL SDK\2.0\bin\x64;C:\Program Files\Intel\Intel(R) Management Engine Components\DAL;C:\Program Files\Intel\Intel(R) Management Engine Components\IPT;C:\Program Files (x86)\Intel\Intel(R) Management Engine Components\DAL;C:\Program Files (x86)\Intel\Intel(R) Management Engine Components\IPT;C:\Program Files\Java\jdk1.8.0_05/bin;C:\Program Files (x86)\Android\android-sdk\platform-tools;C:\Program Files (x86)\Git\cmd;C:\Program Files (x86)\Windows Kits\8.1\Windows Performance Toolkit\;C:\Program Files\Microsoft SQL Server\110\Tools\Binn\;C:\Program Files (x86)\Microsoft SDKs\TypeScript\1.0\;C:\Program Files\Microsoft SQL Server\120\Tools\Binn\;C:\Program Files (x86)\nodejs\;C:\Program Files\Google\Cloud SDK\google-cloud-sdk\bin;C:\Program Files (x86)\Skype\Phone\;C:\Ruby21\bin;C:\Users\Aires\AppData\Roaming\npm
USERNAME=Aires
OS=Windows_NT
PROCESSOR_IDENTIFIER=Intel64 Family 6 Model 58 Stepping 9, GenuineIntel



---------------  S Y S T E M  ---------------

OS: Windows 8.1 , 64 bit Build 9600 

CPU:total 4 (2 cores per cpu, 2 threads per core) family 6 model 58 stepping 9, cmov, cx8, fxsr, mmx, sse, sse2, sse3, ssse3, sse4.1, sse4.2, popcnt, avx, clmul, erms, ht, tsc, tscinvbit

Memory: 4k page, physical 8282396k(1181752k free), swap 8282396k(9944k free)

vm_info: Java HotSpot(TM) 64-Bit Server VM (25.5-b02) for windows-amd64 JRE (1.8.0_05-b13), built on Mar 18 2014 01:08:39 by "java_re" with MS VC++ 10.0 (VS2010)

time: Wed Aug 26 11:40:25 2015
elapsed time: 7 seconds

