#
# A fatal error has been detected by the Java Runtime Environment:
#
#  EXCEPTION_ACCESS_VIOLATION (0xc0000005) at pc=0x0000000076032357, pid=5896, tid=3144
#
# JRE version: Java(TM) SE Runtime Environment (8.0_05-b13) (build 1.8.0_05-b13)
# Java VM: Java HotSpot(TM) 64-Bit Server VM (25.5-b02 mixed mode windows-amd64 compressed oops)
# Problematic frame:
# V  [jvm.dll+0x1f2357]
#
# Failed to write core dump. Minidumps are not enabled by default on client versions of Windows
#
# If you would like to submit a bug report, please visit:
#   http://bugreport.sun.com/bugreport/crash.jsp
#

---------------  T H R E A D  ---------------

Current thread (0x0000000016383800):  JavaThread "pool-1-thread-2" [_thread_in_vm, id=3144, stack(0x0000000016830000,0x0000000016930000)]

siginfo: ExceptionCode=0xc0000005, writing address 0x0000000016929540

Registers:
RAX=0x0000000016929540, RBX=0x0000000000000007, RCX=0x0000000000006000, RDX=0x0000000000000006
RSP=0x000000001692f540, RBP=0x0000000000000000, RSI=0x000000001692f540, RDI=0x0000000000000007
R8 =0x0000000000000006, R9 =0x000000001637cf40, R10=0x0000000013e4be48, R11=0x000000001683a148
R12=0x000000001637cf40, R13=0x0000000016383800, R14=0x000000001692f608, R15=0x0000000013e4be48
RIP=0x0000000076032357, EFLAGS=0x0000000000010202

Top of Stack: (sp=0x000000001692f540)
0x000000001692f540:   0000000000000000 0000000000000000
0x000000001692f550:   0000000016383800 000000001637cf40
0x000000001692f560:   00000000ffffffff 0000000076033287
0x000000001692f570:   000000001692f670 0000000013e4be48
0x000000001692f580:   0000000016383800 0000000075eeffd3
0x000000001692f590:   000000001692f5d0 0000000016383800
0x000000001692f5a0:   000000001692f660 0000000016383800
0x000000001692f5b0:   0000000013e4be48 0000000016383800
0x000000001692f5c0:   00000000020e0780 0000000016383800
0x000000001692f5d0:   0000000013e4be48 0000000016383800
0x000000001692f5e0:   0000000013e4be48 0000000016383800
0x000000001692f5f0:   0000000000000001 0000000013e4be48
0x000000001692f600:   0000000016383800 0000000016131ce0
0x000000001692f610:   0000000016383800 0000000075ef14bd
0x000000001692f620:   000000001692f928 0000000100006448
0x000000001692f630:   0000000100006448 0000000000000000 

Instructions: (pc=0x0000000076032357)
0x0000000076032337:   48 89 6c 24 30 33 ed 66 90 e8 fb 4d 08 00 ff c3
0x0000000076032347:   48 63 c8 48 8b c6 48 0f af cf 48 ff c7 48 2b c1
0x0000000076032357:   89 28 48 63 c3 48 3b 05 9d 68 55 00 7e db 48 8b
0x0000000076032367:   6c 24 30 48 8b 5c 24 38 48 8b 74 24 40 48 83 c4 


Register to memory mapping:

RAX=0x0000000016929540 is pointing into the stack for thread: 0x0000000016383800
RBX=0x0000000000000007 is an unknown value
RCX=0x0000000000006000 is an unknown value
RDX=0x0000000000000006 is an unknown value
RSP=0x000000001692f540 is pointing into the stack for thread: 0x0000000016383800
RBP=0x0000000000000000 is an unknown value
RSI=0x000000001692f540 is pointing into the stack for thread: 0x0000000016383800
RDI=0x0000000000000007 is an unknown value
R8 =0x0000000000000006 is an unknown value
R9 =0x000000001637cf40 is an unknown value
R10=0x0000000013e4be48 is an unknown value
R11=0x000000001683a148 is pointing into the stack for thread: 0x0000000016383800
R12=0x000000001637cf40 is an unknown value
R13=0x0000000016383800 is a thread
R14=0x000000001692f608 is pointing into the stack for thread: 0x0000000016383800
R15=0x0000000013e4be48 is an unknown value


Stack: [0x0000000016830000,0x0000000016930000],  sp=0x000000001692f540,  free space=1021k
Native frames: (J=compiled Java code, j=interpreted, Vv=VM code, C=native code)


---------------  P R O C E S S  ---------------

Java Threads: ( => current thread )
  0x0000000016388800 JavaThread "pool-1-thread-4" [_thread_in_vm, id=944, stack(0x0000000016a30000,0x0000000016b30000)]
  0x0000000016384000 JavaThread "pool-1-thread-3" [_thread_blocked, id=1868, stack(0x0000000016930000,0x0000000016a30000)]
=>0x0000000016383800 JavaThread "pool-1-thread-2" [_thread_in_vm, id=3144, stack(0x0000000016830000,0x0000000016930000)]
  0x0000000016382800 JavaThread "pool-2-thread-1" [_thread_in_vm, id=1288, stack(0x0000000016730000,0x0000000016830000)]
  0x000000001637e000 JavaThread "pool-1-thread-1" [_thread_in_vm, id=3264, stack(0x0000000016630000,0x0000000016730000)]
  0x000000001481c800 JavaThread "Service Thread" daemon [_thread_blocked, id=6864, stack(0x0000000016030000,0x0000000016130000)]
  0x0000000014814800 JavaThread "C1 CompilerThread2" daemon [_thread_in_vm, id=5544, stack(0x0000000015f30000,0x0000000016030000)]
  0x000000001480e800 JavaThread "C2 CompilerThread1" daemon [_thread_blocked, id=1056, stack(0x0000000015e30000,0x0000000015f30000)]
  0x00000000147bd000 JavaThread "C2 CompilerThread0" daemon [_thread_in_native, id=5664, stack(0x0000000015d30000,0x0000000015e30000)]
  0x00000000147bb800 JavaThread "Attach Listener" daemon [_thread_blocked, id=7560, stack(0x0000000015c30000,0x0000000015d30000)]
  0x00000000147ba800 JavaThread "Signal Dispatcher" daemon [_thread_blocked, id=5016, stack(0x0000000015b30000,0x0000000015c30000)]
  0x00000000020c5000 JavaThread "Finalizer" daemon [_thread_blocked, id=2796, stack(0x0000000015a20000,0x0000000015b20000)]
  0x00000000020b9000 JavaThread "Reference Handler" daemon [_thread_blocked, id=1472, stack(0x0000000015920000,0x0000000015a20000)]
  0x0000000001fcd800 JavaThread "main" [_thread_blocked, id=6116, stack(0x0000000001eb0000,0x0000000001fb0000)]

Other Threads:
  0x0000000014785000 VMThread [stack: 0x0000000015820000,0x0000000015920000] [id=880]
  0x000000001481e800 WatcherThread [stack: 0x0000000016530000,0x0000000016630000] [id=5012]

VM state:not at safepoint (normal execution)

VM Mutex/Monitor currently owned by a thread:  ([mutex/lock_event])
[0x0000000001fcbce0] CodeCache_lock - owner thread: 0x0000000014814800
[0x0000000001fd1d50] Compile_lock - owner thread: 0x0000000014814800
[0x0000000001fd1950] MethodCompileQueue_lock - owner thread: 0x0000000014814800

Heap:
 PSYoungGen      total 2560K, used 677K [0x00000000eab00000, 0x00000000eae00000, 0x0000000100000000)
  eden space 2048K, 9% used [0x00000000eab00000,0x00000000eab2fb00,0x00000000ead00000)
  from space 512K, 95% used [0x00000000ead80000,0x00000000eadf9c50,0x00000000eae00000)
  to   space 512K, 0% used [0x00000000ead00000,0x00000000ead00000,0x00000000ead80000)
 ParOldGen       total 129536K, used 803K [0x00000000c0000000, 0x00000000c7e80000, 0x00000000eab00000)
  object space 129536K, 0% used [0x00000000c0000000,0x00000000c00c8df8,0x00000000c7e80000)
 Metaspace       used 3688K, capacity 5104K, committed 5376K, reserved 1056768K
  class space    used 420K, capacity 488K, committed 512K, reserved 1048576K

Card table byte_map: [0x0000000011490000,0x00000000116a0000] byte_map_base: 0x0000000010e90000

Marking Bits: (ParMarkBitMap*) 0x00000000765f13b0
 Begin Bits: [0x0000000011c00000, 0x0000000012c00000)
 End Bits:   [0x0000000012c00000, 0x0000000013c00000)

Polling page: 0x0000000000650000

CodeCache: size=245760Kb used=1510Kb max_used=1510Kb free=244249Kb
 bounds [0x00000000020d0000, 0x0000000002340000, 0x00000000110d0000]
 total_blobs=445 nmethods=192 adapters=166
 compilation: enabled

Compilation events (10 events):
Event: 2.653 Thread 0x0000000014814800 nmethod 189 0x0000000002237ed0 code [0x0000000002238020, 0x0000000002238170]
Event: 2.653 Thread 0x0000000014814800  188       1       com.android.dx.cf.direct.DirectClassFile::getBytes (5 bytes)
Event: 2.653 Thread 0x0000000014814800 nmethod 188 0x00000000022381d0 code [0x0000000002238320, 0x0000000002238430]
Event: 2.663 Thread 0x0000000014814800  190       3       java.util.zip.ZipCoder::getBytes (192 bytes)
Event: 2.666 Thread 0x0000000014814800 nmethod 190 0x0000000002238490 code [0x0000000002238820, 0x000000000223a8f8]
Event: 2.667 Thread 0x0000000014814800  192       3       com.android.dx.rop.cst.CstString::utf8BytesToString (391 bytes)
Event: 2.668 Thread 0x000000001480e800  195       4       com.android.dx.util.ByteArray::checkOffsets (66 bytes)
Event: 2.669 Thread 0x000000001480e800 nmethod 195 0x000000000223e9d0 code [0x000000000223eb00, 0x000000000223eb98]
Event: 2.669 Thread 0x0000000014814800 nmethod 192 0x000000000223cb50 code [0x000000000223ce00, 0x000000000223df38]
Event: 2.669 Thread 0x0000000014814800  193   !   3       com.android.dx.cf.cst.ConstantPoolParser::parse0 (731 bytes)

GC Heap History (8 events):
Event: 1.355 GC heap before
{Heap before GC invocations=1 (full 0):
 PSYoungGen      total 1024K, used 512K [0x00000000eab00000, 0x00000000eac80000, 0x0000000100000000)
  eden space 512K, 100% used [0x00000000eab00000,0x00000000eab80000,0x00000000eab80000)
  from space 512K, 0% used [0x00000000eac00000,0x00000000eac00000,0x00000000eac80000)
  to   space 512K, 0% used [0x00000000eab80000,0x00000000eab80000,0x00000000eac00000)
 ParOldGen       total 129536K, used 0K [0x00000000c0000000, 0x00000000c7e80000, 0x00000000eab00000)
  object space 129536K, 0% used [0x00000000c0000000,0x00000000c0000000,0x00000000c7e80000)
 Metaspace       used 2522K, capacity 4480K, committed 4480K, reserved 1056768K
  class space    used 273K, capacity 384K, committed 384K, reserved 1048576K
Event: 1.406 GC heap after
Heap after GC invocations=1 (full 0):
 PSYoungGen      total 1024K, used 432K [0x00000000eab00000, 0x00000000ead00000, 0x0000000100000000)
  eden space 512K, 0% used [0x00000000eab00000,0x00000000eab00000,0x00000000eab80000)
  from space 512K, 84% used [0x00000000eab80000,0x00000000eabec010,0x00000000eac00000)
  to   space 512K, 0% used [0x00000000eac80000,0x00000000eac80000,0x00000000ead00000)
 ParOldGen       total 129536K, used 0K [0x00000000c0000000, 0x00000000c7e80000, 0x00000000eab00000)
  object space 129536K, 0% used [0x00000000c0000000,0x00000000c0000000,0x00000000c7e80000)
 Metaspace       used 2522K, capacity 4480K, committed 4480K, reserved 1056768K
  class space    used 273K, capacity 384K, committed 384K, reserved 1048576K
}
Event: 1.577 GC heap before
{Heap before GC invocations=2 (full 0):
 PSYoungGen      total 1024K, used 944K [0x00000000eab00000, 0x00000000ead00000, 0x0000000100000000)
  eden space 512K, 100% used [0x00000000eab00000,0x00000000eab80000,0x00000000eab80000)
  from space 512K, 84% used [0x00000000eab80000,0x00000000eabec010,0x00000000eac00000)
  to   space 512K, 0% used [0x00000000eac80000,0x00000000eac80000,0x00000000ead00000)
 ParOldGen       total 129536K, used 0K [0x00000000c0000000, 0x00000000c7e80000, 0x00000000eab00000)
  object space 129536K, 0% used [0x00000000c0000000,0x00000000c0000000,0x00000000c7e80000)
 Metaspace       used 2922K, capacity 4656K, committed 4864K, reserved 1056768K
  class space    used 319K, capacity 424K, committed 512K, reserved 1048576K
Event: 1.706 GC heap after
Heap after GC invocations=2 (full 0):
 PSYoungGen      total 1536K, used 512K [0x00000000eab00000, 0x00000000ead00000, 0x0000000100000000)
  eden space 1024K, 0% used [0x00000000eab00000,0x00000000eab00000,0x00000000eac00000)
  from space 512K, 100% used [0x00000000eac80000,0x00000000ead00000,0x00000000ead00000)
  to   space 512K, 0% used [0x00000000eac00000,0x00000000eac00000,0x00000000eac80000)
 ParOldGen       total 129536K, used 106K [0x00000000c0000000, 0x00000000c7e80000, 0x00000000eab00000)
  object space 129536K, 0% used [0x00000000c0000000,0x00000000c001a928,0x00000000c7e80000)
 Metaspace       used 2922K, capacity 4656K, committed 4864K, reserved 1056768K
  class space    used 319K, capacity 424K, committed 512K, reserved 1048576K
}
Event: 2.146 GC heap before
{Heap before GC invocations=3 (full 0):
 PSYoungGen      total 1536K, used 1533K [0x00000000eab00000, 0x00000000ead00000, 0x0000000100000000)
  eden space 1024K, 99% used [0x00000000eab00000,0x00000000eabff720,0x00000000eac00000)
  from space 512K, 100% used [0x00000000eac80000,0x00000000ead00000,0x00000000ead00000)
  to   space 512K, 0% used [0x00000000eac00000,0x00000000eac00000,0x00000000eac80000)
 ParOldGen       total 129536K, used 106K [0x00000000c0000000, 0x00000000c7e80000, 0x00000000eab00000)
  object space 129536K, 0% used [0x00000000c0000000,0x00000000c001a928,0x00000000c7e80000)
 Metaspace       used 3399K, capacity 4880K, committed 5120K, reserved 1056768K
  class space    used 380K, capacity 456K, committed 512K, reserved 1048576K
Event: 2.286 GC heap after
Heap after GC invocations=3 (full 0):
 PSYoungGen      total 1536K, used 506K [0x00000000eab00000, 0x00000000eae00000, 0x0000000100000000)
  eden space 1024K, 0% used [0x00000000eab00000,0x00000000eab00000,0x00000000eac00000)
  from space 512K, 98% used [0x00000000eac00000,0x00000000eac7ea80,0x00000000eac80000)
  to   space 512K, 0% used [0x00000000ead80000,0x00000000ead80000,0x00000000eae00000)
 ParOldGen       total 129536K, used 448K [0x00000000c0000000, 0x00000000c7e80000, 0x00000000eab00000)
  object space 129536K, 0% used [0x00000000c0000000,0x00000000c0070230,0x00000000c7e80000)
 Metaspace       used 3399K, capacity 4880K, committed 5120K, reserved 1056768K
  class space    used 380K, capacity 456K, committed 512K, reserved 1048576K
}
Event: 3.087 GC heap before
{Heap before GC invocations=4 (full 0):
 PSYoungGen      total 1536K, used 1523K [0x00000000eab00000, 0x00000000eae00000, 0x0000000100000000)
  eden space 1024K, 99% used [0x00000000eab00000,0x00000000eabfe3c0,0x00000000eac00000)
  from space 512K, 98% used [0x00000000eac00000,0x00000000eac7ea80,0x00000000eac80000)
  to   space 512K, 0% used [0x00000000ead80000,0x00000000ead80000,0x00000000eae00000)
 ParOldGen       total 129536K, used 448K [0x00000000c0000000, 0x00000000c7e80000, 0x00000000eab00000)
  object space 129536K, 0% used [0x00000000c0000000,0x00000000c0070230,0x00000000c7e80000)
 Metaspace       used 3682K, capacity 5104K, committed 5376K, reserved 1056768K
  class space    used 420K, capacity 488K, committed 512K, reserved 1048576K
Event: 3.242 GC heap after
Heap after GC invocations=4 (full 0):
 PSYoungGen      total 2560K, used 487K [0x00000000eab00000, 0x00000000eae00000, 0x0000000100000000)
  eden space 2048K, 0% used [0x00000000eab00000,0x00000000eab00000,0x00000000ead00000)
  from space 512K, 95% used [0x00000000ead80000,0x00000000eadf9c50,0x00000000eae00000)
  to   space 512K, 0% used [0x00000000ead00000,0x00000000ead00000,0x00000000ead80000)
 ParOldGen       total 129536K, used 803K [0x00000000c0000000, 0x00000000c7e80000, 0x00000000eab00000)
  object space 129536K, 0% used [0x00000000c0000000,0x00000000c00c8df8,0x00000000c7e80000)
 Metaspace       used 3682K, capacity 5104K, committed 5376K, reserved 1056768K
  class space    used 420K, capacity 488K, committed 512K, reserved 1048576K
}

Deoptimization events (0 events):
No events

Internal exceptions (10 events):
Event: 2.506 Thread 0x0000000001fcd800 Exception <a 'java/security/PrivilegedActionException'> (0x00000000eabab2f0) thrown at [D:\re\workspace\8-2-build-windows-amd64-cygwin\jdk8u5\2488\hotspot\src\share\vm\prims\jvm.cpp, line 1248]
Event: 2.602 Thread 0x0000000001fcd800 Exception <a 'java/security/PrivilegedActionException'> (0x00000000eabad8e8) thrown at [D:\re\workspace\8-2-build-windows-amd64-cygwin\jdk8u5\2488\hotspot\src\share\vm\prims\jvm.cpp, line 1248]
Event: 2.605 Thread 0x0000000001fcd800 Exception <a 'java/security/PrivilegedActionException'> (0x00000000eabb1a10) thrown at [D:\re\workspace\8-2-build-windows-amd64-cygwin\jdk8u5\2488\hotspot\src\share\vm\prims\jvm.cpp, line 1248]
Event: 2.608 Thread 0x0000000001fcd800 Exception <a 'java/security/PrivilegedActionException'> (0x00000000eabb8248) thrown at [D:\re\workspace\8-2-build-windows-amd64-cygwin\jdk8u5\2488\hotspot\src\share\vm\prims\jvm.cpp, line 1248]
Event: 2.609 Thread 0x0000000001fcd800 Exception <a 'java/security/PrivilegedActionException'> (0x00000000eabbafd0) thrown at [D:\re\workspace\8-2-build-windows-amd64-cygwin\jdk8u5\2488\hotspot\src\share\vm\prims\jvm.cpp, line 1248]
Event: 2.609 Thread 0x0000000001fcd800 Exception <a 'java/security/PrivilegedActionException'> (0x00000000eabbe150) thrown at [D:\re\workspace\8-2-build-windows-amd64-cygwin\jdk8u5\2488\hotspot\src\share\vm\prims\jvm.cpp, line 1248]
Event: 2.652 Thread 0x0000000001fcd800 Exception <a 'java/security/PrivilegedActionException'> (0x00000000eabcd820) thrown at [D:\re\workspace\8-2-build-windows-amd64-cygwin\jdk8u5\2488\hotspot\src\share\vm\prims\jvm.cpp, line 1248]
Event: 2.671 Thread 0x0000000001fcd800 Exception <a 'java/security/PrivilegedActionException'> (0x00000000eabe51f0) thrown at [D:\re\workspace\8-2-build-windows-amd64-cygwin\jdk8u5\2488\hotspot\src\share\vm\prims\jvm.cpp, line 1248]
Event: 2.673 Thread 0x0000000001fcd800 Exception <a 'java/security/PrivilegedActionException'> (0x00000000eabe94b0) thrown at [D:\re\workspace\8-2-build-windows-amd64-cygwin\jdk8u5\2488\hotspot\src\share\vm\prims\jvm.cpp, line 1248]
Event: 2.674 Thread 0x0000000001fcd800 Exception <a 'java/security/PrivilegedActionException'> (0x00000000eabecc98) thrown at [D:\re\workspace\8-2-build-windows-amd64-cygwin\jdk8u5\2488\hotspot\src\share\vm\prims\jvm.cpp, line 1248]

Events (10 events):
Event: 2.652 loading class com/android/dx/cf/attrib/RawAttribute done
Event: 2.662 Thread 0x0000000016388800 Thread added: 0x0000000016388800
Event: 2.671 loading class com/android/dx/cf/direct/DirectClassFile$DcfTypeList
Event: 2.671 loading class com/android/dx/cf/direct/DirectClassFile$DcfTypeList done
Event: 2.673 loading class com/android/dx/cf/attrib/AttSignature
Event: 2.673 loading class com/android/dx/cf/attrib/AttSignature done
Event: 2.674 loading class com/android/dx/cf/code/ByteCatchList$Item
Event: 2.674 loading class com/android/dx/cf/code/ByteCatchList$Item done
Event: 2.678 Executing VM operation: ParallelGCFailedAllocation
Event: 3.242 Executing VM operation: ParallelGCFailedAllocation done


Dynamic libraries:
0x00007ff793670000 - 0x00007ff7936a4000 	C:\Program Files\Java\jdk1.8.0_05\bin\java.exe
0x00007fff8a4a0000 - 0x00007fff8a661000 	C:\WINDOWS\SYSTEM32\ntdll.dll
0x00007fff87bd0000 - 0x00007fff87c7d000 	C:\WINDOWS\system32\KERNEL32.DLL
0x00007fff86f70000 - 0x00007fff8714d000 	C:\WINDOWS\system32\KERNELBASE.dll
0x00007fff894f0000 - 0x00007fff89596000 	C:\WINDOWS\system32\ADVAPI32.dll
0x00007fff8a310000 - 0x00007fff8a3ad000 	C:\WINDOWS\system32\msvcrt.dll
0x00007fff87b70000 - 0x00007fff87bcb000 	C:\WINDOWS\system32\sechost.dll
0x00007fff898b0000 - 0x00007fff899d6000 	C:\WINDOWS\system32\RPCRT4.dll
0x00007fff89b30000 - 0x00007fff89c7e000 	C:\WINDOWS\system32\USER32.dll
0x00007fff892a0000 - 0x00007fff89426000 	C:\WINDOWS\system32\GDI32.dll
0x00007fff7cbd0000 - 0x00007fff7ce44000 	C:\WINDOWS\WinSxS\amd64_microsoft.windows.common-controls_6595b64144ccf1df_6.0.10240.16384_none_f41f7b285750ef43\COMCTL32.dll
0x00007fff87c80000 - 0x00007fff87cb6000 	C:\WINDOWS\system32\IMM32.DLL
0x00007fff895a0000 - 0x00007fff896fc000 	C:\WINDOWS\system32\MSCTF.dll
0x00000000759c0000 - 0x0000000075a92000 	C:\Program Files\Java\jdk1.8.0_05\jre\bin\msvcr100.dll
0x0000000075e40000 - 0x000000007666a000 	C:\Program Files\Java\jdk1.8.0_05\jre\bin\server\jvm.dll
0x00007fff8a3b0000 - 0x00007fff8a3b8000 	C:\WINDOWS\system32\PSAPI.DLL
0x00007fff83e20000 - 0x00007fff83e29000 	C:\WINDOWS\SYSTEM32\WSOCK32.dll
0x00007fff89eb0000 - 0x00007fff89f19000 	C:\WINDOWS\system32\WS2_32.dll
0x00007fff8a3c0000 - 0x00007fff8a3c8000 	C:\WINDOWS\system32\NSI.dll
0x00007fff85250000 - 0x00007fff85273000 	C:\WINDOWS\SYSTEM32\WINMM.dll
0x00007fff85220000 - 0x00007fff8524c000 	C:\WINDOWS\SYSTEM32\WINMMBASE.dll
0x00007fff87150000 - 0x00007fff87194000 	C:\WINDOWS\system32\cfgmgr32.dll
0x00007fff851c0000 - 0x00007fff851e7000 	C:\WINDOWS\SYSTEM32\DEVOBJ.dll
0x0000000075e30000 - 0x0000000075e3f000 	C:\Program Files\Java\jdk1.8.0_05\jre\bin\verify.dll
0x0000000075e00000 - 0x0000000075e28000 	C:\Program Files\Java\jdk1.8.0_05\jre\bin\java.dll
0x0000000075de0000 - 0x0000000075df6000 	C:\Program Files\Java\jdk1.8.0_05\jre\bin\zip.dll
0x00007fff87d70000 - 0x00007fff89291000 	C:\WINDOWS\system32\SHELL32.dll
0x00007fff87420000 - 0x00007fff87a49000 	C:\WINDOWS\system32\windows.storage.dll
0x00007fff8a070000 - 0x00007fff8a2ec000 	C:\WINDOWS\system32\combase.dll
0x00007fff8a3e0000 - 0x00007fff8a431000 	C:\WINDOWS\system32\shlwapi.dll
0x00007fff86ed0000 - 0x00007fff86edf000 	C:\WINDOWS\system32\kernel.appcore.dll
0x00007fff87a50000 - 0x00007fff87b03000 	C:\WINDOWS\system32\shcore.dll
0x00007fff86f20000 - 0x00007fff86f6a000 	C:\WINDOWS\system32\powrprof.dll
0x00007fff86f00000 - 0x00007fff86f13000 	C:\WINDOWS\system32\profapi.dll

VM Arguments:
jvm_args: -Xmx1024M -Dfile.encoding=windows-1252 -Duser.country=BR -Duser.language=pt -Duser.variant 
java_command: com.android.dx.command.Main --dex --num-threads=4 --output E:\GitHub\FitCook\app\build\intermediates\pre-dexed\debug\classes-05f2ef4752114c7e1612dcc0ebacf7d4b26112b8.jar E:\GitHub\FitCook\app\build\intermediates\exploded-aar\com.android.support\mediarouter-v7\22.0.0\jars\classes.jar
java_class_path (initial): C:\Program Files (x86)\Android\android-sdk\build-tools\23.0.0_rc2\lib\dx.jar
Launcher Type: SUN_STANDARD

Environment Variables:
JAVA_HOME=C:\Program Files\Java\jdk1.8.0_05
PATH=C:\Program Files (x86)\Intel\iCLS Client\;C:\Program Files\Intel\iCLS Client\;C:\WINDOWS\system32;C:\WINDOWS;C:\WINDOWS\System32\Wbem;C:\WINDOWS\System32\WindowsPowerShell\v1.0\;C:\Program Files (x86)\Windows Live\Shared;C:\Program Files (x86)\Intel\OpenCL SDK\2.0\bin\x86;C:\Program Files (x86)\Intel\OpenCL SDK\2.0\bin\x64;C:\Program Files\Intel\Intel(R) Management Engine Components\DAL;C:\Program Files\Intel\Intel(R) Management Engine Components\IPT;C:\Program Files (x86)\Intel\Intel(R) Management Engine Components\DAL;C:\Program Files (x86)\Intel\Intel(R) Management Engine Components\IPT;C:\Program Files\Java\jdk1.8.0_05/bin;C:\Program Files (x86)\Android\android-sdk\platform-tools;C:\Program Files (x86)\Git\cmd;C:\Program Files (x86)\Skype\Phone\;C:\Program Files (x86)\Windows Kits\8.1\Windows Performance Toolkit\;C:\Program Files\Microsoft SQL Server\110\Tools\Binn\;C:\Program Files (x86)\Microsoft SDKs\TypeScript\1.0\;C:\Program Files\Microsoft SQL Server\120\Tools\Binn\;C:\Program Files (x86)\nodejs\;C:\Ruby21\bin;C:\Users\Aires\AppData\Roaming\npm
USERNAME=Aires
OS=Windows_NT
PROCESSOR_IDENTIFIER=Intel64 Family 6 Model 58 Stepping 9, GenuineIntel



---------------  S Y S T E M  ---------------

OS: Windows 8.1 , 64 bit Build 9600 

CPU:total 4 (2 cores per cpu, 2 threads per core) family 6 model 58 stepping 9, cmov, cx8, fxsr, mmx, sse, sse2, sse3, ssse3, sse4.1, sse4.2, popcnt, avx, clmul, erms, ht, tsc, tscinvbit

Memory: 4k page, physical 8282396k(1551896k free), swap 8282396k(4084k free)

vm_info: Java HotSpot(TM) 64-Bit Server VM (25.5-b02) for windows-amd64 JRE (1.8.0_05-b13), built on Mar 18 2014 01:08:39 by "java_re" with MS VC++ 10.0 (VS2010)

time: Tue Aug 11 18:25:39 2015
elapsed time: 3 seconds

