#
# There is insufficient memory for the Java Runtime Environment to continue.
# Native memory allocation (malloc) failed to allocate 32744 bytes for ChunkPool::allocate
# Possible reasons:
#   The system is out of physical RAM or swap space
#   In 32 bit mode, the process size limit was hit
# Possible solutions:
#   Reduce memory load on the system
#   Increase physical memory or swap space
#   Check if swap backing store is full
#   Use 64 bit Java on a 64 bit OS
#   Decrease Java heap size (-Xmx/-Xms)
#   Decrease number of Java threads
#   Decrease Java thread stack sizes (-Xss)
#   Set larger code cache with -XX:ReservedCodeCacheSize=
# This output file may be truncated or incomplete.
#
#  Out of Memory Error (allocation.cpp:271), pid=4504, tid=3104
#
# JRE version: Java(TM) SE Runtime Environment (8.0_05-b13) (build 1.8.0_05-b13)
# Java VM: Java HotSpot(TM) 64-Bit Server VM (25.5-b02 mixed mode windows-amd64 compressed oops)
# Failed to write core dump. Minidumps are not enabled by default on client versions of Windows
#

---------------  T H R E A D  ---------------

Current thread (0x000000001486f800):  JavaThread "C2 CompilerThread1" daemon [_thread_in_vm, id=3104, stack(0x0000000015ed0000,0x0000000015fd0000)]

Stack: [0x0000000015ed0000,0x0000000015fd0000]
Native frames: (J=compiled Java code, j=interpreted, Vv=VM code, C=native code)
V  [jvm.dll+0x308dea]
V  [jvm.dll+0x25def1]
V  [jvm.dll+0x25eb0f]
V  [jvm.dll+0x2564e5]
V  [jvm.dll+0xbcd21]
V  [jvm.dll+0xbd45c]
V  [jvm.dll+0x44e048]
V  [jvm.dll+0x38d8e]
V  [jvm.dll+0x26157]
V  [jvm.dll+0x2623a]
V  [jvm.dll+0x3bf1e]
V  [jvm.dll+0x3fee9]
V  [jvm.dll+0x417aa]
V  [jvm.dll+0x42a2a]
V  [jvm.dll+0x438fd]
V  [jvm.dll+0x43d1b]
V  [jvm.dll+0x43e3e]
V  [jvm.dll+0x2e5fe]
V  [jvm.dll+0x42623e]
V  [jvm.dll+0x427082]
V  [jvm.dll+0x44aa20]
V  [jvm.dll+0x44b237]
V  [jvm.dll+0x4d1519]
V  [jvm.dll+0x4ca067]
V  [jvm.dll+0x4ca3e9]
V  [jvm.dll+0x4ca945]
V  [jvm.dll+0x428461]
V  [jvm.dll+0x44b2bd]
V  [jvm.dll+0x4d1519]
V  [jvm.dll+0x4ca067]
V  [jvm.dll+0x4ca3e9]
V  [jvm.dll+0x4ca945]
V  [jvm.dll+0x428461]
V  [jvm.dll+0x44b2bd]
V  [jvm.dll+0x4d1519]
V  [jvm.dll+0x4ca067]
V  [jvm.dll+0x4ca3e9]
V  [jvm.dll+0x4ca945]
V  [jvm.dll+0x428461]
V  [jvm.dll+0x44b2bd]
V  [jvm.dll+0x4d1519]
V  [jvm.dll+0x4ca067]
V  [jvm.dll+0x4ca3e9]
V  [jvm.dll+0x4ca945]
V  [jvm.dll+0x428461]
V  [jvm.dll+0x44b2bd]
V  [jvm.dll+0x4d1519]
V  [jvm.dll+0x4ca067]
V  [jvm.dll+0x4ca3e9]
V  [jvm.dll+0x4ca945]
V  [jvm.dll+0x428461]
V  [jvm.dll+0x428ba2]
V  [jvm.dll+0x44b2bd]
V  [jvm.dll+0x4d1519]
V  [jvm.dll+0x4ca067]
V  [jvm.dll+0x4ca3e9]
V  [jvm.dll+0x4ca945]
V  [jvm.dll+0x428461]
V  [jvm.dll+0x428ba2]
V  [jvm.dll+0x44b2bd]
V  [jvm.dll+0x4d1519]
V  [jvm.dll+0x4ca067]
V  [jvm.dll+0x4ca3e9]
V  [jvm.dll+0x4ca945]
V  [jvm.dll+0x428461]
V  [jvm.dll+0x443468]
V  [jvm.dll+0x427532]
V  [jvm.dll+0x96702]
V  [jvm.dll+0x96ef3]
V  [jvm.dll+0x2232c4]
V  [jvm.dll+0x27baca]
C  [msvcr100.dll+0x21d9f]
C  [msvcr100.dll+0x21e3b]
C  [KERNEL32.DLL+0x12d92]
C  [ntdll.dll+0x9f64]


Current CompileTask:
C2:   2206  749       4       com.android.dx.ssa.SsaBasicBlock::forEachInsn (37 bytes)


---------------  P R O C E S S  ---------------

Java Threads: ( => current thread )
  0x0000000016339000 JavaThread "pool-1-thread-4" [_thread_blocked, id=7488, stack(0x0000000016ad0000,0x0000000016bd0000)]
  0x000000001632b800 JavaThread "pool-1-thread-3" [_thread_blocked, id=752, stack(0x00000000169d0000,0x0000000016ad0000)]
  0x0000000016327000 JavaThread "pool-1-thread-2" [_thread_blocked, id=4092, stack(0x00000000168d0000,0x00000000169d0000)]
  0x0000000016326000 JavaThread "pool-2-thread-1" [_thread_blocked, id=2928, stack(0x00000000167d0000,0x00000000168d0000)]
  0x0000000016320000 JavaThread "pool-1-thread-1" [_thread_blocked, id=6652, stack(0x00000000166d0000,0x00000000167d0000)]
  0x00000000160d4800 JavaThread "Service Thread" daemon [_thread_blocked, id=6956, stack(0x00000000164d0000,0x00000000165d0000)]
  0x00000000148c3800 JavaThread "C1 CompilerThread2" daemon [_thread_in_native, id=4516, stack(0x0000000015fd0000,0x00000000160d0000)]
=>0x000000001486f800 JavaThread "C2 CompilerThread1" daemon [_thread_in_vm, id=3104, stack(0x0000000015ed0000,0x0000000015fd0000)]
  0x000000001486c000 JavaThread "C2 CompilerThread0" daemon [_thread_in_native, id=5552, stack(0x0000000015dd0000,0x0000000015ed0000)]
  0x000000001486a800 JavaThread "Attach Listener" daemon [_thread_blocked, id=7784, stack(0x0000000015cd0000,0x0000000015dd0000)]
  0x0000000014869800 JavaThread "Signal Dispatcher" daemon [_thread_blocked, id=4216, stack(0x0000000015bd0000,0x0000000015cd0000)]
  0x000000000218f800 JavaThread "Finalizer" daemon [_thread_blocked, id=4484, stack(0x0000000015ad0000,0x0000000015bd0000)]
  0x0000000002189000 JavaThread "Reference Handler" daemon [_thread_blocked, id=6424, stack(0x00000000159d0000,0x0000000015ad0000)]
  0x000000000060d800 JavaThread "main" [_thread_in_vm, id=5856, stack(0x0000000001fa0000,0x00000000020a0000)]

Other Threads:
  0x0000000014835000 VMThread [stack: 0x00000000158d0000,0x00000000159d0000] [id=3820]
  0x00000000160d7800 WatcherThread [stack: 0x00000000165d0000,0x00000000166d0000] [id=7604]

VM state:not at safepoint (normal execution)

VM Mutex/Monitor currently owned by a thread:  ([mutex/lock_event])
[0x00000000020a0a50] MethodData_lock - owner thread: 0x000000000060d800

Heap:
 PSYoungGen      total 5632K, used 2980K [0x00000000eab00000, 0x00000000eb200000, 0x0000000100000000)
  eden space 4096K, 36% used [0x00000000eab00000,0x00000000eac71020,0x00000000eaf00000)
  from space 1536K, 97% used [0x00000000eaf00000,0x00000000eb078360,0x00000000eb080000)
  to   space 1536K, 0% used [0x00000000eb080000,0x00000000eb080000,0x00000000eb200000)
 ParOldGen       total 129536K, used 1726K [0x00000000c0000000, 0x00000000c7e80000, 0x00000000eab00000)
  object space 129536K, 1% used [0x00000000c0000000,0x00000000c01afa40,0x00000000c7e80000)
 Metaspace       used 5410K, capacity 6576K, committed 6784K, reserved 1056768K
  class space    used 577K, capacity 616K, committed 640K, reserved 1048576K

Card table byte_map: [0x0000000011560000,0x0000000011770000] byte_map_base: 0x0000000010f60000

Marking Bits: (ParMarkBitMap*) 0x00000000765f13b0
 Begin Bits: [0x0000000011cd0000, 0x0000000012cd0000)
 End Bits:   [0x0000000012cd0000, 0x0000000013cd0000)

Polling page: 0x00000000005b0000

CodeCache: size=245760Kb used=2773Kb max_used=2785Kb free=242986Kb
 bounds [0x00000000021a0000, 0x0000000002460000, 0x00000000111a0000]
 total_blobs=1011 nmethods=747 adapters=178
 compilation: enabled

Compilation events (10 events):
Event: 1.962 Thread 0x000000001486c000 nmethod 747 0x00000000024473d0 code [0x0000000002447520, 0x0000000002447788]
Event: 1.962 Thread 0x000000001486c000  751       4       com.android.dx.util.BitIntSet::ensureCapacity (51 bytes)
Event: 1.966 Thread 0x000000001486c000 nmethod 751 0x0000000002459010 code [0x0000000002459160, 0x0000000002459338]
Event: 1.966 Thread 0x000000001486c000  752   !   4       com.android.dx.util.FixedSizeList::<init> (36 bytes)
Event: 1.968 Thread 0x000000001486c000 nmethod 752 0x0000000002447010 code [0x0000000002447160, 0x0000000002447298]
Event: 2.133 Thread 0x000000001486c000  754       4       com.android.dx.util.ByteArray::getUnsignedShort (25 bytes)
Event: 2.135 Thread 0x000000001486c000 nmethod 754 0x0000000002458c90 code [0x0000000002458de0, 0x0000000002458ef8]
Event: 2.135 Thread 0x000000001486c000  757       4       com.android.dx.rop.code.RegisterSpec::getCategory (13 bytes)
Event: 2.136 Thread 0x000000001486c000 nmethod 757 0x0000000002458990 code [0x0000000002458ae0, 0x0000000002458bb8]
Event: 2.136 Thread 0x000000001486c000  755       4       com.android.dx.ssa.SsaBasicBlock::isReachable (29 bytes)

GC Heap History (10 events):
Event: 0.537 GC heap before
{Heap before GC invocations=3 (full 0):
 PSYoungGen      total 1536K, used 1520K [0x00000000eab00000, 0x00000000ead00000, 0x0000000100000000)
  eden space 1024K, 100% used [0x00000000eab00000,0x00000000eac00000,0x00000000eac00000)
  from space 512K, 96% used [0x00000000eac80000,0x00000000eacfc010,0x00000000ead00000)
  to   space 512K, 0% used [0x00000000eac00000,0x00000000eac00000,0x00000000eac80000)
 ParOldGen       total 129536K, used 122K [0x00000000c0000000, 0x00000000c7e80000, 0x00000000eab00000)
  object space 129536K, 0% used [0x00000000c0000000,0x00000000c001e928,0x00000000c7e80000)
 Metaspace       used 3389K, capacity 4784K, committed 5120K, reserved 1056768K
  class space    used 378K, capacity 424K, committed 512K, reserved 1048576K
Event: 0.551 GC heap after
Heap after GC invocations=3 (full 0):
 PSYoungGen      total 1536K, used 480K [0x00000000eab00000, 0x00000000eae00000, 0x0000000100000000)
  eden space 1024K, 0% used [0x00000000eab00000,0x00000000eab00000,0x00000000eac00000)
  from space 512K, 93% used [0x00000000eac00000,0x00000000eac78020,0x00000000eac80000)
  to   space 512K, 0% used [0x00000000ead80000,0x00000000ead80000,0x00000000eae00000)
 ParOldGen       total 129536K, used 494K [0x00000000c0000000, 0x00000000c7e80000, 0x00000000eab00000)
  object space 129536K, 0% used [0x00000000c0000000,0x00000000c007bb78,0x00000000c7e80000)
 Metaspace       used 3389K, capacity 4784K, committed 5120K, reserved 1056768K
  class space    used 378K, capacity 424K, committed 512K, reserved 1048576K
}
Event: 0.838 GC heap before
{Heap before GC invocations=4 (full 0):
 PSYoungGen      total 1536K, used 1504K [0x00000000eab00000, 0x00000000eae00000, 0x0000000100000000)
  eden space 1024K, 100% used [0x00000000eab00000,0x00000000eac00000,0x00000000eac00000)
  from space 512K, 93% used [0x00000000eac00000,0x00000000eac78020,0x00000000eac80000)
  to   space 512K, 0% used [0x00000000ead80000,0x00000000ead80000,0x00000000eae00000)
 ParOldGen       total 129536K, used 494K [0x00000000c0000000, 0x00000000c7e80000, 0x00000000eab00000)
  object space 129536K, 0% used [0x00000000c0000000,0x00000000c007bb78,0x00000000c7e80000)
 Metaspace       used 3673K, capacity 5104K, committed 5376K, reserved 1056768K
  class space    used 419K, capacity 488K, committed 512K, reserved 1048576K
Event: 0.855 GC heap after
Heap after GC invocations=4 (full 0):
 PSYoungGen      total 2560K, used 499K [0x00000000eab00000, 0x00000000eae00000, 0x0000000100000000)
  eden space 2048K, 0% used [0x00000000eab00000,0x00000000eab00000,0x00000000ead00000)
  from space 512K, 97% used [0x00000000ead80000,0x00000000eadfce50,0x00000000eae00000)
  to   space 512K, 0% used [0x00000000ead00000,0x00000000ead00000,0x00000000ead80000)
 ParOldGen       total 129536K, used 827K [0x00000000c0000000, 0x00000000c7e80000, 0x00000000eab00000)
  object space 129536K, 0% used [0x00000000c0000000,0x00000000c00ced38,0x00000000c7e80000)
 Metaspace       used 3673K, capacity 5104K, committed 5376K, reserved 1056768K
  class space    used 419K, capacity 488K, committed 512K, reserved 1048576K
}
Event: 0.989 GC heap before
{Heap before GC invocations=5 (full 0):
 PSYoungGen      total 2560K, used 2547K [0x00000000eab00000, 0x00000000eae00000, 0x0000000100000000)
  eden space 2048K, 100% used [0x00000000eab00000,0x00000000ead00000,0x00000000ead00000)
  from space 512K, 97% used [0x00000000ead80000,0x00000000eadfce50,0x00000000eae00000)
  to   space 512K, 0% used [0x00000000ead00000,0x00000000ead00000,0x00000000ead80000)
 ParOldGen       total 129536K, used 827K [0x00000000c0000000, 0x00000000c7e80000, 0x00000000eab00000)
  object space 129536K, 0% used [0x00000000c0000000,0x00000000c00ced38,0x00000000c7e80000)
 Metaspace       used 4170K, capacity 5520K, committed 5760K, reserved 1056768K
  class space    used 472K, capacity 520K, committed 640K, reserved 1048576K
Event: 1.090 GC heap after
Heap after GC invocations=5 (full 0):
 PSYoungGen      total 2560K, used 480K [0x00000000eab00000, 0x00000000eb200000, 0x0000000100000000)
  eden space 2048K, 0% used [0x00000000eab00000,0x00000000eab00000,0x00000000ead00000)
  from space 512K, 93% used [0x00000000ead00000,0x00000000ead78020,0x00000000ead80000)
  to   space 1536K, 0% used [0x00000000eb080000,0x00000000eb080000,0x00000000eb200000)
 ParOldGen       total 129536K, used 1526K [0x00000000c0000000, 0x00000000c7e80000, 0x00000000eab00000)
  object space 129536K, 1% used [0x00000000c0000000,0x00000000c017da78,0x00000000c7e80000)
 Metaspace       used 4170K, capacity 5520K, committed 5760K, reserved 1056768K
  class space    used 472K, capacity 520K, committed 640K, reserved 1048576K
}
Event: 1.325 GC heap before
{Heap before GC invocations=6 (full 0):
 PSYoungGen      total 2560K, used 2528K [0x00000000eab00000, 0x00000000eb200000, 0x0000000100000000)
  eden space 2048K, 100% used [0x00000000eab00000,0x00000000ead00000,0x00000000ead00000)
  from space 512K, 93% used [0x00000000ead00000,0x00000000ead78020,0x00000000ead80000)
  to   space 1536K, 0% used [0x00000000eb080000,0x00000000eb080000,0x00000000eb200000)
 ParOldGen       total 129536K, used 1526K [0x00000000c0000000, 0x00000000c7e80000, 0x00000000eab00000)
  object space 129536K, 1% used [0x00000000c0000000,0x00000000c017da78,0x00000000c7e80000)
 Metaspace       used 4808K, capacity 6032K, committed 6272K, reserved 1056768K
  class space    used 539K, capacity 584K, committed 640K, reserved 1048576K
Event: 1.464 GC heap after
Heap after GC invocations=6 (full 0):
 PSYoungGen      total 5632K, used 1197K [0x00000000eab00000, 0x00000000eb200000, 0x0000000100000000)
  eden space 4096K, 0% used [0x00000000eab00000,0x00000000eab00000,0x00000000eaf00000)
  from space 1536K, 77% used [0x00000000eb080000,0x00000000eb1ab628,0x00000000eb200000)
  to   space 1536K, 0% used [0x00000000eaf00000,0x00000000eaf00000,0x00000000eb080000)
 ParOldGen       total 129536K, used 1526K [0x00000000c0000000, 0x00000000c7e80000, 0x00000000eab00000)
  object space 129536K, 1% used [0x00000000c0000000,0x00000000c017da78,0x00000000c7e80000)
 Metaspace       used 4808K, capacity 6032K, committed 6272K, reserved 1056768K
  class space    used 539K, capacity 584K, committed 640K, reserved 1048576K
}
Event: 2.102 GC heap before
{Heap before GC invocations=7 (full 0):
 PSYoungGen      total 5632K, used 5293K [0x00000000eab00000, 0x00000000eb200000, 0x0000000100000000)
  eden space 4096K, 100% used [0x00000000eab00000,0x00000000eaf00000,0x00000000eaf00000)
  from space 1536K, 77% used [0x00000000eb080000,0x00000000eb1ab628,0x00000000eb200000)
  to   space 1536K, 0% used [0x00000000eaf00000,0x00000000eaf00000,0x00000000eb080000)
 ParOldGen       total 129536K, used 1526K [0x00000000c0000000, 0x00000000c7e80000, 0x00000000eab00000)
  object space 129536K, 1% used [0x00000000c0000000,0x00000000c017da78,0x00000000c7e80000)
 Metaspace       used 5392K, capacity 6576K, committed 6784K, reserved 1056768K
  class space    used 577K, capacity 616K, committed 640K, reserved 1048576K
Event: 2.131 GC heap after
Heap after GC invocations=7 (full 0):
 PSYoungGen      total 5632K, used 1504K [0x00000000eab00000, 0x00000000eb200000, 0x0000000100000000)
  eden space 4096K, 0% used [0x00000000eab00000,0x00000000eab00000,0x00000000eaf00000)
  from space 1536K, 97% used [0x00000000eaf00000,0x00000000eb078360,0x00000000eb080000)
  to   space 1536K, 0% used [0x00000000eb080000,0x00000000eb080000,0x00000000eb200000)
 ParOldGen       total 129536K, used 1726K [0x00000000c0000000, 0x00000000c7e80000, 0x00000000eab00000)
  object space 129536K, 1% used [0x00000000c0000000,0x00000000c01afa40,0x00000000c7e80000)
 Metaspace       used 5392K, capacity 6576K, committed 6784K, reserved 1056768K
  class space    used 577K, capacity 616K, committed 640K, reserved 1048576K
}

Deoptimization events (0 events):
No events

Internal exceptions (10 events):
Event: 1.638 Thread 0x000000001632b800 Exception <a 'java/security/PrivilegedActionException'> (0x00000000eac0a9f8) thrown at [D:\re\workspace\8-2-build-windows-amd64-cygwin\jdk8u5\2488\hotspot\src\share\vm\prims\jvm.cpp, line 1248]
Event: 1.638 Thread 0x000000001632b800 Exception <a 'java/security/PrivilegedActionException'> (0x00000000eac46460) thrown at [D:\re\workspace\8-2-build-windows-amd64-cygwin\jdk8u5\2488\hotspot\src\share\vm\prims\jvm.cpp, line 1248]
Event: 1.640 Thread 0x0000000016339000 Exception <a 'java/security/PrivilegedActionException'> (0x00000000eab252e0) thrown at [D:\re\workspace\8-2-build-windows-amd64-cygwin\jdk8u5\2488\hotspot\src\share\vm\prims\jvm.cpp, line 1248]
Event: 1.641 Thread 0x000000000060d800 Exception <a 'java/security/PrivilegedActionException'> (0x00000000eabf98e0) thrown at [D:\re\workspace\8-2-build-windows-amd64-cygwin\jdk8u5\2488\hotspot\src\share\vm\prims\jvm.cpp, line 1248]
Event: 1.643 Thread 0x000000000060d800 Exception <a 'java/security/PrivilegedActionException'> (0x00000000eabfd798) thrown at [D:\re\workspace\8-2-build-windows-amd64-cygwin\jdk8u5\2488\hotspot\src\share\vm\prims\jvm.cpp, line 1248]
Event: 1.643 Thread 0x0000000016327000 Exception <a 'java/security/PrivilegedActionException'> (0x00000000eac48d98) thrown at [D:\re\workspace\8-2-build-windows-amd64-cygwin\jdk8u5\2488\hotspot\src\share\vm\prims\jvm.cpp, line 1248]
Event: 1.647 Thread 0x0000000016327000 Exception <a 'java/security/PrivilegedActionException'> (0x00000000eac68ae8) thrown at [D:\re\workspace\8-2-build-windows-amd64-cygwin\jdk8u5\2488\hotspot\src\share\vm\prims\jvm.cpp, line 1248]
Event: 1.651 Thread 0x0000000016320000 Exception <a 'java/security/PrivilegedActionException'> (0x00000000eac2cc20) thrown at [D:\re\workspace\8-2-build-windows-amd64-cygwin\jdk8u5\2488\hotspot\src\share\vm\prims\jvm.cpp, line 1248]
Event: 1.652 Thread 0x0000000016327000 Exception <a 'java/security/PrivilegedActionException'> (0x00000000eac93d28) thrown at [D:\re\workspace\8-2-build-windows-amd64-cygwin\jdk8u5\2488\hotspot\src\share\vm\prims\jvm.cpp, line 1248]
Event: 1.858 Thread 0x000000001632b800 Exception <a 'java/security/PrivilegedActionException'> (0x00000000eadb1890) thrown at [D:\re\workspace\8-2-build-windows-amd64-cygwin\jdk8u5\2488\hotspot\src\share\vm\prims\jvm.cpp, line 1248]

Events (10 events):
Event: 1.857 loading class java/util/TreeMap$EntryIterator
Event: 1.857 loading class java/util/TreeMap$EntryIterator done
Event: 1.858 loading class com/android/dx/ssa/back/FirstFitLocalCombiningAllocator$Multiset
Event: 1.858 loading class com/android/dx/ssa/back/FirstFitLocalCombiningAllocator$Multiset done
Event: 1.929 loading class java/util/DualPivotQuicksort
Event: 1.929 loading class java/util/DualPivotQuicksort done
Event: 1.940 loading class java/util/ArrayList$1
Event: 1.940 loading class java/util/ArrayList$1 done
Event: 1.970 Executing VM operation: ParallelGCFailedAllocation
Event: 2.131 Executing VM operation: ParallelGCFailedAllocation done


Dynamic libraries:
0x00007ff793670000 - 0x00007ff7936a4000 	C:\Program Files\Java\jdk1.8.0_05\bin\java.exe
0x00007fff8a4a0000 - 0x00007fff8a661000 	C:\WINDOWS\SYSTEM32\ntdll.dll
0x00007fff87bd0000 - 0x00007fff87c7d000 	C:\WINDOWS\system32\KERNEL32.DLL
0x00007fff86f70000 - 0x00007fff8714d000 	C:\WINDOWS\system32\KERNELBASE.dll
0x00007fff894f0000 - 0x00007fff89596000 	C:\WINDOWS\system32\ADVAPI32.dll
0x00007fff8a310000 - 0x00007fff8a3ad000 	C:\WINDOWS\system32\msvcrt.dll
0x00007fff87b70000 - 0x00007fff87bcb000 	C:\WINDOWS\system32\sechost.dll
0x00007fff898b0000 - 0x00007fff899d6000 	C:\WINDOWS\system32\RPCRT4.dll
0x00007fff89b30000 - 0x00007fff89c7e000 	C:\WINDOWS\system32\USER32.dll
0x00007fff892a0000 - 0x00007fff89426000 	C:\WINDOWS\system32\GDI32.dll
0x00007fff7cbd0000 - 0x00007fff7ce44000 	C:\WINDOWS\WinSxS\amd64_microsoft.windows.common-controls_6595b64144ccf1df_6.0.10240.16384_none_f41f7b285750ef43\COMCTL32.dll
0x00007fff87c80000 - 0x00007fff87cb6000 	C:\WINDOWS\system32\IMM32.DLL
0x00007fff895a0000 - 0x00007fff896fc000 	C:\WINDOWS\system32\MSCTF.dll
0x00000000759c0000 - 0x0000000075a92000 	C:\Program Files\Java\jdk1.8.0_05\jre\bin\msvcr100.dll
0x0000000075e40000 - 0x000000007666a000 	C:\Program Files\Java\jdk1.8.0_05\jre\bin\server\jvm.dll
0x00007fff8a3b0000 - 0x00007fff8a3b8000 	C:\WINDOWS\system32\PSAPI.DLL
0x00007fff83e20000 - 0x00007fff83e29000 	C:\WINDOWS\SYSTEM32\WSOCK32.dll
0x00007fff89eb0000 - 0x00007fff89f19000 	C:\WINDOWS\system32\WS2_32.dll
0x00007fff8a3c0000 - 0x00007fff8a3c8000 	C:\WINDOWS\system32\NSI.dll
0x00007fff85250000 - 0x00007fff85273000 	C:\WINDOWS\SYSTEM32\WINMM.dll
0x00007fff85220000 - 0x00007fff8524c000 	C:\WINDOWS\SYSTEM32\WINMMBASE.dll
0x00007fff87150000 - 0x00007fff87194000 	C:\WINDOWS\system32\cfgmgr32.dll
0x00007fff851c0000 - 0x00007fff851e7000 	C:\WINDOWS\SYSTEM32\DEVOBJ.dll
0x0000000075e30000 - 0x0000000075e3f000 	C:\Program Files\Java\jdk1.8.0_05\jre\bin\verify.dll
0x0000000075e00000 - 0x0000000075e28000 	C:\Program Files\Java\jdk1.8.0_05\jre\bin\java.dll
0x0000000075de0000 - 0x0000000075df6000 	C:\Program Files\Java\jdk1.8.0_05\jre\bin\zip.dll
0x00007fff87d70000 - 0x00007fff89291000 	C:\WINDOWS\system32\SHELL32.dll
0x00007fff87420000 - 0x00007fff87a49000 	C:\WINDOWS\system32\windows.storage.dll
0x00007fff8a070000 - 0x00007fff8a2ec000 	C:\WINDOWS\system32\combase.dll
0x00007fff8a3e0000 - 0x00007fff8a431000 	C:\WINDOWS\system32\shlwapi.dll
0x00007fff86ed0000 - 0x00007fff86edf000 	C:\WINDOWS\system32\kernel.appcore.dll
0x00007fff87a50000 - 0x00007fff87b03000 	C:\WINDOWS\system32\shcore.dll
0x00007fff86f20000 - 0x00007fff86f6a000 	C:\WINDOWS\system32\powrprof.dll
0x00007fff86f00000 - 0x00007fff86f13000 	C:\WINDOWS\system32\profapi.dll
0x00007fff76f50000 - 0x00007fff770da000 	C:\WINDOWS\SYSTEM32\dbghelp.dll

VM Arguments:
jvm_args: -Xmx1024M -Dfile.encoding=windows-1252 -Duser.country=BR -Duser.language=pt -Duser.variant 
java_command: com.android.dx.command.Main --dex --num-threads=4 --output E:\GitHub\FitCook\app\build\intermediates\pre-dexed\debug\classes-9cf53ab770947d673542548c2286c115c1f3c6f9.jar E:\GitHub\FitCook\app\build\intermediates\exploded-aar\com.google.android.gms\play-services-cast\7.5.0\jars\classes.jar
java_class_path (initial): C:\Program Files (x86)\Android\android-sdk\build-tools\23.0.0_rc2\lib\dx.jar
Launcher Type: SUN_STANDARD

Environment Variables:
JAVA_HOME=C:\Program Files\Java\jdk1.8.0_05
PATH=C:\Program Files (x86)\Intel\iCLS Client\;C:\Program Files\Intel\iCLS Client\;C:\WINDOWS\system32;C:\WINDOWS;C:\WINDOWS\System32\Wbem;C:\WINDOWS\System32\WindowsPowerShell\v1.0\;C:\Program Files (x86)\Windows Live\Shared;C:\Program Files (x86)\Intel\OpenCL SDK\2.0\bin\x86;C:\Program Files (x86)\Intel\OpenCL SDK\2.0\bin\x64;C:\Program Files\Intel\Intel(R) Management Engine Components\DAL;C:\Program Files\Intel\Intel(R) Management Engine Components\IPT;C:\Program Files (x86)\Intel\Intel(R) Management Engine Components\DAL;C:\Program Files (x86)\Intel\Intel(R) Management Engine Components\IPT;C:\Program Files\Java\jdk1.8.0_05/bin;C:\Program Files (x86)\Android\android-sdk\platform-tools;C:\Program Files (x86)\Git\cmd;C:\Program Files (x86)\Skype\Phone\;C:\Program Files (x86)\Windows Kits\8.1\Windows Performance Toolkit\;C:\Program Files\Microsoft SQL Server\110\Tools\Binn\;C:\Program Files (x86)\Microsoft SDKs\TypeScript\1.0\;C:\Program Files\Microsoft SQL Server\120\Tools\Binn\;C:\Program Files (x86)\nodejs\;C:\Ruby21\bin;C:\Users\Aires\AppData\Roaming\npm
USERNAME=Aires
OS=Windows_NT
PROCESSOR_IDENTIFIER=Intel64 Family 6 Model 58 Stepping 9, GenuineIntel



---------------  S Y S T E M  ---------------

OS: Windows 8.1 , 64 bit Build 9600 

CPU:total 4 (2 cores per cpu, 2 threads per core) family 6 model 58 stepping 9, cmov, cx8, fxsr, mmx, sse, sse2, sse3, ssse3, sse4.1, sse4.2, popcnt, avx, clmul, erms, ht, tsc, tscinvbit

Memory: 4k page, physical 8282396k(1688428k free), swap 8282396k(656984k free)

vm_info: Java HotSpot(TM) 64-Bit Server VM (25.5-b02) for windows-amd64 JRE (1.8.0_05-b13), built on Mar 18 2014 01:08:39 by "java_re" with MS VC++ 10.0 (VS2010)

time: Tue Aug 11 18:25:29 2015
elapsed time: 2 seconds

