#
# There is insufficient memory for the Java Runtime Environment to continue.
# Native memory allocation (malloc) failed to allocate 554992 bytes for Chunk::new
# Possible reasons:
#   The system is out of physical RAM or swap space
#   In 32 bit mode, the process size limit was hit
# Possible solutions:
#   Reduce memory load on the system
#   Increase physical memory or swap space
#   Check if swap backing store is full
#   Use 64 bit Java on a 64 bit OS
#   Decrease Java heap size (-Xmx/-Xms)
#   Decrease number of Java threads
#   Decrease Java thread stack sizes (-Xss)
#   Set larger code cache with -XX:ReservedCodeCacheSize=
# This output file may be truncated or incomplete.
#
#  Out of Memory Error (allocation.cpp:388), pid=5928, tid=7216
#
# JRE version: Java(TM) SE Runtime Environment (8.0_05-b13) (build 1.8.0_05-b13)
# Java VM: Java HotSpot(TM) 64-Bit Server VM (25.5-b02 mixed mode windows-amd64 compressed oops)
# Failed to write core dump. Minidumps are not enabled by default on client versions of Windows
#

---------------  T H R E A D  ---------------

Current thread (0x00000000147cd000):  JavaThread "C2 CompilerThread1" daemon [_thread_in_native, id=7216, stack(0x0000000015dd0000,0x0000000015ed0000)]

Stack: [0x0000000015dd0000,0x0000000015ed0000]
Native frames: (J=compiled Java code, j=interpreted, Vv=VM code, C=native code)
V  [jvm.dll+0x308dea]


Current CompileTask:
C2:   2919 1188   !   4       com.android.dx.cf.code.BytecodeArray::parseInstruction (2764 bytes)


---------------  P R O C E S S  ---------------

Java Threads: ( => current thread )
  0x0000000016366800 JavaThread "pool-1-thread-4" [_thread_blocked, id=3732, stack(0x00000000169d0000,0x0000000016ad0000)]
  0x000000001634d000 JavaThread "pool-1-thread-3" [_thread_in_Java, id=2156, stack(0x00000000168d0000,0x00000000169d0000)]
  0x000000001634f800 JavaThread "pool-1-thread-2" [_thread_blocked, id=5676, stack(0x00000000167d0000,0x00000000168d0000)]
  0x0000000016331000 JavaThread "pool-2-thread-1" [_thread_blocked, id=8772, stack(0x00000000166d0000,0x00000000167d0000)]
  0x0000000016330000 JavaThread "pool-1-thread-1" [_thread_in_Java, id=4172, stack(0x00000000165d0000,0x00000000166d0000)]
  0x00000000147db800 JavaThread "Service Thread" daemon [_thread_blocked, id=3276, stack(0x0000000015fd0000,0x00000000160d0000)]
  0x00000000147d3800 JavaThread "C1 CompilerThread2" daemon [_thread_blocked, id=4960, stack(0x0000000015ed0000,0x0000000015fd0000)]
=>0x00000000147cd000 JavaThread "C2 CompilerThread1" daemon [_thread_in_native, id=7216, stack(0x0000000015dd0000,0x0000000015ed0000)]
  0x000000001477c000 JavaThread "C2 CompilerThread0" daemon [_thread_in_native, id=7052, stack(0x0000000015cd0000,0x0000000015dd0000)]
  0x000000001477a800 JavaThread "Attach Listener" daemon [_thread_blocked, id=8380, stack(0x0000000015bd0000,0x0000000015cd0000)]
  0x0000000014779800 JavaThread "Signal Dispatcher" daemon [_thread_blocked, id=7536, stack(0x0000000015ad0000,0x0000000015bd0000)]
  0x00000000020a5000 JavaThread "Finalizer" daemon [_thread_blocked, id=6796, stack(0x00000000159d0000,0x0000000015ad0000)]
  0x0000000002099000 JavaThread "Reference Handler" daemon [_thread_blocked, id=4612, stack(0x00000000158d0000,0x00000000159d0000)]
  0x0000000001fad800 JavaThread "main" [_thread_in_Java, id=9088, stack(0x0000000001e90000,0x0000000001f90000)]

Other Threads:
  0x0000000014745000 VMThread [stack: 0x00000000157d0000,0x00000000158d0000] [id=5232]
  0x00000000147de800 WatcherThread [stack: 0x00000000160d0000,0x00000000161d0000] [id=7068]

VM state:not at safepoint (normal execution)

VM Mutex/Monitor currently owned by a thread: None

Heap:
 PSYoungGen      total 10240K, used 9772K [0x00000000eab00000, 0x00000000ebe00000, 0x0000000100000000)
  eden space 8192K, 94% used [0x00000000eab00000,0x00000000eb28f1f8,0x00000000eb300000)
  from space 2048K, 99% used [0x00000000eb300000,0x00000000eb4fc028,0x00000000eb500000)
  to   space 3072K, 0% used [0x00000000ebb00000,0x00000000ebb00000,0x00000000ebe00000)
 ParOldGen       total 129536K, used 2935K [0x00000000c0000000, 0x00000000c7e80000, 0x00000000eab00000)
  object space 129536K, 2% used [0x00000000c0000000,0x00000000c02dde80,0x00000000c7e80000)
 Metaspace       used 5651K, capacity 6832K, committed 7040K, reserved 1056768K
  class space    used 579K, capacity 616K, committed 640K, reserved 1048576K

Card table byte_map: [0x0000000011470000,0x0000000011680000] byte_map_base: 0x0000000010e70000

Marking Bits: (ParMarkBitMap*) 0x0000000059e813b0
 Begin Bits: [0x0000000011be0000, 0x0000000012be0000)
 End Bits:   [0x0000000012be0000, 0x0000000013be0000)

Polling page: 0x00000000003e0000

CodeCache: size=245760Kb used=4653Kb max_used=4653Kb free=241106Kb
 bounds [0x00000000020b0000, 0x0000000002540000, 0x00000000110b0000]
 total_blobs=1483 nmethods=1219 adapters=178
 compilation: enabled

Compilation events (10 events):
Event: 2.878 Thread 0x00000000147d3800 1223       3       java.util.HashMap$HashIterator::hasNext (13 bytes)
Event: 2.879 Thread 0x00000000147d3800 nmethod 1223 0x000000000253eed0 code [0x000000000253f020, 0x000000000253f1d0]
Event: 2.879 Thread 0x00000000147d3800 1228       1       com.android.dx.cf.code.ByteCatchList$Item::getHandlerPc (5 bytes)
Event: 2.879 Thread 0x00000000147d3800 nmethod 1228 0x000000000253f250 code [0x000000000253f3a0, 0x000000000253f4b0]
Event: 2.879 Thread 0x00000000147d3800 1208       1       com.android.dx.cf.direct.DirectClassFile$DcfTypeList::size (5 bytes)
Event: 2.879 Thread 0x00000000147d3800 nmethod 1208 0x000000000253f510 code [0x000000000253f660, 0x000000000253f770]
Event: 2.879 Thread 0x00000000147d3800 1206       1       com.android.dx.cf.attrib.InnerClassList$Item::getInnerClass (5 bytes)
Event: 2.879 Thread 0x00000000147d3800 nmethod 1206 0x000000000253f7d0 code [0x000000000253f920, 0x000000000253fa30]
Event: 2.879 Thread 0x00000000147d3800 1227       1       com.android.dx.rop.code.ThrowingInsn::getCatches (5 bytes)
Event: 2.879 Thread 0x00000000147d3800 nmethod 1227 0x000000000253fa90 code [0x000000000253fbe0, 0x000000000253fcf0]

GC Heap History (10 events):
Event: 1.035 GC heap before
{Heap before GC invocations=5 (full 0):
 PSYoungGen      total 2560K, used 2535K [0x00000000eab00000, 0x00000000eae00000, 0x0000000100000000)
  eden space 2048K, 100% used [0x00000000eab00000,0x00000000ead00000,0x00000000ead00000)
  from space 512K, 95% used [0x00000000ead80000,0x00000000eadf9c70,0x00000000eae00000)
  to   space 512K, 0% used [0x00000000ead00000,0x00000000ead00000,0x00000000ead80000)
 ParOldGen       total 129536K, used 774K [0x00000000c0000000, 0x00000000c7e80000, 0x00000000eab00000)
  object space 129536K, 0% used [0x00000000c0000000,0x00000000c00c19b8,0x00000000c7e80000)
 Metaspace       used 4223K, capacity 5584K, committed 5760K, reserved 1056768K
  class space    used 477K, capacity 520K, committed 640K, reserved 1048576K
Event: 1.073 GC heap after
Heap after GC invocations=5 (full 0):
 PSYoungGen      total 2560K, used 499K [0x00000000eab00000, 0x00000000eb200000, 0x0000000100000000)
  eden space 2048K, 0% used [0x00000000eab00000,0x00000000eab00000,0x00000000ead00000)
  from space 512K, 97% used [0x00000000ead00000,0x00000000ead7ce30,0x00000000ead80000)
  to   space 1536K, 0% used [0x00000000eb080000,0x00000000eb080000,0x00000000eb200000)
 ParOldGen       total 129536K, used 1461K [0x00000000c0000000, 0x00000000c7e80000, 0x00000000eab00000)
  object space 129536K, 1% used [0x00000000c0000000,0x00000000c016d788,0x00000000c7e80000)
 Metaspace       used 4223K, capacity 5584K, committed 5760K, reserved 1056768K
  class space    used 477K, capacity 520K, committed 640K, reserved 1048576K
}
Event: 1.297 GC heap before
{Heap before GC invocations=6 (full 0):
 PSYoungGen      total 2560K, used 2547K [0x00000000eab00000, 0x00000000eb200000, 0x0000000100000000)
  eden space 2048K, 99% used [0x00000000eab00000,0x00000000eacffe10,0x00000000ead00000)
  from space 512K, 97% used [0x00000000ead00000,0x00000000ead7ce30,0x00000000ead80000)
  to   space 1536K, 0% used [0x00000000eb080000,0x00000000eb080000,0x00000000eb200000)
 ParOldGen       total 129536K, used 1461K [0x00000000c0000000, 0x00000000c7e80000, 0x00000000eab00000)
  object space 129536K, 1% used [0x00000000c0000000,0x00000000c016d788,0x00000000c7e80000)
 Metaspace       used 4858K, capacity 6096K, committed 6272K, reserved 1056768K
  class space    used 547K, capacity 584K, committed 640K, reserved 1048576K
Event: 1.328 GC heap after
Heap after GC invocations=6 (full 0):
 PSYoungGen      total 5632K, used 1140K [0x00000000eab00000, 0x00000000eb200000, 0x0000000100000000)
  eden space 4096K, 0% used [0x00000000eab00000,0x00000000eab00000,0x00000000eaf00000)
  from space 1536K, 74% used [0x00000000eb080000,0x00000000eb19d140,0x00000000eb200000)
  to   space 1536K, 0% used [0x00000000eaf00000,0x00000000eaf00000,0x00000000eb080000)
 ParOldGen       total 129536K, used 1469K [0x00000000c0000000, 0x00000000c7e80000, 0x00000000eab00000)
  object space 129536K, 1% used [0x00000000c0000000,0x00000000c016f788,0x00000000c7e80000)
 Metaspace       used 4858K, capacity 6096K, committed 6272K, reserved 1056768K
  class space    used 547K, capacity 584K, committed 640K, reserved 1048576K
}
Event: 1.611 GC heap before
{Heap before GC invocations=7 (full 0):
 PSYoungGen      total 5632K, used 5236K [0x00000000eab00000, 0x00000000eb200000, 0x0000000100000000)
  eden space 4096K, 100% used [0x00000000eab00000,0x00000000eaf00000,0x00000000eaf00000)
  from space 1536K, 74% used [0x00000000eb080000,0x00000000eb19d140,0x00000000eb200000)
  to   space 1536K, 0% used [0x00000000eaf00000,0x00000000eaf00000,0x00000000eb080000)
 ParOldGen       total 129536K, used 1469K [0x00000000c0000000, 0x00000000c7e80000, 0x00000000eab00000)
  object space 129536K, 1% used [0x00000000c0000000,0x00000000c016f788,0x00000000c7e80000)
 Metaspace       used 5373K, capacity 6576K, committed 6784K, reserved 1056768K
  class space    used 575K, capacity 616K, committed 640K, reserved 1048576K
Event: 1.616 GC heap after
Heap after GC invocations=7 (full 0):
 PSYoungGen      total 5632K, used 1523K [0x00000000eab00000, 0x00000000eb700000, 0x0000000100000000)
  eden space 4096K, 0% used [0x00000000eab00000,0x00000000eab00000,0x00000000eaf00000)
  from space 1536K, 99% used [0x00000000eaf00000,0x00000000eb07ce48,0x00000000eb080000)
  to   space 2048K, 0% used [0x00000000eb500000,0x00000000eb500000,0x00000000eb700000)
 ParOldGen       total 129536K, used 1645K [0x00000000c0000000, 0x00000000c7e80000, 0x00000000eab00000)
  object space 129536K, 1% used [0x00000000c0000000,0x00000000c019b7a8,0x00000000c7e80000)
 Metaspace       used 5373K, capacity 6576K, committed 6784K, reserved 1056768K
  class space    used 575K, capacity 616K, committed 640K, reserved 1048576K
}
Event: 1.964 GC heap before
{Heap before GC invocations=8 (full 0):
 PSYoungGen      total 5632K, used 5619K [0x00000000eab00000, 0x00000000eb700000, 0x0000000100000000)
  eden space 4096K, 100% used [0x00000000eab00000,0x00000000eaf00000,0x00000000eaf00000)
  from space 1536K, 99% used [0x00000000eaf00000,0x00000000eb07ce48,0x00000000eb080000)
  to   space 2048K, 0% used [0x00000000eb500000,0x00000000eb500000,0x00000000eb700000)
 ParOldGen       total 129536K, used 1645K [0x00000000c0000000, 0x00000000c7e80000, 0x00000000eab00000)
  object space 129536K, 1% used [0x00000000c0000000,0x00000000c019b7a8,0x00000000c7e80000)
 Metaspace       used 5479K, capacity 6704K, committed 6784K, reserved 1056768K
  class space    used 577K, capacity 616K, committed 640K, reserved 1048576K
Event: 2.066 GC heap after
Heap after GC invocations=8 (full 0):
 PSYoungGen      total 10240K, used 1792K [0x00000000eab00000, 0x00000000eb700000, 0x0000000100000000)
  eden space 8192K, 0% used [0x00000000eab00000,0x00000000eab00000,0x00000000eb300000)
  from space 2048K, 87% used [0x00000000eb500000,0x00000000eb6c0018,0x00000000eb700000)
  to   space 2048K, 0% used [0x00000000eb300000,0x00000000eb300000,0x00000000eb500000)
 ParOldGen       total 129536K, used 1809K [0x00000000c0000000, 0x00000000c7e80000, 0x00000000eab00000)
  object space 129536K, 1% used [0x00000000c0000000,0x00000000c01c45e8,0x00000000c7e80000)
 Metaspace       used 5479K, capacity 6704K, committed 6784K, reserved 1056768K
  class space    used 577K, capacity 616K, committed 640K, reserved 1048576K
}
Event: 2.624 GC heap before
{Heap before GC invocations=9 (full 0):
 PSYoungGen      total 10240K, used 9984K [0x00000000eab00000, 0x00000000eb700000, 0x0000000100000000)
  eden space 8192K, 100% used [0x00000000eab00000,0x00000000eb300000,0x00000000eb300000)
  from space 2048K, 87% used [0x00000000eb500000,0x00000000eb6c0018,0x00000000eb700000)
  to   space 2048K, 0% used [0x00000000eb300000,0x00000000eb300000,0x00000000eb500000)
 ParOldGen       total 129536K, used 1809K [0x00000000c0000000, 0x00000000c7e80000, 0x00000000eab00000)
  object space 129536K, 1% used [0x00000000c0000000,0x00000000c01c45e8,0x00000000c7e80000)
 Metaspace       used 5606K, capacity 6768K, committed 7040K, reserved 1056768K
  class space    used 579K, capacity 616K, committed 640K, reserved 1048576K
Event: 2.759 GC heap after
Heap after GC invocations=9 (full 0):
 PSYoungGen      total 10240K, used 2032K [0x00000000eab00000, 0x00000000ebe00000, 0x0000000100000000)
  eden space 8192K, 0% used [0x00000000eab00000,0x00000000eab00000,0x00000000eb300000)
  from space 2048K, 99% used [0x00000000eb300000,0x00000000eb4fc028,0x00000000eb500000)
  to   space 3072K, 0% used [0x00000000ebb00000,0x00000000ebb00000,0x00000000ebe00000)
 ParOldGen       total 129536K, used 2935K [0x00000000c0000000, 0x00000000c7e80000, 0x00000000eab00000)
  object space 129536K, 2% used [0x00000000c0000000,0x00000000c02dde80,0x00000000c7e80000)
 Metaspace       used 5606K, capacity 6768K, committed 7040K, reserved 1056768K
  class space    used 579K, capacity 616K, committed 640K, reserved 1048576K
}

Deoptimization events (8 events):
Event: 2.407 Thread 0x000000001634f800 Uncommon trap: reason=bimorphic action=maybe_recompile pc=0x00000000022c0c48 method=java.util.HashMap.getNode(ILjava/lang/Object;)Ljava/util/HashMap$Node; @ 126
Event: 2.451 Thread 0x0000000001fad800 Uncommon trap: reason=bimorphic action=maybe_recompile pc=0x00000000022c0c48 method=java.util.HashMap.getNode(ILjava/lang/Object;)Ljava/util/HashMap$Node; @ 126
Event: 2.468 Thread 0x0000000001fad800 Uncommon trap: reason=unreached action=reinterpret pc=0x000000000247badc method=com.android.dx.ssa.SsaMethod.updateOneDefinition(Lcom/android/dx/ssa/SsaInsn;Lcom/android/dx/rop/code/RegisterSpec;)V @ 4
Event: 2.858 Thread 0x0000000016366800 Uncommon trap: reason=class_check action=maybe_recompile pc=0x00000000022c0c90 method=com.android.dx.rop.type.Type.equals(Ljava/lang/Object;)Z @ 8
Event: 2.858 Thread 0x0000000016366800 Uncommon trap: reason=class_check action=maybe_recompile pc=0x00000000022c0c90 method=com.android.dx.rop.type.Type.equals(Ljava/lang/Object;)Z @ 8
Event: 2.859 Thread 0x0000000016366800 Uncommon trap: reason=class_check action=maybe_recompile pc=0x00000000022c0c90 method=com.android.dx.rop.type.Type.equals(Ljava/lang/Object;)Z @ 8
Event: 2.874 Thread 0x000000001634d000 Uncommon trap: reason=unreached action=reinterpret pc=0x0000000002497d1c method=com.android.dx.rop.cst.Constant.compareTo(Lcom/android/dx/rop/cst/Constant;)I @ 12
Event: 2.875 Thread 0x0000000016366800 Uncommon trap: reason=class_check action=maybe_recompile pc=0x00000000022c0c90 method=com.android.dx.rop.type.Type.equals(Ljava/lang/Object;)Z @ 8

Internal exceptions (10 events):
Event: 1.395 Thread 0x0000000001fad800 Exception <a 'java/security/PrivilegedActionException'> (0x00000000eab17f58) thrown at [D:\re\workspace\8-2-build-windows-amd64-cygwin\jdk8u5\2488\hotspot\src\share\vm\prims\jvm.cpp, line 1248]
Event: 1.396 Thread 0x0000000016366800 Exception <a 'java/security/PrivilegedActionException'> (0x00000000eab1ddc0) thrown at [D:\re\workspace\8-2-build-windows-amd64-cygwin\jdk8u5\2488\hotspot\src\share\vm\prims\jvm.cpp, line 1248]
Event: 1.401 Thread 0x000000001634f800 Exception <a 'java/security/PrivilegedActionException'> (0x00000000eac0d3e0) thrown at [D:\re\workspace\8-2-build-windows-amd64-cygwin\jdk8u5\2488\hotspot\src\share\vm\prims\jvm.cpp, line 1248]
Event: 1.410 Thread 0x0000000001fad800 Exception <a 'java/security/PrivilegedActionException'> (0x00000000eac77458) thrown at [D:\re\workspace\8-2-build-windows-amd64-cygwin\jdk8u5\2488\hotspot\src\share\vm\prims\jvm.cpp, line 1248]
Event: 1.428 Thread 0x0000000001fad800 Exception <a 'java/security/PrivilegedActionException'> (0x00000000eacd3e28) thrown at [D:\re\workspace\8-2-build-windows-amd64-cygwin\jdk8u5\2488\hotspot\src\share\vm\prims\jvm.cpp, line 1248]
Event: 1.867 Thread 0x0000000001fad800 Exception <a 'java/security/PrivilegedActionException'> (0x00000000eadccd70) thrown at [D:\re\workspace\8-2-build-windows-amd64-cygwin\jdk8u5\2488\hotspot\src\share\vm\prims\jvm.cpp, line 1248]
Event: 1.869 Thread 0x0000000016330000 Exception <a 'java/security/PrivilegedActionException'> (0x00000000eaddee88) thrown at [D:\re\workspace\8-2-build-windows-amd64-cygwin\jdk8u5\2488\hotspot\src\share\vm\prims\jvm.cpp, line 1248]
Event: 2.439 Thread 0x0000000001fad800 Exception <a 'java/security/PrivilegedActionException'> (0x00000000eb031a98) thrown at [D:\re\workspace\8-2-build-windows-amd64-cygwin\jdk8u5\2488\hotspot\src\share\vm\prims\jvm.cpp, line 1248]
Event: 2.457 Thread 0x000000001634f800 Exception <a 'java/security/PrivilegedActionException'> (0x00000000eb25add8) thrown at [D:\re\workspace\8-2-build-windows-amd64-cygwin\jdk8u5\2488\hotspot\src\share\vm\prims\jvm.cpp, line 1248]
Event: 2.873 Thread 0x000000001634d000 Exception <a 'java/security/PrivilegedActionException'> (0x00000000eb260538) thrown at [D:\re\workspace\8-2-build-windows-amd64-cygwin\jdk8u5\2488\hotspot\src\share\vm\prims\jvm.cpp, line 1248]

Events (10 events):
Event: 2.859 Thread 0x0000000016366800 DEOPT PACKING pc=0x00000000022c0c90 sp=0x0000000016ace390
Event: 2.859 Thread 0x0000000016366800 DEOPT UNPACKING pc=0x00000000020f55af sp=0x0000000016ace108 mode 2
Event: 2.873 loading class com/android/dx/rop/code/RegOps
Event: 2.873 loading class com/android/dx/rop/code/RegOps done
Event: 2.874 Thread 0x000000001634d000 Uncommon trap: trap_request=0xffffffad fr.pc=0x0000000002497d1c
Event: 2.874 Thread 0x000000001634d000 DEOPT PACKING pc=0x0000000002497d1c sp=0x00000000169ced00
Event: 2.874 Thread 0x000000001634d000 DEOPT UNPACKING pc=0x00000000020f55af sp=0x00000000169ceca0 mode 2
Event: 2.875 Thread 0x0000000016366800 Uncommon trap: trap_request=0xffffffde fr.pc=0x00000000022c0c90
Event: 2.875 Thread 0x0000000016366800 DEOPT PACKING pc=0x00000000022c0c90 sp=0x0000000016ace3e0
Event: 2.875 Thread 0x0000000016366800 DEOPT UNPACKING pc=0x00000000020f55af sp=0x0000000016ace158 mode 2


Dynamic libraries:
0x00007ff7294c0000 - 0x00007ff7294f4000 	C:\Program Files\Java\jdk1.8.0_05\bin\java.exe
0x00007ffc067a0000 - 0x00007ffc06961000 	C:\WINDOWS\SYSTEM32\ntdll.dll
0x00007ffc066f0000 - 0x00007ffc0679d000 	C:\WINDOWS\system32\KERNEL32.DLL
0x00007ffc03270000 - 0x00007ffc0344d000 	C:\WINDOWS\system32\KERNELBASE.dll
0x00007ffc05de0000 - 0x00007ffc05e86000 	C:\WINDOWS\system32\ADVAPI32.dll
0x00007ffc03e70000 - 0x00007ffc03f0d000 	C:\WINDOWS\system32\msvcrt.dll
0x00007ffc05e90000 - 0x00007ffc05eeb000 	C:\WINDOWS\system32\sechost.dll
0x00007ffc065c0000 - 0x00007ffc066e6000 	C:\WINDOWS\system32\RPCRT4.dll
0x00007ffc06230000 - 0x00007ffc0637e000 	C:\WINDOWS\system32\USER32.dll
0x00007ffc05ef0000 - 0x00007ffc06076000 	C:\WINDOWS\system32\GDI32.dll
0x00007ffbf99d0000 - 0x00007ffbf9c44000 	C:\WINDOWS\WinSxS\amd64_microsoft.windows.common-controls_6595b64144ccf1df_6.0.10240.16384_none_f41f7b285750ef43\COMCTL32.dll
0x00007ffc05af0000 - 0x00007ffc05b26000 	C:\WINDOWS\system32\IMM32.DLL
0x00007ffc06460000 - 0x00007ffc065bc000 	C:\WINDOWS\system32\MSCTF.dll
0x0000000059250000 - 0x0000000059322000 	C:\Program Files\Java\jdk1.8.0_05\jre\bin\msvcr100.dll
0x00000000596d0000 - 0x0000000059efa000 	C:\Program Files\Java\jdk1.8.0_05\jre\bin\server\jvm.dll
0x00007ffc04190000 - 0x00007ffc04198000 	C:\WINDOWS\system32\PSAPI.DLL
0x00007ffc01470000 - 0x00007ffc01479000 	C:\WINDOWS\SYSTEM32\WSOCK32.dll
0x00007ffc04420000 - 0x00007ffc04489000 	C:\WINDOWS\system32\WS2_32.dll
0x00007ffc05dd0000 - 0x00007ffc05dd8000 	C:\WINDOWS\system32\NSI.dll
0x00007ffc01550000 - 0x00007ffc01573000 	C:\WINDOWS\SYSTEM32\WINMM.dll
0x00007ffc01520000 - 0x00007ffc0154c000 	C:\WINDOWS\SYSTEM32\WINMMBASE.dll
0x00007ffc03450000 - 0x00007ffc03494000 	C:\WINDOWS\system32\cfgmgr32.dll
0x00007ffc01490000 - 0x00007ffc014b7000 	C:\WINDOWS\SYSTEM32\DEVOBJ.dll
0x00000000596c0000 - 0x00000000596cf000 	C:\Program Files\Java\jdk1.8.0_05\jre\bin\verify.dll
0x0000000059690000 - 0x00000000596b8000 	C:\Program Files\Java\jdk1.8.0_05\jre\bin\java.dll
0x0000000059670000 - 0x0000000059686000 	C:\Program Files\Java\jdk1.8.0_05\jre\bin\zip.dll
0x00007ffc04560000 - 0x00007ffc05a81000 	C:\WINDOWS\system32\SHELL32.dll
0x00007ffc035b0000 - 0x00007ffc03bd9000 	C:\WINDOWS\system32\windows.storage.dll
0x00007ffc041a0000 - 0x00007ffc0441c000 	C:\WINDOWS\system32\combase.dll
0x00007ffc04500000 - 0x00007ffc04551000 	C:\WINDOWS\system32\shlwapi.dll
0x00007ffc03240000 - 0x00007ffc0324f000 	C:\WINDOWS\system32\kernel.appcore.dll
0x00007ffc03db0000 - 0x00007ffc03e63000 	C:\WINDOWS\system32\shcore.dll
0x00007ffc031d0000 - 0x00007ffc0321a000 	C:\WINDOWS\system32\powrprof.dll
0x00007ffc03250000 - 0x00007ffc03263000 	C:\WINDOWS\system32\profapi.dll

VM Arguments:
jvm_args: -Xmx1024M -Dfile.encoding=windows-1252 -Duser.country=BR -Duser.language=pt -Duser.variant 
java_command: com.android.dx.command.Main --dex --num-threads=4 --output E:\GitHub\FitCook\app\build\intermediates\pre-dexed\debug\classes-a07341712aae20bb947e9fb24ee734f3e8dcef89.jar E:\GitHub\FitCook\app\build\intermediates\exploded-aar\com.google.android.gms\play-services-appindexing\7.5.0\jars\classes.jar
java_class_path (initial): C:\Program Files (x86)\Android\android-sdk\build-tools\23.0.0_rc2\lib\dx.jar
Launcher Type: SUN_STANDARD

Environment Variables:
JAVA_HOME=C:\Program Files\Java\jdk1.8.0_05
PATH=C:\Program Files (x86)\Intel\iCLS Client\;C:\Program Files\Intel\iCLS Client\;C:\WINDOWS\system32;C:\WINDOWS;C:\WINDOWS\System32\Wbem;C:\WINDOWS\System32\WindowsPowerShell\v1.0\;C:\Program Files (x86)\Windows Live\Shared;C:\Program Files (x86)\Intel\OpenCL SDK\2.0\bin\x86;C:\Program Files (x86)\Intel\OpenCL SDK\2.0\bin\x64;C:\Program Files\Intel\Intel(R) Management Engine Components\DAL;C:\Program Files\Intel\Intel(R) Management Engine Components\IPT;C:\Program Files (x86)\Intel\Intel(R) Management Engine Components\DAL;C:\Program Files (x86)\Intel\Intel(R) Management Engine Components\IPT;C:\Program Files\Java\jdk1.8.0_05/bin;C:\Program Files (x86)\Android\android-sdk\platform-tools;C:\Program Files (x86)\Git\cmd;C:\Program Files (x86)\Skype\Phone\;C:\Program Files (x86)\Windows Kits\8.1\Windows Performance Toolkit\;C:\Program Files\Microsoft SQL Server\110\Tools\Binn\;C:\Program Files (x86)\Microsoft SDKs\TypeScript\1.0\;C:\Program Files\Microsoft SQL Server\120\Tools\Binn\;C:\Program Files (x86)\nodejs\;C:\Ruby21\bin;C:\Users\Aires\AppData\Roaming\npm
USERNAME=Aires
OS=Windows_NT
PROCESSOR_IDENTIFIER=Intel64 Family 6 Model 58 Stepping 9, GenuineIntel



---------------  S Y S T E M  ---------------

OS: Windows 8.1 , 64 bit Build 9600 

CPU:total 4 (2 cores per cpu, 2 threads per core) family 6 model 58 stepping 9, cmov, cx8, fxsr, mmx, sse, sse2, sse3, ssse3, sse4.1, sse4.2, popcnt, avx, clmul, erms, ht, tsc, tscinvbit

Memory: 4k page, physical 8282396k(1472752k free), swap 8282396k(5192k free)

vm_info: Java HotSpot(TM) 64-Bit Server VM (25.5-b02) for windows-amd64 JRE (1.8.0_05-b13), built on Mar 18 2014 01:08:39 by "java_re" with MS VC++ 10.0 (VS2010)

time: Mon Aug 10 22:08:55 2015
elapsed time: 2 seconds

