#
# There is insufficient memory for the Java Runtime Environment to continue.
# Native memory allocation (malloc) failed to allocate 259184 bytes for Chunk::new
# Possible reasons:
#   The system is out of physical RAM or swap space
#   In 32 bit mode, the process size limit was hit
# Possible solutions:
#   Reduce memory load on the system
#   Increase physical memory or swap space
#   Check if swap backing store is full
#   Use 64 bit Java on a 64 bit OS
#   Decrease Java heap size (-Xmx/-Xms)
#   Decrease number of Java threads
#   Decrease Java thread stack sizes (-Xss)
#   Set larger code cache with -XX:ReservedCodeCacheSize=
# This output file may be truncated or incomplete.
#
#  Out of Memory Error (allocation.cpp:388), pid=9172, tid=7096
#
# JRE version: Java(TM) SE Runtime Environment (8.0_05-b13) (build 1.8.0_05-b13)
# Java VM: Java HotSpot(TM) 64-Bit Server VM (25.5-b02 mixed mode windows-amd64 compressed oops)
# Failed to write core dump. Minidumps are not enabled by default on client versions of Windows
#

---------------  T H R E A D  ---------------

Current thread (0x000000001480c000):  JavaThread "C2 CompilerThread0" daemon [_thread_in_native, id=7096, stack(0x0000000015d60000,0x0000000015e60000)]

Stack: [0x0000000015d60000,0x0000000015e60000]
Native frames: (J=compiled Java code, j=interpreted, Vv=VM code, C=native code)
V  [jvm.dll+0x308dea]


Current CompileTask:
C2:   2379  626       4       com.android.dx.ssa.NormalSsaInsn::accept (25 bytes)


---------------  P R O C E S S  ---------------

Java Threads: ( => current thread )
  0x00000000163d6800 JavaThread "pool-1-thread-4" [_thread_in_Java, id=7780, stack(0x0000000016a60000,0x0000000016b60000)]
  0x00000000163c7000 JavaThread "pool-1-thread-3" [_thread_in_Java, id=5500, stack(0x0000000016960000,0x0000000016a60000)]
  0x00000000163ba000 JavaThread "pool-1-thread-2" [_thread_in_Java, id=8320, stack(0x0000000016860000,0x0000000016960000)]
  0x00000000163b5000 JavaThread "pool-2-thread-1" [_thread_blocked, id=3912, stack(0x0000000016760000,0x0000000016860000)]
  0x00000000163a5800 JavaThread "pool-1-thread-1" [_thread_in_vm, id=7336, stack(0x0000000016660000,0x0000000016760000)]
  0x000000001486c800 JavaThread "Service Thread" daemon [_thread_blocked, id=7436, stack(0x0000000016060000,0x0000000016160000)]
  0x0000000014863800 JavaThread "C1 CompilerThread2" daemon [_thread_blocked, id=1436, stack(0x0000000015f60000,0x0000000016060000)]
  0x000000001485d800 JavaThread "C2 CompilerThread1" daemon [_thread_in_native, id=8652, stack(0x0000000015e60000,0x0000000015f60000)]
=>0x000000001480c000 JavaThread "C2 CompilerThread0" daemon [_thread_in_native, id=7096, stack(0x0000000015d60000,0x0000000015e60000)]
  0x000000001480a800 JavaThread "Attach Listener" daemon [_thread_blocked, id=6884, stack(0x0000000015c60000,0x0000000015d60000)]
  0x0000000014809800 JavaThread "Signal Dispatcher" daemon [_thread_blocked, id=3856, stack(0x0000000015b60000,0x0000000015c60000)]
  0x0000000002135000 JavaThread "Finalizer" daemon [_thread_blocked, id=3544, stack(0x0000000015a60000,0x0000000015b60000)]
  0x0000000002129000 JavaThread "Reference Handler" daemon [_thread_blocked, id=5352, stack(0x0000000015960000,0x0000000015a60000)]
  0x0000000001e3d800 JavaThread "main" [_thread_in_Java, id=7504, stack(0x0000000001e40000,0x0000000001f40000)]

Other Threads:
  0x00000000147d5000 VMThread [stack: 0x0000000015860000,0x0000000015960000] [id=8800]
  0x0000000016160800 WatcherThread [stack: 0x0000000016560000,0x0000000016660000] [id=640]

VM state:synchronizing (normal execution)

VM Mutex/Monitor currently owned by a thread:  ([mutex/lock_event])
[0x0000000001e3c720] Safepoint_lock - owner thread: 0x00000000147d5000
[0x0000000001e3c6a0] Threads_lock - owner thread: 0x00000000147d5000
[0x0000000001e3cfa0] Heap_lock - owner thread: 0x00000000163a5800

Heap:
 PSYoungGen      total 5632K, used 5040K [0x00000000eab00000, 0x00000000eb200000, 0x0000000100000000)
  eden space 4096K, 100% used [0x00000000eab00000,0x00000000eaf00000,0x00000000eaf00000)
  from space 1536K, 61% used [0x00000000eb080000,0x00000000eb16c338,0x00000000eb200000)
  to   space 1536K, 0% used [0x00000000eaf00000,0x00000000eaf00000,0x00000000eb080000)
 ParOldGen       total 129536K, used 1292K [0x00000000c0000000, 0x00000000c7e80000, 0x00000000eab00000)
  object space 129536K, 0% used [0x00000000c0000000,0x00000000c0143160,0x00000000c7e80000)
 Metaspace       used 5521K, capacity 6576K, committed 6784K, reserved 1056768K
  class space    used 587K, capacity 616K, committed 640K, reserved 1048576K

Card table byte_map: [0x0000000011500000,0x0000000011710000] byte_map_base: 0x0000000010f00000

Marking Bits: (ParMarkBitMap*) 0x0000000060db13b0
 Begin Bits: [0x0000000011c70000, 0x0000000012c70000)
 End Bits:   [0x0000000012c70000, 0x0000000013c70000)

Polling page: 0x0000000001d30000

CodeCache: size=245760Kb used=2825Kb max_used=2825Kb free=242934Kb
 bounds [0x0000000002140000, 0x0000000002410000, 0x0000000011140000]
 total_blobs=999 nmethods=728 adapters=184
 compilation: enabled

Compilation events (10 events):
Event: 2.351 Thread 0x0000000014863800 nmethod 729 0x00000000023f4350 code [0x00000000023f44c0, 0x00000000023f4808]
Event: 2.351 Thread 0x0000000014863800  724       3       com.android.dx.rop.code.PlainCstInsn::accept (8 bytes)
Event: 2.351 Thread 0x0000000014863800 nmethod 724 0x00000000023f48d0 code [0x00000000023f4a40, 0x00000000023f4c68]
Event: 2.351 Thread 0x0000000014863800  735       3       com.android.dx.cf.code.ExecutionStack::pop (54 bytes)
Event: 2.352 Thread 0x0000000014863800 nmethod 735 0x00000000023f4d50 code [0x00000000023f4f20, 0x00000000023f5618]
Event: 2.352 Thread 0x0000000014863800  737       3       com.android.dx.ssa.LocalVariableExtractor::processBlock (383 bytes)
Event: 2.358 Thread 0x0000000014863800 nmethod 737 0x00000000023f5910 code [0x00000000023f5de0, 0x00000000023f92d8]
Event: 2.358 Thread 0x0000000014863800  744       3       com.android.dx.cf.code.RopperMachine::getSources (264 bytes)
Event: 2.364 Thread 0x0000000014863800 nmethod 744 0x00000000023fc350 code [0x00000000023fc920, 0x0000000002400fb8]
Event: 2.364 Thread 0x0000000014863800  743   !   3       com.android.dx.cf.code.RopperMachine::run (1550 bytes)

GC Heap History (10 events):
Event: 1.387 GC heap before
{Heap before GC invocations=4 (full 0):
 PSYoungGen      total 1024K, used 992K [0x00000000eab00000, 0x00000000ead00000, 0x0000000100000000)
  eden space 512K, 99% used [0x00000000eab00000,0x00000000eab7fff0,0x00000000eab80000)
  from space 512K, 93% used [0x00000000eab80000,0x00000000eabf8020,0x00000000eac00000)
  to   space 512K, 0% used [0x00000000eac80000,0x00000000eac80000,0x00000000ead00000)
 ParOldGen       total 129536K, used 326K [0x00000000c0000000, 0x00000000c7e80000, 0x00000000eab00000)
  object space 129536K, 0% used [0x00000000c0000000,0x00000000c0051b40,0x00000000c7e80000)
 Metaspace       used 3377K, capacity 4784K, committed 5120K, reserved 1056768K
  class space    used 375K, capacity 424K, committed 512K, reserved 1048576K
Event: 1.404 GC heap after
Heap after GC invocations=4 (full 0):
 PSYoungGen      total 1536K, used 512K [0x00000000eab00000, 0x00000000ead00000, 0x0000000100000000)
  eden space 1024K, 0% used [0x00000000eab00000,0x00000000eab00000,0x00000000eac00000)
  from space 512K, 100% used [0x00000000eac80000,0x00000000ead00000,0x00000000ead00000)
  to   space 512K, 0% used [0x00000000eac00000,0x00000000eac00000,0x00000000eac80000)
 ParOldGen       total 129536K, used 506K [0x00000000c0000000, 0x00000000c7e80000, 0x00000000eab00000)
  object space 129536K, 0% used [0x00000000c0000000,0x00000000c007eb48,0x00000000c7e80000)
 Metaspace       used 3377K, capacity 4784K, committed 5120K, reserved 1056768K
  class space    used 375K, capacity 424K, committed 512K, reserved 1048576K
}
Event: 1.516 GC heap before
{Heap before GC invocations=5 (full 0):
 PSYoungGen      total 1536K, used 1530K [0x00000000eab00000, 0x00000000ead00000, 0x0000000100000000)
  eden space 1024K, 99% used [0x00000000eab00000,0x00000000eabfe868,0x00000000eac00000)
  from space 512K, 100% used [0x00000000eac80000,0x00000000ead00000,0x00000000ead00000)
  to   space 512K, 0% used [0x00000000eac00000,0x00000000eac00000,0x00000000eac80000)
 ParOldGen       total 129536K, used 506K [0x00000000c0000000, 0x00000000c7e80000, 0x00000000eab00000)
  object space 129536K, 0% used [0x00000000c0000000,0x00000000c007eb48,0x00000000c7e80000)
 Metaspace       used 3671K, capacity 5040K, committed 5120K, reserved 1056768K
  class space    used 417K, capacity 488K, committed 512K, reserved 1048576K
Event: 1.536 GC heap after
Heap after GC invocations=5 (full 0):
 PSYoungGen      total 1536K, used 496K [0x00000000eab00000, 0x00000000eaf00000, 0x0000000100000000)
  eden space 1024K, 0% used [0x00000000eab00000,0x00000000eab00000,0x00000000eac00000)
  from space 512K, 96% used [0x00000000eac00000,0x00000000eac7c010,0x00000000eac80000)
  to   space 1024K, 0% used [0x00000000eae00000,0x00000000eae00000,0x00000000eaf00000)
 ParOldGen       total 129536K, used 855K [0x00000000c0000000, 0x00000000c7e80000, 0x00000000eab00000)
  object space 129536K, 0% used [0x00000000c0000000,0x00000000c00d5e68,0x00000000c7e80000)
 Metaspace       used 3671K, capacity 5040K, committed 5120K, reserved 1056768K
  class space    used 417K, capacity 488K, committed 512K, reserved 1048576K
}
Event: 1.607 GC heap before
{Heap before GC invocations=6 (full 0):
 PSYoungGen      total 1536K, used 1519K [0x00000000eab00000, 0x00000000eaf00000, 0x0000000100000000)
  eden space 1024K, 99% used [0x00000000eab00000,0x00000000eabffd30,0x00000000eac00000)
  from space 512K, 96% used [0x00000000eac00000,0x00000000eac7c010,0x00000000eac80000)
  to   space 1024K, 0% used [0x00000000eae00000,0x00000000eae00000,0x00000000eaf00000)
 ParOldGen       total 129536K, used 855K [0x00000000c0000000, 0x00000000c7e80000, 0x00000000eab00000)
  object space 129536K, 0% used [0x00000000c0000000,0x00000000c00d5e68,0x00000000c7e80000)
 Metaspace       used 3929K, capacity 5232K, committed 5376K, reserved 1056768K
  class space    used 445K, capacity 488K, committed 512K, reserved 1048576K
Event: 1.619 GC heap after
Heap after GC invocations=6 (full 0):
 PSYoungGen      total 3072K, used 896K [0x00000000eab00000, 0x00000000eaf00000, 0x0000000100000000)
  eden space 2048K, 0% used [0x00000000eab00000,0x00000000eab00000,0x00000000ead00000)
  from space 1024K, 87% used [0x00000000eae00000,0x00000000eaee0020,0x00000000eaf00000)
  to   space 1024K, 0% used [0x00000000ead00000,0x00000000ead00000,0x00000000eae00000)
 ParOldGen       total 129536K, used 863K [0x00000000c0000000, 0x00000000c7e80000, 0x00000000eab00000)
  object space 129536K, 0% used [0x00000000c0000000,0x00000000c00d7e68,0x00000000c7e80000)
 Metaspace       used 3929K, capacity 5232K, committed 5376K, reserved 1056768K
  class space    used 445K, capacity 488K, committed 512K, reserved 1048576K
}
Event: 1.962 GC heap before
{Heap before GC invocations=7 (full 0):
 PSYoungGen      total 3072K, used 2944K [0x00000000eab00000, 0x00000000eaf00000, 0x0000000100000000)
  eden space 2048K, 100% used [0x00000000eab00000,0x00000000ead00000,0x00000000ead00000)
  from space 1024K, 87% used [0x00000000eae00000,0x00000000eaee0020,0x00000000eaf00000)
  to   space 1024K, 0% used [0x00000000ead00000,0x00000000ead00000,0x00000000eae00000)
 ParOldGen       total 129536K, used 863K [0x00000000c0000000, 0x00000000c7e80000, 0x00000000eab00000)
  object space 129536K, 0% used [0x00000000c0000000,0x00000000c00d7e68,0x00000000c7e80000)
 Metaspace       used 4613K, capacity 5808K, committed 6016K, reserved 1056768K
  class space    used 514K, capacity 552K, committed 640K, reserved 1048576K
Event: 1.979 GC heap after
Heap after GC invocations=7 (full 0):
 PSYoungGen      total 3072K, used 1001K [0x00000000eab00000, 0x00000000eb200000, 0x0000000100000000)
  eden space 2048K, 0% used [0x00000000eab00000,0x00000000eab00000,0x00000000ead00000)
  from space 1024K, 97% used [0x00000000ead00000,0x00000000eadfa778,0x00000000eae00000)
  to   space 1536K, 0% used [0x00000000eb080000,0x00000000eb080000,0x00000000eb200000)
 ParOldGen       total 129536K, used 1200K [0x00000000c0000000, 0x00000000c7e80000, 0x00000000eab00000)
  object space 129536K, 0% used [0x00000000c0000000,0x00000000c012c0d0,0x00000000c7e80000)
 Metaspace       used 4613K, capacity 5808K, committed 6016K, reserved 1056768K
  class space    used 514K, capacity 552K, committed 640K, reserved 1048576K
}
Event: 2.102 GC heap before
{Heap before GC invocations=8 (full 0):
 PSYoungGen      total 3072K, used 2800K [0x00000000eab00000, 0x00000000eb200000, 0x0000000100000000)
  eden space 2048K, 87% used [0x00000000eab00000,0x00000000eacc1b10,0x00000000ead00000)
  from space 1024K, 97% used [0x00000000ead00000,0x00000000eadfa778,0x00000000eae00000)
  to   space 1536K, 0% used [0x00000000eb080000,0x00000000eb080000,0x00000000eb200000)
 ParOldGen       total 129536K, used 1200K [0x00000000c0000000, 0x00000000c7e80000, 0x00000000eab00000)
  object space 129536K, 0% used [0x00000000c0000000,0x00000000c012c0d0,0x00000000c7e80000)
 Metaspace       used 5155K, capacity 6256K, committed 6528K, reserved 1056768K
  class space    used 577K, capacity 616K, committed 640K, reserved 1048576K
Event: 2.107 GC heap after
Heap after GC invocations=8 (full 0):
 PSYoungGen      total 5632K, used 944K [0x00000000eab00000, 0x00000000eb200000, 0x0000000100000000)
  eden space 4096K, 0% used [0x00000000eab00000,0x00000000eab00000,0x00000000eaf00000)
  from space 1536K, 61% used [0x00000000eb080000,0x00000000eb16c338,0x00000000eb200000)
  to   space 1536K, 0% used [0x00000000eaf00000,0x00000000eaf00000,0x00000000eb080000)
 ParOldGen       total 129536K, used 1292K [0x00000000c0000000, 0x00000000c7e80000, 0x00000000eab00000)
  object space 129536K, 0% used [0x00000000c0000000,0x00000000c0143160,0x00000000c7e80000)
 Metaspace       used 5155K, capacity 6256K, committed 6528K, reserved 1056768K
  class space    used 577K, capacity 616K, committed 640K, reserved 1048576K
}

Deoptimization events (0 events):
No events

Internal exceptions (10 events):
Event: 2.115 Thread 0x00000000163d6800 Exception <a 'java/security/PrivilegedActionException'> (0x00000000eab69298) thrown at [D:\re\workspace\8-2-build-windows-amd64-cygwin\jdk8u5\2488\hotspot\src\share\vm\prims\jvm.cpp, line 1248]
Event: 2.115 Thread 0x00000000163d6800 Exception <a 'java/security/PrivilegedActionException'> (0x00000000eab6c0b8) thrown at [D:\re\workspace\8-2-build-windows-amd64-cygwin\jdk8u5\2488\hotspot\src\share\vm\prims\jvm.cpp, line 1248]
Event: 2.116 Thread 0x00000000163d6800 Exception <a 'java/security/PrivilegedActionException'> (0x00000000eab746d0) thrown at [D:\re\workspace\8-2-build-windows-amd64-cygwin\jdk8u5\2488\hotspot\src\share\vm\prims\jvm.cpp, line 1248]
Event: 2.117 Thread 0x00000000163d6800 Exception <a 'java/security/PrivilegedActionException'> (0x00000000eab77518) thrown at [D:\re\workspace\8-2-build-windows-amd64-cygwin\jdk8u5\2488\hotspot\src\share\vm\prims\jvm.cpp, line 1248]
Event: 2.117 Thread 0x00000000163d6800 Exception <a 'java/security/PrivilegedActionException'> (0x00000000eab7c278) thrown at [D:\re\workspace\8-2-build-windows-amd64-cygwin\jdk8u5\2488\hotspot\src\share\vm\prims\jvm.cpp, line 1248]
Event: 2.119 Thread 0x00000000163d6800 Exception <a 'java/security/PrivilegedActionException'> (0x00000000eab81a60) thrown at [D:\re\workspace\8-2-build-windows-amd64-cygwin\jdk8u5\2488\hotspot\src\share\vm\prims\jvm.cpp, line 1248]
Event: 2.124 Thread 0x00000000163d6800 Exception <a 'java/security/PrivilegedActionException'> (0x00000000eab8e380) thrown at [D:\re\workspace\8-2-build-windows-amd64-cygwin\jdk8u5\2488\hotspot\src\share\vm\prims\jvm.cpp, line 1248]
Event: 2.125 Thread 0x00000000163a5800 Exception <a 'java/security/PrivilegedActionException'> (0x00000000eab6d548) thrown at [D:\re\workspace\8-2-build-windows-amd64-cygwin\jdk8u5\2488\hotspot\src\share\vm\prims\jvm.cpp, line 1248]
Event: 2.127 Thread 0x00000000163a5800 Exception <a 'java/security/PrivilegedActionException'> (0x00000000eab97070) thrown at [D:\re\workspace\8-2-build-windows-amd64-cygwin\jdk8u5\2488\hotspot\src\share\vm\prims\jvm.cpp, line 1248]
Event: 2.128 Thread 0x00000000163c7000 Exception <a 'java/security/PrivilegedActionException'> (0x00000000eab523c0) thrown at [D:\re\workspace\8-2-build-windows-amd64-cygwin\jdk8u5\2488\hotspot\src\share\vm\prims\jvm.cpp, line 1248]

Events (10 events):
Event: 2.127 loading class com/android/dx/dex/file/DebugInfoItem
Event: 2.127 loading class com/android/dx/dex/file/DebugInfoItem done
Event: 2.128 loading class com/android/dx/cf/code/SwitchList
Event: 2.128 loading class com/android/dx/cf/code/SwitchList done
Event: 2.176 loading class java/util/DualPivotQuicksort
Event: 2.176 loading class java/util/DualPivotQuicksort done
Event: 2.270 loading class java/util/TreeMap$EntrySet
Event: 2.271 loading class java/util/TreeMap$EntrySet done
Event: 2.271 loading class java/util/TreeMap$EntryIterator
Event: 2.271 loading class java/util/TreeMap$EntryIterator done


Dynamic libraries:
0x00007ff612f70000 - 0x00007ff612fa4000 	C:\Program Files\Java\jdk1.8.0_05\bin\java.exe
0x00007ff978eb0000 - 0x00007ff979071000 	C:\WINDOWS\SYSTEM32\ntdll.dll
0x00007ff9780e0000 - 0x00007ff97818d000 	C:\WINDOWS\system32\KERNEL32.DLL
0x00007ff9763a0000 - 0x00007ff97657d000 	C:\WINDOWS\system32\KERNELBASE.dll
0x00007ff9769b0000 - 0x00007ff976a56000 	C:\WINDOWS\system32\ADVAPI32.dll
0x00007ff976720000 - 0x00007ff9767bd000 	C:\WINDOWS\system32\msvcrt.dll
0x00007ff978190000 - 0x00007ff9781eb000 	C:\WINDOWS\system32\sechost.dll
0x00007ff978ad0000 - 0x00007ff978bf6000 	C:\WINDOWS\system32\RPCRT4.dll
0x00007ff978690000 - 0x00007ff9787de000 	C:\WINDOWS\system32\USER32.dll
0x00007ff976820000 - 0x00007ff9769a6000 	C:\WINDOWS\system32\GDI32.dll
0x00007ff96afc0000 - 0x00007ff96b234000 	C:\WINDOWS\WinSxS\amd64_microsoft.windows.common-controls_6595b64144ccf1df_6.0.10240.16384_none_f41f7b285750ef43\COMCTL32.dll
0x00007ff9766e0000 - 0x00007ff976716000 	C:\WINDOWS\system32\IMM32.DLL
0x00007ff976580000 - 0x00007ff9766dc000 	C:\WINDOWS\system32\MSCTF.dll
0x0000000060180000 - 0x0000000060252000 	C:\Program Files\Java\jdk1.8.0_05\jre\bin\msvcr100.dll
0x0000000060600000 - 0x0000000060e2a000 	C:\Program Files\Java\jdk1.8.0_05\jre\bin\server\jvm.dll
0x00007ff978260000 - 0x00007ff978268000 	C:\WINDOWS\system32\PSAPI.DLL
0x00007ff95a940000 - 0x00007ff95a949000 	C:\WINDOWS\SYSTEM32\WSOCK32.dll
0x00007ff978c70000 - 0x00007ff978cd9000 	C:\WINDOWS\system32\WS2_32.dll
0x00007ff9787e0000 - 0x00007ff9787e8000 	C:\WINDOWS\system32\NSI.dll
0x00007ff973ca0000 - 0x00007ff973cc3000 	C:\WINDOWS\SYSTEM32\WINMM.dll
0x00007ff973b10000 - 0x00007ff973b3c000 	C:\WINDOWS\SYSTEM32\WINMMBASE.dll
0x00007ff975c70000 - 0x00007ff975cb4000 	C:\WINDOWS\system32\cfgmgr32.dll
0x00007ff973ab0000 - 0x00007ff973ad7000 	C:\WINDOWS\SYSTEM32\DEVOBJ.dll
0x00000000605f0000 - 0x00000000605ff000 	C:\Program Files\Java\jdk1.8.0_05\jre\bin\verify.dll
0x00000000605c0000 - 0x00000000605e8000 	C:\Program Files\Java\jdk1.8.0_05\jre\bin\java.dll
0x00000000605a0000 - 0x00000000605b6000 	C:\Program Files\Java\jdk1.8.0_05\jre\bin\zip.dll
0x00007ff976a60000 - 0x00007ff977f82000 	C:\WINDOWS\system32\SHELL32.dll
0x00007ff975cc0000 - 0x00007ff9762e9000 	C:\WINDOWS\system32\windows.storage.dll
0x00007ff978850000 - 0x00007ff978acc000 	C:\WINDOWS\system32\combase.dll
0x00007ff978c10000 - 0x00007ff978c61000 	C:\WINDOWS\system32\shlwapi.dll
0x00007ff975900000 - 0x00007ff97590f000 	C:\WINDOWS\system32\kernel.appcore.dll
0x00007ff975bb0000 - 0x00007ff975c63000 	C:\WINDOWS\system32\shcore.dll
0x00007ff975930000 - 0x00007ff97597a000 	C:\WINDOWS\system32\powrprof.dll
0x00007ff9758e0000 - 0x00007ff9758f3000 	C:\WINDOWS\system32\profapi.dll
0x0000000060580000 - 0x000000006059a000 	C:\Program Files\Java\jdk1.8.0_05\jre\bin\net.dll
0x00007ff9750f0000 - 0x00007ff97514d000 	C:\WINDOWS\system32\mswsock.dll
0x00007ff972c00000 - 0x00007ff972c38000 	C:\WINDOWS\SYSTEM32\IPHLPAPI.DLL
0x00007ff972aa0000 - 0x00007ff972aab000 	C:\WINDOWS\SYSTEM32\WINNSI.DLL
0x00007ff96e4d0000 - 0x00007ff96e4e6000 	C:\WINDOWS\SYSTEM32\dhcpcsvc6.DLL
0x00007ff96e5c0000 - 0x00007ff96e5da000 	C:\WINDOWS\SYSTEM32\dhcpcsvc.DLL

VM Arguments:
jvm_args: -Xmx1024M -Dfile.encoding=windows-1252 -Duser.country=BR -Duser.language=pt -Duser.variant 
java_command: com.android.dx.command.Main --dex --num-threads=4 --output E:\GitHub\FitCook\app\build\intermediates\pre-dexed\debug\classes-6809e509a15a517b998c44d9a00f4d2965a4080e.jar E:\GitHub\FitCook\app\build\intermediates\exploded-aar\com.google.android.gms\play-services-location\7.5.0\jars\classes.jar
java_class_path (initial): C:\Program Files (x86)\Android\android-sdk\build-tools\23.0.0-preview\lib\dx.jar
Launcher Type: SUN_STANDARD

Environment Variables:
JAVA_HOME=C:\Program Files\Java\jdk1.8.0_05
PATH=C:\Program Files (x86)\Intel\iCLS Client\;C:\Program Files\Intel\iCLS Client\;C:\WINDOWS\system32;C:\WINDOWS;C:\WINDOWS\System32\Wbem;C:\WINDOWS\System32\WindowsPowerShell\v1.0\;C:\Program Files (x86)\Windows Live\Shared;C:\Program Files (x86)\Intel\OpenCL SDK\2.0\bin\x86;C:\Program Files (x86)\Intel\OpenCL SDK\2.0\bin\x64;C:\Program Files\Intel\Intel(R) Management Engine Components\DAL;C:\Program Files\Intel\Intel(R) Management Engine Components\IPT;C:\Program Files (x86)\Intel\Intel(R) Management Engine Components\DAL;C:\Program Files (x86)\Intel\Intel(R) Management Engine Components\IPT;C:\Program Files\Java\jdk1.8.0_05/bin;C:\Program Files (x86)\Android\android-sdk\platform-tools;C:\Program Files (x86)\Git\cmd;C:\Program Files (x86)\Skype\Phone\;C:\Program Files (x86)\Windows Kits\8.1\Windows Performance Toolkit\;C:\Program Files\Microsoft SQL Server\110\Tools\Binn\;C:\Program Files (x86)\Microsoft SDKs\TypeScript\1.0\;C:\Program Files\Microsoft SQL Server\120\Tools\Binn\;C:\Program Files (x86)\nodejs\;C:\Ruby21\bin;C:\Users\Aires\AppData\Roaming\npm
USERNAME=Aires
OS=Windows_NT
PROCESSOR_IDENTIFIER=Intel64 Family 6 Model 58 Stepping 9, GenuineIntel



---------------  S Y S T E M  ---------------

OS: Windows 8.1 , 64 bit Build 9600 

CPU:total 4 (2 cores per cpu, 2 threads per core) family 6 model 58 stepping 9, cmov, cx8, fxsr, mmx, sse, sse2, sse3, ssse3, sse4.1, sse4.2, popcnt, avx, clmul, erms, ht, tsc, tscinvbit

Memory: 4k page, physical 8282396k(1525436k free), swap 8282396k(5216k free)

vm_info: Java HotSpot(TM) 64-Bit Server VM (25.5-b02) for windows-amd64 JRE (1.8.0_05-b13), built on Mar 18 2014 01:08:39 by "java_re" with MS VC++ 10.0 (VS2010)

time: Mon Aug 17 19:11:16 2015
elapsed time: 2 seconds

