JvmtiExport can_access_local_variables 0
JvmtiExport can_hotswap_or_post_breakpoint 0
JvmtiExport can_post_on_exceptions 0
# 528 ciObject found
ciMethod java/lang/Object <init> ()V 4097 1 2695900 0 0
ciMethod java/lang/Object getClass ()Ljava/lang/Class; 2049 1 256 0 -1
ciMethod java/lang/Object equals (Ljava/lang/Object;)Z 4097 1 9883 0 -1
ciMethod java/lang/String length ()I 3073 1 13279 0 -1
ciMethod java/lang/String charAt (I)C 4097 1 143528 0 128
ciMethod java/lang/String getChars (II[CI)V 2049 1 5351 0 -1
ciMethod java/lang/String equals (Ljava/lang/Object;)Z 2049 11473 1768 0 -1
ciMethod java/lang/String substring (I)Ljava/lang/String; 1905 1 27447 0 -1
ciMethod java/lang/System arraycopy (Ljava/lang/Object;ILjava/lang/Object;II)V 5121 1 640 0 -1
ciMethod java/lang/RuntimeException <init> (Ljava/lang/String;)V 0 0 3 0 -1
ciMethod java/util/Map get (Ljava/lang/Object;)Ljava/lang/Object; 0 0 1 0 -1
ciMethod java/util/Map put (Ljava/lang/Object;Ljava/lang/Object;)Ljava/lang/Object; 0 0 1 0 -1
ciMethod java/lang/AbstractStringBuilder ensureCapacityInternal (I)V 2049 1 18722 0 -1
ciMethod java/lang/AbstractStringBuilder expandCapacity (I)V 649 1 6124 0 -1
ciMethod java/lang/AbstractStringBuilder append (Ljava/lang/String;)Ljava/lang/AbstractStringBuilder; 1145 1 5297 0 -1
ciMethod java/lang/AbstractStringBuilder appendNull ()Ljava/lang/AbstractStringBuilder; 0 0 1 0 -1
ciMethod java/lang/StringBuilder <init> ()V 569 1 34235 0 -1
ciMethod java/lang/StringBuilder append (Ljava/lang/String;)Ljava/lang/StringBuilder; 1073 1 86635 0 -1
ciMethod java/lang/StringBuilder append (C)Ljava/lang/StringBuilder; 2049 1 12318 0 -1
ciMethod java/lang/StringBuilder toString ()Ljava/lang/String; 585 1 34263 0 -1
ciMethod java/lang/NullPointerException <init> (Ljava/lang/String;)V 0 0 1 0 -1
ciMethod java/lang/Math max (II)I 217 1 199517 0 -1
ciMethod java/util/Iterator hasNext ()Z 0 0 1 0 -1
ciMethod java/util/Iterator next ()Ljava/lang/Object; 0 0 1 0 -1
ciMethod java/util/ArrayList ensureCapacityInternal (I)V 641 1 762165 0 608
ciMethod java/util/ArrayList ensureExplicitCapacity (I)V 641 1 755717 0 576
ciMethod java/util/ArrayList grow (I)V 89 1 7531 0 544
ciMethod java/util/ArrayList hugeCapacity (I)I 0 0 1 0 0
ciMethod java/util/ArrayList size ()I 1025 1 128 0 0
ciMethod java/util/ArrayList elementData (I)Ljava/lang/Object; 1977 1 2452672 0 0
ciMethod java/util/ArrayList get (I)Ljava/lang/Object; 1977 1 2401799 0 128
ciMethod java/util/ArrayList set (ILjava/lang/Object;)Ljava/lang/Object; 37449 1 38734 0 0
ciMethod java/util/ArrayList add (Ljava/lang/Object;)Z 641 1 743595 0 736
ciMethod java/util/ArrayList remove (I)Ljava/lang/Object; 2081 1 7698 0 -1
ciMethod java/util/ArrayList clear ()V 3689 8193 40291 0 0
ciMethod java/util/ArrayList rangeCheck (I)V 1977 1 2447991 0 64
ciMethod java/util/ArrayList iterator ()Ljava/util/Iterator; 2049 1 403227 0 192
ciMethod java/util/ArrayList access$100 (Ljava/util/ArrayList;)I 1177 1 147 0 0
ciMethod java/util/HashMap <init> ()V 129 1 179288 0 -1
ciMethod java/util/Arrays copyOf ([Ljava/lang/Object;I)[Ljava/lang/Object; 2129 1 19125 0 0
ciMethod java/util/Arrays copyOf ([Ljava/lang/Object;ILjava/lang/Class;)[Ljava/lang/Object; 2073 1 7756 0 -1
ciMethodData java/lang/Object <init> ()V 2 2695900 orig 144 152 11 186 96 0 0 0 0 136 4 160 20 0 0 0 0 168 0 0 0 0 0 0 0 0 0 0 0 0 0 0 0 0 0 0 0 0 0 0 0 0 0 0 0 0 0 0 0 0 0 0 0 0 0 0 0 0 0 0 0 0 0 0 0 1 0 0 0 0 0 0 0 1 0 0 0 0 0 0 0 1 0 0 0 0 0 0 0 0 0 0 0 0 0 0 0 0 2 0 0 225 6 73 1 1 0 0 0 0 0 0 0 0 0 0 0 0 0 3 0 3 0 0 0 0 0 0 0 255 255 255 255 0 0 0 0 0 0 0 0 0 0 0 0 data 0 oops 0
ciMethod java/lang/IllegalArgumentException <init> (Ljava/lang/String;)V 0 0 1 0 -1
ciMethodData java/lang/String charAt (I)C 2 143528 orig 144 152 11 186 96 0 0 0 0 56 61 160 20 0 0 0 0 0 1 0 0 32 0 0 0 0 0 0 0 0 0 0 0 0 0 0 0 0 0 0 0 0 0 0 0 0 0 0 0 0 0 0 0 0 0 0 0 0 0 0 0 0 0 0 0 0 0 0 0 0 0 0 0 0 0 0 0 0 0 0 0 0 0 0 0 0 0 0 0 0 0 0 0 0 0 0 0 0 2 0 0 65 117 17 0 1 0 0 0 0 0 0 0 0 0 0 0 0 0 8 0 4 0 1 0 80 0 0 0 255 255 255 255 0 0 0 0 7 0 1 0 0 0 0 0 data 10 0x10007 0x0 0x40 0x22eae 0xa0007 0x22eae 0x30 0x0 0x120002 0x0 oops 0
ciMethodData java/lang/String length ()I 2 13279 orig 144 152 11 186 96 0 0 0 0 232 59 160 20 0 0 0 0 168 0 0 0 0 0 0 0 0 0 0 0 0 0 0 0 0 0 0 0 0 0 0 0 0 0 0 0 0 0 0 0 0 0 0 0 0 0 0 0 0 0 0 0 0 0 0 0 1 0 0 0 0 0 0 0 0 0 0 0 0 0 0 0 1 0 0 0 0 0 0 0 0 0 0 0 0 0 0 0 128 1 0 0 249 146 1 0 1 0 0 0 0 0 0 0 0 0 0 0 0 0 3 0 3 0 0 0 0 0 0 0 255 255 255 255 0 0 0 0 0 0 0 0 0 0 0 0 data 0 oops 0
ciMethodData java/lang/AbstractStringBuilder ensureCapacityInternal (I)V 2 18722 orig 144 152 11 186 96 0 0 0 0 104 6 167 20 0 0 0 0 0 1 0 0 0 0 0 0 0 0 0 0 0 0 0 0 0 0 0 0 0 0 0 0 0 0 0 0 0 0 0 0 0 0 0 0 0 0 0 0 0 0 0 0 0 0 0 0 0 0 0 0 0 0 0 0 0 0 0 0 0 0 0 0 0 0 0 0 0 0 0 0 0 0 0 0 0 0 0 0 0 1 0 0 17 65 2 0 1 0 0 0 0 0 0 0 0 0 0 0 0 0 6 0 3 0 1 0 80 0 0 0 255 255 255 255 0 0 0 0 7 0 7 0 0 0 0 0 data 10 0x70007 0x3087 0x50 0x179b 0xc0005 0x0 0x1538c470 0x179b 0x0 0x0 oops 1